[ 2013-08-02T06:48:00+08:00 ] 192.168.3.139 /wangpan/SystemConf.php
INFO: [ app_begin ] --START--
INFO: ReadHtmlCache Behavior ::run [ RunTime:0.000261s ]
INFO: [ app_begin ] --END-- [ RunTime:0.000323s ]
SQL: SHOW COLUMNS FROM `policy` [ RunTime:0.000660s ]
SQL: SELECT * FROM `policy` WHERE ( `id` = 0 ) LIMIT 1   [ RunTime:0.000124s ]
NOTIC: [8] Undefined index: pconfAlert /home/wwwroot/default/wangpan/SystemConf/Lib/Action/IndexAction.class.php 第 22 行.
INFO: [ view_parse ] --START--
INFO: ParseTemplate Behavior ::run [ RunTime:0.007973s ]
INFO: [ view_parse ] --END-- [ RunTime:0.008020s ]
INFO: [ view_filter ] --START--
INFO: ContentReplace Behavior ::run [ RunTime:0.000171s ]
INFO: TokenBuild Behavior ::run [ RunTime:0.000168s ]
INFO: WriteHtmlCache Behavior ::run [ RunTime:0.000099s ]
INFO: ShowRuntime Behavior ::run [ RunTime:0.000220s ]
INFO: [ view_filter ] --END-- [ RunTime:0.000775s ]
INFO: [ view_end ] --START--
INFO: ShowPageTrace Behavior ::run [ RunTime:0.000294s ]
INFO: [ view_end ] --END-- [ RunTime:0.000334s ]

[ 2013-08-02T10:06:00+08:00 ] 192.168.3.139 /wangpan/SystemConf.php
INFO: [ app_begin ] --START--
INFO: ReadHtmlCache Behavior ::run [ RunTime:0.000261s ]
INFO: [ app_begin ] --END-- [ RunTime:0.000321s ]
SQL: SHOW COLUMNS FROM `policy` [ RunTime:0.000728s ]
SQL: SELECT * FROM `policy` WHERE ( `id` = 0 ) LIMIT 1   [ RunTime:0.000140s ]
NOTIC: [8] Undefined index: pconfAlert /home/wwwroot/default/wangpan/SystemConf/Lib/Action/IndexAction.class.php 第 22 行.
INFO: [ view_parse ] --START--
INFO: ParseTemplate Behavior ::run [ RunTime:0.007998s ]
INFO: [ view_parse ] --END-- [ RunTime:0.008044s ]
INFO: [ view_filter ] --START--
INFO: ContentReplace Behavior ::run [ RunTime:0.000171s ]
INFO: TokenBuild Behavior ::run [ RunTime:0.000169s ]
INFO: WriteHtmlCache Behavior ::run [ RunTime:0.000099s ]
INFO: ShowRuntime Behavior ::run [ RunTime:0.000220s ]
INFO: [ view_filter ] --END-- [ RunTime:0.000770s ]
INFO: [ view_end ] --START--
INFO: ShowPageTrace Behavior ::run [ RunTime:0.000300s ]
INFO: [ view_end ] --END-- [ RunTime:0.000339s ]

[ 2013-08-02T12:18:00+08:00 ] 192.168.3.139 /wangpan/SystemConf.php
INFO: [ app_begin ] --START--
INFO: ReadHtmlCache Behavior ::run [ RunTime:0.000261s ]
INFO: [ app_begin ] --END-- [ RunTime:0.000319s ]
SQL: SHOW COLUMNS FROM `policy` [ RunTime:0.000746s ]
SQL: SELECT * FROM `policy` WHERE ( `id` = 0 ) LIMIT 1   [ RunTime:0.000152s ]
NOTIC: [8] Undefined index: pconfAlert /home/wwwroot/default/wangpan/SystemConf/Lib/Action/IndexAction.class.php 第 22 行.
INFO: [ view_parse ] --START--
INFO: ParseTemplate Behavior ::run [ RunTime:0.007967s ]
INFO: [ view_parse ] --END-- [ RunTime:0.008013s ]
INFO: [ view_filter ] --START--
INFO: ContentReplace Behavior ::run [ RunTime:0.000172s ]
INFO: TokenBuild Behavior ::run [ RunTime:0.000169s ]
INFO: WriteHtmlCache Behavior ::run [ RunTime:0.000099s ]
INFO: ShowRuntime Behavior ::run [ RunTime:0.000221s ]
INFO: [ view_filter ] --END-- [ RunTime:0.000771s ]
INFO: [ view_end ] --START--
INFO: ShowPageTrace Behavior ::run [ RunTime:0.000302s ]
INFO: [ view_end ] --END-- [ RunTime:0.000343s ]

[ 2013-08-02T15:36:00+08:00 ] 192.168.3.139 /wangpan/SystemConf.php
INFO: [ app_begin ] --START--
INFO: ReadHtmlCache Behavior ::run [ RunTime:0.000260s ]
INFO: [ app_begin ] --END-- [ RunTime:0.000320s ]
SQL: SHOW COLUMNS FROM `policy` [ RunTime:0.000716s ]
SQL: SELECT * FROM `policy` WHERE ( `id` = 0 ) LIMIT 1   [ RunTime:0.000140s ]
NOTIC: [8] Undefined index: pconfAlert /home/wwwroot/default/wangpan/SystemConf/Lib/Action/IndexAction.class.php 第 22 行.
INFO: [ view_parse ] --START--
INFO: ParseTemplate Behavior ::run [ RunTime:0.007952s ]
INFO: [ view_parse ] --END-- [ RunTime:0.007998s ]
INFO: [ view_filter ] --START--
INFO: ContentReplace Behavior ::run [ RunTime:0.000171s ]
INFO: TokenBuild Behavior ::run [ RunTime:0.000173s ]
INFO: WriteHtmlCache Behavior ::run [ RunTime:0.000099s ]
INFO: ShowRuntime Behavior ::run [ RunTime:0.000221s ]
INFO: [ view_filter ] --END-- [ RunTime:0.000775s ]
INFO: [ view_end ] --START--
INFO: ShowPageTrace Behavior ::run [ RunTime:0.000301s ]
INFO: [ view_end ] --END-- [ RunTime:0.000341s ]

[ 2013-08-02T05:00:00+08:00 ] 192.168.3.139 /wangpan/SystemConf.php
INFO: [ app_begin ] --START--
INFO: ReadHtmlCache Behavior ::run [ RunTime:0.000259s ]
INFO: [ app_begin ] --END-- [ RunTime:0.000316s ]
SQL: SHOW COLUMNS FROM `policy` [ RunTime:0.000745s ]
SQL: SELECT * FROM `policy` WHERE ( `id` = 0 ) LIMIT 1   [ RunTime:0.000155s ]
NOTIC: [8] Undefined index: pconfAlert /home/wwwroot/default/wangpan/SystemConf/Lib/Action/IndexAction.class.php 第 22 行.
INFO: [ view_parse ] --START--
INFO: ParseTemplate Behavior ::run [ RunTime:0.007963s ]
INFO: [ view_parse ] --END-- [ RunTime:0.008008s ]
INFO: [ view_filter ] --START--
INFO: ContentReplace Behavior ::run [ RunTime:0.000171s ]
INFO: TokenBuild Behavior ::run [ RunTime:0.000169s ]
INFO: WriteHtmlCache Behavior ::run [ RunTime:0.000100s ]
INFO: ShowRuntime Behavior ::run [ RunTime:0.000221s ]
INFO: [ view_filter ] --END-- [ RunTime:0.000770s ]
INFO: [ view_end ] --START--
INFO: ShowPageTrace Behavior ::run [ RunTime:0.000295s ]
INFO: [ view_end ] --END-- [ RunTime:0.000336s ]

[ 2013-08-02T16:00:00+08:00 ] 192.168.3.139 /wangpan/SystemConf.php
INFO: [ app_begin ] --START--
INFO: ReadHtmlCache Behavior ::run [ RunTime:0.000257s ]
INFO: [ app_begin ] --END-- [ RunTime:0.000312s ]
SQL: SHOW COLUMNS FROM `policy` [ RunTime:0.000745s ]
SQL: SELECT * FROM `policy` WHERE ( `id` = 0 ) LIMIT 1   [ RunTime:0.000155s ]
NOTIC: [8] Undefined index: pconfAlert /home/wwwroot/default/wangpan/SystemConf/Lib/Action/IndexAction.class.php 第 22 行.
INFO: [ view_parse ] --START--
INFO: ParseTemplate Behavior ::run [ RunTime:0.007974s ]
INFO: [ view_parse ] --END-- [ RunTime:0.008020s ]
INFO: [ view_filter ] --START--
INFO: ContentReplace Behavior ::run [ RunTime:0.000172s ]
INFO: TokenBuild Behavior ::run [ RunTime:0.000169s ]
INFO: WriteHtmlCache Behavior ::run [ RunTime:0.000099s ]
INFO: ShowRuntime Behavior ::run [ RunTime:0.000221s ]
INFO: [ view_filter ] --END-- [ RunTime:0.000772s ]
INFO: [ view_end ] --START--
INFO: ShowPageTrace Behavior ::run [ RunTime:0.000295s ]
INFO: [ view_end ] --END-- [ RunTime:0.000335s ]

[ 2013-08-02T21:00:56+08:00 ] 192.168.3.139 /wangpan/SystemConf.php
INFO: [ app_begin ] --START--
INFO: ReadHtmlCache Behavior ::run [ RunTime:0.000258s ]
INFO: [ app_begin ] --END-- [ RunTime:0.000315s ]
SQL: SHOW COLUMNS FROM `policy` [ RunTime:0.000792s ]
SQL: SELECT * FROM `policy` WHERE ( `id` = 0 ) LIMIT 1   [ RunTime:0.000157s ]
NOTIC: [8] Undefined index: pconfAlert /home/wwwroot/default/wangpan/SystemConf/Lib/Action/IndexAction.class.php 第 22 行.
INFO: [ view_parse ] --START--
INFO: ParseTemplate Behavior ::run [ RunTime:0.007931s ]
INFO: [ view_parse ] --END-- [ RunTime:0.007976s ]
INFO: [ view_filter ] --START--
INFO: ContentReplace Behavior ::run [ RunTime:0.000173s ]
INFO: TokenBuild Behavior ::run [ RunTime:0.000169s ]
INFO: WriteHtmlCache Behavior ::run [ RunTime:0.000099s ]
INFO: ShowRuntime Behavior ::run [ RunTime:0.000222s ]
INFO: [ view_filter ] --END-- [ RunTime:0.000775s ]
INFO: [ view_end ] --START--
INFO: ShowPageTrace Behavior ::run [ RunTime:0.000301s ]
INFO: [ view_end ] --END-- [ RunTime:0.000341s ]

[ 2013-08-02T12:00:00+08:00 ] 192.168.3.139 /wangpan/SystemConf.php
INFO: [ app_begin ] --START--
INFO: ReadHtmlCache Behavior ::run [ RunTime:0.000260s ]
INFO: [ app_begin ] --END-- [ RunTime:0.000321s ]
SQL: SHOW COLUMNS FROM `policy` [ RunTime:0.000706s ]
SQL: SELECT * FROM `policy` WHERE ( `id` = 0 ) LIMIT 1   [ RunTime:0.000164s ]
NOTIC: [8] Undefined index: pconfAlert /home/wwwroot/default/wangpan/SystemConf/Lib/Action/IndexAction.class.php 第 22 行.
INFO: [ view_parse ] --START--
INFO: ParseTemplate Behavior ::run [ RunTime:0.007937s ]
INFO: [ view_parse ] --END-- [ RunTime:0.007983s ]
INFO: [ view_filter ] --START--
INFO: ContentReplace Behavior ::run [ RunTime:0.000173s ]
INFO: TokenBuild Behavior ::run [ RunTime:0.000169s ]
INFO: WriteHtmlCache Behavior ::run [ RunTime:0.000099s ]
INFO: ShowRuntime Behavior ::run [ RunTime:0.000219s ]
INFO: [ view_filter ] --END-- [ RunTime:0.000770s ]
INFO: [ view_end ] --START--
INFO: ShowPageTrace Behavior ::run [ RunTime:0.000299s ]
INFO: [ view_end ] --END-- [ RunTime:0.000340s ]

[ 2013-08-02T16:00:00+08:00 ] 192.168.3.139 /wangpan/SystemConf.php
INFO: [ app_begin ] --START--
INFO: ReadHtmlCache Behavior ::run [ RunTime:0.000260s ]
INFO: [ app_begin ] --END-- [ RunTime:0.000322s ]
SQL: SHOW COLUMNS FROM `policy` [ RunTime:0.000724s ]
SQL: SELECT * FROM `policy` WHERE ( `id` = 0 ) LIMIT 1   [ RunTime:0.000139s ]
NOTIC: [8] Undefined index: pconfAlert /home/wwwroot/default/wangpan/SystemConf/Lib/Action/IndexAction.class.php 第 22 行.
INFO: [ view_parse ] --START--
INFO: ParseTemplate Behavior ::run [ RunTime:0.007962s ]
INFO: [ view_parse ] --END-- [ RunTime:0.008007s ]
INFO: [ view_filter ] --START--
INFO: ContentReplace Behavior ::run [ RunTime:0.000171s ]
INFO: TokenBuild Behavior ::run [ RunTime:0.000168s ]
INFO: WriteHtmlCache Behavior ::run [ RunTime:0.000099s ]
INFO: ShowRuntime Behavior ::run [ RunTime:0.000220s ]
INFO: [ view_filter ] --END-- [ RunTime:0.000769s ]
INFO: [ view_end ] --START--
INFO: ShowPageTrace Behavior ::run [ RunTime:0.000295s ]
INFO: [ view_end ] --END-- [ RunTime:0.000336s ]

