[ 2013-11-13T10:13:32+08:00 ] 192.168.3.228 /wangpan/SystemConf.php
INFO: [ app_begin ] --START--
INFO: ReadHtmlCache Behavior ::run [ RunTime:0.000263s ]
INFO: [ app_begin ] --END-- [ RunTime:0.000328s ]
NOTIC: [8] A session had already been started - ignoring session_start() /home/wwwroot/default/wangpan/ThinkPHP/Common/functions.php 第 566 行.
SQL: SHOW COLUMNS FROM `policy` [ RunTime:0.000809s ]
SQL: SELECT * FROM `policy` WHERE ( `id` = 0 ) LIMIT 1   [ RunTime:0.000151s ]
INFO: [ view_parse ] --START--
INFO: ParseTemplate Behavior ::run [ RunTime:0.007898s ]
INFO: [ view_parse ] --END-- [ RunTime:0.007945s ]
INFO: [ view_filter ] --START--
INFO: ContentReplace Behavior ::run [ RunTime:0.000177s ]
INFO: TokenBuild Behavior ::run [ RunTime:0.000168s ]
INFO: WriteHtmlCache Behavior ::run [ RunTime:0.000101s ]
INFO: ShowRuntime Behavior ::run [ RunTime:0.000220s ]
INFO: [ view_filter ] --END-- [ RunTime:0.000779s ]
INFO: [ view_end ] --START--
INFO: ShowPageTrace Behavior ::run [ RunTime:0.000291s ]
INFO: [ view_end ] --END-- [ RunTime:0.000332s ]

[ 2013-11-13T10:19:04+08:00 ] 192.168.3.228 /wangpan/SystemConf.php?m=Index&a=confModify3
INFO: [ app_begin ] --START--
INFO: ReadHtmlCache Behavior ::run [ RunTime:0.000262s ]
INFO: [ app_begin ] --END-- [ RunTime:0.000331s ]
NOTIC: [8] A session had already been started - ignoring session_start() /home/wwwroot/default/wangpan/ThinkPHP/Common/functions.php 第 566 行.
NOTIC: [8] Undefined variable: var /home/wwwroot/default/wangpan/ThinkPHP/Common/functions.php 第 247 行.
NOTIC: [2] array_reverse() expects parameter 1 to be array, null given /home/wwwroot/default/wangpan/ThinkPHP/Common/functions.php 第 247 行.
NOTIC: [2] http_build_query() [<a href='function.http-build-query'>function.http-build-query</a>]: Parameter 1 expected to be Array or Object.  Incorrect value given /home/wwwroot/default/wangpan/ThinkPHP/Common/functions.php 第 247 行.

[ 2013-11-13T10:19:04+08:00 ] 192.168.3.228 /wangpan/SystemConf.php?&m=Index&a=index
INFO: [ app_begin ] --START--
INFO: ReadHtmlCache Behavior ::run [ RunTime:0.000267s ]
INFO: [ app_begin ] --END-- [ RunTime:0.000330s ]
NOTIC: [8] A session had already been started - ignoring session_start() /home/wwwroot/default/wangpan/ThinkPHP/Common/functions.php 第 566 行.
SQL: SHOW COLUMNS FROM `policy` [ RunTime:0.000815s ]
SQL: SELECT * FROM `policy` WHERE ( `id` = 0 ) LIMIT 1   [ RunTime:0.000151s ]
INFO: [ view_parse ] --START--
INFO: ParseTemplate Behavior ::run [ RunTime:0.007834s ]
INFO: [ view_parse ] --END-- [ RunTime:0.007881s ]
INFO: [ view_filter ] --START--
INFO: ContentReplace Behavior ::run [ RunTime:0.000184s ]
INFO: TokenBuild Behavior ::run [ RunTime:0.000168s ]
INFO: WriteHtmlCache Behavior ::run [ RunTime:0.000102s ]
INFO: ShowRuntime Behavior ::run [ RunTime:0.000218s ]
INFO: [ view_filter ] --END-- [ RunTime:0.000784s ]
INFO: [ view_end ] --START--
INFO: ShowPageTrace Behavior ::run [ RunTime:0.000293s ]
INFO: [ view_end ] --END-- [ RunTime:0.000333s ]

[ 2013-11-13T10:19:10+08:00 ] 192.168.3.228 /wangpan/SystemConf.php?m=Index&a=confModify3
INFO: [ app_begin ] --START--
INFO: ReadHtmlCache Behavior ::run [ RunTime:0.000264s ]
INFO: [ app_begin ] --END-- [ RunTime:0.000328s ]
NOTIC: [8] A session had already been started - ignoring session_start() /home/wwwroot/default/wangpan/ThinkPHP/Common/functions.php 第 566 行.
NOTIC: [8] Undefined variable: var /home/wwwroot/default/wangpan/ThinkPHP/Common/functions.php 第 247 行.
NOTIC: [2] array_reverse() expects parameter 1 to be array, null given /home/wwwroot/default/wangpan/ThinkPHP/Common/functions.php 第 247 行.
NOTIC: [2] http_build_query() [<a href='function.http-build-query'>function.http-build-query</a>]: Parameter 1 expected to be Array or Object.  Incorrect value given /home/wwwroot/default/wangpan/ThinkPHP/Common/functions.php 第 247 行.

[ 2013-11-13T10:19:10+08:00 ] 192.168.3.228 /wangpan/SystemConf.php?&m=Index&a=index
INFO: [ app_begin ] --START--
INFO: ReadHtmlCache Behavior ::run [ RunTime:0.000262s ]
INFO: [ app_begin ] --END-- [ RunTime:0.000326s ]
NOTIC: [8] A session had already been started - ignoring session_start() /home/wwwroot/default/wangpan/ThinkPHP/Common/functions.php 第 566 行.
SQL: SHOW COLUMNS FROM `policy` [ RunTime:0.000854s ]
SQL: SELECT * FROM `policy` WHERE ( `id` = 0 ) LIMIT 1   [ RunTime:0.000151s ]
INFO: [ view_parse ] --START--
INFO: ParseTemplate Behavior ::run [ RunTime:0.008084s ]
INFO: [ view_parse ] --END-- [ RunTime:0.008133s ]
INFO: [ view_filter ] --START--
INFO: ContentReplace Behavior ::run [ RunTime:0.000179s ]
INFO: TokenBuild Behavior ::run [ RunTime:0.000169s ]
INFO: WriteHtmlCache Behavior ::run [ RunTime:0.000103s ]
INFO: ShowRuntime Behavior ::run [ RunTime:0.000227s ]
INFO: [ view_filter ] --END-- [ RunTime:0.000788s ]
INFO: [ view_end ] --START--
INFO: ShowPageTrace Behavior ::run [ RunTime:0.000289s ]
INFO: [ view_end ] --END-- [ RunTime:0.000330s ]

[ 2013-11-13T10:33:08+08:00 ] 192.168.3.228 /wangpan/SystemConf.php
INFO: [ app_begin ] --START--
INFO: ReadHtmlCache Behavior ::run [ RunTime:0.000264s ]
INFO: [ app_begin ] --END-- [ RunTime:0.000326s ]
NOTIC: [8] A session had already been started - ignoring session_start() /home/wwwroot/default/wangpan/ThinkPHP/Common/functions.php 第 566 行.
SQL: SHOW COLUMNS FROM `policy` [ RunTime:0.000802s ]
SQL: SELECT * FROM `policy` WHERE ( `id` = 0 ) LIMIT 1   [ RunTime:0.000151s ]
INFO: [ view_parse ] --START--
INFO: ParseTemplate Behavior ::run [ RunTime:0.007950s ]
INFO: [ view_parse ] --END-- [ RunTime:0.007997s ]
INFO: [ view_filter ] --START--
INFO: ContentReplace Behavior ::run [ RunTime:0.000179s ]
INFO: TokenBuild Behavior ::run [ RunTime:0.000170s ]
INFO: WriteHtmlCache Behavior ::run [ RunTime:0.000102s ]
INFO: ShowRuntime Behavior ::run [ RunTime:0.000217s ]
INFO: [ view_filter ] --END-- [ RunTime:0.000780s ]
INFO: [ view_end ] --START--
INFO: ShowPageTrace Behavior ::run [ RunTime:0.000287s ]
INFO: [ view_end ] --END-- [ RunTime:0.000328s ]

[ 2013-11-13T10:33:11+08:00 ] 192.168.3.228 /wangpan/SystemConf.php?m=Index&a=confModify3
INFO: [ app_begin ] --START--
INFO: ReadHtmlCache Behavior ::run [ RunTime:0.000264s ]
INFO: [ app_begin ] --END-- [ RunTime:0.000326s ]
NOTIC: [8] A session had already been started - ignoring session_start() /home/wwwroot/default/wangpan/ThinkPHP/Common/functions.php 第 566 行.
NOTIC: [8] Undefined variable: var /home/wwwroot/default/wangpan/ThinkPHP/Common/functions.php 第 247 行.
NOTIC: [2] array_reverse() expects parameter 1 to be array, null given /home/wwwroot/default/wangpan/ThinkPHP/Common/functions.php 第 247 行.
NOTIC: [2] http_build_query() [<a href='function.http-build-query'>function.http-build-query</a>]: Parameter 1 expected to be Array or Object.  Incorrect value given /home/wwwroot/default/wangpan/ThinkPHP/Common/functions.php 第 247 行.

[ 2013-11-13T10:33:11+08:00 ] 192.168.3.228 /wangpan/SystemConf.php?&m=Index&a=index
INFO: [ app_begin ] --START--
INFO: ReadHtmlCache Behavior ::run [ RunTime:0.000264s ]
INFO: [ app_begin ] --END-- [ RunTime:0.000327s ]
NOTIC: [8] A session had already been started - ignoring session_start() /home/wwwroot/default/wangpan/ThinkPHP/Common/functions.php 第 566 行.
SQL: SHOW COLUMNS FROM `policy` [ RunTime:0.000847s ]
SQL: SELECT * FROM `policy` WHERE ( `id` = 0 ) LIMIT 1   [ RunTime:0.000154s ]
INFO: [ view_parse ] --START--
INFO: ParseTemplate Behavior ::run [ RunTime:0.008165s ]
INFO: [ view_parse ] --END-- [ RunTime:0.008214s ]
INFO: [ view_filter ] --START--
INFO: ContentReplace Behavior ::run [ RunTime:0.000177s ]
INFO: TokenBuild Behavior ::run [ RunTime:0.000170s ]
INFO: WriteHtmlCache Behavior ::run [ RunTime:0.000102s ]
INFO: ShowRuntime Behavior ::run [ RunTime:0.000220s ]
INFO: [ view_filter ] --END-- [ RunTime:0.000780s ]
INFO: [ view_end ] --START--
INFO: ShowPageTrace Behavior ::run [ RunTime:0.000289s ]
INFO: [ view_end ] --END-- [ RunTime:0.000329s ]

[ 2013-11-13T10:33:18+08:00 ] 192.168.3.228 /wangpan/SystemConf.php?m=Index&a=confModify3
INFO: [ app_begin ] --START--
INFO: ReadHtmlCache Behavior ::run [ RunTime:0.000264s ]
INFO: [ app_begin ] --END-- [ RunTime:0.000327s ]
NOTIC: [8] A session had already been started - ignoring session_start() /home/wwwroot/default/wangpan/ThinkPHP/Common/functions.php 第 566 行.
NOTIC: [8] Undefined variable: var /home/wwwroot/default/wangpan/ThinkPHP/Common/functions.php 第 247 行.
NOTIC: [2] array_reverse() expects parameter 1 to be array, null given /home/wwwroot/default/wangpan/ThinkPHP/Common/functions.php 第 247 行.
NOTIC: [2] http_build_query() [<a href='function.http-build-query'>function.http-build-query</a>]: Parameter 1 expected to be Array or Object.  Incorrect value given /home/wwwroot/default/wangpan/ThinkPHP/Common/functions.php 第 247 行.

[ 2013-11-13T10:33:19+08:00 ] 192.168.3.228 /wangpan/SystemConf.php?&m=Index&a=index
INFO: [ app_begin ] --START--
INFO: ReadHtmlCache Behavior ::run [ RunTime:0.000263s ]
INFO: [ app_begin ] --END-- [ RunTime:0.000327s ]
NOTIC: [8] A session had already been started - ignoring session_start() /home/wwwroot/default/wangpan/ThinkPHP/Common/functions.php 第 566 行.
SQL: SHOW COLUMNS FROM `policy` [ RunTime:0.000807s ]
SQL: SELECT * FROM `policy` WHERE ( `id` = 0 ) LIMIT 1   [ RunTime:0.000152s ]
INFO: [ view_parse ] --START--
INFO: ParseTemplate Behavior ::run [ RunTime:0.007915s ]
INFO: [ view_parse ] --END-- [ RunTime:0.007964s ]
INFO: [ view_filter ] --START--
INFO: ContentReplace Behavior ::run [ RunTime:0.000179s ]
INFO: TokenBuild Behavior ::run [ RunTime:0.000170s ]
INFO: WriteHtmlCache Behavior ::run [ RunTime:0.000102s ]
INFO: ShowRuntime Behavior ::run [ RunTime:0.000218s ]
INFO: [ view_filter ] --END-- [ RunTime:0.000781s ]
INFO: [ view_end ] --START--
INFO: ShowPageTrace Behavior ::run [ RunTime:0.000286s ]
INFO: [ view_end ] --END-- [ RunTime:0.000326s ]

[ 2013-11-13T10:35:25+08:00 ] 192.168.3.228 /wangpan/SystemConf.php
INFO: [ app_begin ] --START--
INFO: ReadHtmlCache Behavior ::run [ RunTime:0.000264s ]
INFO: [ app_begin ] --END-- [ RunTime:0.000327s ]
NOTIC: [8] A session had already been started - ignoring session_start() /home/wwwroot/default/wangpan/ThinkPHP/Common/functions.php 第 566 行.
SQL: SHOW COLUMNS FROM `policy` [ RunTime:0.000802s ]
SQL: SELECT * FROM `policy` WHERE ( `id` = 0 ) LIMIT 1   [ RunTime:0.000152s ]
INFO: [ view_parse ] --START--
INFO: ParseTemplate Behavior ::run [ RunTime:0.007990s ]
INFO: [ view_parse ] --END-- [ RunTime:0.008037s ]
INFO: [ view_filter ] --START--
INFO: ContentReplace Behavior ::run [ RunTime:0.000177s ]
INFO: TokenBuild Behavior ::run [ RunTime:0.000169s ]
INFO: WriteHtmlCache Behavior ::run [ RunTime:0.000101s ]
INFO: ShowRuntime Behavior ::run [ RunTime:0.000217s ]
INFO: [ view_filter ] --END-- [ RunTime:0.000775s ]
INFO: [ view_end ] --START--
INFO: ShowPageTrace Behavior ::run [ RunTime:0.000289s ]
INFO: [ view_end ] --END-- [ RunTime:0.000328s ]

[ 2013-11-13T10:35:28+08:00 ] 192.168.3.228 /wangpan/SystemConf.php?m=Index&a=confModify3
INFO: [ app_begin ] --START--
INFO: ReadHtmlCache Behavior ::run [ RunTime:0.000261s ]
INFO: [ app_begin ] --END-- [ RunTime:0.000324s ]
NOTIC: [8] A session had already been started - ignoring session_start() /home/wwwroot/default/wangpan/ThinkPHP/Common/functions.php 第 566 行.
NOTIC: [8] Undefined variable: var /home/wwwroot/default/wangpan/ThinkPHP/Common/functions.php 第 247 行.
NOTIC: [2] array_reverse() expects parameter 1 to be array, null given /home/wwwroot/default/wangpan/ThinkPHP/Common/functions.php 第 247 行.
NOTIC: [2] http_build_query() [<a href='function.http-build-query'>function.http-build-query</a>]: Parameter 1 expected to be Array or Object.  Incorrect value given /home/wwwroot/default/wangpan/ThinkPHP/Common/functions.php 第 247 行.

[ 2013-11-13T10:35:28+08:00 ] 192.168.3.228 /wangpan/SystemConf.php?&m=Index&a=index
INFO: [ app_begin ] --START--
INFO: ReadHtmlCache Behavior ::run [ RunTime:0.000265s ]
INFO: [ app_begin ] --END-- [ RunTime:0.000329s ]
NOTIC: [8] A session had already been started - ignoring session_start() /home/wwwroot/default/wangpan/ThinkPHP/Common/functions.php 第 566 行.
SQL: SHOW COLUMNS FROM `policy` [ RunTime:0.000834s ]
SQL: SELECT * FROM `policy` WHERE ( `id` = 0 ) LIMIT 1   [ RunTime:0.000151s ]
INFO: [ view_parse ] --START--
INFO: ParseTemplate Behavior ::run [ RunTime:0.008031s ]
INFO: [ view_parse ] --END-- [ RunTime:0.008079s ]
INFO: [ view_filter ] --START--
INFO: ContentReplace Behavior ::run [ RunTime:0.000176s ]
INFO: TokenBuild Behavior ::run [ RunTime:0.000169s ]
INFO: WriteHtmlCache Behavior ::run [ RunTime:0.000101s ]
INFO: ShowRuntime Behavior ::run [ RunTime:0.000224s ]
INFO: [ view_filter ] --END-- [ RunTime:0.000782s ]
INFO: [ view_end ] --START--
INFO: ShowPageTrace Behavior ::run [ RunTime:0.000290s ]
INFO: [ view_end ] --END-- [ RunTime:0.000331s ]

[ 2013-11-13T10:35:31+08:00 ] 192.168.3.228 /wangpan/SystemConf.php?m=Index&a=confModify3
INFO: [ app_begin ] --START--
INFO: ReadHtmlCache Behavior ::run [ RunTime:0.000262s ]
INFO: [ app_begin ] --END-- [ RunTime:0.000326s ]
NOTIC: [8] A session had already been started - ignoring session_start() /home/wwwroot/default/wangpan/ThinkPHP/Common/functions.php 第 566 行.
NOTIC: [8] Undefined variable: var /home/wwwroot/default/wangpan/ThinkPHP/Common/functions.php 第 247 行.
NOTIC: [2] array_reverse() expects parameter 1 to be array, null given /home/wwwroot/default/wangpan/ThinkPHP/Common/functions.php 第 247 行.
NOTIC: [2] http_build_query() [<a href='function.http-build-query'>function.http-build-query</a>]: Parameter 1 expected to be Array or Object.  Incorrect value given /home/wwwroot/default/wangpan/ThinkPHP/Common/functions.php 第 247 行.

[ 2013-11-13T10:35:31+08:00 ] 192.168.3.228 /wangpan/SystemConf.php?&m=Index&a=index
INFO: [ app_begin ] --START--
INFO: ReadHtmlCache Behavior ::run [ RunTime:0.000262s ]
INFO: [ app_begin ] --END-- [ RunTime:0.000324s ]
NOTIC: [8] A session had already been started - ignoring session_start() /home/wwwroot/default/wangpan/ThinkPHP/Common/functions.php 第 566 行.
SQL: SHOW COLUMNS FROM `policy` [ RunTime:0.000805s ]
SQL: SELECT * FROM `policy` WHERE ( `id` = 0 ) LIMIT 1   [ RunTime:0.000151s ]
INFO: [ view_parse ] --START--
INFO: ParseTemplate Behavior ::run [ RunTime:0.008071s ]
INFO: [ view_parse ] --END-- [ RunTime:0.008119s ]
INFO: [ view_filter ] --START--
INFO: ContentReplace Behavior ::run [ RunTime:0.000184s ]
INFO: TokenBuild Behavior ::run [ RunTime:0.000168s ]
INFO: WriteHtmlCache Behavior ::run [ RunTime:0.000103s ]
INFO: ShowRuntime Behavior ::run [ RunTime:0.000219s ]
INFO: [ view_filter ] --END-- [ RunTime:0.000786s ]
INFO: [ view_end ] --START--
INFO: ShowPageTrace Behavior ::run [ RunTime:0.000286s ]
INFO: [ view_end ] --END-- [ RunTime:0.000327s ]

[ 2013-11-13T10:35:33+08:00 ] 192.168.3.228 /wangpan/SystemConf.php?m=Index&a=confModify2
INFO: [ app_begin ] --START--
INFO: ReadHtmlCache Behavior ::run [ RunTime:0.000260s ]
INFO: [ app_begin ] --END-- [ RunTime:0.000324s ]
NOTIC: [8] A session had already been started - ignoring session_start() /home/wwwroot/default/wangpan/ThinkPHP/Common/functions.php 第 566 行.
SQL: SHOW COLUMNS FROM `policy` [ RunTime:0.000802s ]
SQL: UPDATE `policy` SET `ipaddr`='192.168.3.9:5000/v2.0',`user`='swift',`passwd`='111111' WHERE ( `id` = '0' ) [ RunTime:0.000179s ]
NOTIC: [8] Undefined variable: var /home/wwwroot/default/wangpan/ThinkPHP/Common/functions.php 第 247 行.
NOTIC: [2] array_reverse() expects parameter 1 to be array, null given /home/wwwroot/default/wangpan/ThinkPHP/Common/functions.php 第 247 行.
NOTIC: [2] http_build_query() [<a href='function.http-build-query'>function.http-build-query</a>]: Parameter 1 expected to be Array or Object.  Incorrect value given /home/wwwroot/default/wangpan/ThinkPHP/Common/functions.php 第 247 行.

[ 2013-11-13T10:35:33+08:00 ] 192.168.3.228 /wangpan/SystemConf.php?&m=Index&a=index
INFO: [ app_begin ] --START--
INFO: ReadHtmlCache Behavior ::run [ RunTime:0.000261s ]
INFO: [ app_begin ] --END-- [ RunTime:0.000323s ]
NOTIC: [8] A session had already been started - ignoring session_start() /home/wwwroot/default/wangpan/ThinkPHP/Common/functions.php 第 566 行.
SQL: SHOW COLUMNS FROM `policy` [ RunTime:0.000835s ]
SQL: SELECT * FROM `policy` WHERE ( `id` = 0 ) LIMIT 1   [ RunTime:0.000152s ]
INFO: [ view_parse ] --START--
INFO: ParseTemplate Behavior ::run [ RunTime:0.008256s ]
INFO: [ view_parse ] --END-- [ RunTime:0.008303s ]
INFO: [ view_filter ] --START--
INFO: ContentReplace Behavior ::run [ RunTime:0.000181s ]
INFO: TokenBuild Behavior ::run [ RunTime:0.000166s ]
INFO: WriteHtmlCache Behavior ::run [ RunTime:0.000099s ]
INFO: ShowRuntime Behavior ::run [ RunTime:0.000231s ]
INFO: [ view_filter ] --END-- [ RunTime:0.000790s ]
INFO: [ view_end ] --START--
INFO: ShowPageTrace Behavior ::run [ RunTime:0.000288s ]
INFO: [ view_end ] --END-- [ RunTime:0.000328s ]

[ 2013-11-13T10:35:35+08:00 ] 192.168.3.228 /wangpan/SystemConf.php?m=Index&a=confModify2
INFO: [ app_begin ] --START--
INFO: ReadHtmlCache Behavior ::run [ RunTime:0.000257s ]
INFO: [ app_begin ] --END-- [ RunTime:0.000320s ]
NOTIC: [8] A session had already been started - ignoring session_start() /home/wwwroot/default/wangpan/ThinkPHP/Common/functions.php 第 566 行.
SQL: SHOW COLUMNS FROM `policy` [ RunTime:0.000801s ]
SQL: UPDATE `policy` SET `ipaddr`='192.168.3.9:5000/v2.0',`user`='swift',`passwd`='111111' WHERE ( `id` = '0' ) [ RunTime:0.000176s ]
NOTIC: [8] Undefined variable: var /home/wwwroot/default/wangpan/ThinkPHP/Common/functions.php 第 247 行.
NOTIC: [2] array_reverse() expects parameter 1 to be array, null given /home/wwwroot/default/wangpan/ThinkPHP/Common/functions.php 第 247 行.
NOTIC: [2] http_build_query() [<a href='function.http-build-query'>function.http-build-query</a>]: Parameter 1 expected to be Array or Object.  Incorrect value given /home/wwwroot/default/wangpan/ThinkPHP/Common/functions.php 第 247 行.

[ 2013-11-13T10:35:36+08:00 ] 192.168.3.228 /wangpan/SystemConf.php?&m=Index&a=index
INFO: [ app_begin ] --START--
INFO: ReadHtmlCache Behavior ::run [ RunTime:0.000261s ]
INFO: [ app_begin ] --END-- [ RunTime:0.000324s ]
NOTIC: [8] A session had already been started - ignoring session_start() /home/wwwroot/default/wangpan/ThinkPHP/Common/functions.php 第 566 行.
SQL: SHOW COLUMNS FROM `policy` [ RunTime:0.000804s ]
SQL: SELECT * FROM `policy` WHERE ( `id` = 0 ) LIMIT 1   [ RunTime:0.000153s ]
INFO: [ view_parse ] --START--
INFO: ParseTemplate Behavior ::run [ RunTime:0.008027s ]
INFO: [ view_parse ] --END-- [ RunTime:0.008073s ]
INFO: [ view_filter ] --START--
INFO: ContentReplace Behavior ::run [ RunTime:0.000184s ]
INFO: TokenBuild Behavior ::run [ RunTime:0.000172s ]
INFO: WriteHtmlCache Behavior ::run [ RunTime:0.000099s ]
INFO: ShowRuntime Behavior ::run [ RunTime:0.000216s ]
INFO: [ view_filter ] --END-- [ RunTime:0.000784s ]
INFO: [ view_end ] --START--
INFO: ShowPageTrace Behavior ::run [ RunTime:0.000287s ]
INFO: [ view_end ] --END-- [ RunTime:0.000327s ]

[ 2013-11-13T10:35:39+08:00 ] 192.168.3.228 /wangpan/SystemConf.php?m=Index&a=confModify3
INFO: [ app_begin ] --START--
INFO: ReadHtmlCache Behavior ::run [ RunTime:0.000270s ]
INFO: [ app_begin ] --END-- [ RunTime:0.000334s ]
NOTIC: [8] A session had already been started - ignoring session_start() /home/wwwroot/default/wangpan/ThinkPHP/Common/functions.php 第 566 行.
NOTIC: [8] Undefined variable: var /home/wwwroot/default/wangpan/ThinkPHP/Common/functions.php 第 247 行.
NOTIC: [2] array_reverse() expects parameter 1 to be array, null given /home/wwwroot/default/wangpan/ThinkPHP/Common/functions.php 第 247 行.
NOTIC: [2] http_build_query() [<a href='function.http-build-query'>function.http-build-query</a>]: Parameter 1 expected to be Array or Object.  Incorrect value given /home/wwwroot/default/wangpan/ThinkPHP/Common/functions.php 第 247 行.

[ 2013-11-13T10:35:39+08:00 ] 192.168.3.228 /wangpan/SystemConf.php?&m=Index&a=index
INFO: [ app_begin ] --START--
INFO: ReadHtmlCache Behavior ::run [ RunTime:0.000263s ]
INFO: [ app_begin ] --END-- [ RunTime:0.000326s ]
NOTIC: [8] A session had already been started - ignoring session_start() /home/wwwroot/default/wangpan/ThinkPHP/Common/functions.php 第 566 行.
SQL: SHOW COLUMNS FROM `policy` [ RunTime:0.000827s ]
SQL: SELECT * FROM `policy` WHERE ( `id` = 0 ) LIMIT 1   [ RunTime:0.000171s ]
INFO: [ view_parse ] --START--
INFO: ParseTemplate Behavior ::run [ RunTime:0.008227s ]
INFO: [ view_parse ] --END-- [ RunTime:0.008277s ]
INFO: [ view_filter ] --START--
INFO: ContentReplace Behavior ::run [ RunTime:0.000179s ]
INFO: TokenBuild Behavior ::run [ RunTime:0.000169s ]
INFO: WriteHtmlCache Behavior ::run [ RunTime:0.000103s ]
INFO: ShowRuntime Behavior ::run [ RunTime:0.000220s ]
INFO: [ view_filter ] --END-- [ RunTime:0.000783s ]
INFO: [ view_end ] --START--
INFO: ShowPageTrace Behavior ::run [ RunTime:0.000289s ]
INFO: [ view_end ] --END-- [ RunTime:0.000330s ]

[ 2013-11-13T10:37:42+08:00 ] 192.168.3.228 /wangpan/SystemConf.php
INFO: [ app_begin ] --START--
INFO: ReadHtmlCache Behavior ::run [ RunTime:0.000263s ]
INFO: [ app_begin ] --END-- [ RunTime:0.000326s ]
NOTIC: [8] A session had already been started - ignoring session_start() /home/wwwroot/default/wangpan/ThinkPHP/Common/functions.php 第 566 行.
SQL: SHOW COLUMNS FROM `policy` [ RunTime:0.000806s ]
SQL: SELECT * FROM `policy` WHERE ( `id` = 0 ) LIMIT 1   [ RunTime:0.000151s ]
INFO: [ view_parse ] --START--
INFO: ParseTemplate Behavior ::run [ RunTime:0.007927s ]
INFO: [ view_parse ] --END-- [ RunTime:0.007979s ]
INFO: [ view_filter ] --START--
INFO: ContentReplace Behavior ::run [ RunTime:0.000179s ]
INFO: TokenBuild Behavior ::run [ RunTime:0.000168s ]
INFO: WriteHtmlCache Behavior ::run [ RunTime:0.000102s ]
INFO: ShowRuntime Behavior ::run [ RunTime:0.000224s ]
INFO: [ view_filter ] --END-- [ RunTime:0.000785s ]
INFO: [ view_end ] --START--
INFO: ShowPageTrace Behavior ::run [ RunTime:0.000289s ]
INFO: [ view_end ] --END-- [ RunTime:0.000330s ]

[ 2013-11-13T10:37:45+08:00 ] 192.168.3.228 /wangpan/SystemConf.php
INFO: [ app_begin ] --START--
INFO: ReadHtmlCache Behavior ::run [ RunTime:0.000264s ]
INFO: [ app_begin ] --END-- [ RunTime:0.000327s ]
NOTIC: [8] A session had already been started - ignoring session_start() /home/wwwroot/default/wangpan/ThinkPHP/Common/functions.php 第 566 行.
SQL: SHOW COLUMNS FROM `policy` [ RunTime:0.000807s ]
SQL: SELECT * FROM `policy` WHERE ( `id` = 0 ) LIMIT 1   [ RunTime:0.000150s ]
INFO: [ view_parse ] --START--
INFO: ParseTemplate Behavior ::run [ RunTime:0.007975s ]
INFO: [ view_parse ] --END-- [ RunTime:0.008021s ]
INFO: [ view_filter ] --START--
INFO: ContentReplace Behavior ::run [ RunTime:0.000179s ]
INFO: TokenBuild Behavior ::run [ RunTime:0.000169s ]
INFO: WriteHtmlCache Behavior ::run [ RunTime:0.000102s ]
INFO: ShowRuntime Behavior ::run [ RunTime:0.000221s ]
INFO: [ view_filter ] --END-- [ RunTime:0.000783s ]
INFO: [ view_end ] --START--
INFO: ShowPageTrace Behavior ::run [ RunTime:0.000291s ]
INFO: [ view_end ] --END-- [ RunTime:0.000332s ]

[ 2013-11-13T10:37:50+08:00 ] 192.168.3.228 /wangpan/SystemConf.php
INFO: [ app_begin ] --START--
INFO: ReadHtmlCache Behavior ::run [ RunTime:0.000263s ]
INFO: [ app_begin ] --END-- [ RunTime:0.000327s ]
NOTIC: [8] A session had already been started - ignoring session_start() /home/wwwroot/default/wangpan/ThinkPHP/Common/functions.php 第 566 行.
SQL: SHOW COLUMNS FROM `policy` [ RunTime:0.000806s ]
SQL: SELECT * FROM `policy` WHERE ( `id` = 0 ) LIMIT 1   [ RunTime:0.000151s ]
INFO: [ view_parse ] --START--
INFO: ParseTemplate Behavior ::run [ RunTime:0.007971s ]
INFO: [ view_parse ] --END-- [ RunTime:0.008019s ]
INFO: [ view_filter ] --START--
INFO: ContentReplace Behavior ::run [ RunTime:0.000179s ]
INFO: TokenBuild Behavior ::run [ RunTime:0.000170s ]
INFO: WriteHtmlCache Behavior ::run [ RunTime:0.000103s ]
INFO: ShowRuntime Behavior ::run [ RunTime:0.000224s ]
INFO: [ view_filter ] --END-- [ RunTime:0.000789s ]
INFO: [ view_end ] --START--
INFO: ShowPageTrace Behavior ::run [ RunTime:0.000294s ]
INFO: [ view_end ] --END-- [ RunTime:0.000334s ]

[ 2013-11-13T10:38:19+08:00 ] 192.168.3.228 /wangpan/SystemConf.php
INFO: [ app_begin ] --START--
INFO: ReadHtmlCache Behavior ::run [ RunTime:0.000260s ]
INFO: [ app_begin ] --END-- [ RunTime:0.000324s ]
NOTIC: [8] A session had already been started - ignoring session_start() /home/wwwroot/default/wangpan/ThinkPHP/Common/functions.php 第 566 行.
SQL: SHOW COLUMNS FROM `policy` [ RunTime:0.000811s ]
SQL: SELECT * FROM `policy` WHERE ( `id` = 0 ) LIMIT 1   [ RunTime:0.000153s ]
INFO: [ view_parse ] --START--
INFO: ParseTemplate Behavior ::run [ RunTime:0.007918s ]
INFO: [ view_parse ] --END-- [ RunTime:0.007964s ]
INFO: [ view_filter ] --START--
INFO: ContentReplace Behavior ::run [ RunTime:0.000176s ]
INFO: TokenBuild Behavior ::run [ RunTime:0.000171s ]
INFO: WriteHtmlCache Behavior ::run [ RunTime:0.000100s ]
INFO: ShowRuntime Behavior ::run [ RunTime:0.000215s ]
INFO: [ view_filter ] --END-- [ RunTime:0.000774s ]
INFO: [ view_end ] --START--
INFO: ShowPageTrace Behavior ::run [ RunTime:0.000284s ]
INFO: [ view_end ] --END-- [ RunTime:0.000329s ]

[ 2013-11-13T10:38:22+08:00 ] 192.168.3.228 /wangpan/SystemConf.php?m=Index&a=confModify3
INFO: [ app_begin ] --START--
INFO: ReadHtmlCache Behavior ::run [ RunTime:0.000258s ]
INFO: [ app_begin ] --END-- [ RunTime:0.000321s ]
NOTIC: [8] A session had already been started - ignoring session_start() /home/wwwroot/default/wangpan/ThinkPHP/Common/functions.php 第 566 行.
NOTIC: [8] Undefined variable: var /home/wwwroot/default/wangpan/ThinkPHP/Common/functions.php 第 247 行.
NOTIC: [2] array_reverse() expects parameter 1 to be array, null given /home/wwwroot/default/wangpan/ThinkPHP/Common/functions.php 第 247 行.
NOTIC: [2] http_build_query() [<a href='function.http-build-query'>function.http-build-query</a>]: Parameter 1 expected to be Array or Object.  Incorrect value given /home/wwwroot/default/wangpan/ThinkPHP/Common/functions.php 第 247 行.

[ 2013-11-13T10:38:22+08:00 ] 192.168.3.228 /wangpan/SystemConf.php?&m=Index&a=index
INFO: [ app_begin ] --START--
INFO: ReadHtmlCache Behavior ::run [ RunTime:0.000259s ]
INFO: [ app_begin ] --END-- [ RunTime:0.000323s ]
NOTIC: [8] A session had already been started - ignoring session_start() /home/wwwroot/default/wangpan/ThinkPHP/Common/functions.php 第 566 行.
SQL: SHOW COLUMNS FROM `policy` [ RunTime:0.000827s ]
SQL: SELECT * FROM `policy` WHERE ( `id` = 0 ) LIMIT 1   [ RunTime:0.000151s ]
INFO: [ view_parse ] --START--
INFO: ParseTemplate Behavior ::run [ RunTime:0.008115s ]
INFO: [ view_parse ] --END-- [ RunTime:0.008163s ]
INFO: [ view_filter ] --START--
INFO: ContentReplace Behavior ::run [ RunTime:0.000174s ]
INFO: TokenBuild Behavior ::run [ RunTime:0.000168s ]
INFO: WriteHtmlCache Behavior ::run [ RunTime:0.000100s ]
INFO: ShowRuntime Behavior ::run [ RunTime:0.000230s ]
INFO: [ view_filter ] --END-- [ RunTime:0.000783s ]
INFO: [ view_end ] --START--
INFO: ShowPageTrace Behavior ::run [ RunTime:0.000287s ]
INFO: [ view_end ] --END-- [ RunTime:0.000328s ]

[ 2013-11-13T10:38:24+08:00 ] 192.168.3.228 /wangpan/SystemConf.php?m=Index&a=confModify2
INFO: [ app_begin ] --START--
INFO: ReadHtmlCache Behavior ::run [ RunTime:0.000258s ]
INFO: [ app_begin ] --END-- [ RunTime:0.000325s ]
NOTIC: [8] A session had already been started - ignoring session_start() /home/wwwroot/default/wangpan/ThinkPHP/Common/functions.php 第 566 行.
SQL: SHOW COLUMNS FROM `policy` [ RunTime:0.000805s ]
SQL: UPDATE `policy` SET `ipaddr`='192.168.3.9:5000/v2.0',`user`='swift',`passwd`='111111' WHERE ( `id` = '0' ) [ RunTime:0.000178s ]
NOTIC: [8] Undefined variable: var /home/wwwroot/default/wangpan/ThinkPHP/Common/functions.php 第 247 行.
NOTIC: [2] array_reverse() expects parameter 1 to be array, null given /home/wwwroot/default/wangpan/ThinkPHP/Common/functions.php 第 247 行.
NOTIC: [2] http_build_query() [<a href='function.http-build-query'>function.http-build-query</a>]: Parameter 1 expected to be Array or Object.  Incorrect value given /home/wwwroot/default/wangpan/ThinkPHP/Common/functions.php 第 247 行.

[ 2013-11-13T10:38:25+08:00 ] 192.168.3.228 /wangpan/SystemConf.php?&m=Index&a=index
INFO: [ app_begin ] --START--
INFO: ReadHtmlCache Behavior ::run [ RunTime:0.000263s ]
INFO: [ app_begin ] --END-- [ RunTime:0.000327s ]
NOTIC: [8] A session had already been started - ignoring session_start() /home/wwwroot/default/wangpan/ThinkPHP/Common/functions.php 第 566 行.
SQL: SHOW COLUMNS FROM `policy` [ RunTime:0.000844s ]
SQL: SELECT * FROM `policy` WHERE ( `id` = 0 ) LIMIT 1   [ RunTime:0.000153s ]
INFO: [ view_parse ] --START--
INFO: ParseTemplate Behavior ::run [ RunTime:0.007964s ]
INFO: [ view_parse ] --END-- [ RunTime:0.008011s ]
INFO: [ view_filter ] --START--
INFO: ContentReplace Behavior ::run [ RunTime:0.000181s ]
INFO: TokenBuild Behavior ::run [ RunTime:0.000169s ]
INFO: WriteHtmlCache Behavior ::run [ RunTime:0.000102s ]
INFO: ShowRuntime Behavior ::run [ RunTime:0.000219s ]
INFO: [ view_filter ] --END-- [ RunTime:0.000783s ]
INFO: [ view_end ] --START--
INFO: ShowPageTrace Behavior ::run [ RunTime:0.000288s ]
INFO: [ view_end ] --END-- [ RunTime:0.000329s ]

[ 2013-11-13T10:52:18+08:00 ] 192.168.3.139 /wangpan/SystemConf.php
INFO: [ app_begin ] --START--
INFO: ReadHtmlCache Behavior ::run [ RunTime:0.000263s ]
INFO: [ app_begin ] --END-- [ RunTime:0.000325s ]
NOTIC: [8] A session had already been started - ignoring session_start() /home/wwwroot/default/wangpan/ThinkPHP/Common/functions.php 第 566 行.
SQL: SHOW COLUMNS FROM `policy` [ RunTime:0.000751s ]
SQL: SELECT * FROM `policy` WHERE ( `id` = 0 ) LIMIT 1   [ RunTime:0.000149s ]
INFO: [ view_parse ] --START--
INFO: ParseTemplate Behavior ::run [ RunTime:0.007898s ]
INFO: [ view_parse ] --END-- [ RunTime:0.007943s ]
INFO: [ view_filter ] --START--
INFO: ContentReplace Behavior ::run [ RunTime:0.000174s ]
INFO: TokenBuild Behavior ::run [ RunTime:0.000167s ]
INFO: WriteHtmlCache Behavior ::run [ RunTime:0.000100s ]
INFO: ShowRuntime Behavior ::run [ RunTime:0.000218s ]
INFO: [ view_filter ] --END-- [ RunTime:0.000770s ]
INFO: [ view_end ] --START--
INFO: ShowPageTrace Behavior ::run [ RunTime:0.000298s ]
INFO: [ view_end ] --END-- [ RunTime:0.000338s ]

[ 2013-11-13T10:53:28+08:00 ] 192.168.3.139 /wangpan/SystemConf.php
INFO: [ app_begin ] --START--
INFO: ReadHtmlCache Behavior ::run [ RunTime:0.000261s ]
INFO: [ app_begin ] --END-- [ RunTime:0.000323s ]
NOTIC: [8] A session had already been started - ignoring session_start() /home/wwwroot/default/wangpan/ThinkPHP/Common/functions.php 第 566 行.
SQL: SHOW COLUMNS FROM `policy` [ RunTime:0.000755s ]
SQL: SELECT * FROM `policy` WHERE ( `id` = 0 ) LIMIT 1   [ RunTime:0.000149s ]
INFO: [ view_parse ] --START--
INFO: ParseTemplate Behavior ::run [ RunTime:0.007898s ]
INFO: [ view_parse ] --END-- [ RunTime:0.007944s ]
INFO: [ view_filter ] --START--
INFO: ContentReplace Behavior ::run [ RunTime:0.000175s ]
INFO: TokenBuild Behavior ::run [ RunTime:0.000167s ]
INFO: WriteHtmlCache Behavior ::run [ RunTime:0.000101s ]
INFO: ShowRuntime Behavior ::run [ RunTime:0.000218s ]
INFO: [ view_filter ] --END-- [ RunTime:0.000771s ]
INFO: [ view_end ] --START--
INFO: ShowPageTrace Behavior ::run [ RunTime:0.000298s ]
INFO: [ view_end ] --END-- [ RunTime:0.000338s ]

[ 2013-11-13T11:51:06+08:00 ] 192.168.3.228 /wangpan/SystemConf.php
INFO: [ app_begin ] --START--
INFO: ReadHtmlCache Behavior ::run [ RunTime:0.000268s ]
INFO: [ app_begin ] --END-- [ RunTime:0.000332s ]
NOTIC: [8] A session had already been started - ignoring session_start() /home/wwwroot/default/wangpan/ThinkPHP/Common/functions.php 第 566 行.
SQL: SHOW COLUMNS FROM `policy` [ RunTime:0.000800s ]
SQL: SELECT * FROM `policy` WHERE ( `id` = 0 ) LIMIT 1   [ RunTime:0.000151s ]
INFO: [ view_parse ] --START--
INFO: ParseTemplate Behavior ::run [ RunTime:0.007921s ]
INFO: [ view_parse ] --END-- [ RunTime:0.007967s ]
INFO: [ view_filter ] --START--
INFO: ContentReplace Behavior ::run [ RunTime:0.000179s ]
INFO: TokenBuild Behavior ::run [ RunTime:0.000169s ]
INFO: WriteHtmlCache Behavior ::run [ RunTime:0.000101s ]
INFO: ShowRuntime Behavior ::run [ RunTime:0.000218s ]
INFO: [ view_filter ] --END-- [ RunTime:0.000780s ]
INFO: [ view_end ] --START--
INFO: ShowPageTrace Behavior ::run [ RunTime:0.000286s ]
INFO: [ view_end ] --END-- [ RunTime:0.000327s ]

[ 2013-11-13T11:51:10+08:00 ] 192.168.3.228 /wangpan/SystemConf.php?m=Index&a=confModify3
INFO: [ app_begin ] --START--
INFO: ReadHtmlCache Behavior ::run [ RunTime:0.000269s ]
INFO: [ app_begin ] --END-- [ RunTime:0.000333s ]
NOTIC: [8] A session had already been started - ignoring session_start() /home/wwwroot/default/wangpan/ThinkPHP/Common/functions.php 第 566 行.
NOTIC: [8] Undefined variable: var /home/wwwroot/default/wangpan/ThinkPHP/Common/functions.php 第 247 行.
NOTIC: [2] array_reverse() expects parameter 1 to be array, null given /home/wwwroot/default/wangpan/ThinkPHP/Common/functions.php 第 247 行.
NOTIC: [2] http_build_query() [<a href='function.http-build-query'>function.http-build-query</a>]: Parameter 1 expected to be Array or Object.  Incorrect value given /home/wwwroot/default/wangpan/ThinkPHP/Common/functions.php 第 247 行.

[ 2013-11-13T11:51:10+08:00 ] 192.168.3.228 /wangpan/SystemConf.php?&m=Index&a=index
INFO: [ app_begin ] --START--
INFO: ReadHtmlCache Behavior ::run [ RunTime:0.000264s ]
INFO: [ app_begin ] --END-- [ RunTime:0.000328s ]
NOTIC: [8] A session had already been started - ignoring session_start() /home/wwwroot/default/wangpan/ThinkPHP/Common/functions.php 第 566 行.
SQL: SHOW COLUMNS FROM `policy` [ RunTime:0.000871s ]
SQL: SELECT * FROM `policy` WHERE ( `id` = 0 ) LIMIT 1   [ RunTime:0.000181s ]
INFO: [ view_parse ] --START--
INFO: ParseTemplate Behavior ::run [ RunTime:0.007979s ]
INFO: [ view_parse ] --END-- [ RunTime:0.008024s ]
INFO: [ view_filter ] --START--
INFO: ContentReplace Behavior ::run [ RunTime:0.000179s ]
INFO: TokenBuild Behavior ::run [ RunTime:0.000168s ]
INFO: WriteHtmlCache Behavior ::run [ RunTime:0.000102s ]
INFO: ShowRuntime Behavior ::run [ RunTime:0.000223s ]
INFO: [ view_filter ] --END-- [ RunTime:0.000783s ]
INFO: [ view_end ] --START--
INFO: ShowPageTrace Behavior ::run [ RunTime:0.000288s ]
INFO: [ view_end ] --END-- [ RunTime:0.000328s ]

[ 2013-11-13T11:52:14+08:00 ] 192.168.3.228 /wangpan/SystemConf.php
INFO: [ app_begin ] --START--
INFO: ReadHtmlCache Behavior ::run [ RunTime:0.000257s ]
INFO: [ app_begin ] --END-- [ RunTime:0.000321s ]
NOTIC: [8] A session had already been started - ignoring session_start() /home/wwwroot/default/wangpan/ThinkPHP/Common/functions.php 第 566 行.
SQL: SHOW COLUMNS FROM `policy` [ RunTime:0.000806s ]
SQL: SELECT * FROM `policy` WHERE ( `id` = 0 ) LIMIT 1   [ RunTime:0.000151s ]
INFO: [ view_parse ] --START--
INFO: ParseTemplate Behavior ::run [ RunTime:0.007928s ]
INFO: [ view_parse ] --END-- [ RunTime:0.007974s ]
INFO: [ view_filter ] --START--
INFO: ContentReplace Behavior ::run [ RunTime:0.000179s ]
INFO: TokenBuild Behavior ::run [ RunTime:0.000174s ]
INFO: WriteHtmlCache Behavior ::run [ RunTime:0.000101s ]
INFO: ShowRuntime Behavior ::run [ RunTime:0.000219s ]
INFO: [ view_filter ] --END-- [ RunTime:0.000784s ]
INFO: [ view_end ] --START--
INFO: ShowPageTrace Behavior ::run [ RunTime:0.000288s ]
INFO: [ view_end ] --END-- [ RunTime:0.000328s ]

[ 2013-11-13T11:52:32+08:00 ] 192.168.3.228 /wangpan/SystemConf.php
INFO: [ app_begin ] --START--
INFO: ReadHtmlCache Behavior ::run [ RunTime:0.000262s ]
INFO: [ app_begin ] --END-- [ RunTime:0.000327s ]
NOTIC: [8] A session had already been started - ignoring session_start() /home/wwwroot/default/wangpan/ThinkPHP/Common/functions.php 第 566 行.
SQL: SHOW COLUMNS FROM `policy` [ RunTime:0.000810s ]
SQL: SELECT * FROM `policy` WHERE ( `id` = 0 ) LIMIT 1   [ RunTime:0.000154s ]
INFO: [ view_parse ] --START--
INFO: ParseTemplate Behavior ::run [ RunTime:0.007942s ]
INFO: [ view_parse ] --END-- [ RunTime:0.007988s ]
INFO: [ view_filter ] --START--
INFO: ContentReplace Behavior ::run [ RunTime:0.000175s ]
INFO: TokenBuild Behavior ::run [ RunTime:0.000168s ]
INFO: WriteHtmlCache Behavior ::run [ RunTime:0.000100s ]
INFO: ShowRuntime Behavior ::run [ RunTime:0.000216s ]
INFO: [ view_filter ] --END-- [ RunTime:0.000771s ]
INFO: [ view_end ] --START--
INFO: ShowPageTrace Behavior ::run [ RunTime:0.000285s ]
INFO: [ view_end ] --END-- [ RunTime:0.000325s ]

[ 2013-11-13T11:52:49+08:00 ] 192.168.3.228 /wangpan/SystemConf.php?m=Index&a=confModify3
INFO: [ app_begin ] --START--
INFO: ReadHtmlCache Behavior ::run [ RunTime:0.000263s ]
INFO: [ app_begin ] --END-- [ RunTime:0.000326s ]
NOTIC: [8] A session had already been started - ignoring session_start() /home/wwwroot/default/wangpan/ThinkPHP/Common/functions.php 第 566 行.
NOTIC: [8] Undefined variable: var /home/wwwroot/default/wangpan/ThinkPHP/Common/functions.php 第 247 行.
NOTIC: [2] array_reverse() expects parameter 1 to be array, null given /home/wwwroot/default/wangpan/ThinkPHP/Common/functions.php 第 247 行.
NOTIC: [2] http_build_query() [<a href='function.http-build-query'>function.http-build-query</a>]: Parameter 1 expected to be Array or Object.  Incorrect value given /home/wwwroot/default/wangpan/ThinkPHP/Common/functions.php 第 247 行.

[ 2013-11-13T11:52:49+08:00 ] 192.168.3.228 /wangpan/SystemConf.php?&m=Index&a=index
INFO: [ app_begin ] --START--
INFO: ReadHtmlCache Behavior ::run [ RunTime:0.000258s ]
INFO: [ app_begin ] --END-- [ RunTime:0.000321s ]
NOTIC: [8] A session had already been started - ignoring session_start() /home/wwwroot/default/wangpan/ThinkPHP/Common/functions.php 第 566 行.
SQL: SHOW COLUMNS FROM `policy` [ RunTime:0.000808s ]
SQL: SELECT * FROM `policy` WHERE ( `id` = 0 ) LIMIT 1   [ RunTime:0.000153s ]
INFO: [ view_parse ] --START--
INFO: ParseTemplate Behavior ::run [ RunTime:0.007937s ]
INFO: [ view_parse ] --END-- [ RunTime:0.007982s ]
INFO: [ view_filter ] --START--
INFO: ContentReplace Behavior ::run [ RunTime:0.000176s ]
INFO: TokenBuild Behavior ::run [ RunTime:0.000164s ]
INFO: WriteHtmlCache Behavior ::run [ RunTime:0.000099s ]
INFO: ShowRuntime Behavior ::run [ RunTime:0.000220s ]
INFO: [ view_filter ] --END-- [ RunTime:0.000772s ]
INFO: [ view_end ] --START--
INFO: ShowPageTrace Behavior ::run [ RunTime:0.000285s ]
INFO: [ view_end ] --END-- [ RunTime:0.000325s ]

[ 2013-11-13T11:52:56+08:00 ] 192.168.3.228 /wangpan/SystemConf.php
INFO: [ app_begin ] --START--
INFO: ReadHtmlCache Behavior ::run [ RunTime:0.000258s ]
INFO: [ app_begin ] --END-- [ RunTime:0.000321s ]
NOTIC: [8] A session had already been started - ignoring session_start() /home/wwwroot/default/wangpan/ThinkPHP/Common/functions.php 第 566 行.
SQL: SHOW COLUMNS FROM `policy` [ RunTime:0.000804s ]
SQL: SELECT * FROM `policy` WHERE ( `id` = 0 ) LIMIT 1   [ RunTime:0.000153s ]
INFO: [ view_parse ] --START--
INFO: ParseTemplate Behavior ::run [ RunTime:0.007927s ]
INFO: [ view_parse ] --END-- [ RunTime:0.007975s ]
INFO: [ view_filter ] --START--
INFO: ContentReplace Behavior ::run [ RunTime:0.000180s ]
INFO: TokenBuild Behavior ::run [ RunTime:0.000168s ]
INFO: WriteHtmlCache Behavior ::run [ RunTime:0.000101s ]
INFO: ShowRuntime Behavior ::run [ RunTime:0.000220s ]
INFO: [ view_filter ] --END-- [ RunTime:0.000780s ]
INFO: [ view_end ] --START--
INFO: ShowPageTrace Behavior ::run [ RunTime:0.000285s ]
INFO: [ view_end ] --END-- [ RunTime:0.000326s ]

[ 2013-11-13T15:01:36+08:00 ] 192.168.3.228 /wangpan/SystemConf.php
INFO: [ app_begin ] --START--
INFO: ReadHtmlCache Behavior ::run [ RunTime:0.000260s ]
INFO: [ app_begin ] --END-- [ RunTime:0.000324s ]
NOTIC: [8] A session had already been started - ignoring session_start() /home/wwwroot/default/wangpan/ThinkPHP/Common/functions.php 第 566 行.
SQL: SHOW COLUMNS FROM `policy` [ RunTime:0.000809s ]
SQL: SELECT * FROM `policy` WHERE ( `id` = 0 ) LIMIT 1   [ RunTime:0.000152s ]
INFO: [ view_parse ] --START--
INFO: ParseTemplate Behavior ::run [ RunTime:0.007946s ]
INFO: [ view_parse ] --END-- [ RunTime:0.007992s ]
INFO: [ view_filter ] --START--
INFO: ContentReplace Behavior ::run [ RunTime:0.000179s ]
INFO: TokenBuild Behavior ::run [ RunTime:0.000169s ]
INFO: WriteHtmlCache Behavior ::run [ RunTime:0.000101s ]
INFO: ShowRuntime Behavior ::run [ RunTime:0.000221s ]
INFO: [ view_filter ] --END-- [ RunTime:0.000779s ]
INFO: [ view_end ] --START--
INFO: ShowPageTrace Behavior ::run [ RunTime:0.000286s ]
INFO: [ view_end ] --END-- [ RunTime:0.000326s ]

[ 2013-11-13T15:06:53+08:00 ] 192.168.3.228 /wangpan/SystemConf.php
INFO: [ app_begin ] --START--
INFO: ReadHtmlCache Behavior ::run [ RunTime:0.000264s ]
INFO: [ app_begin ] --END-- [ RunTime:0.000329s ]
NOTIC: [8] A session had already been started - ignoring session_start() /home/wwwroot/default/wangpan/ThinkPHP/Common/functions.php 第 566 行.
SQL: SHOW COLUMNS FROM `policy` [ RunTime:0.000821s ]
SQL: SELECT * FROM `policy` WHERE ( `id` = 0 ) LIMIT 1   [ RunTime:0.000152s ]
INFO: [ view_parse ] --START--
INFO: ParseTemplate Behavior ::run [ RunTime:0.007944s ]
INFO: [ view_parse ] --END-- [ RunTime:0.007989s ]
INFO: [ view_filter ] --START--
INFO: ContentReplace Behavior ::run [ RunTime:0.000179s ]
INFO: TokenBuild Behavior ::run [ RunTime:0.000168s ]
INFO: WriteHtmlCache Behavior ::run [ RunTime:0.000101s ]
INFO: ShowRuntime Behavior ::run [ RunTime:0.000222s ]
INFO: [ view_filter ] --END-- [ RunTime:0.000782s ]
INFO: [ view_end ] --START--
INFO: ShowPageTrace Behavior ::run [ RunTime:0.000287s ]
INFO: [ view_end ] --END-- [ RunTime:0.000327s ]

[ 2013-11-13T15:10:19+08:00 ] 192.168.3.228 /wangpan/SystemConf.php
INFO: [ app_begin ] --START--
INFO: ReadHtmlCache Behavior ::run [ RunTime:0.000260s ]
INFO: [ app_begin ] --END-- [ RunTime:0.000324s ]
NOTIC: [8] A session had already been started - ignoring session_start() /home/wwwroot/default/wangpan/ThinkPHP/Common/functions.php 第 566 行.
SQL: SHOW COLUMNS FROM `policy` [ RunTime:0.000807s ]
SQL: SELECT * FROM `policy` WHERE ( `id` = 0 ) LIMIT 1   [ RunTime:0.000152s ]
INFO: [ view_parse ] --START--
INFO: ParseTemplate Behavior ::run [ RunTime:0.007939s ]
INFO: [ view_parse ] --END-- [ RunTime:0.007985s ]
INFO: [ view_filter ] --START--
INFO: ContentReplace Behavior ::run [ RunTime:0.000176s ]
INFO: TokenBuild Behavior ::run [ RunTime:0.000166s ]
INFO: WriteHtmlCache Behavior ::run [ RunTime:0.000098s ]
INFO: ShowRuntime Behavior ::run [ RunTime:0.000219s ]
INFO: [ view_filter ] --END-- [ RunTime:0.000770s ]
INFO: [ view_end ] --START--
INFO: ShowPageTrace Behavior ::run [ RunTime:0.000286s ]
INFO: [ view_end ] --END-- [ RunTime:0.000325s ]

[ 2013-11-13T15:12:48+08:00 ] 192.168.3.228 /wangpan/SystemConf.php
INFO: [ app_begin ] --START--
INFO: ReadHtmlCache Behavior ::run [ RunTime:0.000265s ]
INFO: [ app_begin ] --END-- [ RunTime:0.000328s ]
NOTIC: [8] A session had already been started - ignoring session_start() /home/wwwroot/default/wangpan/ThinkPHP/Common/functions.php 第 566 行.
SQL: SHOW COLUMNS FROM `policy` [ RunTime:0.000800s ]
SQL: SELECT * FROM `policy` WHERE ( `id` = 0 ) LIMIT 1   [ RunTime:0.000151s ]
INFO: [ view_parse ] --START--
INFO: ParseTemplate Behavior ::run [ RunTime:0.007944s ]
INFO: [ view_parse ] --END-- [ RunTime:0.007992s ]
INFO: [ view_filter ] --START--
INFO: ContentReplace Behavior ::run [ RunTime:0.000180s ]
INFO: TokenBuild Behavior ::run [ RunTime:0.000169s ]
INFO: WriteHtmlCache Behavior ::run [ RunTime:0.000101s ]
INFO: ShowRuntime Behavior ::run [ RunTime:0.000222s ]
INFO: [ view_filter ] --END-- [ RunTime:0.000782s ]
INFO: [ view_end ] --START--
INFO: ShowPageTrace Behavior ::run [ RunTime:0.000286s ]
INFO: [ view_end ] --END-- [ RunTime:0.000327s ]

[ 2013-11-13T15:12:50+08:00 ] 192.168.3.228 /wangpan/SystemConf.php?m=Index&a=confModify2
INFO: [ app_begin ] --START--
INFO: ReadHtmlCache Behavior ::run [ RunTime:0.000264s ]
INFO: [ app_begin ] --END-- [ RunTime:0.000327s ]
NOTIC: [8] A session had already been started - ignoring session_start() /home/wwwroot/default/wangpan/ThinkPHP/Common/functions.php 第 566 行.
SQL: SHOW COLUMNS FROM `policy` [ RunTime:0.000805s ]
SQL: UPDATE `policy` SET `ipaddr`='192.168.3.9:5000/v2.0',`user`='swift',`passwd`='111111' WHERE ( `id` = '0' ) [ RunTime:0.000177s ]
NOTIC: [8] Undefined variable: var /home/wwwroot/default/wangpan/ThinkPHP/Common/functions.php 第 247 行.
NOTIC: [2] array_reverse() expects parameter 1 to be array, null given /home/wwwroot/default/wangpan/ThinkPHP/Common/functions.php 第 247 行.
NOTIC: [2] http_build_query() [<a href='function.http-build-query'>function.http-build-query</a>]: Parameter 1 expected to be Array or Object.  Incorrect value given /home/wwwroot/default/wangpan/ThinkPHP/Common/functions.php 第 247 行.

[ 2013-11-13T15:12:50+08:00 ] 192.168.3.228 /wangpan/SystemConf.php?&m=Index&a=index&pconfAlert=2
INFO: [ app_begin ] --START--
INFO: ReadHtmlCache Behavior ::run [ RunTime:0.000262s ]
INFO: [ app_begin ] --END-- [ RunTime:0.000325s ]
NOTIC: [8] A session had already been started - ignoring session_start() /home/wwwroot/default/wangpan/ThinkPHP/Common/functions.php 第 566 行.
SQL: SHOW COLUMNS FROM `policy` [ RunTime:0.000819s ]
SQL: SELECT * FROM `policy` WHERE ( `id` = 0 ) LIMIT 1   [ RunTime:0.000153s ]
INFO: [ view_parse ] --START--
INFO: ParseTemplate Behavior ::run [ RunTime:0.007951s ]
INFO: [ view_parse ] --END-- [ RunTime:0.007999s ]
INFO: [ view_filter ] --START--
INFO: ContentReplace Behavior ::run [ RunTime:0.000177s ]
INFO: TokenBuild Behavior ::run [ RunTime:0.000168s ]
INFO: WriteHtmlCache Behavior ::run [ RunTime:0.000100s ]
INFO: ShowRuntime Behavior ::run [ RunTime:0.000219s ]
INFO: [ view_filter ] --END-- [ RunTime:0.000775s ]
INFO: [ view_end ] --START--
INFO: ShowPageTrace Behavior ::run [ RunTime:0.000284s ]
INFO: [ view_end ] --END-- [ RunTime:0.000323s ]

[ 2013-11-13T15:12:53+08:00 ] 192.168.3.228 /wangpan/SystemConf.php?m=Index&a=confModify3
INFO: [ app_begin ] --START--
INFO: ReadHtmlCache Behavior ::run [ RunTime:0.000262s ]
INFO: [ app_begin ] --END-- [ RunTime:0.000326s ]
NOTIC: [8] A session had already been started - ignoring session_start() /home/wwwroot/default/wangpan/ThinkPHP/Common/functions.php 第 566 行.
NOTIC: [8] Undefined variable: var /home/wwwroot/default/wangpan/ThinkPHP/Common/functions.php 第 247 行.
NOTIC: [2] array_reverse() expects parameter 1 to be array, null given /home/wwwroot/default/wangpan/ThinkPHP/Common/functions.php 第 247 行.
NOTIC: [2] http_build_query() [<a href='function.http-build-query'>function.http-build-query</a>]: Parameter 1 expected to be Array or Object.  Incorrect value given /home/wwwroot/default/wangpan/ThinkPHP/Common/functions.php 第 247 行.

[ 2013-11-13T15:12:53+08:00 ] 192.168.3.228 /wangpan/SystemConf.php?&m=Index&a=index&pconfAlert=3
INFO: [ app_begin ] --START--
INFO: ReadHtmlCache Behavior ::run [ RunTime:0.000258s ]
INFO: [ app_begin ] --END-- [ RunTime:0.000322s ]
NOTIC: [8] A session had already been started - ignoring session_start() /home/wwwroot/default/wangpan/ThinkPHP/Common/functions.php 第 566 行.
SQL: SHOW COLUMNS FROM `policy` [ RunTime:0.000834s ]
SQL: SELECT * FROM `policy` WHERE ( `id` = 0 ) LIMIT 1   [ RunTime:0.000153s ]
INFO: [ view_parse ] --START--
INFO: ParseTemplate Behavior ::run [ RunTime:0.007933s ]
INFO: [ view_parse ] --END-- [ RunTime:0.007979s ]
INFO: [ view_filter ] --START--
INFO: ContentReplace Behavior ::run [ RunTime:0.000175s ]
INFO: TokenBuild Behavior ::run [ RunTime:0.000166s ]
INFO: WriteHtmlCache Behavior ::run [ RunTime:0.000098s ]
INFO: ShowRuntime Behavior ::run [ RunTime:0.000217s ]
INFO: [ view_filter ] --END-- [ RunTime:0.000766s ]
INFO: [ view_end ] --START--
INFO: ShowPageTrace Behavior ::run [ RunTime:0.000282s ]
INFO: [ view_end ] --END-- [ RunTime:0.000322s ]

[ 2013-11-13T15:12:57+08:00 ] 192.168.3.228 /wangpan/SystemConf.php?m=Index&a=confModify2
INFO: [ app_begin ] --START--
INFO: ReadHtmlCache Behavior ::run [ RunTime:0.000257s ]
INFO: [ app_begin ] --END-- [ RunTime:0.000321s ]
NOTIC: [8] A session had already been started - ignoring session_start() /home/wwwroot/default/wangpan/ThinkPHP/Common/functions.php 第 566 行.
SQL: SHOW COLUMNS FROM `policy` [ RunTime:0.000802s ]
SQL: UPDATE `policy` SET `ipaddr`='192.168.3.9:5000/v2.0',`user`='swift',`passwd`='111111' WHERE ( `id` = '0' ) [ RunTime:0.000174s ]
NOTIC: [8] Undefined variable: var /home/wwwroot/default/wangpan/ThinkPHP/Common/functions.php 第 247 行.
NOTIC: [2] array_reverse() expects parameter 1 to be array, null given /home/wwwroot/default/wangpan/ThinkPHP/Common/functions.php 第 247 行.
NOTIC: [2] http_build_query() [<a href='function.http-build-query'>function.http-build-query</a>]: Parameter 1 expected to be Array or Object.  Incorrect value given /home/wwwroot/default/wangpan/ThinkPHP/Common/functions.php 第 247 行.

[ 2013-11-13T15:12:58+08:00 ] 192.168.3.228 /wangpan/SystemConf.php?&m=Index&a=index&pconfAlert=2
INFO: [ app_begin ] --START--
INFO: ReadHtmlCache Behavior ::run [ RunTime:0.000257s ]
INFO: [ app_begin ] --END-- [ RunTime:0.000319s ]
NOTIC: [8] A session had already been started - ignoring session_start() /home/wwwroot/default/wangpan/ThinkPHP/Common/functions.php 第 566 行.
SQL: SHOW COLUMNS FROM `policy` [ RunTime:0.000806s ]
SQL: SELECT * FROM `policy` WHERE ( `id` = 0 ) LIMIT 1   [ RunTime:0.000152s ]
INFO: [ view_parse ] --START--
INFO: ParseTemplate Behavior ::run [ RunTime:0.007893s ]
INFO: [ view_parse ] --END-- [ RunTime:0.007940s ]
INFO: [ view_filter ] --START--
INFO: ContentReplace Behavior ::run [ RunTime:0.000177s ]
INFO: TokenBuild Behavior ::run [ RunTime:0.000167s ]
INFO: WriteHtmlCache Behavior ::run [ RunTime:0.000099s ]
INFO: ShowRuntime Behavior ::run [ RunTime:0.000217s ]
INFO: [ view_filter ] --END-- [ RunTime:0.000770s ]
INFO: [ view_end ] --START--
INFO: ShowPageTrace Behavior ::run [ RunTime:0.000282s ]
INFO: [ view_end ] --END-- [ RunTime:0.000322s ]

[ 2013-11-13T15:18:42+08:00 ] 192.168.3.228 /wangpan/SystemConf.php
INFO: [ app_begin ] --START--
INFO: ReadHtmlCache Behavior ::run [ RunTime:0.000264s ]
INFO: [ app_begin ] --END-- [ RunTime:0.000328s ]
NOTIC: [8] A session had already been started - ignoring session_start() /home/wwwroot/default/wangpan/ThinkPHP/Common/functions.php 第 566 行.
SQL: SHOW COLUMNS FROM `policy` [ RunTime:0.000794s ]
SQL: SELECT * FROM `policy` WHERE ( `id` = 0 ) LIMIT 1   [ RunTime:0.000152s ]
NOTIC: [8] Undefined index: pconfAlert /home/wwwroot/default/wangpan/SystemConf/Lib/Action/IndexAction.class.php 第 22 行.
INFO: [ view_parse ] --START--
INFO: ParseTemplate Behavior ::run [ RunTime:0.008083s ]
INFO: [ view_parse ] --END-- [ RunTime:0.008132s ]
INFO: [ view_filter ] --START--
INFO: ContentReplace Behavior ::run [ RunTime:0.000179s ]
INFO: TokenBuild Behavior ::run [ RunTime:0.000167s ]
INFO: WriteHtmlCache Behavior ::run [ RunTime:0.000100s ]
INFO: ShowRuntime Behavior ::run [ RunTime:0.000224s ]
INFO: [ view_filter ] --END-- [ RunTime:0.000782s ]
INFO: [ view_end ] --START--
INFO: ShowPageTrace Behavior ::run [ RunTime:0.000286s ]
INFO: [ view_end ] --END-- [ RunTime:0.000326s ]

[ 2013-11-13T15:18:44+08:00 ] 192.168.3.228 /wangpan/SystemConf.php?m=Index&a=confModify2
INFO: [ app_begin ] --START--
INFO: ReadHtmlCache Behavior ::run [ RunTime:0.000264s ]
INFO: [ app_begin ] --END-- [ RunTime:0.000329s ]
NOTIC: [8] A session had already been started - ignoring session_start() /home/wwwroot/default/wangpan/ThinkPHP/Common/functions.php 第 566 行.
SQL: SHOW COLUMNS FROM `policy` [ RunTime:0.000822s ]
SQL: UPDATE `policy` SET `ipaddr`='192.168.3.9:5000/v2.0',`user`='swift',`passwd`='111111' WHERE ( `id` = '0' ) [ RunTime:0.000174s ]
NOTIC: [8] Undefined variable: var /home/wwwroot/default/wangpan/ThinkPHP/Common/functions.php 第 247 行.
NOTIC: [2] array_reverse() expects parameter 1 to be array, null given /home/wwwroot/default/wangpan/ThinkPHP/Common/functions.php 第 247 行.
NOTIC: [2] http_build_query() [<a href='function.http-build-query'>function.http-build-query</a>]: Parameter 1 expected to be Array or Object.  Incorrect value given /home/wwwroot/default/wangpan/ThinkPHP/Common/functions.php 第 247 行.

[ 2013-11-13T15:18:45+08:00 ] 192.168.3.228 /wangpan/SystemConf.php?&m=Index&a=index&pconfAlert=2
INFO: [ app_begin ] --START--
INFO: ReadHtmlCache Behavior ::run [ RunTime:0.000264s ]
INFO: [ app_begin ] --END-- [ RunTime:0.000329s ]
NOTIC: [8] A session had already been started - ignoring session_start() /home/wwwroot/default/wangpan/ThinkPHP/Common/functions.php 第 566 行.
SQL: SHOW COLUMNS FROM `policy` [ RunTime:0.000830s ]
SQL: SELECT * FROM `policy` WHERE ( `id` = 0 ) LIMIT 1   [ RunTime:0.000152s ]
INFO: [ view_parse ] --START--
INFO: ParseTemplate Behavior ::run [ RunTime:0.008013s ]
INFO: [ view_parse ] --END-- [ RunTime:0.008062s ]
INFO: [ view_filter ] --START--
INFO: ContentReplace Behavior ::run [ RunTime:0.000180s ]
INFO: TokenBuild Behavior ::run [ RunTime:0.000169s ]
INFO: WriteHtmlCache Behavior ::run [ RunTime:0.000101s ]
INFO: ShowRuntime Behavior ::run [ RunTime:0.000220s ]
INFO: [ view_filter ] --END-- [ RunTime:0.000781s ]
INFO: [ view_end ] --START--
INFO: ShowPageTrace Behavior ::run [ RunTime:0.000287s ]
INFO: [ view_end ] --END-- [ RunTime:0.000327s ]

[ 2013-11-13T15:19:11+08:00 ] 192.168.3.228 /wangpan/SystemConf.php
INFO: [ app_begin ] --START--
INFO: ReadHtmlCache Behavior ::run [ RunTime:0.000266s ]
INFO: [ app_begin ] --END-- [ RunTime:0.000328s ]
NOTIC: [8] A session had already been started - ignoring session_start() /home/wwwroot/default/wangpan/ThinkPHP/Common/functions.php 第 566 行.
SQL: SHOW COLUMNS FROM `policy` [ RunTime:0.000808s ]
SQL: SELECT * FROM `policy` WHERE ( `id` = 0 ) LIMIT 1   [ RunTime:0.000152s ]
NOTIC: [8] Undefined index: pconfAlert /home/wwwroot/default/wangpan/SystemConf/Lib/Action/IndexAction.class.php 第 22 行.
INFO: [ view_parse ] --START--
INFO: ParseTemplate Behavior ::run [ RunTime:0.008013s ]
INFO: [ view_parse ] --END-- [ RunTime:0.008060s ]
INFO: [ view_filter ] --START--
INFO: ContentReplace Behavior ::run [ RunTime:0.000179s ]
INFO: TokenBuild Behavior ::run [ RunTime:0.000169s ]
INFO: WriteHtmlCache Behavior ::run [ RunTime:0.000101s ]
INFO: ShowRuntime Behavior ::run [ RunTime:0.000218s ]
INFO: [ view_filter ] --END-- [ RunTime:0.000779s ]
INFO: [ view_end ] --START--
INFO: ShowPageTrace Behavior ::run [ RunTime:0.000288s ]
INFO: [ view_end ] --END-- [ RunTime:0.000329s ]

[ 2013-11-13T15:19:13+08:00 ] 192.168.3.228 /wangpan/SystemConf.php?m=Index&a=confModify2
INFO: [ app_begin ] --START--
INFO: ReadHtmlCache Behavior ::run [ RunTime:0.000260s ]
INFO: [ app_begin ] --END-- [ RunTime:0.000324s ]
NOTIC: [8] A session had already been started - ignoring session_start() /home/wwwroot/default/wangpan/ThinkPHP/Common/functions.php 第 566 行.
SQL: SHOW COLUMNS FROM `policy` [ RunTime:0.000814s ]
SQL: UPDATE `policy` SET `ipaddr`='192.168.3.9:5000/v2.0',`user`='swift',`passwd`='111111' WHERE ( `id` = '0' ) [ RunTime:0.000176s ]
NOTIC: [8] Undefined variable: var /home/wwwroot/default/wangpan/ThinkPHP/Common/functions.php 第 247 行.
NOTIC: [2] array_reverse() expects parameter 1 to be array, null given /home/wwwroot/default/wangpan/ThinkPHP/Common/functions.php 第 247 行.
NOTIC: [2] http_build_query() [<a href='function.http-build-query'>function.http-build-query</a>]: Parameter 1 expected to be Array or Object.  Incorrect value given /home/wwwroot/default/wangpan/ThinkPHP/Common/functions.php 第 247 行.

[ 2013-11-13T15:19:13+08:00 ] 192.168.3.228 /wangpan/SystemConf.php?&m=Index&a=index&pconfAlert=2
INFO: [ app_begin ] --START--
INFO: ReadHtmlCache Behavior ::run [ RunTime:0.000261s ]
INFO: [ app_begin ] --END-- [ RunTime:0.000342s ]
NOTIC: [8] A session had already been started - ignoring session_start() /home/wwwroot/default/wangpan/ThinkPHP/Common/functions.php 第 566 行.
SQL: SHOW COLUMNS FROM `policy` [ RunTime:0.000813s ]
SQL: SELECT * FROM `policy` WHERE ( `id` = 0 ) LIMIT 1   [ RunTime:0.000153s ]
INFO: [ view_parse ] --START--
INFO: ParseTemplate Behavior ::run [ RunTime:0.007980s ]
INFO: [ view_parse ] --END-- [ RunTime:0.008028s ]
INFO: [ view_filter ] --START--
INFO: ContentReplace Behavior ::run [ RunTime:0.000174s ]
INFO: TokenBuild Behavior ::run [ RunTime:0.000168s ]
INFO: WriteHtmlCache Behavior ::run [ RunTime:0.000102s ]
INFO: ShowRuntime Behavior ::run [ RunTime:0.000219s ]
INFO: [ view_filter ] --END-- [ RunTime:0.000773s ]
INFO: [ view_end ] --START--
INFO: ShowPageTrace Behavior ::run [ RunTime:0.000281s ]
INFO: [ view_end ] --END-- [ RunTime:0.000322s ]

[ 2013-11-13T15:20:52+08:00 ] 192.168.3.228 /wangpan/SystemConf.php
INFO: [ app_begin ] --START--
INFO: ReadHtmlCache Behavior ::run [ RunTime:0.000264s ]
INFO: [ app_begin ] --END-- [ RunTime:0.000328s ]
NOTIC: [8] A session had already been started - ignoring session_start() /home/wwwroot/default/wangpan/ThinkPHP/Common/functions.php 第 566 行.
SQL: SHOW COLUMNS FROM `policy` [ RunTime:0.000809s ]
SQL: SELECT * FROM `policy` WHERE ( `id` = 0 ) LIMIT 1   [ RunTime:0.000152s ]
NOTIC: [8] Undefined index: pconfAlert /home/wwwroot/default/wangpan/SystemConf/Lib/Action/IndexAction.class.php 第 22 行.
INFO: [ view_parse ] --START--
INFO: ParseTemplate Behavior ::run [ RunTime:0.007997s ]
INFO: [ view_parse ] --END-- [ RunTime:0.008045s ]
INFO: [ view_filter ] --START--
INFO: ContentReplace Behavior ::run [ RunTime:0.000178s ]
INFO: TokenBuild Behavior ::run [ RunTime:0.000169s ]
INFO: WriteHtmlCache Behavior ::run [ RunTime:0.000102s ]
INFO: ShowRuntime Behavior ::run [ RunTime:0.000217s ]
INFO: [ view_filter ] --END-- [ RunTime:0.000784s ]
INFO: [ view_end ] --START--
INFO: ShowPageTrace Behavior ::run [ RunTime:0.000292s ]
INFO: [ view_end ] --END-- [ RunTime:0.000332s ]

[ 2013-11-13T15:20:53+08:00 ] 192.168.3.228 /wangpan/SystemConf.php?m=Index&a=confModify2
INFO: [ app_begin ] --START--
INFO: ReadHtmlCache Behavior ::run [ RunTime:0.000260s ]
INFO: [ app_begin ] --END-- [ RunTime:0.000323s ]
NOTIC: [8] A session had already been started - ignoring session_start() /home/wwwroot/default/wangpan/ThinkPHP/Common/functions.php 第 566 行.
SQL: SHOW COLUMNS FROM `policy` [ RunTime:0.000804s ]
SQL: UPDATE `policy` SET `ipaddr`='192.168.3.9:5000/v2.0',`user`='swift',`passwd`='111111' WHERE ( `id` = '0' ) [ RunTime:0.000177s ]
NOTIC: [8] Undefined variable: var /home/wwwroot/default/wangpan/ThinkPHP/Common/functions.php 第 247 行.
NOTIC: [2] array_reverse() expects parameter 1 to be array, null given /home/wwwroot/default/wangpan/ThinkPHP/Common/functions.php 第 247 行.
NOTIC: [2] http_build_query() [<a href='function.http-build-query'>function.http-build-query</a>]: Parameter 1 expected to be Array or Object.  Incorrect value given /home/wwwroot/default/wangpan/ThinkPHP/Common/functions.php 第 247 行.

[ 2013-11-13T15:20:53+08:00 ] 192.168.3.228 /wangpan/SystemConf.php?&m=Index&a=index&pconfAlert=2
INFO: [ app_begin ] --START--
INFO: ReadHtmlCache Behavior ::run [ RunTime:0.000267s ]
INFO: [ app_begin ] --END-- [ RunTime:0.000331s ]
NOTIC: [8] A session had already been started - ignoring session_start() /home/wwwroot/default/wangpan/ThinkPHP/Common/functions.php 第 566 行.
SQL: SHOW COLUMNS FROM `policy` [ RunTime:0.000801s ]
SQL: SELECT * FROM `policy` WHERE ( `id` = 0 ) LIMIT 1   [ RunTime:0.000153s ]
INFO: [ view_parse ] --START--
INFO: ParseTemplate Behavior ::run [ RunTime:0.007973s ]
INFO: [ view_parse ] --END-- [ RunTime:0.008020s ]
INFO: [ view_filter ] --START--
INFO: ContentReplace Behavior ::run [ RunTime:0.000176s ]
INFO: TokenBuild Behavior ::run [ RunTime:0.000165s ]
INFO: WriteHtmlCache Behavior ::run [ RunTime:0.000099s ]
INFO: ShowRuntime Behavior ::run [ RunTime:0.000216s ]
INFO: [ view_filter ] --END-- [ RunTime:0.000767s ]
INFO: [ view_end ] --START--
INFO: ShowPageTrace Behavior ::run [ RunTime:0.000285s ]
INFO: [ view_end ] --END-- [ RunTime:0.000326s ]

[ 2013-11-13T15:20:56+08:00 ] 192.168.3.228 /wangpan/SystemConf.php?m=Index&a=confModify3
INFO: [ app_begin ] --START--
INFO: ReadHtmlCache Behavior ::run [ RunTime:0.000262s ]
INFO: [ app_begin ] --END-- [ RunTime:0.000325s ]
NOTIC: [8] A session had already been started - ignoring session_start() /home/wwwroot/default/wangpan/ThinkPHP/Common/functions.php 第 566 行.
NOTIC: [8] Undefined variable: var /home/wwwroot/default/wangpan/ThinkPHP/Common/functions.php 第 247 行.
NOTIC: [2] array_reverse() expects parameter 1 to be array, null given /home/wwwroot/default/wangpan/ThinkPHP/Common/functions.php 第 247 行.
NOTIC: [2] http_build_query() [<a href='function.http-build-query'>function.http-build-query</a>]: Parameter 1 expected to be Array or Object.  Incorrect value given /home/wwwroot/default/wangpan/ThinkPHP/Common/functions.php 第 247 行.

[ 2013-11-13T15:20:56+08:00 ] 192.168.3.228 /wangpan/SystemConf.php?&m=Index&a=index&pconfAlert=3
INFO: [ app_begin ] --START--
INFO: ReadHtmlCache Behavior ::run [ RunTime:0.000262s ]
INFO: [ app_begin ] --END-- [ RunTime:0.000325s ]
NOTIC: [8] A session had already been started - ignoring session_start() /home/wwwroot/default/wangpan/ThinkPHP/Common/functions.php 第 566 行.
SQL: SHOW COLUMNS FROM `policy` [ RunTime:0.000851s ]
SQL: SELECT * FROM `policy` WHERE ( `id` = 0 ) LIMIT 1   [ RunTime:0.000155s ]
INFO: [ view_parse ] --START--
INFO: ParseTemplate Behavior ::run [ RunTime:0.008186s ]
INFO: [ view_parse ] --END-- [ RunTime:0.008236s ]
INFO: [ view_filter ] --START--
INFO: ContentReplace Behavior ::run [ RunTime:0.000177s ]
INFO: TokenBuild Behavior ::run [ RunTime:0.000168s ]
INFO: WriteHtmlCache Behavior ::run [ RunTime:0.000101s ]
INFO: ShowRuntime Behavior ::run [ RunTime:0.000222s ]
INFO: [ view_filter ] --END-- [ RunTime:0.000777s ]
INFO: [ view_end ] --START--
INFO: ShowPageTrace Behavior ::run [ RunTime:0.000284s ]
INFO: [ view_end ] --END-- [ RunTime:0.000325s ]

[ 2013-11-13T15:24:05+08:00 ] 192.168.3.228 /wangpan/SystemConf.php
INFO: [ app_begin ] --START--
INFO: ReadHtmlCache Behavior ::run [ RunTime:0.000267s ]
INFO: [ app_begin ] --END-- [ RunTime:0.000329s ]
NOTIC: [8] A session had already been started - ignoring session_start() /home/wwwroot/default/wangpan/ThinkPHP/Common/functions.php 第 566 行.
SQL: SHOW COLUMNS FROM `policy` [ RunTime:0.000808s ]
SQL: SELECT * FROM `policy` WHERE ( `id` = 0 ) LIMIT 1   [ RunTime:0.000152s ]
NOTIC: [8] Undefined index: pconfAlert /home/wwwroot/default/wangpan/SystemConf/Lib/Action/IndexAction.class.php 第 22 行.
INFO: [ view_parse ] --START--
INFO: ParseTemplate Behavior ::run [ RunTime:0.008035s ]
INFO: [ view_parse ] --END-- [ RunTime:0.008083s ]
INFO: [ view_filter ] --START--
INFO: ContentReplace Behavior ::run [ RunTime:0.000177s ]
INFO: TokenBuild Behavior ::run [ RunTime:0.000167s ]
INFO: WriteHtmlCache Behavior ::run [ RunTime:0.000103s ]
INFO: ShowRuntime Behavior ::run [ RunTime:0.000216s ]
INFO: [ view_filter ] --END-- [ RunTime:0.000775s ]
INFO: [ view_end ] --START--
INFO: ShowPageTrace Behavior ::run [ RunTime:0.000295s ]
INFO: [ view_end ] --END-- [ RunTime:0.000335s ]

[ 2013-11-13T15:24:07+08:00 ] 192.168.3.228 /wangpan/SystemConf.php?m=Index&a=confModify2
INFO: [ app_begin ] --START--
INFO: ReadHtmlCache Behavior ::run [ RunTime:0.000264s ]
INFO: [ app_begin ] --END-- [ RunTime:0.000327s ]
NOTIC: [8] A session had already been started - ignoring session_start() /home/wwwroot/default/wangpan/ThinkPHP/Common/functions.php 第 566 行.
SQL: SHOW COLUMNS FROM `policy` [ RunTime:0.000806s ]
SQL: UPDATE `policy` SET `ipaddr`='192.168.3.9:5000/v2.0',`user`='swift',`passwd`='111111' WHERE ( `id` = '0' ) [ RunTime:0.000175s ]
NOTIC: [8] Undefined variable: var /home/wwwroot/default/wangpan/ThinkPHP/Common/functions.php 第 247 行.
NOTIC: [2] array_reverse() expects parameter 1 to be array, null given /home/wwwroot/default/wangpan/ThinkPHP/Common/functions.php 第 247 行.
NOTIC: [2] http_build_query() [<a href='function.http-build-query'>function.http-build-query</a>]: Parameter 1 expected to be Array or Object.  Incorrect value given /home/wwwroot/default/wangpan/ThinkPHP/Common/functions.php 第 247 行.

[ 2013-11-13T15:24:07+08:00 ] 192.168.3.228 /wangpan/SystemConf.php?&m=Index&a=index&pconfAlert=2
INFO: [ app_begin ] --START--
INFO: ReadHtmlCache Behavior ::run [ RunTime:0.000264s ]
INFO: [ app_begin ] --END-- [ RunTime:0.000327s ]
NOTIC: [8] A session had already been started - ignoring session_start() /home/wwwroot/default/wangpan/ThinkPHP/Common/functions.php 第 566 行.
SQL: SHOW COLUMNS FROM `policy` [ RunTime:0.000847s ]
SQL: SELECT * FROM `policy` WHERE ( `id` = 0 ) LIMIT 1   [ RunTime:0.000152s ]
INFO: [ view_parse ] --START--
INFO: ParseTemplate Behavior ::run [ RunTime:0.008227s ]
INFO: [ view_parse ] --END-- [ RunTime:0.008276s ]
INFO: [ view_filter ] --START--
INFO: ContentReplace Behavior ::run [ RunTime:0.000177s ]
INFO: TokenBuild Behavior ::run [ RunTime:0.000169s ]
INFO: WriteHtmlCache Behavior ::run [ RunTime:0.000102s ]
INFO: ShowRuntime Behavior ::run [ RunTime:0.000219s ]
INFO: [ view_filter ] --END-- [ RunTime:0.000780s ]
INFO: [ view_end ] --START--
INFO: ShowPageTrace Behavior ::run [ RunTime:0.000295s ]
INFO: [ view_end ] --END-- [ RunTime:0.000335s ]

[ 2013-11-13T15:24:10+08:00 ] 192.168.3.228 /wangpan/SystemConf.php?m=Index&a=confModify3
INFO: [ app_begin ] --START--
INFO: ReadHtmlCache Behavior ::run [ RunTime:0.000263s ]
INFO: [ app_begin ] --END-- [ RunTime:0.000328s ]
NOTIC: [8] A session had already been started - ignoring session_start() /home/wwwroot/default/wangpan/ThinkPHP/Common/functions.php 第 566 行.
NOTIC: [8] Undefined variable: var /home/wwwroot/default/wangpan/ThinkPHP/Common/functions.php 第 247 行.
NOTIC: [2] array_reverse() expects parameter 1 to be array, null given /home/wwwroot/default/wangpan/ThinkPHP/Common/functions.php 第 247 行.
NOTIC: [2] http_build_query() [<a href='function.http-build-query'>function.http-build-query</a>]: Parameter 1 expected to be Array or Object.  Incorrect value given /home/wwwroot/default/wangpan/ThinkPHP/Common/functions.php 第 247 行.

[ 2013-11-13T15:24:10+08:00 ] 192.168.3.228 /wangpan/SystemConf.php?&m=Index&a=index&pconfAlert=3
INFO: [ app_begin ] --START--
INFO: ReadHtmlCache Behavior ::run [ RunTime:0.000262s ]
INFO: [ app_begin ] --END-- [ RunTime:0.000327s ]
NOTIC: [8] A session had already been started - ignoring session_start() /home/wwwroot/default/wangpan/ThinkPHP/Common/functions.php 第 566 行.
SQL: SHOW COLUMNS FROM `policy` [ RunTime:0.000819s ]
SQL: SELECT * FROM `policy` WHERE ( `id` = 0 ) LIMIT 1   [ RunTime:0.000153s ]
INFO: [ view_parse ] --START--
INFO: ParseTemplate Behavior ::run [ RunTime:0.008196s ]
INFO: [ view_parse ] --END-- [ RunTime:0.008244s ]
INFO: [ view_filter ] --START--
INFO: ContentReplace Behavior ::run [ RunTime:0.000177s ]
INFO: TokenBuild Behavior ::run [ RunTime:0.000168s ]
INFO: WriteHtmlCache Behavior ::run [ RunTime:0.000101s ]
INFO: ShowRuntime Behavior ::run [ RunTime:0.000219s ]
INFO: [ view_filter ] --END-- [ RunTime:0.000779s ]
INFO: [ view_end ] --START--
INFO: ShowPageTrace Behavior ::run [ RunTime:0.000289s ]
INFO: [ view_end ] --END-- [ RunTime:0.000331s ]

[ 2013-11-13T15:28:43+08:00 ] 192.168.3.228 /wangpan/SystemConf.php
INFO: [ app_begin ] --START--
INFO: ReadHtmlCache Behavior ::run [ RunTime:0.000264s ]
INFO: [ app_begin ] --END-- [ RunTime:0.000328s ]
NOTIC: [8] A session had already been started - ignoring session_start() /home/wwwroot/default/wangpan/ThinkPHP/Common/functions.php 第 566 行.
SQL: SHOW COLUMNS FROM `policy` [ RunTime:0.000813s ]
SQL: SELECT * FROM `policy` WHERE ( `id` = 0 ) LIMIT 1   [ RunTime:0.000154s ]
NOTIC: [8] Undefined index: pconfAlert /home/wwwroot/default/wangpan/SystemConf/Lib/Action/IndexAction.class.php 第 22 行.
INFO: [ view_parse ] --START--
INFO: ParseTemplate Behavior ::run [ RunTime:0.008026s ]
INFO: [ view_parse ] --END-- [ RunTime:0.008074s ]
INFO: [ view_filter ] --START--
INFO: ContentReplace Behavior ::run [ RunTime:0.000178s ]
INFO: TokenBuild Behavior ::run [ RunTime:0.000167s ]
INFO: WriteHtmlCache Behavior ::run [ RunTime:0.000100s ]
INFO: ShowRuntime Behavior ::run [ RunTime:0.000218s ]
INFO: [ view_filter ] --END-- [ RunTime:0.000777s ]
INFO: [ view_end ] --START--
INFO: ShowPageTrace Behavior ::run [ RunTime:0.000290s ]
INFO: [ view_end ] --END-- [ RunTime:0.000330s ]

[ 2013-11-13T15:42:58+08:00 ] 192.168.3.228 /wangpan/SystemConf.php
INFO: [ app_begin ] --START--
INFO: ReadHtmlCache Behavior ::run [ RunTime:0.000264s ]
INFO: [ app_begin ] --END-- [ RunTime:0.000327s ]
NOTIC: [8] A session had already been started - ignoring session_start() /home/wwwroot/default/wangpan/ThinkPHP/Common/functions.php 第 566 行.
SQL: SHOW COLUMNS FROM `policy` [ RunTime:0.000777s ]
SQL: SELECT * FROM `policy` WHERE ( `id` = 0 ) LIMIT 1   [ RunTime:0.000152s ]
NOTIC: [8] Undefined index: pconfAlert /home/wwwroot/default/wangpan/SystemConf/Lib/Action/IndexAction.class.php 第 22 行.
INFO: [ view_parse ] --START--
INFO: ParseTemplate Behavior ::run [ RunTime:0.008260s ]
INFO: [ view_parse ] --END-- [ RunTime:0.008309s ]
INFO: [ view_filter ] --START--
INFO: ContentReplace Behavior ::run [ RunTime:0.000177s ]
INFO: TokenBuild Behavior ::run [ RunTime:0.000170s ]
INFO: WriteHtmlCache Behavior ::run [ RunTime:0.000102s ]
INFO: ShowRuntime Behavior ::run [ RunTime:0.000219s ]
INFO: [ view_filter ] --END-- [ RunTime:0.000779s ]
INFO: [ view_end ] --START--
INFO: ShowPageTrace Behavior ::run [ RunTime:0.000288s ]
INFO: [ view_end ] --END-- [ RunTime:0.000329s ]

[ 2013-11-13T15:43:00+08:00 ] 192.168.3.228 /wangpan/SystemConf.php?m=Index&a=confModify3
INFO: [ app_begin ] --START--
INFO: ReadHtmlCache Behavior ::run [ RunTime:0.000256s ]
INFO: [ app_begin ] --END-- [ RunTime:0.000319s ]
NOTIC: [8] A session had already been started - ignoring session_start() /home/wwwroot/default/wangpan/ThinkPHP/Common/functions.php 第 566 行.
NOTIC: [8] Undefined variable: var /home/wwwroot/default/wangpan/ThinkPHP/Common/functions.php 第 247 行.
NOTIC: [2] array_reverse() expects parameter 1 to be array, null given /home/wwwroot/default/wangpan/ThinkPHP/Common/functions.php 第 247 行.
NOTIC: [2] http_build_query() [<a href='function.http-build-query'>function.http-build-query</a>]: Parameter 1 expected to be Array or Object.  Incorrect value given /home/wwwroot/default/wangpan/ThinkPHP/Common/functions.php 第 247 行.

[ 2013-11-13T15:43:00+08:00 ] 192.168.3.228 /wangpan/SystemConf.php?&m=Index&a=index&pconfAlert=3
INFO: [ app_begin ] --START--
INFO: ReadHtmlCache Behavior ::run [ RunTime:0.000278s ]
INFO: [ app_begin ] --END-- [ RunTime:0.000341s ]
NOTIC: [8] A session had already been started - ignoring session_start() /home/wwwroot/default/wangpan/ThinkPHP/Common/functions.php 第 566 行.
SQL: SHOW COLUMNS FROM `policy` [ RunTime:0.000762s ]
SQL: SELECT * FROM `policy` WHERE ( `id` = 0 ) LIMIT 1   [ RunTime:0.000152s ]
INFO: [ view_parse ] --START--
INFO: ParseTemplate Behavior ::run [ RunTime:0.008173s ]
INFO: [ view_parse ] --END-- [ RunTime:0.008220s ]
INFO: [ view_filter ] --START--
INFO: ContentReplace Behavior ::run [ RunTime:0.000173s ]
INFO: TokenBuild Behavior ::run [ RunTime:0.000165s ]
INFO: WriteHtmlCache Behavior ::run [ RunTime:0.000098s ]
INFO: ShowRuntime Behavior ::run [ RunTime:0.000216s ]
INFO: [ view_filter ] --END-- [ RunTime:0.000765s ]
INFO: [ view_end ] --START--
INFO: ShowPageTrace Behavior ::run [ RunTime:0.000292s ]
INFO: [ view_end ] --END-- [ RunTime:0.000333s ]

[ 2013-11-13T15:43:04+08:00 ] 192.168.3.228 /wangpan/SystemConf.php?m=Index&a=confModify2
INFO: [ app_begin ] --START--
INFO: ReadHtmlCache Behavior ::run [ RunTime:0.000259s ]
INFO: [ app_begin ] --END-- [ RunTime:0.000322s ]
NOTIC: [8] A session had already been started - ignoring session_start() /home/wwwroot/default/wangpan/ThinkPHP/Common/functions.php 第 566 行.
SQL: SHOW COLUMNS FROM `policy` [ RunTime:0.000828s ]
SQL: UPDATE `policy` SET `ipaddr`='192.168.3.9:5000/v2.0',`user`='swift',`passwd`='111111' WHERE ( `id` = '0' ) [ RunTime:0.000175s ]
NOTIC: [8] Undefined variable: var /home/wwwroot/default/wangpan/ThinkPHP/Common/functions.php 第 247 行.
NOTIC: [2] array_reverse() expects parameter 1 to be array, null given /home/wwwroot/default/wangpan/ThinkPHP/Common/functions.php 第 247 行.
NOTIC: [2] http_build_query() [<a href='function.http-build-query'>function.http-build-query</a>]: Parameter 1 expected to be Array or Object.  Incorrect value given /home/wwwroot/default/wangpan/ThinkPHP/Common/functions.php 第 247 行.

[ 2013-11-13T15:43:04+08:00 ] 192.168.3.228 /wangpan/SystemConf.php?&m=Index&a=index&pconfAlert=2
INFO: [ app_begin ] --START--
INFO: ReadHtmlCache Behavior ::run [ RunTime:0.000258s ]
INFO: [ app_begin ] --END-- [ RunTime:0.000321s ]
NOTIC: [8] A session had already been started - ignoring session_start() /home/wwwroot/default/wangpan/ThinkPHP/Common/functions.php 第 566 行.
SQL: SHOW COLUMNS FROM `policy` [ RunTime:0.000805s ]
SQL: SELECT * FROM `policy` WHERE ( `id` = 0 ) LIMIT 1   [ RunTime:0.000150s ]
INFO: [ view_parse ] --START--
INFO: ParseTemplate Behavior ::run [ RunTime:0.008050s ]
INFO: [ view_parse ] --END-- [ RunTime:0.008095s ]
INFO: [ view_filter ] --START--
INFO: ContentReplace Behavior ::run [ RunTime:0.000175s ]
INFO: TokenBuild Behavior ::run [ RunTime:0.000173s ]
INFO: WriteHtmlCache Behavior ::run [ RunTime:0.000098s ]
INFO: ShowRuntime Behavior ::run [ RunTime:0.000215s ]
INFO: [ view_filter ] --END-- [ RunTime:0.000771s ]
INFO: [ view_end ] --START--
INFO: ShowPageTrace Behavior ::run [ RunTime:0.000287s ]
INFO: [ view_end ] --END-- [ RunTime:0.000327s ]

[ 2013-11-13T15:43:07+08:00 ] 192.168.3.228 /wangpan/SystemConf.php?m=Index&a=confModify3
INFO: [ app_begin ] --START--
INFO: ReadHtmlCache Behavior ::run [ RunTime:0.000258s ]
INFO: [ app_begin ] --END-- [ RunTime:0.000322s ]
NOTIC: [8] A session had already been started - ignoring session_start() /home/wwwroot/default/wangpan/ThinkPHP/Common/functions.php 第 566 行.
NOTIC: [8] Undefined variable: var /home/wwwroot/default/wangpan/ThinkPHP/Common/functions.php 第 247 行.
NOTIC: [2] array_reverse() expects parameter 1 to be array, null given /home/wwwroot/default/wangpan/ThinkPHP/Common/functions.php 第 247 行.
NOTIC: [2] http_build_query() [<a href='function.http-build-query'>function.http-build-query</a>]: Parameter 1 expected to be Array or Object.  Incorrect value given /home/wwwroot/default/wangpan/ThinkPHP/Common/functions.php 第 247 行.

[ 2013-11-13T15:43:07+08:00 ] 192.168.3.228 /wangpan/SystemConf.php?&m=Index&a=index&pconfAlert=3
INFO: [ app_begin ] --START--
INFO: ReadHtmlCache Behavior ::run [ RunTime:0.000259s ]
INFO: [ app_begin ] --END-- [ RunTime:0.000323s ]
NOTIC: [8] A session had already been started - ignoring session_start() /home/wwwroot/default/wangpan/ThinkPHP/Common/functions.php 第 566 行.
SQL: SHOW COLUMNS FROM `policy` [ RunTime:0.000812s ]
SQL: SELECT * FROM `policy` WHERE ( `id` = 0 ) LIMIT 1   [ RunTime:0.000152s ]
INFO: [ view_parse ] --START--
INFO: ParseTemplate Behavior ::run [ RunTime:0.007983s ]
INFO: [ view_parse ] --END-- [ RunTime:0.008029s ]
INFO: [ view_filter ] --START--
INFO: ContentReplace Behavior ::run [ RunTime:0.000172s ]
INFO: TokenBuild Behavior ::run [ RunTime:0.000166s ]
INFO: WriteHtmlCache Behavior ::run [ RunTime:0.000098s ]
INFO: ShowRuntime Behavior ::run [ RunTime:0.000215s ]
INFO: [ view_filter ] --END-- [ RunTime:0.000764s ]
INFO: [ view_end ] --START--
INFO: ShowPageTrace Behavior ::run [ RunTime:0.000293s ]
INFO: [ view_end ] --END-- [ RunTime:0.000333s ]

[ 2013-11-13T15:54:15+08:00 ] 192.168.3.139 /wangpan/SystemConf.php
INFO: [ app_begin ] --START--
INFO: ReadHtmlCache Behavior ::run [ RunTime:0.000257s ]
INFO: [ app_begin ] --END-- [ RunTime:0.000318s ]
NOTIC: [8] A session had already been started - ignoring session_start() /home/wwwroot/default/wangpan/ThinkPHP/Common/functions.php 第 566 行.
SQL: SHOW COLUMNS FROM `policy` [ RunTime:0.000721s ]
SQL: SELECT * FROM `policy` WHERE ( `id` = 0 ) LIMIT 1   [ RunTime:0.000147s ]
NOTIC: [8] Undefined index: pconfAlert /home/wwwroot/default/wangpan/SystemConf/Lib/Action/IndexAction.class.php 第 22 行.
INFO: [ view_parse ] --START--
INFO: ParseTemplate Behavior ::run [ RunTime:0.008063s ]
INFO: [ view_parse ] --END-- [ RunTime:0.008112s ]
INFO: [ view_filter ] --START--
INFO: ContentReplace Behavior ::run [ RunTime:0.000189s ]
INFO: TokenBuild Behavior ::run [ RunTime:0.000167s ]
INFO: WriteHtmlCache Behavior ::run [ RunTime:0.000099s ]
INFO: ShowRuntime Behavior ::run [ RunTime:0.000215s ]
INFO: [ view_filter ] --END-- [ RunTime:0.000781s ]
INFO: [ view_end ] --START--
INFO: ShowPageTrace Behavior ::run [ RunTime:0.000300s ]
INFO: [ view_end ] --END-- [ RunTime:0.000341s ]

[ 2013-11-13T15:54:18+08:00 ] 192.168.3.139 /wangpan/SystemConf.php?m=Index&a=confModify2
INFO: [ app_begin ] --START--
INFO: ReadHtmlCache Behavior ::run [ RunTime:0.000261s ]
INFO: [ app_begin ] --END-- [ RunTime:0.000318s ]
NOTIC: [8] A session had already been started - ignoring session_start() /home/wwwroot/default/wangpan/ThinkPHP/Common/functions.php 第 566 行.
SQL: SHOW COLUMNS FROM `policy` [ RunTime:0.000733s ]
SQL: UPDATE `policy` SET `ipaddr`='192.168.3.9:5000/v2.0',`user`='swift',`passwd`='111111' WHERE ( `id` = '0' ) [ RunTime:0.000165s ]
NOTIC: [8] Undefined variable: var /home/wwwroot/default/wangpan/ThinkPHP/Common/functions.php 第 247 行.
NOTIC: [2] array_reverse() expects parameter 1 to be array, null given /home/wwwroot/default/wangpan/ThinkPHP/Common/functions.php 第 247 行.
NOTIC: [2] http_build_query() [<a href='function.http-build-query'>function.http-build-query</a>]: Parameter 1 expected to be Array or Object.  Incorrect value given /home/wwwroot/default/wangpan/ThinkPHP/Common/functions.php 第 247 行.

[ 2013-11-13T15:54:18+08:00 ] 192.168.3.139 /wangpan/SystemConf.php?&m=Index&a=index&pconfAlert=2
INFO: [ app_begin ] --START--
INFO: ReadHtmlCache Behavior ::run [ RunTime:0.000256s ]
INFO: [ app_begin ] --END-- [ RunTime:0.000310s ]
NOTIC: [8] A session had already been started - ignoring session_start() /home/wwwroot/default/wangpan/ThinkPHP/Common/functions.php 第 566 行.
SQL: SHOW COLUMNS FROM `policy` [ RunTime:0.000591s ]
SQL: SELECT * FROM `policy` WHERE ( `id` = 0 ) LIMIT 1   [ RunTime:0.000138s ]
INFO: [ view_parse ] --START--
INFO: ParseTemplate Behavior ::run [ RunTime:0.008202s ]
INFO: [ view_parse ] --END-- [ RunTime:0.008251s ]
INFO: [ view_filter ] --START--
INFO: ContentReplace Behavior ::run [ RunTime:0.000177s ]
INFO: TokenBuild Behavior ::run [ RunTime:0.000168s ]
INFO: WriteHtmlCache Behavior ::run [ RunTime:0.000101s ]
INFO: ShowRuntime Behavior ::run [ RunTime:0.000216s ]
INFO: [ view_filter ] --END-- [ RunTime:0.000773s ]
INFO: [ view_end ] --START--
INFO: ShowPageTrace Behavior ::run [ RunTime:0.000293s ]
INFO: [ view_end ] --END-- [ RunTime:0.000333s ]

[ 2013-11-13T15:54:27+08:00 ] 192.168.3.139 /wangpan/SystemConf.php?m=Index&a=confModify3
INFO: [ app_begin ] --START--
INFO: ReadHtmlCache Behavior ::run [ RunTime:0.000253s ]
INFO: [ app_begin ] --END-- [ RunTime:0.000312s ]
NOTIC: [8] A session had already been started - ignoring session_start() /home/wwwroot/default/wangpan/ThinkPHP/Common/functions.php 第 566 行.
NOTIC: [8] Undefined variable: var /home/wwwroot/default/wangpan/ThinkPHP/Common/functions.php 第 247 行.
NOTIC: [2] array_reverse() expects parameter 1 to be array, null given /home/wwwroot/default/wangpan/ThinkPHP/Common/functions.php 第 247 行.
NOTIC: [2] http_build_query() [<a href='function.http-build-query'>function.http-build-query</a>]: Parameter 1 expected to be Array or Object.  Incorrect value given /home/wwwroot/default/wangpan/ThinkPHP/Common/functions.php 第 247 行.

[ 2013-11-13T15:54:27+08:00 ] 192.168.3.139 /wangpan/SystemConf.php?&m=Index&a=index&pconfAlert=3
INFO: [ app_begin ] --START--
INFO: ReadHtmlCache Behavior ::run [ RunTime:0.000265s ]
INFO: [ app_begin ] --END-- [ RunTime:0.000317s ]
NOTIC: [8] A session had already been started - ignoring session_start() /home/wwwroot/default/wangpan/ThinkPHP/Common/functions.php 第 566 行.
SQL: SHOW COLUMNS FROM `policy` [ RunTime:0.000760s ]
SQL: SELECT * FROM `policy` WHERE ( `id` = 0 ) LIMIT 1   [ RunTime:0.000150s ]
INFO: [ view_parse ] --START--
INFO: ParseTemplate Behavior ::run [ RunTime:0.008000s ]
INFO: [ view_parse ] --END-- [ RunTime:0.008046s ]
INFO: [ view_filter ] --START--
INFO: ContentReplace Behavior ::run [ RunTime:0.000173s ]
INFO: TokenBuild Behavior ::run [ RunTime:0.000164s ]
INFO: WriteHtmlCache Behavior ::run [ RunTime:0.000099s ]
INFO: ShowRuntime Behavior ::run [ RunTime:0.000215s ]
INFO: [ view_filter ] --END-- [ RunTime:0.000764s ]
INFO: [ view_end ] --START--
INFO: ShowPageTrace Behavior ::run [ RunTime:0.000297s ]
INFO: [ view_end ] --END-- [ RunTime:0.000338s ]

[ 2013-11-13T17:45:50+08:00 ] 192.168.3.228 /wangpan/SystemConf.php
INFO: [ app_begin ] --START--
INFO: ReadHtmlCache Behavior ::run [ RunTime:0.000259s ]
INFO: [ app_begin ] --END-- [ RunTime:0.000324s ]
NOTIC: [8] A session had already been started - ignoring session_start() /home/wwwroot/default/wangpan/ThinkPHP/Common/functions.php 第 566 行.
SQL: SHOW COLUMNS FROM `policy` [ RunTime:0.000825s ]
SQL: SELECT * FROM `policy` WHERE ( `id` = 0 ) LIMIT 1   [ RunTime:0.000153s ]
NOTIC: [8] Undefined index: pconfAlert /home/wwwroot/default/wangpan/SystemConf/Lib/Action/IndexAction.class.php 第 22 行.
INFO: [ view_parse ] --START--
INFO: ParseTemplate Behavior ::run [ RunTime:0.008011s ]
INFO: [ view_parse ] --END-- [ RunTime:0.008058s ]
INFO: [ view_filter ] --START--
INFO: ContentReplace Behavior ::run [ RunTime:0.000175s ]
INFO: TokenBuild Behavior ::run [ RunTime:0.000168s ]
INFO: WriteHtmlCache Behavior ::run [ RunTime:0.000101s ]
INFO: ShowRuntime Behavior ::run [ RunTime:0.000215s ]
INFO: [ view_filter ] --END-- [ RunTime:0.000770s ]
INFO: [ view_end ] --START--
INFO: ShowPageTrace Behavior ::run [ RunTime:0.000284s ]
INFO: [ view_end ] --END-- [ RunTime:0.000325s ]

[ 2013-11-13T17:45:54+08:00 ] 192.168.3.228 /wangpan/SystemConf.php
INFO: [ app_begin ] --START--
INFO: ReadHtmlCache Behavior ::run [ RunTime:0.000259s ]
INFO: [ app_begin ] --END-- [ RunTime:0.000323s ]
NOTIC: [8] A session had already been started - ignoring session_start() /home/wwwroot/default/wangpan/ThinkPHP/Common/functions.php 第 566 行.
SQL: SHOW COLUMNS FROM `policy` [ RunTime:0.000777s ]
SQL: SELECT * FROM `policy` WHERE ( `id` = 0 ) LIMIT 1   [ RunTime:0.000148s ]
NOTIC: [8] Undefined index: pconfAlert /home/wwwroot/default/wangpan/SystemConf/Lib/Action/IndexAction.class.php 第 22 行.
INFO: [ view_parse ] --START--
INFO: ParseTemplate Behavior ::run [ RunTime:0.008093s ]
INFO: [ view_parse ] --END-- [ RunTime:0.008143s ]
INFO: [ view_filter ] --START--
INFO: ContentReplace Behavior ::run [ RunTime:0.000173s ]
INFO: TokenBuild Behavior ::run [ RunTime:0.000166s ]
INFO: WriteHtmlCache Behavior ::run [ RunTime:0.000099s ]
INFO: ShowRuntime Behavior ::run [ RunTime:0.000216s ]
INFO: [ view_filter ] --END-- [ RunTime:0.000766s ]
INFO: [ view_end ] --START--
INFO: ShowPageTrace Behavior ::run [ RunTime:0.000286s ]
INFO: [ view_end ] --END-- [ RunTime:0.000326s ]

[ 2013-11-13T17:47:41+08:00 ] 192.168.3.228 /wangpan/SystemConf.php
INFO: [ app_begin ] --START--
INFO: ReadHtmlCache Behavior ::run [ RunTime:0.000266s ]
INFO: [ app_begin ] --END-- [ RunTime:0.000328s ]
NOTIC: [8] A session had already been started - ignoring session_start() /home/wwwroot/default/wangpan/ThinkPHP/Common/functions.php 第 566 行.
SQL: SHOW COLUMNS FROM `policy` [ RunTime:0.000814s ]
SQL: SELECT * FROM `policy` WHERE ( `id` = 0 ) LIMIT 1   [ RunTime:0.000152s ]
NOTIC: [8] Undefined index: pconfAlert /home/wwwroot/default/wangpan/SystemConf/Lib/Action/IndexAction.class.php 第 22 行.
INFO: [ view_parse ] --START--
INFO: ParseTemplate Behavior ::run [ RunTime:0.007991s ]
INFO: [ view_parse ] --END-- [ RunTime:0.008038s ]
INFO: [ view_filter ] --START--
INFO: ContentReplace Behavior ::run [ RunTime:0.000174s ]
INFO: TokenBuild Behavior ::run [ RunTime:0.000166s ]
INFO: WriteHtmlCache Behavior ::run [ RunTime:0.000099s ]
INFO: ShowRuntime Behavior ::run [ RunTime:0.000214s ]
INFO: [ view_filter ] --END-- [ RunTime:0.000764s ]
INFO: [ view_end ] --START--
INFO: ShowPageTrace Behavior ::run [ RunTime:0.000287s ]
INFO: [ view_end ] --END-- [ RunTime:0.000328s ]

[ 2013-11-13T17:47:46+08:00 ] 192.168.3.139 /wangpan/SystemConf.php
INFO: [ app_begin ] --START--
INFO: ReadHtmlCache Behavior ::run [ RunTime:0.000254s ]
INFO: [ app_begin ] --END-- [ RunTime:0.000309s ]
NOTIC: [8] A session had already been started - ignoring session_start() /home/wwwroot/default/wangpan/ThinkPHP/Common/functions.php 第 566 行.
SQL: SHOW COLUMNS FROM `policy` [ RunTime:0.000802s ]
SQL: SELECT * FROM `policy` WHERE ( `id` = 0 ) LIMIT 1   [ RunTime:0.000152s ]
NOTIC: [8] Undefined index: pconfAlert /home/wwwroot/default/wangpan/SystemConf/Lib/Action/IndexAction.class.php 第 22 行.
INFO: [ view_parse ] --START--
INFO: ParseTemplate Behavior ::run [ RunTime:0.008097s ]
INFO: [ view_parse ] --END-- [ RunTime:0.008147s ]
INFO: [ view_filter ] --START--
INFO: ContentReplace Behavior ::run [ RunTime:0.000175s ]
INFO: TokenBuild Behavior ::run [ RunTime:0.000166s ]
INFO: WriteHtmlCache Behavior ::run [ RunTime:0.000111s ]
INFO: ShowRuntime Behavior ::run [ RunTime:0.000215s ]
INFO: [ view_filter ] --END-- [ RunTime:0.000779s ]
INFO: [ view_end ] --START--
INFO: ShowPageTrace Behavior ::run [ RunTime:0.000296s ]
INFO: [ view_end ] --END-- [ RunTime:0.000336s ]

[ 2013-11-13T17:47:59+08:00 ] 192.168.3.139 /wangpan/SystemConf.php?m=Index&a=confModify2
INFO: [ app_begin ] --START--
INFO: ReadHtmlCache Behavior ::run [ RunTime:0.000261s ]
INFO: [ app_begin ] --END-- [ RunTime:0.000316s ]
NOTIC: [8] A session had already been started - ignoring session_start() /home/wwwroot/default/wangpan/ThinkPHP/Common/functions.php 第 566 行.
SQL: SHOW COLUMNS FROM `policy` [ RunTime:0.000751s ]
SQL: UPDATE `policy` SET `ipaddr`='192.168.3.9:5000/v2.0',`user`='swift',`passwd`='111111' WHERE ( `id` = '0' ) [ RunTime:0.000167s ]
NOTIC: [8] Undefined variable: var /home/wwwroot/default/wangpan/ThinkPHP/Common/functions.php 第 247 行.
NOTIC: [2] array_reverse() expects parameter 1 to be array, null given /home/wwwroot/default/wangpan/ThinkPHP/Common/functions.php 第 247 行.
NOTIC: [2] http_build_query() [<a href='function.http-build-query'>function.http-build-query</a>]: Parameter 1 expected to be Array or Object.  Incorrect value given /home/wwwroot/default/wangpan/ThinkPHP/Common/functions.php 第 247 行.

[ 2013-11-13T17:47:59+08:00 ] 192.168.3.139 /wangpan/SystemConf.php?&m=Index&a=index&pconfAlert=2
INFO: [ app_begin ] --START--
INFO: ReadHtmlCache Behavior ::run [ RunTime:0.000256s ]
INFO: [ app_begin ] --END-- [ RunTime:0.000311s ]
NOTIC: [8] A session had already been started - ignoring session_start() /home/wwwroot/default/wangpan/ThinkPHP/Common/functions.php 第 566 行.
SQL: SHOW COLUMNS FROM `policy` [ RunTime:0.000725s ]
SQL: SELECT * FROM `policy` WHERE ( `id` = 0 ) LIMIT 1   [ RunTime:0.000150s ]
INFO: [ view_parse ] --START--
INFO: ParseTemplate Behavior ::run [ RunTime:0.007955s ]
INFO: [ view_parse ] --END-- [ RunTime:0.008000s ]
INFO: [ view_filter ] --START--
INFO: ContentReplace Behavior ::run [ RunTime:0.000173s ]
INFO: TokenBuild Behavior ::run [ RunTime:0.000169s ]
INFO: WriteHtmlCache Behavior ::run [ RunTime:0.000102s ]
INFO: ShowRuntime Behavior ::run [ RunTime:0.000216s ]
INFO: [ view_filter ] --END-- [ RunTime:0.000772s ]
INFO: [ view_end ] --START--
INFO: ShowPageTrace Behavior ::run [ RunTime:0.000298s ]
INFO: [ view_end ] --END-- [ RunTime:0.000338s ]

[ 2013-11-13T17:48:02+08:00 ] 192.168.3.139 /wangpan/SystemConf.php?m=Index&a=confModify3
INFO: [ app_begin ] --START--
INFO: ReadHtmlCache Behavior ::run [ RunTime:0.000252s ]
INFO: [ app_begin ] --END-- [ RunTime:0.000309s ]
NOTIC: [8] A session had already been started - ignoring session_start() /home/wwwroot/default/wangpan/ThinkPHP/Common/functions.php 第 566 行.
NOTIC: [8] Undefined variable: var /home/wwwroot/default/wangpan/ThinkPHP/Common/functions.php 第 247 行.
NOTIC: [2] array_reverse() expects parameter 1 to be array, null given /home/wwwroot/default/wangpan/ThinkPHP/Common/functions.php 第 247 行.
NOTIC: [2] http_build_query() [<a href='function.http-build-query'>function.http-build-query</a>]: Parameter 1 expected to be Array or Object.  Incorrect value given /home/wwwroot/default/wangpan/ThinkPHP/Common/functions.php 第 247 行.

[ 2013-11-13T17:48:03+08:00 ] 192.168.3.139 /wangpan/SystemConf.php?&m=Index&a=index&pconfAlert=3
INFO: [ app_begin ] --START--
INFO: ReadHtmlCache Behavior ::run [ RunTime:0.000249s ]
INFO: [ app_begin ] --END-- [ RunTime:0.000303s ]
NOTIC: [8] A session had already been started - ignoring session_start() /home/wwwroot/default/wangpan/ThinkPHP/Common/functions.php 第 566 行.
SQL: SHOW COLUMNS FROM `policy` [ RunTime:0.000735s ]
SQL: SELECT * FROM `policy` WHERE ( `id` = 0 ) LIMIT 1   [ RunTime:0.000147s ]
INFO: [ view_parse ] --START--
INFO: ParseTemplate Behavior ::run [ RunTime:0.008096s ]
INFO: [ view_parse ] --END-- [ RunTime:0.008143s ]
INFO: [ view_filter ] --START--
INFO: ContentReplace Behavior ::run [ RunTime:0.000173s ]
INFO: TokenBuild Behavior ::run [ RunTime:0.000167s ]
INFO: WriteHtmlCache Behavior ::run [ RunTime:0.000099s ]
INFO: ShowRuntime Behavior ::run [ RunTime:0.000217s ]
INFO: [ view_filter ] --END-- [ RunTime:0.000768s ]
INFO: [ view_end ] --START--
INFO: ShowPageTrace Behavior ::run [ RunTime:0.000301s ]
INFO: [ view_end ] --END-- [ RunTime:0.000341s ]

[ 2013-11-13T17:48:37+08:00 ] 192.168.3.139 /wangpan/SystemConf.php
INFO: [ app_begin ] --START--
INFO: ReadHtmlCache Behavior ::run [ RunTime:0.000263s ]
INFO: [ app_begin ] --END-- [ RunTime:0.000322s ]
NOTIC: [8] A session had already been started - ignoring session_start() /home/wwwroot/default/wangpan/ThinkPHP/Common/functions.php 第 566 行.
SQL: SHOW COLUMNS FROM `policy` [ RunTime:0.000753s ]
SQL: SELECT * FROM `policy` WHERE ( `id` = 0 ) LIMIT 1   [ RunTime:0.000149s ]
NOTIC: [8] Undefined index: pconfAlert /home/wwwroot/default/wangpan/SystemConf/Lib/Action/IndexAction.class.php 第 22 行.
INFO: [ view_parse ] --START--
INFO: ParseTemplate Behavior ::run [ RunTime:0.008011s ]
INFO: [ view_parse ] --END-- [ RunTime:0.008058s ]
INFO: [ view_filter ] --START--
INFO: ContentReplace Behavior ::run [ RunTime:0.000172s ]
INFO: TokenBuild Behavior ::run [ RunTime:0.000165s ]
INFO: WriteHtmlCache Behavior ::run [ RunTime:0.000099s ]
INFO: ShowRuntime Behavior ::run [ RunTime:0.000215s ]
INFO: [ view_filter ] --END-- [ RunTime:0.000762s ]
INFO: [ view_end ] --START--
INFO: ShowPageTrace Behavior ::run [ RunTime:0.000294s ]
INFO: [ view_end ] --END-- [ RunTime:0.000335s ]

[ 2013-11-13T17:48:39+08:00 ] 192.168.3.139 /wangpan/SystemConf.php?m=Index&a=confModify2
INFO: [ app_begin ] --START--
INFO: ReadHtmlCache Behavior ::run [ RunTime:0.000256s ]
INFO: [ app_begin ] --END-- [ RunTime:0.000314s ]
NOTIC: [8] A session had already been started - ignoring session_start() /home/wwwroot/default/wangpan/ThinkPHP/Common/functions.php 第 566 行.
SQL: SHOW COLUMNS FROM `policy` [ RunTime:0.000748s ]
SQL: UPDATE `policy` SET `ipaddr`='192.168.3.9:5000/v2.0',`user`='swift',`passwd`='111111' WHERE ( `id` = '0' ) [ RunTime:0.000180s ]
NOTIC: [8] Undefined variable: var /home/wwwroot/default/wangpan/ThinkPHP/Common/functions.php 第 247 行.
NOTIC: [2] array_reverse() expects parameter 1 to be array, null given /home/wwwroot/default/wangpan/ThinkPHP/Common/functions.php 第 247 行.
NOTIC: [2] http_build_query() [<a href='function.http-build-query'>function.http-build-query</a>]: Parameter 1 expected to be Array or Object.  Incorrect value given /home/wwwroot/default/wangpan/ThinkPHP/Common/functions.php 第 247 行.

[ 2013-11-13T17:48:39+08:00 ] 192.168.3.139 /wangpan/SystemConf.php?&m=Index&a=index&pconfAlert=2
INFO: [ app_begin ] --START--
INFO: ReadHtmlCache Behavior ::run [ RunTime:0.000260s ]
INFO: [ app_begin ] --END-- [ RunTime:0.000315s ]
NOTIC: [8] A session had already been started - ignoring session_start() /home/wwwroot/default/wangpan/ThinkPHP/Common/functions.php 第 566 行.
SQL: SHOW COLUMNS FROM `policy` [ RunTime:0.000717s ]
SQL: SELECT * FROM `policy` WHERE ( `id` = 0 ) LIMIT 1   [ RunTime:0.000147s ]
INFO: [ view_parse ] --START--
INFO: ParseTemplate Behavior ::run [ RunTime:0.008009s ]
INFO: [ view_parse ] --END-- [ RunTime:0.008054s ]
INFO: [ view_filter ] --START--
INFO: ContentReplace Behavior ::run [ RunTime:0.000175s ]
INFO: TokenBuild Behavior ::run [ RunTime:0.000176s ]
INFO: WriteHtmlCache Behavior ::run [ RunTime:0.000099s ]
INFO: ShowRuntime Behavior ::run [ RunTime:0.000213s ]
INFO: [ view_filter ] --END-- [ RunTime:0.000773s ]
INFO: [ view_end ] --START--
INFO: ShowPageTrace Behavior ::run [ RunTime:0.000301s ]
INFO: [ view_end ] --END-- [ RunTime:0.000342s ]

[ 2013-11-13T17:49:12+08:00 ] 192.168.3.139 /wangpan/SystemConf.php?m=Index&a=confModify3
INFO: [ app_begin ] --START--
INFO: ReadHtmlCache Behavior ::run [ RunTime:0.000262s ]
INFO: [ app_begin ] --END-- [ RunTime:0.000322s ]
NOTIC: [8] A session had already been started - ignoring session_start() /home/wwwroot/default/wangpan/ThinkPHP/Common/functions.php 第 566 行.
NOTIC: [8] Undefined variable: var /home/wwwroot/default/wangpan/ThinkPHP/Common/functions.php 第 247 行.
NOTIC: [2] array_reverse() expects parameter 1 to be array, null given /home/wwwroot/default/wangpan/ThinkPHP/Common/functions.php 第 247 行.
NOTIC: [2] http_build_query() [<a href='function.http-build-query'>function.http-build-query</a>]: Parameter 1 expected to be Array or Object.  Incorrect value given /home/wwwroot/default/wangpan/ThinkPHP/Common/functions.php 第 247 行.

[ 2013-11-13T17:49:12+08:00 ] 192.168.3.139 /wangpan/SystemConf.php?&m=Index&a=index&pconfAlert=3
INFO: [ app_begin ] --START--
INFO: ReadHtmlCache Behavior ::run [ RunTime:0.000260s ]
INFO: [ app_begin ] --END-- [ RunTime:0.000320s ]
NOTIC: [8] A session had already been started - ignoring session_start() /home/wwwroot/default/wangpan/ThinkPHP/Common/functions.php 第 566 行.
SQL: SHOW COLUMNS FROM `policy` [ RunTime:0.000768s ]
SQL: SELECT * FROM `policy` WHERE ( `id` = 0 ) LIMIT 1   [ RunTime:0.000151s ]
INFO: [ view_parse ] --START--
INFO: ParseTemplate Behavior ::run [ RunTime:0.008102s ]
INFO: [ view_parse ] --END-- [ RunTime:0.008149s ]
INFO: [ view_filter ] --START--
INFO: ContentReplace Behavior ::run [ RunTime:0.000175s ]
INFO: TokenBuild Behavior ::run [ RunTime:0.000168s ]
INFO: WriteHtmlCache Behavior ::run [ RunTime:0.000100s ]
INFO: ShowRuntime Behavior ::run [ RunTime:0.000219s ]
INFO: [ view_filter ] --END-- [ RunTime:0.000774s ]
INFO: [ view_end ] --START--
INFO: ShowPageTrace Behavior ::run [ RunTime:0.000301s ]
INFO: [ view_end ] --END-- [ RunTime:0.000341s ]

[ 2013-11-13T17:55:47+08:00 ] 192.168.3.139 /wangpan/SystemConf.php
INFO: [ app_begin ] --START--
INFO: ReadHtmlCache Behavior ::run [ RunTime:0.000261s ]
INFO: [ app_begin ] --END-- [ RunTime:0.000322s ]
NOTIC: [8] A session had already been started - ignoring session_start() /home/wwwroot/default/wangpan/ThinkPHP/Common/functions.php 第 566 行.
SQL: SHOW COLUMNS FROM `policy` [ RunTime:0.000764s ]
SQL: SELECT * FROM `policy` WHERE ( `id` = 0 ) LIMIT 1   [ RunTime:0.000150s ]
NOTIC: [8] Undefined index: pconfAlert /home/wwwroot/default/wangpan/SystemConf/Lib/Action/IndexAction.class.php 第 22 行.
INFO: [ view_parse ] --START--
INFO: ParseTemplate Behavior ::run [ RunTime:0.007991s ]
INFO: [ view_parse ] --END-- [ RunTime:0.008037s ]
INFO: [ view_filter ] --START--
INFO: ContentReplace Behavior ::run [ RunTime:0.000174s ]
INFO: TokenBuild Behavior ::run [ RunTime:0.000166s ]
INFO: WriteHtmlCache Behavior ::run [ RunTime:0.000100s ]
INFO: ShowRuntime Behavior ::run [ RunTime:0.000217s ]
INFO: [ view_filter ] --END-- [ RunTime:0.000770s ]
INFO: [ view_end ] --START--
INFO: ShowPageTrace Behavior ::run [ RunTime:0.000301s ]
INFO: [ view_end ] --END-- [ RunTime:0.000341s ]

