[ 2013-11-27T18:09:13+08:00 ] 192.168.3.139 /wangpan/SystemConf.php
INFO: [ app_begin ] --START--
INFO: ReadHtmlCache Behavior ::run [ RunTime:0.000255s ]
INFO: [ app_begin ] --END-- [ RunTime:0.000312s ]
SQL: SHOW COLUMNS FROM `policy` [ RunTime:0.000749s ]
SQL: SELECT * FROM `policy` WHERE ( `id` = 0 ) LIMIT 1   [ RunTime:0.000150s ]
NOTIC: [8] Undefined index: pconfAlert /home/wwwroot/default/wangpan/SystemConf/Lib/Action/IndexAction.class.php 第 22 行.
INFO: [ view_parse ] --START--
NOTIC: [2] file(/etc/exports): failed to open stream: No such file or directory /home/wwwroot/default/wangpan/SystemConf/Runtime/Cache/8b9f26b6e2c467cdecca774cadc1cb21.php 第 367 行.
NOTIC: [2] Invalid argument supplied for foreach() /home/wwwroot/default/wangpan/SystemConf/Runtime/Cache/8b9f26b6e2c467cdecca774cadc1cb21.php 第 367 行.
INFO: ParseTemplate Behavior ::run [ RunTime:0.008055s ]
INFO: [ view_parse ] --END-- [ RunTime:0.008098s ]
INFO: [ view_filter ] --START--
INFO: ContentReplace Behavior ::run [ RunTime:0.000177s ]
INFO: TokenBuild Behavior ::run [ RunTime:0.000168s ]
INFO: WriteHtmlCache Behavior ::run [ RunTime:0.000101s ]
INFO: ShowRuntime Behavior ::run [ RunTime:0.000218s ]
INFO: [ view_filter ] --END-- [ RunTime:0.000773s ]
INFO: [ view_end ] --START--
INFO: ShowPageTrace Behavior ::run [ RunTime:0.000298s ]
INFO: [ view_end ] --END-- [ RunTime:0.000337s ]

[ 2013-11-27T18:13:51+08:00 ] 192.168.3.139 /wangpan/SystemConf.php
INFO: [ app_begin ] --START--
INFO: ReadHtmlCache Behavior ::run [ RunTime:0.000257s ]
INFO: [ app_begin ] --END-- [ RunTime:0.000312s ]
SQL: SHOW COLUMNS FROM `policy` [ RunTime:0.000866s ]
SQL: SELECT * FROM `policy` WHERE ( `id` = 0 ) LIMIT 1   [ RunTime:0.000152s ]
NOTIC: [8] Undefined index: pconfAlert /home/wwwroot/default/wangpan/SystemConf/Lib/Action/IndexAction.class.php 第 22 行.
INFO: [ view_parse ] --START--
NOTIC: [2] file(/etc/exports): failed to open stream: No such file or directory /home/wwwroot/default/wangpan/SystemConf/Runtime/Cache/8b9f26b6e2c467cdecca774cadc1cb21.php 第 367 行.
NOTIC: [2] Invalid argument supplied for foreach() /home/wwwroot/default/wangpan/SystemConf/Runtime/Cache/8b9f26b6e2c467cdecca774cadc1cb21.php 第 367 行.
INFO: ParseTemplate Behavior ::run [ RunTime:0.007906s ]
INFO: [ view_parse ] --END-- [ RunTime:0.007949s ]
INFO: [ view_filter ] --START--
INFO: ContentReplace Behavior ::run [ RunTime:0.000174s ]
INFO: TokenBuild Behavior ::run [ RunTime:0.000167s ]
INFO: WriteHtmlCache Behavior ::run [ RunTime:0.000099s ]
INFO: ShowRuntime Behavior ::run [ RunTime:0.000221s ]
INFO: [ view_filter ] --END-- [ RunTime:0.000773s ]
INFO: [ view_end ] --START--
INFO: ShowPageTrace Behavior ::run [ RunTime:0.000304s ]
INFO: [ view_end ] --END-- [ RunTime:0.000344s ]

[ 2013-11-27T18:14:26+08:00 ] 192.168.3.248 /wangpan/SystemConf.php
INFO: [ app_begin ] --START--
INFO: ReadHtmlCache Behavior ::run [ RunTime:0.000256s ]
INFO: [ app_begin ] --END-- [ RunTime:0.000316s ]
SQL: SHOW COLUMNS FROM `policy` [ RunTime:0.000756s ]
SQL: SELECT * FROM `policy` WHERE ( `id` = 0 ) LIMIT 1   [ RunTime:0.000152s ]
NOTIC: [8] Undefined index: pconfAlert /home/wwwroot/default/wangpan/SystemConf/Lib/Action/IndexAction.class.php 第 22 行.
INFO: [ view_parse ] --START--
NOTIC: [2] file(/etc/exports): failed to open stream: No such file or directory /home/wwwroot/default/wangpan/SystemConf/Runtime/Cache/8b9f26b6e2c467cdecca774cadc1cb21.php 第 367 行.
NOTIC: [2] Invalid argument supplied for foreach() /home/wwwroot/default/wangpan/SystemConf/Runtime/Cache/8b9f26b6e2c467cdecca774cadc1cb21.php 第 367 行.
INFO: ParseTemplate Behavior ::run [ RunTime:0.007950s ]
INFO: [ view_parse ] --END-- [ RunTime:0.007992s ]
INFO: [ view_filter ] --START--
INFO: ContentReplace Behavior ::run [ RunTime:0.000174s ]
INFO: TokenBuild Behavior ::run [ RunTime:0.000173s ]
INFO: WriteHtmlCache Behavior ::run [ RunTime:0.000101s ]
INFO: ShowRuntime Behavior ::run [ RunTime:0.000220s ]
INFO: [ view_filter ] --END-- [ RunTime:0.000778s ]
INFO: [ view_end ] --START--
INFO: ShowPageTrace Behavior ::run [ RunTime:0.000296s ]
INFO: [ view_end ] --END-- [ RunTime:0.000335s ]

[ 2013-11-27T18:14:38+08:00 ] 192.168.3.248 /wangpan/SystemConf.php
INFO: [ app_begin ] --START--
INFO: ReadHtmlCache Behavior ::run [ RunTime:0.000255s ]
INFO: [ app_begin ] --END-- [ RunTime:0.000314s ]
SQL: SHOW COLUMNS FROM `policy` [ RunTime:0.000761s ]
SQL: SELECT * FROM `policy` WHERE ( `id` = 0 ) LIMIT 1   [ RunTime:0.000150s ]
NOTIC: [8] Undefined index: pconfAlert /home/wwwroot/default/wangpan/SystemConf/Lib/Action/IndexAction.class.php 第 22 行.
INFO: [ view_parse ] --START--
NOTIC: [2] file(/etc/exports): failed to open stream: No such file or directory /home/wwwroot/default/wangpan/SystemConf/Runtime/Cache/8b9f26b6e2c467cdecca774cadc1cb21.php 第 367 行.
NOTIC: [2] Invalid argument supplied for foreach() /home/wwwroot/default/wangpan/SystemConf/Runtime/Cache/8b9f26b6e2c467cdecca774cadc1cb21.php 第 367 行.
INFO: ParseTemplate Behavior ::run [ RunTime:0.007953s ]
INFO: [ view_parse ] --END-- [ RunTime:0.007996s ]
INFO: [ view_filter ] --START--
INFO: ContentReplace Behavior ::run [ RunTime:0.000174s ]
INFO: TokenBuild Behavior ::run [ RunTime:0.000167s ]
INFO: WriteHtmlCache Behavior ::run [ RunTime:0.000100s ]
INFO: ShowRuntime Behavior ::run [ RunTime:0.000220s ]
INFO: [ view_filter ] --END-- [ RunTime:0.000772s ]
INFO: [ view_end ] --START--
INFO: ShowPageTrace Behavior ::run [ RunTime:0.000296s ]
INFO: [ view_end ] --END-- [ RunTime:0.000335s ]

[ 2013-11-27T18:17:38+08:00 ] 192.168.3.139 /wangpan/SystemConf.php
INFO: [ app_begin ] --START--
INFO: ReadHtmlCache Behavior ::run [ RunTime:0.000261s ]
INFO: [ app_begin ] --END-- [ RunTime:0.000320s ]
SQL: SHOW COLUMNS FROM `policy` [ RunTime:0.000744s ]
SQL: SELECT * FROM `policy` WHERE ( `id` = 0 ) LIMIT 1   [ RunTime:0.000150s ]
NOTIC: [8] Undefined index: pconfAlert /home/wwwroot/default/wangpan/SystemConf/Lib/Action/IndexAction.class.php 第 22 行.
INFO: [ view_parse ] --START--
NOTIC: [2] file(/etc/exports): failed to open stream: No such file or directory /home/wwwroot/default/wangpan/SystemConf/Runtime/Cache/8b9f26b6e2c467cdecca774cadc1cb21.php 第 367 行.
NOTIC: [2] Invalid argument supplied for foreach() /home/wwwroot/default/wangpan/SystemConf/Runtime/Cache/8b9f26b6e2c467cdecca774cadc1cb21.php 第 367 行.
INFO: ParseTemplate Behavior ::run [ RunTime:0.008069s ]
INFO: [ view_parse ] --END-- [ RunTime:0.008112s ]
INFO: [ view_filter ] --START--
INFO: ContentReplace Behavior ::run [ RunTime:0.000175s ]
INFO: TokenBuild Behavior ::run [ RunTime:0.000167s ]
INFO: WriteHtmlCache Behavior ::run [ RunTime:0.000101s ]
INFO: ShowRuntime Behavior ::run [ RunTime:0.000220s ]
INFO: [ view_filter ] --END-- [ RunTime:0.000773s ]
INFO: [ view_end ] --START--
INFO: ShowPageTrace Behavior ::run [ RunTime:0.000293s ]
INFO: [ view_end ] --END-- [ RunTime:0.000334s ]

[ 2013-11-27T18:20:04+08:00 ] 192.168.3.139 /wangpan/SystemConf.php
INFO: [ app_begin ] --START--
INFO: ReadHtmlCache Behavior ::run [ RunTime:0.000254s ]
INFO: [ app_begin ] --END-- [ RunTime:0.000311s ]
SQL: SHOW COLUMNS FROM `policy` [ RunTime:0.000757s ]
SQL: SELECT * FROM `policy` WHERE ( `id` = 0 ) LIMIT 1   [ RunTime:0.000151s ]
NOTIC: [8] Undefined index: pconfAlert /home/wwwroot/default/wangpan/SystemConf/Lib/Action/IndexAction.class.php 第 22 行.
INFO: [ view_parse ] --START--
NOTIC: [2] file(/etc/exports): failed to open stream: No such file or directory /home/wwwroot/default/wangpan/SystemConf/Runtime/Cache/8b9f26b6e2c467cdecca774cadc1cb21.php 第 367 行.
NOTIC: [2] Invalid argument supplied for foreach() /home/wwwroot/default/wangpan/SystemConf/Runtime/Cache/8b9f26b6e2c467cdecca774cadc1cb21.php 第 367 行.
INFO: ParseTemplate Behavior ::run [ RunTime:0.008006s ]
INFO: [ view_parse ] --END-- [ RunTime:0.008049s ]
INFO: [ view_filter ] --START--
INFO: ContentReplace Behavior ::run [ RunTime:0.000175s ]
INFO: TokenBuild Behavior ::run [ RunTime:0.000166s ]
INFO: WriteHtmlCache Behavior ::run [ RunTime:0.000100s ]
INFO: ShowRuntime Behavior ::run [ RunTime:0.000219s ]
INFO: [ view_filter ] --END-- [ RunTime:0.000770s ]
INFO: [ view_end ] --START--
INFO: ShowPageTrace Behavior ::run [ RunTime:0.000303s ]
INFO: [ view_end ] --END-- [ RunTime:0.000343s ]

[ 2013-11-27T18:32:04+08:00 ] 192.168.3.25 /wangpan/SystemConf.php
INFO: [ app_begin ] --START--
INFO: ReadHtmlCache Behavior ::run [ RunTime:0.000255s ]
INFO: [ app_begin ] --END-- [ RunTime:0.000315s ]
SQL: SHOW COLUMNS FROM `policy` [ RunTime:0.000770s ]
SQL: SELECT * FROM `policy` WHERE ( `id` = 0 ) LIMIT 1   [ RunTime:0.000151s ]
NOTIC: [8] Undefined index: pconfAlert /home/wwwroot/default/wangpan/SystemConf/Lib/Action/IndexAction.class.php 第 22 行.
INFO: [ view_parse ] --START--
NOTIC: [2] file(/etc/exports): failed to open stream: No such file or directory /home/wwwroot/default/wangpan/SystemConf/Runtime/Cache/8b9f26b6e2c467cdecca774cadc1cb21.php 第 367 行.
NOTIC: [2] Invalid argument supplied for foreach() /home/wwwroot/default/wangpan/SystemConf/Runtime/Cache/8b9f26b6e2c467cdecca774cadc1cb21.php 第 367 行.
INFO: ParseTemplate Behavior ::run [ RunTime:0.008036s ]
INFO: [ view_parse ] --END-- [ RunTime:0.008079s ]
INFO: [ view_filter ] --START--
INFO: ContentReplace Behavior ::run [ RunTime:0.000174s ]
INFO: TokenBuild Behavior ::run [ RunTime:0.000166s ]
INFO: WriteHtmlCache Behavior ::run [ RunTime:0.000100s ]
INFO: ShowRuntime Behavior ::run [ RunTime:0.000224s ]
INFO: [ view_filter ] --END-- [ RunTime:0.000772s ]
INFO: [ view_end ] --START--
INFO: ShowPageTrace Behavior ::run [ RunTime:0.000300s ]
INFO: [ view_end ] --END-- [ RunTime:0.000339s ]

[ 2013-11-27T18:32:10+08:00 ] 192.168.3.25 /wangpan/SystemConf.php
INFO: [ app_begin ] --START--
INFO: ReadHtmlCache Behavior ::run [ RunTime:0.000258s ]
INFO: [ app_begin ] --END-- [ RunTime:0.000339s ]
SQL: SHOW COLUMNS FROM `policy` [ RunTime:0.000767s ]
SQL: SELECT * FROM `policy` WHERE ( `id` = 0 ) LIMIT 1   [ RunTime:0.000149s ]
NOTIC: [8] Undefined index: pconfAlert /home/wwwroot/default/wangpan/SystemConf/Lib/Action/IndexAction.class.php 第 22 行.
INFO: [ view_parse ] --START--
NOTIC: [2] file(/etc/exports): failed to open stream: No such file or directory /home/wwwroot/default/wangpan/SystemConf/Runtime/Cache/8b9f26b6e2c467cdecca774cadc1cb21.php 第 367 行.
NOTIC: [2] Invalid argument supplied for foreach() /home/wwwroot/default/wangpan/SystemConf/Runtime/Cache/8b9f26b6e2c467cdecca774cadc1cb21.php 第 367 行.
INFO: ParseTemplate Behavior ::run [ RunTime:0.008026s ]
INFO: [ view_parse ] --END-- [ RunTime:0.008069s ]
INFO: [ view_filter ] --START--
INFO: ContentReplace Behavior ::run [ RunTime:0.000175s ]
INFO: TokenBuild Behavior ::run [ RunTime:0.000169s ]
INFO: WriteHtmlCache Behavior ::run [ RunTime:0.000100s ]
INFO: ShowRuntime Behavior ::run [ RunTime:0.000219s ]
INFO: [ view_filter ] --END-- [ RunTime:0.000774s ]
INFO: [ view_end ] --START--
INFO: ShowPageTrace Behavior ::run [ RunTime:0.000302s ]
INFO: [ view_end ] --END-- [ RunTime:0.000342s ]

