[ 2013-11-08T09:24:05+08:00 ] 192.168.3.25 /wangpan/SystemConf.php
INFO: [ app_begin ] --START--
INFO: ReadHtmlCache Behavior ::run [ RunTime:0.000259s ]
INFO: [ app_begin ] --END-- [ RunTime:0.000315s ]
NOTIC: [8] A session had already been started - ignoring session_start() /home/wwwroot/default/wangpan/ThinkPHP/Common/functions.php 第 566 行.
SQL: SHOW COLUMNS FROM `policy` [ RunTime:0.000757s ]
SQL: SELECT * FROM `policy` WHERE ( `id` = 0 ) LIMIT 1   [ RunTime:0.000144s ]
INFO: [ view_parse ] --START--
INFO: ParseTemplate Behavior ::run [ RunTime:0.007837s ]
INFO: [ view_parse ] --END-- [ RunTime:0.007882s ]
INFO: [ view_filter ] --START--
INFO: ContentReplace Behavior ::run [ RunTime:0.000177s ]
INFO: TokenBuild Behavior ::run [ RunTime:0.000167s ]
INFO: WriteHtmlCache Behavior ::run [ RunTime:0.000100s ]
INFO: ShowRuntime Behavior ::run [ RunTime:0.000217s ]
INFO: [ view_filter ] --END-- [ RunTime:0.000772s ]
INFO: [ view_end ] --START--
INFO: ShowPageTrace Behavior ::run [ RunTime:0.000300s ]
INFO: [ view_end ] --END-- [ RunTime:0.000340s ]

[ 2013-11-08T09:25:12+08:00 ] 192.168.3.25 /wangpan/SystemConf.php
INFO: [ app_begin ] --START--
INFO: ReadHtmlCache Behavior ::run [ RunTime:0.000254s ]
INFO: [ app_begin ] --END-- [ RunTime:0.000314s ]
NOTIC: [8] A session had already been started - ignoring session_start() /home/wwwroot/default/wangpan/ThinkPHP/Common/functions.php 第 566 行.
SQL: SHOW COLUMNS FROM `policy` [ RunTime:0.000720s ]
SQL: SELECT * FROM `policy` WHERE ( `id` = 0 ) LIMIT 1   [ RunTime:0.000146s ]
INFO: [ view_parse ] --START--
INFO: ParseTemplate Behavior ::run [ RunTime:0.007803s ]
INFO: [ view_parse ] --END-- [ RunTime:0.007848s ]
INFO: [ view_filter ] --START--
INFO: ContentReplace Behavior ::run [ RunTime:0.000173s ]
INFO: TokenBuild Behavior ::run [ RunTime:0.000165s ]
INFO: WriteHtmlCache Behavior ::run [ RunTime:0.000099s ]
INFO: ShowRuntime Behavior ::run [ RunTime:0.000215s ]
INFO: [ view_filter ] --END-- [ RunTime:0.000763s ]
INFO: [ view_end ] --START--
INFO: ShowPageTrace Behavior ::run [ RunTime:0.000296s ]
INFO: [ view_end ] --END-- [ RunTime:0.000335s ]

[ 2013-11-08T09:25:40+08:00 ] 192.168.3.25 /wangpan/SystemConf.php?m=Index&a=confModify3
INFO: [ app_begin ] --START--
INFO: ReadHtmlCache Behavior ::run [ RunTime:0.000258s ]
INFO: [ app_begin ] --END-- [ RunTime:0.000316s ]
NOTIC: [8] A session had already been started - ignoring session_start() /home/wwwroot/default/wangpan/ThinkPHP/Common/functions.php 第 566 行.
NOTIC: [8] Undefined variable: var /home/wwwroot/default/wangpan/ThinkPHP/Common/functions.php 第 247 行.
NOTIC: [2] array_reverse() expects parameter 1 to be array, null given /home/wwwroot/default/wangpan/ThinkPHP/Common/functions.php 第 247 行.
NOTIC: [2] http_build_query() [<a href='function.http-build-query'>function.http-build-query</a>]: Parameter 1 expected to be Array or Object.  Incorrect value given /home/wwwroot/default/wangpan/ThinkPHP/Common/functions.php 第 247 行.

[ 2013-11-08T09:25:40+08:00 ] 192.168.3.25 /wangpan/SystemConf.php?&m=Index&a=index
INFO: [ app_begin ] --START--
INFO: ReadHtmlCache Behavior ::run [ RunTime:0.000250s ]
INFO: [ app_begin ] --END-- [ RunTime:0.000303s ]
NOTIC: [8] A session had already been started - ignoring session_start() /home/wwwroot/default/wangpan/ThinkPHP/Common/functions.php 第 566 行.
SQL: SHOW COLUMNS FROM `policy` [ RunTime:0.000732s ]
SQL: SELECT * FROM `policy` WHERE ( `id` = 0 ) LIMIT 1   [ RunTime:0.000147s ]
INFO: [ view_parse ] --START--
INFO: ParseTemplate Behavior ::run [ RunTime:0.007764s ]
INFO: [ view_parse ] --END-- [ RunTime:0.007809s ]
INFO: [ view_filter ] --START--
INFO: ContentReplace Behavior ::run [ RunTime:0.000184s ]
INFO: TokenBuild Behavior ::run [ RunTime:0.000165s ]
INFO: WriteHtmlCache Behavior ::run [ RunTime:0.000099s ]
INFO: ShowRuntime Behavior ::run [ RunTime:0.000216s ]
INFO: [ view_filter ] --END-- [ RunTime:0.000776s ]
INFO: [ view_end ] --START--
INFO: ShowPageTrace Behavior ::run [ RunTime:0.000298s ]
INFO: [ view_end ] --END-- [ RunTime:0.000338s ]

[ 2013-11-08T09:25:53+08:00 ] 192.168.3.25 /wangpan/SystemConf.php?m=Index&a=confModify3
INFO: [ app_begin ] --START--
INFO: ReadHtmlCache Behavior ::run [ RunTime:0.000252s ]
INFO: [ app_begin ] --END-- [ RunTime:0.000310s ]
NOTIC: [8] A session had already been started - ignoring session_start() /home/wwwroot/default/wangpan/ThinkPHP/Common/functions.php 第 566 行.
NOTIC: [8] Undefined variable: var /home/wwwroot/default/wangpan/ThinkPHP/Common/functions.php 第 247 行.
NOTIC: [2] array_reverse() expects parameter 1 to be array, null given /home/wwwroot/default/wangpan/ThinkPHP/Common/functions.php 第 247 行.
NOTIC: [2] http_build_query() [<a href='function.http-build-query'>function.http-build-query</a>]: Parameter 1 expected to be Array or Object.  Incorrect value given /home/wwwroot/default/wangpan/ThinkPHP/Common/functions.php 第 247 行.

[ 2013-11-08T09:25:53+08:00 ] 192.168.3.25 /wangpan/SystemConf.php?&m=Index&a=index
INFO: [ app_begin ] --START--
INFO: ReadHtmlCache Behavior ::run [ RunTime:0.000251s ]
INFO: [ app_begin ] --END-- [ RunTime:0.000302s ]
NOTIC: [8] A session had already been started - ignoring session_start() /home/wwwroot/default/wangpan/ThinkPHP/Common/functions.php 第 566 行.
SQL: SHOW COLUMNS FROM `policy` [ RunTime:0.000728s ]
SQL: SELECT * FROM `policy` WHERE ( `id` = 0 ) LIMIT 1   [ RunTime:0.000145s ]
INFO: [ view_parse ] --START--
INFO: ParseTemplate Behavior ::run [ RunTime:0.007822s ]
INFO: [ view_parse ] --END-- [ RunTime:0.007868s ]
INFO: [ view_filter ] --START--
INFO: ContentReplace Behavior ::run [ RunTime:0.000173s ]
INFO: TokenBuild Behavior ::run [ RunTime:0.000165s ]
INFO: WriteHtmlCache Behavior ::run [ RunTime:0.000099s ]
INFO: ShowRuntime Behavior ::run [ RunTime:0.000214s ]
INFO: [ view_filter ] --END-- [ RunTime:0.000763s ]
INFO: [ view_end ] --START--
INFO: ShowPageTrace Behavior ::run [ RunTime:0.000296s ]
INFO: [ view_end ] --END-- [ RunTime:0.000337s ]

[ 2013-11-08T09:28:36+08:00 ] 192.168.3.25 /wangpan/SystemConf.php?m=Index&a=confModify3
INFO: [ app_begin ] --START--
INFO: ReadHtmlCache Behavior ::run [ RunTime:0.000260s ]
INFO: [ app_begin ] --END-- [ RunTime:0.000321s ]
NOTIC: [8] A session had already been started - ignoring session_start() /home/wwwroot/default/wangpan/ThinkPHP/Common/functions.php 第 566 行.
NOTIC: [8] Undefined variable: var /home/wwwroot/default/wangpan/ThinkPHP/Common/functions.php 第 247 行.
NOTIC: [2] array_reverse() expects parameter 1 to be array, null given /home/wwwroot/default/wangpan/ThinkPHP/Common/functions.php 第 247 行.
NOTIC: [2] http_build_query() [<a href='function.http-build-query'>function.http-build-query</a>]: Parameter 1 expected to be Array or Object.  Incorrect value given /home/wwwroot/default/wangpan/ThinkPHP/Common/functions.php 第 247 行.

[ 2013-11-08T09:28:36+08:00 ] 192.168.3.25 /wangpan/SystemConf.php?&m=Index&a=index
INFO: [ app_begin ] --START--
INFO: ReadHtmlCache Behavior ::run [ RunTime:0.000263s ]
INFO: [ app_begin ] --END-- [ RunTime:0.000325s ]
NOTIC: [8] A session had already been started - ignoring session_start() /home/wwwroot/default/wangpan/ThinkPHP/Common/functions.php 第 566 行.
SQL: SHOW COLUMNS FROM `policy` [ RunTime:0.000713s ]
SQL: SELECT * FROM `policy` WHERE ( `id` = 0 ) LIMIT 1   [ RunTime:0.000146s ]
INFO: [ view_parse ] --START--
INFO: ParseTemplate Behavior ::run [ RunTime:0.007902s ]
INFO: [ view_parse ] --END-- [ RunTime:0.007950s ]
INFO: [ view_filter ] --START--
INFO: ContentReplace Behavior ::run [ RunTime:0.000175s ]
INFO: TokenBuild Behavior ::run [ RunTime:0.000168s ]
INFO: WriteHtmlCache Behavior ::run [ RunTime:0.000102s ]
INFO: ShowRuntime Behavior ::run [ RunTime:0.000229s ]
INFO: [ view_filter ] --END-- [ RunTime:0.000785s ]
INFO: [ view_end ] --START--
INFO: ShowPageTrace Behavior ::run [ RunTime:0.000299s ]
INFO: [ view_end ] --END-- [ RunTime:0.000340s ]

[ 2013-11-08T09:29:02+08:00 ] 192.168.3.25 /wangpan/SystemConf.php
INFO: [ app_begin ] --START--
INFO: ReadHtmlCache Behavior ::run [ RunTime:0.000259s ]
INFO: [ app_begin ] --END-- [ RunTime:0.000319s ]
NOTIC: [8] A session had already been started - ignoring session_start() /home/wwwroot/default/wangpan/ThinkPHP/Common/functions.php 第 566 行.
SQL: SHOW COLUMNS FROM `policy` [ RunTime:0.000713s ]
SQL: SELECT * FROM `policy` WHERE ( `id` = 0 ) LIMIT 1   [ RunTime:0.000144s ]
INFO: [ view_parse ] --START--
INFO: ParseTemplate Behavior ::run [ RunTime:0.007800s ]
INFO: [ view_parse ] --END-- [ RunTime:0.007846s ]
INFO: [ view_filter ] --START--
INFO: ContentReplace Behavior ::run [ RunTime:0.000176s ]
INFO: TokenBuild Behavior ::run [ RunTime:0.000166s ]
INFO: WriteHtmlCache Behavior ::run [ RunTime:0.000102s ]
INFO: ShowRuntime Behavior ::run [ RunTime:0.000217s ]
INFO: [ view_filter ] --END-- [ RunTime:0.000773s ]
INFO: [ view_end ] --START--
INFO: ShowPageTrace Behavior ::run [ RunTime:0.000300s ]
INFO: [ view_end ] --END-- [ RunTime:0.000341s ]

[ 2013-11-08T09:29:10+08:00 ] 192.168.3.25 /wangpan/SystemConf.php?m=Index&a=confModify3
INFO: [ app_begin ] --START--
INFO: ReadHtmlCache Behavior ::run [ RunTime:0.000258s ]
INFO: [ app_begin ] --END-- [ RunTime:0.000317s ]
NOTIC: [8] A session had already been started - ignoring session_start() /home/wwwroot/default/wangpan/ThinkPHP/Common/functions.php 第 566 行.
NOTIC: [8] Undefined variable: var /home/wwwroot/default/wangpan/ThinkPHP/Common/functions.php 第 247 行.
NOTIC: [2] array_reverse() expects parameter 1 to be array, null given /home/wwwroot/default/wangpan/ThinkPHP/Common/functions.php 第 247 行.
NOTIC: [2] http_build_query() [<a href='function.http-build-query'>function.http-build-query</a>]: Parameter 1 expected to be Array or Object.  Incorrect value given /home/wwwroot/default/wangpan/ThinkPHP/Common/functions.php 第 247 行.

[ 2013-11-08T09:29:10+08:00 ] 192.168.3.25 /wangpan/SystemConf.php?&m=Index&a=index
INFO: [ app_begin ] --START--
INFO: ReadHtmlCache Behavior ::run [ RunTime:0.000254s ]
INFO: [ app_begin ] --END-- [ RunTime:0.000306s ]
NOTIC: [8] A session had already been started - ignoring session_start() /home/wwwroot/default/wangpan/ThinkPHP/Common/functions.php 第 566 行.
SQL: SHOW COLUMNS FROM `policy` [ RunTime:0.000732s ]
SQL: SELECT * FROM `policy` WHERE ( `id` = 0 ) LIMIT 1   [ RunTime:0.000147s ]
INFO: [ view_parse ] --START--
INFO: ParseTemplate Behavior ::run [ RunTime:0.007829s ]
INFO: [ view_parse ] --END-- [ RunTime:0.007874s ]
INFO: [ view_filter ] --START--
INFO: ContentReplace Behavior ::run [ RunTime:0.000176s ]
INFO: TokenBuild Behavior ::run [ RunTime:0.000167s ]
INFO: WriteHtmlCache Behavior ::run [ RunTime:0.000102s ]
INFO: ShowRuntime Behavior ::run [ RunTime:0.000217s ]
INFO: [ view_filter ] --END-- [ RunTime:0.000773s ]
INFO: [ view_end ] --START--
INFO: ShowPageTrace Behavior ::run [ RunTime:0.000313s ]
INFO: [ view_end ] --END-- [ RunTime:0.000353s ]

[ 2013-11-08T09:29:21+08:00 ] 192.168.3.25 /wangpan/SystemConf.php?m=Index&a=confModify3
INFO: [ app_begin ] --START--
INFO: ReadHtmlCache Behavior ::run [ RunTime:0.000256s ]
INFO: [ app_begin ] --END-- [ RunTime:0.000312s ]
NOTIC: [8] A session had already been started - ignoring session_start() /home/wwwroot/default/wangpan/ThinkPHP/Common/functions.php 第 566 行.
NOTIC: [8] Undefined variable: var /home/wwwroot/default/wangpan/ThinkPHP/Common/functions.php 第 247 行.
NOTIC: [2] array_reverse() expects parameter 1 to be array, null given /home/wwwroot/default/wangpan/ThinkPHP/Common/functions.php 第 247 行.
NOTIC: [2] http_build_query() [<a href='function.http-build-query'>function.http-build-query</a>]: Parameter 1 expected to be Array or Object.  Incorrect value given /home/wwwroot/default/wangpan/ThinkPHP/Common/functions.php 第 247 行.

[ 2013-11-08T09:29:21+08:00 ] 192.168.3.25 /wangpan/SystemConf.php?&m=Index&a=index
INFO: [ app_begin ] --START--
INFO: ReadHtmlCache Behavior ::run [ RunTime:0.000252s ]
INFO: [ app_begin ] --END-- [ RunTime:0.000304s ]
NOTIC: [8] A session had already been started - ignoring session_start() /home/wwwroot/default/wangpan/ThinkPHP/Common/functions.php 第 566 行.
SQL: SHOW COLUMNS FROM `policy` [ RunTime:0.000730s ]
SQL: SELECT * FROM `policy` WHERE ( `id` = 0 ) LIMIT 1   [ RunTime:0.000145s ]
INFO: [ view_parse ] --START--
INFO: ParseTemplate Behavior ::run [ RunTime:0.007895s ]
INFO: [ view_parse ] --END-- [ RunTime:0.007942s ]
INFO: [ view_filter ] --START--
INFO: ContentReplace Behavior ::run [ RunTime:0.000178s ]
INFO: TokenBuild Behavior ::run [ RunTime:0.000169s ]
INFO: WriteHtmlCache Behavior ::run [ RunTime:0.000101s ]
INFO: ShowRuntime Behavior ::run [ RunTime:0.000220s ]
INFO: [ view_filter ] --END-- [ RunTime:0.000779s ]
INFO: [ view_end ] --START--
INFO: ShowPageTrace Behavior ::run [ RunTime:0.000300s ]
INFO: [ view_end ] --END-- [ RunTime:0.000345s ]

[ 2013-11-08T09:29:59+08:00 ] 192.168.3.25 /wangpan/SystemConf.php
INFO: [ app_begin ] --START--
INFO: ReadHtmlCache Behavior ::run [ RunTime:0.000258s ]
INFO: [ app_begin ] --END-- [ RunTime:0.000320s ]
NOTIC: [8] A session had already been started - ignoring session_start() /home/wwwroot/default/wangpan/ThinkPHP/Common/functions.php 第 566 行.
SQL: SHOW COLUMNS FROM `policy` [ RunTime:0.000731s ]
SQL: SELECT * FROM `policy` WHERE ( `id` = 0 ) LIMIT 1   [ RunTime:0.000146s ]
INFO: [ view_parse ] --START--
INFO: ParseTemplate Behavior ::run [ RunTime:0.007805s ]
INFO: [ view_parse ] --END-- [ RunTime:0.007852s ]
INFO: [ view_filter ] --START--
INFO: ContentReplace Behavior ::run [ RunTime:0.000171s ]
INFO: TokenBuild Behavior ::run [ RunTime:0.000166s ]
INFO: WriteHtmlCache Behavior ::run [ RunTime:0.000098s ]
INFO: ShowRuntime Behavior ::run [ RunTime:0.000215s ]
INFO: [ view_filter ] --END-- [ RunTime:0.000761s ]
INFO: [ view_end ] --START--
INFO: ShowPageTrace Behavior ::run [ RunTime:0.000306s ]
INFO: [ view_end ] --END-- [ RunTime:0.000346s ]

[ 2013-11-08T09:30:03+08:00 ] 192.168.3.25 /wangpan/SystemConf.php
INFO: [ app_begin ] --START--
INFO: ReadHtmlCache Behavior ::run [ RunTime:0.000254s ]
INFO: [ app_begin ] --END-- [ RunTime:0.000311s ]
NOTIC: [8] A session had already been started - ignoring session_start() /home/wwwroot/default/wangpan/ThinkPHP/Common/functions.php 第 566 行.
SQL: SHOW COLUMNS FROM `policy` [ RunTime:0.000716s ]
SQL: SELECT * FROM `policy` WHERE ( `id` = 0 ) LIMIT 1   [ RunTime:0.000145s ]
INFO: [ view_parse ] --START--
INFO: ParseTemplate Behavior ::run [ RunTime:0.007850s ]
INFO: [ view_parse ] --END-- [ RunTime:0.007896s ]
INFO: [ view_filter ] --START--
INFO: ContentReplace Behavior ::run [ RunTime:0.000171s ]
INFO: TokenBuild Behavior ::run [ RunTime:0.000164s ]
INFO: WriteHtmlCache Behavior ::run [ RunTime:0.000098s ]
INFO: ShowRuntime Behavior ::run [ RunTime:0.000216s ]
INFO: [ view_filter ] --END-- [ RunTime:0.000762s ]
INFO: [ view_end ] --START--
INFO: ShowPageTrace Behavior ::run [ RunTime:0.000294s ]
INFO: [ view_end ] --END-- [ RunTime:0.000334s ]

[ 2013-11-08T09:35:18+08:00 ] 192.168.3.228 /wangpan/SystemConf.php
INFO: [ app_begin ] --START--
INFO: ReadHtmlCache Behavior ::run [ RunTime:0.000260s ]
INFO: [ app_begin ] --END-- [ RunTime:0.000321s ]
NOTIC: [8] A session had already been started - ignoring session_start() /home/wwwroot/default/wangpan/ThinkPHP/Common/functions.php 第 566 行.
SQL: SHOW COLUMNS FROM `policy` [ RunTime:0.000738s ]
SQL: SELECT * FROM `policy` WHERE ( `id` = 0 ) LIMIT 1   [ RunTime:0.000145s ]
INFO: [ view_parse ] --START--
INFO: ParseTemplate Behavior ::run [ RunTime:0.007825s ]
INFO: [ view_parse ] --END-- [ RunTime:0.007870s ]
INFO: [ view_filter ] --START--
INFO: ContentReplace Behavior ::run [ RunTime:0.000177s ]
INFO: TokenBuild Behavior ::run [ RunTime:0.000167s ]
INFO: WriteHtmlCache Behavior ::run [ RunTime:0.000100s ]
INFO: ShowRuntime Behavior ::run [ RunTime:0.000214s ]
INFO: [ view_filter ] --END-- [ RunTime:0.000769s ]
INFO: [ view_end ] --START--
INFO: ShowPageTrace Behavior ::run [ RunTime:0.000285s ]
INFO: [ view_end ] --END-- [ RunTime:0.000326s ]

[ 2013-11-08T09:41:29+08:00 ] 192.168.3.25 /wangpan/SystemConf.php
INFO: [ app_begin ] --START--
INFO: ReadHtmlCache Behavior ::run [ RunTime:0.000260s ]
INFO: [ app_begin ] --END-- [ RunTime:0.000318s ]
NOTIC: [8] A session had already been started - ignoring session_start() /home/wwwroot/default/wangpan/ThinkPHP/Common/functions.php 第 566 行.
SQL: SHOW COLUMNS FROM `policy` [ RunTime:0.000720s ]
SQL: SELECT * FROM `policy` WHERE ( `id` = 0 ) LIMIT 1   [ RunTime:0.000146s ]
INFO: [ view_parse ] --START--
INFO: ParseTemplate Behavior ::run [ RunTime:0.007827s ]
INFO: [ view_parse ] --END-- [ RunTime:0.007879s ]
INFO: [ view_filter ] --START--
INFO: ContentReplace Behavior ::run [ RunTime:0.000182s ]
INFO: TokenBuild Behavior ::run [ RunTime:0.000169s ]
INFO: WriteHtmlCache Behavior ::run [ RunTime:0.000102s ]
INFO: ShowRuntime Behavior ::run [ RunTime:0.000218s ]
INFO: [ view_filter ] --END-- [ RunTime:0.000781s ]
INFO: [ view_end ] --START--
INFO: ShowPageTrace Behavior ::run [ RunTime:0.000300s ]
INFO: [ view_end ] --END-- [ RunTime:0.000340s ]

[ 2013-11-08T09:41:30+08:00 ] 192.168.3.25 /wangpan/SystemConf.php
INFO: [ app_begin ] --START--
INFO: ReadHtmlCache Behavior ::run [ RunTime:0.000259s ]
INFO: [ app_begin ] --END-- [ RunTime:0.000319s ]
NOTIC: [8] A session had already been started - ignoring session_start() /home/wwwroot/default/wangpan/ThinkPHP/Common/functions.php 第 566 行.
SQL: SHOW COLUMNS FROM `policy` [ RunTime:0.000731s ]
SQL: SELECT * FROM `policy` WHERE ( `id` = 0 ) LIMIT 1   [ RunTime:0.000145s ]
INFO: [ view_parse ] --START--
INFO: ParseTemplate Behavior ::run [ RunTime:0.007827s ]
INFO: [ view_parse ] --END-- [ RunTime:0.007875s ]
INFO: [ view_filter ] --START--
INFO: ContentReplace Behavior ::run [ RunTime:0.000175s ]
INFO: TokenBuild Behavior ::run [ RunTime:0.000174s ]
INFO: WriteHtmlCache Behavior ::run [ RunTime:0.000101s ]
INFO: ShowRuntime Behavior ::run [ RunTime:0.000220s ]
INFO: [ view_filter ] --END-- [ RunTime:0.000784s ]
INFO: [ view_end ] --START--
INFO: ShowPageTrace Behavior ::run [ RunTime:0.000299s ]
INFO: [ view_end ] --END-- [ RunTime:0.000340s ]

[ 2013-11-08T09:49:49+08:00 ] 192.168.3.228 /wangpan/SystemConf.php
INFO: [ app_begin ] --START--
INFO: ReadHtmlCache Behavior ::run [ RunTime:0.000267s ]
INFO: [ app_begin ] --END-- [ RunTime:0.000329s ]
NOTIC: [8] A session had already been started - ignoring session_start() /home/wwwroot/default/wangpan/ThinkPHP/Common/functions.php 第 566 行.
SQL: SHOW COLUMNS FROM `policy` [ RunTime:0.000729s ]
SQL: SELECT * FROM `policy` WHERE ( `id` = 0 ) LIMIT 1   [ RunTime:0.000147s ]
INFO: [ view_parse ] --START--
INFO: ParseTemplate Behavior ::run [ RunTime:0.008003s ]
INFO: [ view_parse ] --END-- [ RunTime:0.008050s ]
INFO: [ view_filter ] --START--
INFO: ContentReplace Behavior ::run [ RunTime:0.000177s ]
INFO: TokenBuild Behavior ::run [ RunTime:0.000168s ]
INFO: WriteHtmlCache Behavior ::run [ RunTime:0.000101s ]
INFO: ShowRuntime Behavior ::run [ RunTime:0.000217s ]
INFO: [ view_filter ] --END-- [ RunTime:0.000774s ]
INFO: [ view_end ] --START--
INFO: ShowPageTrace Behavior ::run [ RunTime:0.000288s ]
INFO: [ view_end ] --END-- [ RunTime:0.000328s ]

[ 2013-11-08T09:49:53+08:00 ] 192.168.3.228 /wangpan/SystemConf.php
INFO: [ app_begin ] --START--
INFO: ReadHtmlCache Behavior ::run [ RunTime:0.000260s ]
INFO: [ app_begin ] --END-- [ RunTime:0.000320s ]
NOTIC: [8] A session had already been started - ignoring session_start() /home/wwwroot/default/wangpan/ThinkPHP/Common/functions.php 第 566 行.
SQL: SHOW COLUMNS FROM `policy` [ RunTime:0.000725s ]
SQL: SELECT * FROM `policy` WHERE ( `id` = 0 ) LIMIT 1   [ RunTime:0.000146s ]
INFO: [ view_parse ] --START--
INFO: ParseTemplate Behavior ::run [ RunTime:0.007864s ]
INFO: [ view_parse ] --END-- [ RunTime:0.007910s ]
INFO: [ view_filter ] --START--
INFO: ContentReplace Behavior ::run [ RunTime:0.000176s ]
INFO: TokenBuild Behavior ::run [ RunTime:0.000179s ]
INFO: WriteHtmlCache Behavior ::run [ RunTime:0.000101s ]
INFO: ShowRuntime Behavior ::run [ RunTime:0.000217s ]
INFO: [ view_filter ] --END-- [ RunTime:0.000783s ]
INFO: [ view_end ] --START--
INFO: ShowPageTrace Behavior ::run [ RunTime:0.000286s ]
INFO: [ view_end ] --END-- [ RunTime:0.000326s ]

[ 2013-11-08T09:53:11+08:00 ] 192.168.3.25 /wangpan/SystemConf.php
INFO: [ app_begin ] --START--
INFO: ReadHtmlCache Behavior ::run [ RunTime:0.000264s ]
INFO: [ app_begin ] --END-- [ RunTime:0.000324s ]
NOTIC: [8] A session had already been started - ignoring session_start() /home/wwwroot/default/wangpan/ThinkPHP/Common/functions.php 第 566 行.
SQL: SHOW COLUMNS FROM `policy` [ RunTime:0.000726s ]
SQL: SELECT * FROM `policy` WHERE ( `id` = 0 ) LIMIT 1   [ RunTime:0.000145s ]
INFO: [ view_parse ] --START--
INFO: ParseTemplate Behavior ::run [ RunTime:0.007925s ]
INFO: [ view_parse ] --END-- [ RunTime:0.007973s ]
INFO: [ view_filter ] --START--
INFO: ContentReplace Behavior ::run [ RunTime:0.000177s ]
INFO: TokenBuild Behavior ::run [ RunTime:0.000168s ]
INFO: WriteHtmlCache Behavior ::run [ RunTime:0.000101s ]
INFO: ShowRuntime Behavior ::run [ RunTime:0.000223s ]
INFO: [ view_filter ] --END-- [ RunTime:0.000783s ]
INFO: [ view_end ] --START--
INFO: ShowPageTrace Behavior ::run [ RunTime:0.000316s ]
INFO: [ view_end ] --END-- [ RunTime:0.000361s ]

[ 2013-11-08T15:42:19+08:00 ] 192.168.3.151 /wangpan/SystemConf.php
INFO: [ app_begin ] --START--
INFO: ReadHtmlCache Behavior ::run [ RunTime:0.000264s ]
INFO: [ app_begin ] --END-- [ RunTime:0.000325s ]
NOTIC: [8] A session had already been started - ignoring session_start() /home/wwwroot/default/wangpan/ThinkPHP/Common/functions.php 第 566 行.
SQL: SHOW COLUMNS FROM `policy` [ RunTime:0.000717s ]
SQL: SELECT * FROM `policy` WHERE ( `id` = 0 ) LIMIT 1   [ RunTime:0.000147s ]
INFO: [ view_parse ] --START--
INFO: ParseTemplate Behavior ::run [ RunTime:0.007917s ]
INFO: [ view_parse ] --END-- [ RunTime:0.007975s ]
INFO: [ view_filter ] --START--
INFO: ContentReplace Behavior ::run [ RunTime:0.000175s ]
INFO: TokenBuild Behavior ::run [ RunTime:0.000168s ]
INFO: WriteHtmlCache Behavior ::run [ RunTime:0.000101s ]
INFO: ShowRuntime Behavior ::run [ RunTime:0.000217s ]
INFO: [ view_filter ] --END-- [ RunTime:0.000773s ]
INFO: [ view_end ] --START--
INFO: ShowPageTrace Behavior ::run [ RunTime:0.000292s ]
INFO: [ view_end ] --END-- [ RunTime:0.000332s ]

[ 2013-11-08T17:08:09+08:00 ] 192.168.3.151 /wangpan/SystemConf.php
INFO: [ app_begin ] --START--
INFO: ReadHtmlCache Behavior ::run [ RunTime:0.000264s ]
INFO: [ app_begin ] --END-- [ RunTime:0.000328s ]
NOTIC: [8] A session had already been started - ignoring session_start() /home/wwwroot/default/wangpan/ThinkPHP/Common/functions.php 第 566 行.
SQL: SHOW COLUMNS FROM `policy` [ RunTime:0.000722s ]
SQL: SELECT * FROM `policy` WHERE ( `id` = 0 ) LIMIT 1   [ RunTime:0.000146s ]
INFO: [ view_parse ] --START--
INFO: ParseTemplate Behavior ::run [ RunTime:0.007989s ]
INFO: [ view_parse ] --END-- [ RunTime:0.008037s ]
INFO: [ view_filter ] --START--
INFO: ContentReplace Behavior ::run [ RunTime:0.000174s ]
INFO: TokenBuild Behavior ::run [ RunTime:0.000169s ]
INFO: WriteHtmlCache Behavior ::run [ RunTime:0.000114s ]
INFO: ShowRuntime Behavior ::run [ RunTime:0.000220s ]
INFO: [ view_filter ] --END-- [ RunTime:0.000788s ]
INFO: [ view_end ] --START--
INFO: ShowPageTrace Behavior ::run [ RunTime:0.000292s ]
INFO: [ view_end ] --END-- [ RunTime:0.000333s ]

