[ 2013-11-14T10:05:19+08:00 ] 192.168.3.139 /wangpan/
INFO: [ app_begin ] --START--
INFO: ReadHtmlCache Behavior ::run [ RunTime:0.000261s ]
INFO: [ app_begin ] --END-- [ RunTime:0.000318s ]
NOTIC: [8] A session had already been started - ignoring session_start() /home/wwwroot/default/wangpan/ThinkPHP/Common/functions.php 第 566 行.
NOTIC: [8] Undefined index: message /home/wwwroot/default/wangpan/Login/Lib/Action/IndexAction.class.php 第 6 行.
INFO: [ view_parse ] --START--
INFO: ParseTemplate Behavior ::run [ RunTime:0.004282s ]
INFO: [ view_parse ] --END-- [ RunTime:0.004327s ]
INFO: [ view_filter ] --START--
INFO: ContentReplace Behavior ::run [ RunTime:0.000156s ]
INFO: TokenBuild Behavior ::run [ RunTime:0.000165s ]
INFO: WriteHtmlCache Behavior ::run [ RunTime:0.000102s ]
INFO: ShowRuntime Behavior ::run [ RunTime:0.000207s ]
INFO: [ view_filter ] --END-- [ RunTime:0.000741s ]
INFO: [ view_end ] --START--
INFO: ShowPageTrace Behavior ::run [ RunTime:0.000286s ]
INFO: [ view_end ] --END-- [ RunTime:0.000325s ]

[ 2013-11-14T10:05:31+08:00 ] 192.168.3.139 /wangpan/index.php?m=Index&a=loginNext
INFO: [ app_begin ] --START--
INFO: ReadHtmlCache Behavior ::run [ RunTime:0.000259s ]
INFO: [ app_begin ] --END-- [ RunTime:0.000318s ]
NOTIC: [8] A session had already been started - ignoring session_start() /home/wwwroot/default/wangpan/ThinkPHP/Common/functions.php 第 566 行.

