[ 2013-08-03T01:30:00+08:00 ] 192.168.3.139 /wangpan/Index.php
INFO: [ app_begin ] --START--
INFO: ReadHtmlCache Behavior ::run [ RunTime:0.000260s ]
INFO: [ app_begin ] --END-- [ RunTime:0.000321s ]
SQL: SHOW COLUMNS FROM `translog` [ RunTime:0.000582s ]
SQL: SELECT * FROM `translog` ORDER BY tdate desc  [ RunTime:0.000098s ]
SQL: SHOW COLUMNS FROM `policy` [ RunTime:0.000518s ]
SQL: SELECT * FROM `policy` WHERE ( `id` = 0 ) LIMIT 1   [ RunTime:0.000124s ]
NOTIC: [8] Undefined index: pconfAlert /home/wwwroot/default/wangpan/APP/Lib/Action/IndexAction.class.php 第 38 行.
NOTIC: [8] Undefined index: fid /home/wwwroot/default/wangpan/APP/Lib/Action/IndexAction.class.php 第 41 行.
SQL: SHOW COLUMNS FROM `fileinfo` [ RunTime:0.000682s ]
SQL: SELECT * FROM `fileinfo` WHERE ( fpid=1 )  [ RunTime:0.002038s ]
INFO: [ view_parse ] --START--
NOTIC: [8] Undefined index: fpath /home/wwwroot/default/wangpan/APP/Runtime/Cache/e5b19ddd3d471b21bbda02c5e4185b4b.php 第 364 行.
NOTIC: [8] Undefined index: fpath /home/wwwroot/default/wangpan/APP/Runtime/Cache/e5b19ddd3d471b21bbda02c5e4185b4b.php 第 381 行.
NOTIC: [8] Undefined variable: target /home/wwwroot/default/wangpan/APP/Runtime/Cache/e5b19ddd3d471b21bbda02c5e4185b4b.php 第 448 行.
NOTIC: [8] Undefined variable: target /home/wwwroot/default/wangpan/APP/Runtime/Cache/e5b19ddd3d471b21bbda02c5e4185b4b.php 第 479 行.
NOTIC: [8] Undefined variable: target /home/wwwroot/default/wangpan/APP/Runtime/Cache/e5b19ddd3d471b21bbda02c5e4185b4b.php 第 487 行.
NOTIC: [8] Undefined variable: target /home/wwwroot/default/wangpan/APP/Runtime/Cache/e5b19ddd3d471b21bbda02c5e4185b4b.php 第 448 行.
NOTIC: [8] Undefined variable: target /home/wwwroot/default/wangpan/APP/Runtime/Cache/e5b19ddd3d471b21bbda02c5e4185b4b.php 第 479 行.
NOTIC: [8] Undefined variable: target /home/wwwroot/default/wangpan/APP/Runtime/Cache/e5b19ddd3d471b21bbda02c5e4185b4b.php 第 487 行.
NOTIC: [8] Undefined variable: target /home/wwwroot/default/wangpan/APP/Runtime/Cache/e5b19ddd3d471b21bbda02c5e4185b4b.php 第 448 行.
NOTIC: [8] Undefined variable: target /home/wwwroot/default/wangpan/APP/Runtime/Cache/e5b19ddd3d471b21bbda02c5e4185b4b.php 第 479 行.
NOTIC: [8] Undefined variable: target /home/wwwroot/default/wangpan/APP/Runtime/Cache/e5b19ddd3d471b21bbda02c5e4185b4b.php 第 487 行.
NOTIC: [8] Undefined variable: target /home/wwwroot/default/wangpan/APP/Runtime/Cache/e5b19ddd3d471b21bbda02c5e4185b4b.php 第 448 行.
NOTIC: [8] Undefined variable: target /home/wwwroot/default/wangpan/APP/Runtime/Cache/e5b19ddd3d471b21bbda02c5e4185b4b.php 第 479 行.
NOTIC: [8] Undefined variable: target /home/wwwroot/default/wangpan/APP/Runtime/Cache/e5b19ddd3d471b21bbda02c5e4185b4b.php 第 487 行.
NOTIC: [8] Undefined variable: target /home/wwwroot/default/wangpan/APP/Runtime/Cache/e5b19ddd3d471b21bbda02c5e4185b4b.php 第 448 行.
NOTIC: [8] Undefined variable: target /home/wwwroot/default/wangpan/APP/Runtime/Cache/e5b19ddd3d471b21bbda02c5e4185b4b.php 第 479 行.
NOTIC: [8] Undefined variable: target /home/wwwroot/default/wangpan/APP/Runtime/Cache/e5b19ddd3d471b21bbda02c5e4185b4b.php 第 487 行.
NOTIC: [8] Undefined variable: target /home/wwwroot/default/wangpan/APP/Runtime/Cache/e5b19ddd3d471b21bbda02c5e4185b4b.php 第 448 行.
NOTIC: [8] Undefined variable: target /home/wwwroot/default/wangpan/APP/Runtime/Cache/e5b19ddd3d471b21bbda02c5e4185b4b.php 第 479 行.
NOTIC: [8] Undefined variable: target /home/wwwroot/default/wangpan/APP/Runtime/Cache/e5b19ddd3d471b21bbda02c5e4185b4b.php 第 487 行.
NOTIC: [8] Undefined variable: target /home/wwwroot/default/wangpan/APP/Runtime/Cache/e5b19ddd3d471b21bbda02c5e4185b4b.php 第 448 行.
NOTIC: [8] Undefined variable: target /home/wwwroot/default/wangpan/APP/Runtime/Cache/e5b19ddd3d471b21bbda02c5e4185b4b.php 第 479 行.
NOTIC: [8] Undefined variable: target /home/wwwroot/default/wangpan/APP/Runtime/Cache/e5b19ddd3d471b21bbda02c5e4185b4b.php 第 487 行.
NOTIC: [8] Undefined variable: target /home/wwwroot/default/wangpan/APP/Runtime/Cache/e5b19ddd3d471b21bbda02c5e4185b4b.php 第 448 行.
NOTIC: [8] Undefined variable: target /home/wwwroot/default/wangpan/APP/Runtime/Cache/e5b19ddd3d471b21bbda02c5e4185b4b.php 第 479 行.
NOTIC: [8] Undefined variable: target /home/wwwroot/default/wangpan/APP/Runtime/Cache/e5b19ddd3d471b21bbda02c5e4185b4b.php 第 487 行.
NOTIC: [8] Undefined variable: target /home/wwwroot/default/wangpan/APP/Runtime/Cache/e5b19ddd3d471b21bbda02c5e4185b4b.php 第 448 行.
NOTIC: [8] Undefined variable: target /home/wwwroot/default/wangpan/APP/Runtime/Cache/e5b19ddd3d471b21bbda02c5e4185b4b.php 第 479 行.
NOTIC: [8] Undefined variable: target /home/wwwroot/default/wangpan/APP/Runtime/Cache/e5b19ddd3d471b21bbda02c5e4185b4b.php 第 487 行.
NOTIC: [8] Undefined variable: target /home/wwwroot/default/wangpan/APP/Runtime/Cache/e5b19ddd3d471b21bbda02c5e4185b4b.php 第 448 行.
NOTIC: [8] Undefined variable: target /home/wwwroot/default/wangpan/APP/Runtime/Cache/e5b19ddd3d471b21bbda02c5e4185b4b.php 第 479 行.
NOTIC: [8] Undefined variable: target /home/wwwroot/default/wangpan/APP/Runtime/Cache/e5b19ddd3d471b21bbda02c5e4185b4b.php 第 487 行.
NOTIC: [8] Undefined variable: target /home/wwwroot/default/wangpan/APP/Runtime/Cache/e5b19ddd3d471b21bbda02c5e4185b4b.php 第 569 行.
NOTIC: [8] Undefined variable: target /home/wwwroot/default/wangpan/APP/Runtime/Cache/e5b19ddd3d471b21bbda02c5e4185b4b.php 第 600 行.
NOTIC: [8] Undefined variable: target /home/wwwroot/default/wangpan/APP/Runtime/Cache/e5b19ddd3d471b21bbda02c5e4185b4b.php 第 608 行.
NOTIC: [8] Undefined variable: target /home/wwwroot/default/wangpan/APP/Runtime/Cache/e5b19ddd3d471b21bbda02c5e4185b4b.php 第 569 行.
NOTIC: [8] Undefined variable: target /home/wwwroot/default/wangpan/APP/Runtime/Cache/e5b19ddd3d471b21bbda02c5e4185b4b.php 第 600 行.
NOTIC: [8] Undefined variable: target /home/wwwroot/default/wangpan/APP/Runtime/Cache/e5b19ddd3d471b21bbda02c5e4185b4b.php 第 608 行.
NOTIC: [8] Undefined variable: target /home/wwwroot/default/wangpan/APP/Runtime/Cache/e5b19ddd3d471b21bbda02c5e4185b4b.php 第 569 行.
NOTIC: [8] Undefined variable: target /home/wwwroot/default/wangpan/APP/Runtime/Cache/e5b19ddd3d471b21bbda02c5e4185b4b.php 第 600 行.
NOTIC: [8] Undefined variable: target /home/wwwroot/default/wangpan/APP/Runtime/Cache/e5b19ddd3d471b21bbda02c5e4185b4b.php 第 608 行.
NOTIC: [8] Undefined variable: target /home/wwwroot/default/wangpan/APP/Runtime/Cache/e5b19ddd3d471b21bbda02c5e4185b4b.php 第 569 行.
NOTIC: [8] Undefined variable: target /home/wwwroot/default/wangpan/APP/Runtime/Cache/e5b19ddd3d471b21bbda02c5e4185b4b.php 第 600 行.
NOTIC: [8] Undefined variable: target /home/wwwroot/default/wangpan/APP/Runtime/Cache/e5b19ddd3d471b21bbda02c5e4185b4b.php 第 608 行.
NOTIC: [8] Undefined variable: target /home/wwwroot/default/wangpan/APP/Runtime/Cache/e5b19ddd3d471b21bbda02c5e4185b4b.php 第 569 行.
NOTIC: [8] Undefined variable: target /home/wwwroot/default/wangpan/APP/Runtime/Cache/e5b19ddd3d471b21bbda02c5e4185b4b.php 第 600 行.
NOTIC: [8] Undefined variable: target /home/wwwroot/default/wangpan/APP/Runtime/Cache/e5b19ddd3d471b21bbda02c5e4185b4b.php 第 608 行.
NOTIC: [8] Undefined variable: target /home/wwwroot/default/wangpan/APP/Runtime/Cache/e5b19ddd3d471b21bbda02c5e4185b4b.php 第 569 行.
NOTIC: [8] Undefined variable: target /home/wwwroot/default/wangpan/APP/Runtime/Cache/e5b19ddd3d471b21bbda02c5e4185b4b.php 第 600 行.
NOTIC: [8] Undefined variable: target /home/wwwroot/default/wangpan/APP/Runtime/Cache/e5b19ddd3d471b21bbda02c5e4185b4b.php 第 608 行.
NOTIC: [8] Undefined variable: target /home/wwwroot/default/wangpan/APP/Runtime/Cache/e5b19ddd3d471b21bbda02c5e4185b4b.php 第 569 行.
NOTIC: [8] Undefined variable: target /home/wwwroot/default/wangpan/APP/Runtime/Cache/e5b19ddd3d471b21bbda02c5e4185b4b.php 第 600 行.
NOTIC: [8] Undefined variable: target /home/wwwroot/default/wangpan/APP/Runtime/Cache/e5b19ddd3d471b21bbda02c5e4185b4b.php 第 608 行.
NOTIC: [8] Undefined variable: target /home/wwwroot/default/wangpan/APP/Runtime/Cache/e5b19ddd3d471b21bbda02c5e4185b4b.php 第 569 行.
NOTIC: [8] Undefined variable: target /home/wwwroot/default/wangpan/APP/Runtime/Cache/e5b19ddd3d471b21bbda02c5e4185b4b.php 第 600 行.
NOTIC: [8] Undefined variable: target /home/wwwroot/default/wangpan/APP/Runtime/Cache/e5b19ddd3d471b21bbda02c5e4185b4b.php 第 608 行.
NOTIC: [8] Undefined variable: target /home/wwwroot/default/wangpan/APP/Runtime/Cache/e5b19ddd3d471b21bbda02c5e4185b4b.php 第 569 行.
NOTIC: [8] Undefined variable: target /home/wwwroot/default/wangpan/APP/Runtime/Cache/e5b19ddd3d471b21bbda02c5e4185b4b.php 第 600 行.
NOTIC: [8] Undefined variable: target /home/wwwroot/default/wangpan/APP/Runtime/Cache/e5b19ddd3d471b21bbda02c5e4185b4b.php 第 608 行.
NOTIC: [8] Undefined variable: target /home/wwwroot/default/wangpan/APP/Runtime/Cache/e5b19ddd3d471b21bbda02c5e4185b4b.php 第 569 行.
NOTIC: [8] Undefined variable: target /home/wwwroot/default/wangpan/APP/Runtime/Cache/e5b19ddd3d471b21bbda02c5e4185b4b.php 第 600 行.
NOTIC: [8] Undefined variable: target /home/wwwroot/default/wangpan/APP/Runtime/Cache/e5b19ddd3d471b21bbda02c5e4185b4b.php 第 608 行.
NOTIC: [8] Undefined index: zhuancunFlag /home/wwwroot/default/wangpan/APP/Runtime/Cache/e5b19ddd3d471b21bbda02c5e4185b4b.php 第 793 行.
INFO: ParseTemplate Behavior ::run [ RunTime:0.020355s ]
INFO: [ view_parse ] --END-- [ RunTime:0.020403s ]
INFO: [ view_filter ] --START--
INFO: ContentReplace Behavior ::run [ RunTime:0.000547s ]
INFO: TokenBuild Behavior ::run [ RunTime:0.000212s ]
INFO: WriteHtmlCache Behavior ::run [ RunTime:0.000100s ]
INFO: ShowRuntime Behavior ::run [ RunTime:0.000295s ]
INFO: [ view_filter ] --END-- [ RunTime:0.001270s ]
INFO: [ view_end ] --START--
INFO: ShowPageTrace Behavior ::run [ RunTime:0.000283s ]
INFO: [ view_end ] --END-- [ RunTime:0.000324s ]

