[ 2013-08-15T01:00:00+08:00 ] 192.168.3.139 /wangpan/Index.php
INFO: [ app_begin ] --START--
INFO: ReadHtmlCache Behavior ::run [ RunTime:0.000260s ]
INFO: [ app_begin ] --END-- [ RunTime:0.000322s ]
SQL: SHOW COLUMNS FROM `translog` [ RunTime:0.000595s ]
SQL: SELECT * FROM `translog` ORDER BY tdate desc  [ RunTime:0.000713s ]
SQL: SHOW COLUMNS FROM `policy` [ RunTime:0.000526s ]
SQL: SELECT * FROM `policy` WHERE ( `id` = 0 ) LIMIT 1   [ RunTime:0.000136s ]
NOTIC: [8] Undefined index: pconfAlert /home/wwwroot/default/wangpan/APP/Lib/Action/IndexAction.class.php 第 38 行.
NOTIC: [8] Undefined index: fid /home/wwwroot/default/wangpan/APP/Lib/Action/IndexAction.class.php 第 41 行.
SQL: SHOW COLUMNS FROM `fileinfo` [ RunTime:0.000723s ]
SQL: SELECT * FROM `fileinfo` WHERE ( fpid=1 )  [ RunTime:0.000486s ]
INFO: [ view_parse ] --START--
NOTIC: [8] Undefined index: fpath /home/wwwroot/default/wangpan/APP/Runtime/Cache/e5b19ddd3d471b21bbda02c5e4185b4b.php 第 364 行.
NOTIC: [8] Undefined index: fpath /home/wwwroot/default/wangpan/APP/Runtime/Cache/e5b19ddd3d471b21bbda02c5e4185b4b.php 第 381 行.
NOTIC: [8] Undefined variable: target /home/wwwroot/default/wangpan/APP/Runtime/Cache/e5b19ddd3d471b21bbda02c5e4185b4b.php 第 448 行.
NOTIC: [8] Undefined variable: target /home/wwwroot/default/wangpan/APP/Runtime/Cache/e5b19ddd3d471b21bbda02c5e4185b4b.php 第 479 行.
NOTIC: [8] Undefined variable: target /home/wwwroot/default/wangpan/APP/Runtime/Cache/e5b19ddd3d471b21bbda02c5e4185b4b.php 第 487 行.
NOTIC: [8] Undefined variable: target /home/wwwroot/default/wangpan/APP/Runtime/Cache/e5b19ddd3d471b21bbda02c5e4185b4b.php 第 448 行.
NOTIC: [8] Undefined variable: target /home/wwwroot/default/wangpan/APP/Runtime/Cache/e5b19ddd3d471b21bbda02c5e4185b4b.php 第 479 行.
NOTIC: [8] Undefined variable: target /home/wwwroot/default/wangpan/APP/Runtime/Cache/e5b19ddd3d471b21bbda02c5e4185b4b.php 第 487 行.
NOTIC: [8] Undefined variable: target /home/wwwroot/default/wangpan/APP/Runtime/Cache/e5b19ddd3d471b21bbda02c5e4185b4b.php 第 448 行.
NOTIC: [8] Undefined variable: target /home/wwwroot/default/wangpan/APP/Runtime/Cache/e5b19ddd3d471b21bbda02c5e4185b4b.php 第 479 行.
NOTIC: [8] Undefined variable: target /home/wwwroot/default/wangpan/APP/Runtime/Cache/e5b19ddd3d471b21bbda02c5e4185b4b.php 第 487 行.
NOTIC: [8] Undefined variable: target /home/wwwroot/default/wangpan/APP/Runtime/Cache/e5b19ddd3d471b21bbda02c5e4185b4b.php 第 448 行.
NOTIC: [8] Undefined variable: target /home/wwwroot/default/wangpan/APP/Runtime/Cache/e5b19ddd3d471b21bbda02c5e4185b4b.php 第 479 行.
NOTIC: [8] Undefined variable: target /home/wwwroot/default/wangpan/APP/Runtime/Cache/e5b19ddd3d471b21bbda02c5e4185b4b.php 第 487 行.
NOTIC: [8] Undefined variable: target /home/wwwroot/default/wangpan/APP/Runtime/Cache/e5b19ddd3d471b21bbda02c5e4185b4b.php 第 448 行.
NOTIC: [8] Undefined variable: target /home/wwwroot/default/wangpan/APP/Runtime/Cache/e5b19ddd3d471b21bbda02c5e4185b4b.php 第 479 行.
NOTIC: [8] Undefined variable: target /home/wwwroot/default/wangpan/APP/Runtime/Cache/e5b19ddd3d471b21bbda02c5e4185b4b.php 第 487 行.
NOTIC: [8] Undefined variable: target /home/wwwroot/default/wangpan/APP/Runtime/Cache/e5b19ddd3d471b21bbda02c5e4185b4b.php 第 448 行.
NOTIC: [8] Undefined variable: target /home/wwwroot/default/wangpan/APP/Runtime/Cache/e5b19ddd3d471b21bbda02c5e4185b4b.php 第 479 行.
NOTIC: [8] Undefined variable: target /home/wwwroot/default/wangpan/APP/Runtime/Cache/e5b19ddd3d471b21bbda02c5e4185b4b.php 第 487 行.
NOTIC: [8] Undefined variable: target /home/wwwroot/default/wangpan/APP/Runtime/Cache/e5b19ddd3d471b21bbda02c5e4185b4b.php 第 448 行.
NOTIC: [8] Undefined variable: target /home/wwwroot/default/wangpan/APP/Runtime/Cache/e5b19ddd3d471b21bbda02c5e4185b4b.php 第 479 行.
NOTIC: [8] Undefined variable: target /home/wwwroot/default/wangpan/APP/Runtime/Cache/e5b19ddd3d471b21bbda02c5e4185b4b.php 第 487 行.
NOTIC: [8] Undefined variable: target /home/wwwroot/default/wangpan/APP/Runtime/Cache/e5b19ddd3d471b21bbda02c5e4185b4b.php 第 448 行.
NOTIC: [8] Undefined variable: target /home/wwwroot/default/wangpan/APP/Runtime/Cache/e5b19ddd3d471b21bbda02c5e4185b4b.php 第 479 行.
NOTIC: [8] Undefined variable: target /home/wwwroot/default/wangpan/APP/Runtime/Cache/e5b19ddd3d471b21bbda02c5e4185b4b.php 第 487 行.
NOTIC: [8] Undefined variable: target /home/wwwroot/default/wangpan/APP/Runtime/Cache/e5b19ddd3d471b21bbda02c5e4185b4b.php 第 448 行.
NOTIC: [8] Undefined variable: target /home/wwwroot/default/wangpan/APP/Runtime/Cache/e5b19ddd3d471b21bbda02c5e4185b4b.php 第 479 行.
NOTIC: [8] Undefined variable: target /home/wwwroot/default/wangpan/APP/Runtime/Cache/e5b19ddd3d471b21bbda02c5e4185b4b.php 第 487 行.
NOTIC: [8] Undefined variable: target /home/wwwroot/default/wangpan/APP/Runtime/Cache/e5b19ddd3d471b21bbda02c5e4185b4b.php 第 448 行.
NOTIC: [8] Undefined variable: target /home/wwwroot/default/wangpan/APP/Runtime/Cache/e5b19ddd3d471b21bbda02c5e4185b4b.php 第 479 行.
NOTIC: [8] Undefined variable: target /home/wwwroot/default/wangpan/APP/Runtime/Cache/e5b19ddd3d471b21bbda02c5e4185b4b.php 第 487 行.
NOTIC: [8] Undefined variable: target /home/wwwroot/default/wangpan/APP/Runtime/Cache/e5b19ddd3d471b21bbda02c5e4185b4b.php 第 569 行.
NOTIC: [8] Undefined variable: target /home/wwwroot/default/wangpan/APP/Runtime/Cache/e5b19ddd3d471b21bbda02c5e4185b4b.php 第 600 行.
NOTIC: [8] Undefined variable: target /home/wwwroot/default/wangpan/APP/Runtime/Cache/e5b19ddd3d471b21bbda02c5e4185b4b.php 第 608 行.
NOTIC: [8] Undefined variable: target /home/wwwroot/default/wangpan/APP/Runtime/Cache/e5b19ddd3d471b21bbda02c5e4185b4b.php 第 569 行.
NOTIC: [8] Undefined variable: target /home/wwwroot/default/wangpan/APP/Runtime/Cache/e5b19ddd3d471b21bbda02c5e4185b4b.php 第 600 行.
NOTIC: [8] Undefined variable: target /home/wwwroot/default/wangpan/APP/Runtime/Cache/e5b19ddd3d471b21bbda02c5e4185b4b.php 第 608 行.
NOTIC: [8] Undefined variable: target /home/wwwroot/default/wangpan/APP/Runtime/Cache/e5b19ddd3d471b21bbda02c5e4185b4b.php 第 569 行.
NOTIC: [8] Undefined variable: target /home/wwwroot/default/wangpan/APP/Runtime/Cache/e5b19ddd3d471b21bbda02c5e4185b4b.php 第 600 行.
NOTIC: [8] Undefined variable: target /home/wwwroot/default/wangpan/APP/Runtime/Cache/e5b19ddd3d471b21bbda02c5e4185b4b.php 第 608 行.
NOTIC: [8] Undefined variable: target /home/wwwroot/default/wangpan/APP/Runtime/Cache/e5b19ddd3d471b21bbda02c5e4185b4b.php 第 569 行.
NOTIC: [8] Undefined variable: target /home/wwwroot/default/wangpan/APP/Runtime/Cache/e5b19ddd3d471b21bbda02c5e4185b4b.php 第 600 行.
NOTIC: [8] Undefined variable: target /home/wwwroot/default/wangpan/APP/Runtime/Cache/e5b19ddd3d471b21bbda02c5e4185b4b.php 第 608 行.
NOTIC: [8] Undefined variable: target /home/wwwroot/default/wangpan/APP/Runtime/Cache/e5b19ddd3d471b21bbda02c5e4185b4b.php 第 569 行.
NOTIC: [8] Undefined variable: target /home/wwwroot/default/wangpan/APP/Runtime/Cache/e5b19ddd3d471b21bbda02c5e4185b4b.php 第 600 行.
NOTIC: [8] Undefined variable: target /home/wwwroot/default/wangpan/APP/Runtime/Cache/e5b19ddd3d471b21bbda02c5e4185b4b.php 第 608 行.
NOTIC: [8] Undefined variable: target /home/wwwroot/default/wangpan/APP/Runtime/Cache/e5b19ddd3d471b21bbda02c5e4185b4b.php 第 569 行.
NOTIC: [8] Undefined variable: target /home/wwwroot/default/wangpan/APP/Runtime/Cache/e5b19ddd3d471b21bbda02c5e4185b4b.php 第 600 行.
NOTIC: [8] Undefined variable: target /home/wwwroot/default/wangpan/APP/Runtime/Cache/e5b19ddd3d471b21bbda02c5e4185b4b.php 第 608 行.
NOTIC: [8] Undefined variable: target /home/wwwroot/default/wangpan/APP/Runtime/Cache/e5b19ddd3d471b21bbda02c5e4185b4b.php 第 569 行.
NOTIC: [8] Undefined variable: target /home/wwwroot/default/wangpan/APP/Runtime/Cache/e5b19ddd3d471b21bbda02c5e4185b4b.php 第 600 行.
NOTIC: [8] Undefined variable: target /home/wwwroot/default/wangpan/APP/Runtime/Cache/e5b19ddd3d471b21bbda02c5e4185b4b.php 第 608 行.
NOTIC: [8] Undefined variable: target /home/wwwroot/default/wangpan/APP/Runtime/Cache/e5b19ddd3d471b21bbda02c5e4185b4b.php 第 569 行.
NOTIC: [8] Undefined variable: target /home/wwwroot/default/wangpan/APP/Runtime/Cache/e5b19ddd3d471b21bbda02c5e4185b4b.php 第 600 行.
NOTIC: [8] Undefined variable: target /home/wwwroot/default/wangpan/APP/Runtime/Cache/e5b19ddd3d471b21bbda02c5e4185b4b.php 第 608 行.
NOTIC: [8] Undefined variable: target /home/wwwroot/default/wangpan/APP/Runtime/Cache/e5b19ddd3d471b21bbda02c5e4185b4b.php 第 569 行.
NOTIC: [8] Undefined variable: target /home/wwwroot/default/wangpan/APP/Runtime/Cache/e5b19ddd3d471b21bbda02c5e4185b4b.php 第 600 行.
NOTIC: [8] Undefined variable: target /home/wwwroot/default/wangpan/APP/Runtime/Cache/e5b19ddd3d471b21bbda02c5e4185b4b.php 第 608 行.
NOTIC: [8] Undefined variable: target /home/wwwroot/default/wangpan/APP/Runtime/Cache/e5b19ddd3d471b21bbda02c5e4185b4b.php 第 569 行.
NOTIC: [8] Undefined variable: target /home/wwwroot/default/wangpan/APP/Runtime/Cache/e5b19ddd3d471b21bbda02c5e4185b4b.php 第 600 行.
NOTIC: [8] Undefined variable: target /home/wwwroot/default/wangpan/APP/Runtime/Cache/e5b19ddd3d471b21bbda02c5e4185b4b.php 第 608 行.
NOTIC: [8] Undefined index: zhuancunFlag /home/wwwroot/default/wangpan/APP/Runtime/Cache/e5b19ddd3d471b21bbda02c5e4185b4b.php 第 793 行.
INFO: ParseTemplate Behavior ::run [ RunTime:0.020860s ]
INFO: [ view_parse ] --END-- [ RunTime:0.020910s ]
INFO: [ view_filter ] --START--
INFO: ContentReplace Behavior ::run [ RunTime:0.000980s ]
INFO: TokenBuild Behavior ::run [ RunTime:0.000268s ]
INFO: WriteHtmlCache Behavior ::run [ RunTime:0.000103s ]
INFO: ShowRuntime Behavior ::run [ RunTime:0.000399s ]
INFO: [ view_filter ] --END-- [ RunTime:0.001866s ]
INFO: [ view_end ] --START--
INFO: ShowPageTrace Behavior ::run [ RunTime:0.000321s ]
INFO: [ view_end ] --END-- [ RunTime:0.000362s ]

