[ 2013-08-14T02:00:00+08:00 ] 192.168.3.139 /wangpan/Index.php
INFO: [ app_begin ] --START--
INFO: ReadHtmlCache Behavior ::run [ RunTime:0.000284s ]
INFO: [ app_begin ] --END-- [ RunTime:0.000349s ]
SQL: SHOW COLUMNS FROM `translog` [ RunTime:0.000669s ]
SQL: SELECT * FROM `translog` ORDER BY tdate desc  [ RunTime:0.000789s ]
SQL: SHOW COLUMNS FROM `policy` [ RunTime:0.000548s ]
SQL: SELECT * FROM `policy` WHERE ( `id` = 0 ) LIMIT 1   [ RunTime:0.000141s ]
NOTIC: [8] Undefined index: pconfAlert /home/wwwroot/default/wangpan/APP/Lib/Action/IndexAction.class.php 第 38 行.
NOTIC: [8] Undefined index: fid /home/wwwroot/default/wangpan/APP/Lib/Action/IndexAction.class.php 第 41 行.
SQL: SHOW COLUMNS FROM `fileinfo` [ RunTime:0.000687s ]
SQL: SELECT * FROM `fileinfo` WHERE ( fpid=1 )  [ RunTime:0.000457s ]
INFO: [ view_parse ] --START--
NOTIC: [8] Undefined index: fpath /home/wwwroot/default/wangpan/APP/Runtime/Cache/e5b19ddd3d471b21bbda02c5e4185b4b.php 第 364 行.
NOTIC: [8] Undefined index: fpath /home/wwwroot/default/wangpan/APP/Runtime/Cache/e5b19ddd3d471b21bbda02c5e4185b4b.php 第 381 行.
NOTIC: [8] Undefined variable: target /home/wwwroot/default/wangpan/APP/Runtime/Cache/e5b19ddd3d471b21bbda02c5e4185b4b.php 第 448 行.
NOTIC: [8] Undefined variable: target /home/wwwroot/default/wangpan/APP/Runtime/Cache/e5b19ddd3d471b21bbda02c5e4185b4b.php 第 479 行.
NOTIC: [8] Undefined variable: target /home/wwwroot/default/wangpan/APP/Runtime/Cache/e5b19ddd3d471b21bbda02c5e4185b4b.php 第 487 行.
NOTIC: [8] Undefined variable: target /home/wwwroot/default/wangpan/APP/Runtime/Cache/e5b19ddd3d471b21bbda02c5e4185b4b.php 第 448 行.
NOTIC: [8] Undefined variable: target /home/wwwroot/default/wangpan/APP/Runtime/Cache/e5b19ddd3d471b21bbda02c5e4185b4b.php 第 479 行.
NOTIC: [8] Undefined variable: target /home/wwwroot/default/wangpan/APP/Runtime/Cache/e5b19ddd3d471b21bbda02c5e4185b4b.php 第 487 行.
NOTIC: [8] Undefined variable: target /home/wwwroot/default/wangpan/APP/Runtime/Cache/e5b19ddd3d471b21bbda02c5e4185b4b.php 第 448 行.
NOTIC: [8] Undefined variable: target /home/wwwroot/default/wangpan/APP/Runtime/Cache/e5b19ddd3d471b21bbda02c5e4185b4b.php 第 479 行.
NOTIC: [8] Undefined variable: target /home/wwwroot/default/wangpan/APP/Runtime/Cache/e5b19ddd3d471b21bbda02c5e4185b4b.php 第 487 行.
NOTIC: [8] Undefined variable: target /home/wwwroot/default/wangpan/APP/Runtime/Cache/e5b19ddd3d471b21bbda02c5e4185b4b.php 第 448 行.
NOTIC: [8] Undefined variable: target /home/wwwroot/default/wangpan/APP/Runtime/Cache/e5b19ddd3d471b21bbda02c5e4185b4b.php 第 479 行.
NOTIC: [8] Undefined variable: target /home/wwwroot/default/wangpan/APP/Runtime/Cache/e5b19ddd3d471b21bbda02c5e4185b4b.php 第 487 行.
NOTIC: [8] Undefined variable: target /home/wwwroot/default/wangpan/APP/Runtime/Cache/e5b19ddd3d471b21bbda02c5e4185b4b.php 第 448 行.
NOTIC: [8] Undefined variable: target /home/wwwroot/default/wangpan/APP/Runtime/Cache/e5b19ddd3d471b21bbda02c5e4185b4b.php 第 479 行.
NOTIC: [8] Undefined variable: target /home/wwwroot/default/wangpan/APP/Runtime/Cache/e5b19ddd3d471b21bbda02c5e4185b4b.php 第 487 行.
NOTIC: [8] Undefined variable: target /home/wwwroot/default/wangpan/APP/Runtime/Cache/e5b19ddd3d471b21bbda02c5e4185b4b.php 第 448 行.
NOTIC: [8] Undefined variable: target /home/wwwroot/default/wangpan/APP/Runtime/Cache/e5b19ddd3d471b21bbda02c5e4185b4b.php 第 479 行.
NOTIC: [8] Undefined variable: target /home/wwwroot/default/wangpan/APP/Runtime/Cache/e5b19ddd3d471b21bbda02c5e4185b4b.php 第 487 行.
NOTIC: [8] Undefined variable: target /home/wwwroot/default/wangpan/APP/Runtime/Cache/e5b19ddd3d471b21bbda02c5e4185b4b.php 第 448 行.
NOTIC: [8] Undefined variable: target /home/wwwroot/default/wangpan/APP/Runtime/Cache/e5b19ddd3d471b21bbda02c5e4185b4b.php 第 479 行.
NOTIC: [8] Undefined variable: target /home/wwwroot/default/wangpan/APP/Runtime/Cache/e5b19ddd3d471b21bbda02c5e4185b4b.php 第 487 行.
NOTIC: [8] Undefined variable: target /home/wwwroot/default/wangpan/APP/Runtime/Cache/e5b19ddd3d471b21bbda02c5e4185b4b.php 第 448 行.
NOTIC: [8] Undefined variable: target /home/wwwroot/default/wangpan/APP/Runtime/Cache/e5b19ddd3d471b21bbda02c5e4185b4b.php 第 479 行.
NOTIC: [8] Undefined variable: target /home/wwwroot/default/wangpan/APP/Runtime/Cache/e5b19ddd3d471b21bbda02c5e4185b4b.php 第 487 行.
NOTIC: [8] Undefined variable: target /home/wwwroot/default/wangpan/APP/Runtime/Cache/e5b19ddd3d471b21bbda02c5e4185b4b.php 第 448 行.
NOTIC: [8] Undefined variable: target /home/wwwroot/default/wangpan/APP/Runtime/Cache/e5b19ddd3d471b21bbda02c5e4185b4b.php 第 479 行.
NOTIC: [8] Undefined variable: target /home/wwwroot/default/wangpan/APP/Runtime/Cache/e5b19ddd3d471b21bbda02c5e4185b4b.php 第 487 行.
NOTIC: [8] Undefined variable: target /home/wwwroot/default/wangpan/APP/Runtime/Cache/e5b19ddd3d471b21bbda02c5e4185b4b.php 第 448 行.
NOTIC: [8] Undefined variable: target /home/wwwroot/default/wangpan/APP/Runtime/Cache/e5b19ddd3d471b21bbda02c5e4185b4b.php 第 479 行.
NOTIC: [8] Undefined variable: target /home/wwwroot/default/wangpan/APP/Runtime/Cache/e5b19ddd3d471b21bbda02c5e4185b4b.php 第 487 行.
NOTIC: [8] Undefined variable: target /home/wwwroot/default/wangpan/APP/Runtime/Cache/e5b19ddd3d471b21bbda02c5e4185b4b.php 第 569 行.
NOTIC: [8] Undefined variable: target /home/wwwroot/default/wangpan/APP/Runtime/Cache/e5b19ddd3d471b21bbda02c5e4185b4b.php 第 600 行.
NOTIC: [8] Undefined variable: target /home/wwwroot/default/wangpan/APP/Runtime/Cache/e5b19ddd3d471b21bbda02c5e4185b4b.php 第 608 行.
NOTIC: [8] Undefined variable: target /home/wwwroot/default/wangpan/APP/Runtime/Cache/e5b19ddd3d471b21bbda02c5e4185b4b.php 第 569 行.
NOTIC: [8] Undefined variable: target /home/wwwroot/default/wangpan/APP/Runtime/Cache/e5b19ddd3d471b21bbda02c5e4185b4b.php 第 600 行.
NOTIC: [8] Undefined variable: target /home/wwwroot/default/wangpan/APP/Runtime/Cache/e5b19ddd3d471b21bbda02c5e4185b4b.php 第 608 行.
NOTIC: [8] Undefined variable: target /home/wwwroot/default/wangpan/APP/Runtime/Cache/e5b19ddd3d471b21bbda02c5e4185b4b.php 第 569 行.
NOTIC: [8] Undefined variable: target /home/wwwroot/default/wangpan/APP/Runtime/Cache/e5b19ddd3d471b21bbda02c5e4185b4b.php 第 600 行.
NOTIC: [8] Undefined variable: target /home/wwwroot/default/wangpan/APP/Runtime/Cache/e5b19ddd3d471b21bbda02c5e4185b4b.php 第 608 行.
NOTIC: [8] Undefined variable: target /home/wwwroot/default/wangpan/APP/Runtime/Cache/e5b19ddd3d471b21bbda02c5e4185b4b.php 第 569 行.
NOTIC: [8] Undefined variable: target /home/wwwroot/default/wangpan/APP/Runtime/Cache/e5b19ddd3d471b21bbda02c5e4185b4b.php 第 600 行.
NOTIC: [8] Undefined variable: target /home/wwwroot/default/wangpan/APP/Runtime/Cache/e5b19ddd3d471b21bbda02c5e4185b4b.php 第 608 行.
NOTIC: [8] Undefined variable: target /home/wwwroot/default/wangpan/APP/Runtime/Cache/e5b19ddd3d471b21bbda02c5e4185b4b.php 第 569 行.
NOTIC: [8] Undefined variable: target /home/wwwroot/default/wangpan/APP/Runtime/Cache/e5b19ddd3d471b21bbda02c5e4185b4b.php 第 600 行.
NOTIC: [8] Undefined variable: target /home/wwwroot/default/wangpan/APP/Runtime/Cache/e5b19ddd3d471b21bbda02c5e4185b4b.php 第 608 行.
NOTIC: [8] Undefined variable: target /home/wwwroot/default/wangpan/APP/Runtime/Cache/e5b19ddd3d471b21bbda02c5e4185b4b.php 第 569 行.
NOTIC: [8] Undefined variable: target /home/wwwroot/default/wangpan/APP/Runtime/Cache/e5b19ddd3d471b21bbda02c5e4185b4b.php 第 600 行.
NOTIC: [8] Undefined variable: target /home/wwwroot/default/wangpan/APP/Runtime/Cache/e5b19ddd3d471b21bbda02c5e4185b4b.php 第 608 行.
NOTIC: [8] Undefined variable: target /home/wwwroot/default/wangpan/APP/Runtime/Cache/e5b19ddd3d471b21bbda02c5e4185b4b.php 第 569 行.
NOTIC: [8] Undefined variable: target /home/wwwroot/default/wangpan/APP/Runtime/Cache/e5b19ddd3d471b21bbda02c5e4185b4b.php 第 600 行.
NOTIC: [8] Undefined variable: target /home/wwwroot/default/wangpan/APP/Runtime/Cache/e5b19ddd3d471b21bbda02c5e4185b4b.php 第 608 行.
NOTIC: [8] Undefined variable: target /home/wwwroot/default/wangpan/APP/Runtime/Cache/e5b19ddd3d471b21bbda02c5e4185b4b.php 第 569 行.
NOTIC: [8] Undefined variable: target /home/wwwroot/default/wangpan/APP/Runtime/Cache/e5b19ddd3d471b21bbda02c5e4185b4b.php 第 600 行.
NOTIC: [8] Undefined variable: target /home/wwwroot/default/wangpan/APP/Runtime/Cache/e5b19ddd3d471b21bbda02c5e4185b4b.php 第 608 行.
NOTIC: [8] Undefined variable: target /home/wwwroot/default/wangpan/APP/Runtime/Cache/e5b19ddd3d471b21bbda02c5e4185b4b.php 第 569 行.
NOTIC: [8] Undefined variable: target /home/wwwroot/default/wangpan/APP/Runtime/Cache/e5b19ddd3d471b21bbda02c5e4185b4b.php 第 600 行.
NOTIC: [8] Undefined variable: target /home/wwwroot/default/wangpan/APP/Runtime/Cache/e5b19ddd3d471b21bbda02c5e4185b4b.php 第 608 行.
NOTIC: [8] Undefined variable: target /home/wwwroot/default/wangpan/APP/Runtime/Cache/e5b19ddd3d471b21bbda02c5e4185b4b.php 第 569 行.
NOTIC: [8] Undefined variable: target /home/wwwroot/default/wangpan/APP/Runtime/Cache/e5b19ddd3d471b21bbda02c5e4185b4b.php 第 600 行.
NOTIC: [8] Undefined variable: target /home/wwwroot/default/wangpan/APP/Runtime/Cache/e5b19ddd3d471b21bbda02c5e4185b4b.php 第 608 行.
NOTIC: [8] Undefined index: zhuancunFlag /home/wwwroot/default/wangpan/APP/Runtime/Cache/e5b19ddd3d471b21bbda02c5e4185b4b.php 第 793 行.
INFO: ParseTemplate Behavior ::run [ RunTime:0.030384s ]
INFO: [ view_parse ] --END-- [ RunTime:0.030437s ]
INFO: [ view_filter ] --START--
INFO: ContentReplace Behavior ::run [ RunTime:0.000753s ]
INFO: TokenBuild Behavior ::run [ RunTime:0.000255s ]
INFO: WriteHtmlCache Behavior ::run [ RunTime:0.000102s ]
INFO: ShowRuntime Behavior ::run [ RunTime:0.000360s ]
INFO: [ view_filter ] --END-- [ RunTime:0.001584s ]
INFO: [ view_end ] --START--
INFO: ShowPageTrace Behavior ::run [ RunTime:0.000329s ]
INFO: [ view_end ] --END-- [ RunTime:0.000441s ]

[ 2013-08-14T18:00:00+08:00 ] 192.168.3.139 /wangpan/Index.php
INFO: [ app_begin ] --START--
INFO: ReadHtmlCache Behavior ::run [ RunTime:0.000274s ]
INFO: [ app_begin ] --END-- [ RunTime:0.000335s ]
SQL: SHOW COLUMNS FROM `translog` [ RunTime:0.000576s ]
SQL: SELECT * FROM `translog` ORDER BY tdate desc  [ RunTime:0.000666s ]
SQL: SHOW COLUMNS FROM `policy` [ RunTime:0.000511s ]
SQL: SELECT * FROM `policy` WHERE ( `id` = 0 ) LIMIT 1   [ RunTime:0.000120s ]
NOTIC: [8] Undefined index: pconfAlert /home/wwwroot/default/wangpan/APP/Lib/Action/IndexAction.class.php 第 38 行.
NOTIC: [8] Undefined index: fid /home/wwwroot/default/wangpan/APP/Lib/Action/IndexAction.class.php 第 41 行.
SQL: SHOW COLUMNS FROM `fileinfo` [ RunTime:0.000701s ]
SQL: SELECT * FROM `fileinfo` WHERE ( fpid=1 )  [ RunTime:0.000460s ]
INFO: [ view_parse ] --START--
NOTIC: [8] Undefined index: fpath /home/wwwroot/default/wangpan/APP/Runtime/Cache/e5b19ddd3d471b21bbda02c5e4185b4b.php 第 364 行.
NOTIC: [8] Undefined index: fpath /home/wwwroot/default/wangpan/APP/Runtime/Cache/e5b19ddd3d471b21bbda02c5e4185b4b.php 第 381 行.
NOTIC: [8] Undefined variable: target /home/wwwroot/default/wangpan/APP/Runtime/Cache/e5b19ddd3d471b21bbda02c5e4185b4b.php 第 448 行.
NOTIC: [8] Undefined variable: target /home/wwwroot/default/wangpan/APP/Runtime/Cache/e5b19ddd3d471b21bbda02c5e4185b4b.php 第 479 行.
NOTIC: [8] Undefined variable: target /home/wwwroot/default/wangpan/APP/Runtime/Cache/e5b19ddd3d471b21bbda02c5e4185b4b.php 第 487 行.
NOTIC: [8] Undefined variable: target /home/wwwroot/default/wangpan/APP/Runtime/Cache/e5b19ddd3d471b21bbda02c5e4185b4b.php 第 448 行.
NOTIC: [8] Undefined variable: target /home/wwwroot/default/wangpan/APP/Runtime/Cache/e5b19ddd3d471b21bbda02c5e4185b4b.php 第 479 行.
NOTIC: [8] Undefined variable: target /home/wwwroot/default/wangpan/APP/Runtime/Cache/e5b19ddd3d471b21bbda02c5e4185b4b.php 第 487 行.
NOTIC: [8] Undefined variable: target /home/wwwroot/default/wangpan/APP/Runtime/Cache/e5b19ddd3d471b21bbda02c5e4185b4b.php 第 448 行.
NOTIC: [8] Undefined variable: target /home/wwwroot/default/wangpan/APP/Runtime/Cache/e5b19ddd3d471b21bbda02c5e4185b4b.php 第 479 行.
NOTIC: [8] Undefined variable: target /home/wwwroot/default/wangpan/APP/Runtime/Cache/e5b19ddd3d471b21bbda02c5e4185b4b.php 第 487 行.
NOTIC: [8] Undefined variable: target /home/wwwroot/default/wangpan/APP/Runtime/Cache/e5b19ddd3d471b21bbda02c5e4185b4b.php 第 448 行.
NOTIC: [8] Undefined variable: target /home/wwwroot/default/wangpan/APP/Runtime/Cache/e5b19ddd3d471b21bbda02c5e4185b4b.php 第 479 行.
NOTIC: [8] Undefined variable: target /home/wwwroot/default/wangpan/APP/Runtime/Cache/e5b19ddd3d471b21bbda02c5e4185b4b.php 第 487 行.
NOTIC: [8] Undefined variable: target /home/wwwroot/default/wangpan/APP/Runtime/Cache/e5b19ddd3d471b21bbda02c5e4185b4b.php 第 448 行.
NOTIC: [8] Undefined variable: target /home/wwwroot/default/wangpan/APP/Runtime/Cache/e5b19ddd3d471b21bbda02c5e4185b4b.php 第 479 行.
NOTIC: [8] Undefined variable: target /home/wwwroot/default/wangpan/APP/Runtime/Cache/e5b19ddd3d471b21bbda02c5e4185b4b.php 第 487 行.
NOTIC: [8] Undefined variable: target /home/wwwroot/default/wangpan/APP/Runtime/Cache/e5b19ddd3d471b21bbda02c5e4185b4b.php 第 448 行.
NOTIC: [8] Undefined variable: target /home/wwwroot/default/wangpan/APP/Runtime/Cache/e5b19ddd3d471b21bbda02c5e4185b4b.php 第 479 行.
NOTIC: [8] Undefined variable: target /home/wwwroot/default/wangpan/APP/Runtime/Cache/e5b19ddd3d471b21bbda02c5e4185b4b.php 第 487 行.
NOTIC: [8] Undefined variable: target /home/wwwroot/default/wangpan/APP/Runtime/Cache/e5b19ddd3d471b21bbda02c5e4185b4b.php 第 448 行.
NOTIC: [8] Undefined variable: target /home/wwwroot/default/wangpan/APP/Runtime/Cache/e5b19ddd3d471b21bbda02c5e4185b4b.php 第 479 行.
NOTIC: [8] Undefined variable: target /home/wwwroot/default/wangpan/APP/Runtime/Cache/e5b19ddd3d471b21bbda02c5e4185b4b.php 第 487 行.
NOTIC: [8] Undefined variable: target /home/wwwroot/default/wangpan/APP/Runtime/Cache/e5b19ddd3d471b21bbda02c5e4185b4b.php 第 448 行.
NOTIC: [8] Undefined variable: target /home/wwwroot/default/wangpan/APP/Runtime/Cache/e5b19ddd3d471b21bbda02c5e4185b4b.php 第 479 行.
NOTIC: [8] Undefined variable: target /home/wwwroot/default/wangpan/APP/Runtime/Cache/e5b19ddd3d471b21bbda02c5e4185b4b.php 第 487 行.
NOTIC: [8] Undefined variable: target /home/wwwroot/default/wangpan/APP/Runtime/Cache/e5b19ddd3d471b21bbda02c5e4185b4b.php 第 448 行.
NOTIC: [8] Undefined variable: target /home/wwwroot/default/wangpan/APP/Runtime/Cache/e5b19ddd3d471b21bbda02c5e4185b4b.php 第 479 行.
NOTIC: [8] Undefined variable: target /home/wwwroot/default/wangpan/APP/Runtime/Cache/e5b19ddd3d471b21bbda02c5e4185b4b.php 第 487 行.
NOTIC: [8] Undefined variable: target /home/wwwroot/default/wangpan/APP/Runtime/Cache/e5b19ddd3d471b21bbda02c5e4185b4b.php 第 448 行.
NOTIC: [8] Undefined variable: target /home/wwwroot/default/wangpan/APP/Runtime/Cache/e5b19ddd3d471b21bbda02c5e4185b4b.php 第 479 行.
NOTIC: [8] Undefined variable: target /home/wwwroot/default/wangpan/APP/Runtime/Cache/e5b19ddd3d471b21bbda02c5e4185b4b.php 第 487 行.
NOTIC: [8] Undefined variable: target /home/wwwroot/default/wangpan/APP/Runtime/Cache/e5b19ddd3d471b21bbda02c5e4185b4b.php 第 569 行.
NOTIC: [8] Undefined variable: target /home/wwwroot/default/wangpan/APP/Runtime/Cache/e5b19ddd3d471b21bbda02c5e4185b4b.php 第 600 行.
NOTIC: [8] Undefined variable: target /home/wwwroot/default/wangpan/APP/Runtime/Cache/e5b19ddd3d471b21bbda02c5e4185b4b.php 第 608 行.
NOTIC: [8] Undefined variable: target /home/wwwroot/default/wangpan/APP/Runtime/Cache/e5b19ddd3d471b21bbda02c5e4185b4b.php 第 569 行.
NOTIC: [8] Undefined variable: target /home/wwwroot/default/wangpan/APP/Runtime/Cache/e5b19ddd3d471b21bbda02c5e4185b4b.php 第 600 行.
NOTIC: [8] Undefined variable: target /home/wwwroot/default/wangpan/APP/Runtime/Cache/e5b19ddd3d471b21bbda02c5e4185b4b.php 第 608 行.
NOTIC: [8] Undefined variable: target /home/wwwroot/default/wangpan/APP/Runtime/Cache/e5b19ddd3d471b21bbda02c5e4185b4b.php 第 569 行.
NOTIC: [8] Undefined variable: target /home/wwwroot/default/wangpan/APP/Runtime/Cache/e5b19ddd3d471b21bbda02c5e4185b4b.php 第 600 行.
NOTIC: [8] Undefined variable: target /home/wwwroot/default/wangpan/APP/Runtime/Cache/e5b19ddd3d471b21bbda02c5e4185b4b.php 第 608 行.
NOTIC: [8] Undefined variable: target /home/wwwroot/default/wangpan/APP/Runtime/Cache/e5b19ddd3d471b21bbda02c5e4185b4b.php 第 569 行.
NOTIC: [8] Undefined variable: target /home/wwwroot/default/wangpan/APP/Runtime/Cache/e5b19ddd3d471b21bbda02c5e4185b4b.php 第 600 行.
NOTIC: [8] Undefined variable: target /home/wwwroot/default/wangpan/APP/Runtime/Cache/e5b19ddd3d471b21bbda02c5e4185b4b.php 第 608 行.
NOTIC: [8] Undefined variable: target /home/wwwroot/default/wangpan/APP/Runtime/Cache/e5b19ddd3d471b21bbda02c5e4185b4b.php 第 569 行.
NOTIC: [8] Undefined variable: target /home/wwwroot/default/wangpan/APP/Runtime/Cache/e5b19ddd3d471b21bbda02c5e4185b4b.php 第 600 行.
NOTIC: [8] Undefined variable: target /home/wwwroot/default/wangpan/APP/Runtime/Cache/e5b19ddd3d471b21bbda02c5e4185b4b.php 第 608 行.
NOTIC: [8] Undefined variable: target /home/wwwroot/default/wangpan/APP/Runtime/Cache/e5b19ddd3d471b21bbda02c5e4185b4b.php 第 569 行.
NOTIC: [8] Undefined variable: target /home/wwwroot/default/wangpan/APP/Runtime/Cache/e5b19ddd3d471b21bbda02c5e4185b4b.php 第 600 行.
NOTIC: [8] Undefined variable: target /home/wwwroot/default/wangpan/APP/Runtime/Cache/e5b19ddd3d471b21bbda02c5e4185b4b.php 第 608 行.
NOTIC: [8] Undefined variable: target /home/wwwroot/default/wangpan/APP/Runtime/Cache/e5b19ddd3d471b21bbda02c5e4185b4b.php 第 569 行.
NOTIC: [8] Undefined variable: target /home/wwwroot/default/wangpan/APP/Runtime/Cache/e5b19ddd3d471b21bbda02c5e4185b4b.php 第 600 行.
NOTIC: [8] Undefined variable: target /home/wwwroot/default/wangpan/APP/Runtime/Cache/e5b19ddd3d471b21bbda02c5e4185b4b.php 第 608 行.
NOTIC: [8] Undefined variable: target /home/wwwroot/default/wangpan/APP/Runtime/Cache/e5b19ddd3d471b21bbda02c5e4185b4b.php 第 569 行.
NOTIC: [8] Undefined variable: target /home/wwwroot/default/wangpan/APP/Runtime/Cache/e5b19ddd3d471b21bbda02c5e4185b4b.php 第 600 行.
NOTIC: [8] Undefined variable: target /home/wwwroot/default/wangpan/APP/Runtime/Cache/e5b19ddd3d471b21bbda02c5e4185b4b.php 第 608 行.
NOTIC: [8] Undefined variable: target /home/wwwroot/default/wangpan/APP/Runtime/Cache/e5b19ddd3d471b21bbda02c5e4185b4b.php 第 569 行.
NOTIC: [8] Undefined variable: target /home/wwwroot/default/wangpan/APP/Runtime/Cache/e5b19ddd3d471b21bbda02c5e4185b4b.php 第 600 行.
NOTIC: [8] Undefined variable: target /home/wwwroot/default/wangpan/APP/Runtime/Cache/e5b19ddd3d471b21bbda02c5e4185b4b.php 第 608 行.
NOTIC: [8] Undefined variable: target /home/wwwroot/default/wangpan/APP/Runtime/Cache/e5b19ddd3d471b21bbda02c5e4185b4b.php 第 569 行.
NOTIC: [8] Undefined variable: target /home/wwwroot/default/wangpan/APP/Runtime/Cache/e5b19ddd3d471b21bbda02c5e4185b4b.php 第 600 行.
NOTIC: [8] Undefined variable: target /home/wwwroot/default/wangpan/APP/Runtime/Cache/e5b19ddd3d471b21bbda02c5e4185b4b.php 第 608 行.
NOTIC: [8] Undefined index: zhuancunFlag /home/wwwroot/default/wangpan/APP/Runtime/Cache/e5b19ddd3d471b21bbda02c5e4185b4b.php 第 793 行.
INFO: ParseTemplate Behavior ::run [ RunTime:0.020760s ]
INFO: [ view_parse ] --END-- [ RunTime:0.020806s ]
INFO: [ view_filter ] --START--
INFO: ContentReplace Behavior ::run [ RunTime:0.000835s ]
INFO: TokenBuild Behavior ::run [ RunTime:0.000261s ]
INFO: WriteHtmlCache Behavior ::run [ RunTime:0.000102s ]
INFO: ShowRuntime Behavior ::run [ RunTime:0.000357s ]
INFO: [ view_filter ] --END-- [ RunTime:0.001671s ]
INFO: [ view_end ] --START--
INFO: ShowPageTrace Behavior ::run [ RunTime:0.000317s ]
INFO: [ view_end ] --END-- [ RunTime:0.000359s ]

