[ 2013-08-17T01:00:00+08:00 ] 192.168.3.139 /wangpan/Index.php
INFO: [ app_begin ] --START--
INFO: ReadHtmlCache Behavior ::run [ RunTime:0.000261s ]
INFO: [ app_begin ] --END-- [ RunTime:0.000325s ]
SQL: SHOW COLUMNS FROM `translog` [ RunTime:0.000644s ]
SQL: SELECT * FROM `translog` ORDER BY tdate desc  [ RunTime:0.000967s ]
SQL: SHOW COLUMNS FROM `policy` [ RunTime:0.000522s ]
SQL: SELECT * FROM `policy` WHERE ( `id` = 0 ) LIMIT 1   [ RunTime:0.000135s ]
NOTIC: [8] Undefined index: pconfAlert /home/wwwroot/default/wangpan/APP/Lib/Action/IndexAction.class.php 第 38 行.
NOTIC: [8] Undefined index: fid /home/wwwroot/default/wangpan/APP/Lib/Action/IndexAction.class.php 第 41 行.
SQL: SHOW COLUMNS FROM `fileinfo` [ RunTime:0.000688s ]
SQL: SELECT * FROM `fileinfo` WHERE ( fpid=1 )  [ RunTime:0.000515s ]
INFO: [ view_parse ] --START--
NOTIC: [8] Undefined index: fpath /home/wwwroot/default/wangpan/APP/Runtime/Cache/e5b19ddd3d471b21bbda02c5e4185b4b.php 第 364 行.
NOTIC: [8] Undefined index: fpath /home/wwwroot/default/wangpan/APP/Runtime/Cache/e5b19ddd3d471b21bbda02c5e4185b4b.php 第 381 行.
NOTIC: [8] Undefined variable: target /home/wwwroot/default/wangpan/APP/Runtime/Cache/e5b19ddd3d471b21bbda02c5e4185b4b.php 第 448 行.
NOTIC: [8] Undefined variable: target /home/wwwroot/default/wangpan/APP/Runtime/Cache/e5b19ddd3d471b21bbda02c5e4185b4b.php 第 479 行.
NOTIC: [8] Undefined variable: target /home/wwwroot/default/wangpan/APP/Runtime/Cache/e5b19ddd3d471b21bbda02c5e4185b4b.php 第 487 行.
NOTIC: [8] Undefined variable: target /home/wwwroot/default/wangpan/APP/Runtime/Cache/e5b19ddd3d471b21bbda02c5e4185b4b.php 第 448 行.
NOTIC: [8] Undefined variable: target /home/wwwroot/default/wangpan/APP/Runtime/Cache/e5b19ddd3d471b21bbda02c5e4185b4b.php 第 479 行.
NOTIC: [8] Undefined variable: target /home/wwwroot/default/wangpan/APP/Runtime/Cache/e5b19ddd3d471b21bbda02c5e4185b4b.php 第 487 行.
NOTIC: [8] Undefined variable: target /home/wwwroot/default/wangpan/APP/Runtime/Cache/e5b19ddd3d471b21bbda02c5e4185b4b.php 第 448 行.
NOTIC: [8] Undefined variable: target /home/wwwroot/default/wangpan/APP/Runtime/Cache/e5b19ddd3d471b21bbda02c5e4185b4b.php 第 479 行.
NOTIC: [8] Undefined variable: target /home/wwwroot/default/wangpan/APP/Runtime/Cache/e5b19ddd3d471b21bbda02c5e4185b4b.php 第 487 行.
NOTIC: [8] Undefined variable: target /home/wwwroot/default/wangpan/APP/Runtime/Cache/e5b19ddd3d471b21bbda02c5e4185b4b.php 第 448 行.
NOTIC: [8] Undefined variable: target /home/wwwroot/default/wangpan/APP/Runtime/Cache/e5b19ddd3d471b21bbda02c5e4185b4b.php 第 479 行.
NOTIC: [8] Undefined variable: target /home/wwwroot/default/wangpan/APP/Runtime/Cache/e5b19ddd3d471b21bbda02c5e4185b4b.php 第 487 行.
NOTIC: [8] Undefined variable: target /home/wwwroot/default/wangpan/APP/Runtime/Cache/e5b19ddd3d471b21bbda02c5e4185b4b.php 第 448 行.
NOTIC: [8] Undefined variable: target /home/wwwroot/default/wangpan/APP/Runtime/Cache/e5b19ddd3d471b21bbda02c5e4185b4b.php 第 479 行.
NOTIC: [8] Undefined variable: target /home/wwwroot/default/wangpan/APP/Runtime/Cache/e5b19ddd3d471b21bbda02c5e4185b4b.php 第 487 行.
NOTIC: [8] Undefined variable: target /home/wwwroot/default/wangpan/APP/Runtime/Cache/e5b19ddd3d471b21bbda02c5e4185b4b.php 第 448 行.
NOTIC: [8] Undefined variable: target /home/wwwroot/default/wangpan/APP/Runtime/Cache/e5b19ddd3d471b21bbda02c5e4185b4b.php 第 479 行.
NOTIC: [8] Undefined variable: target /home/wwwroot/default/wangpan/APP/Runtime/Cache/e5b19ddd3d471b21bbda02c5e4185b4b.php 第 487 行.
NOTIC: [8] Undefined variable: target /home/wwwroot/default/wangpan/APP/Runtime/Cache/e5b19ddd3d471b21bbda02c5e4185b4b.php 第 448 行.
NOTIC: [8] Undefined variable: target /home/wwwroot/default/wangpan/APP/Runtime/Cache/e5b19ddd3d471b21bbda02c5e4185b4b.php 第 479 行.
NOTIC: [8] Undefined variable: target /home/wwwroot/default/wangpan/APP/Runtime/Cache/e5b19ddd3d471b21bbda02c5e4185b4b.php 第 487 行.
NOTIC: [8] Undefined variable: target /home/wwwroot/default/wangpan/APP/Runtime/Cache/e5b19ddd3d471b21bbda02c5e4185b4b.php 第 448 行.
NOTIC: [8] Undefined variable: target /home/wwwroot/default/wangpan/APP/Runtime/Cache/e5b19ddd3d471b21bbda02c5e4185b4b.php 第 479 行.
NOTIC: [8] Undefined variable: target /home/wwwroot/default/wangpan/APP/Runtime/Cache/e5b19ddd3d471b21bbda02c5e4185b4b.php 第 487 行.
NOTIC: [8] Undefined variable: target /home/wwwroot/default/wangpan/APP/Runtime/Cache/e5b19ddd3d471b21bbda02c5e4185b4b.php 第 448 行.
NOTIC: [8] Undefined variable: target /home/wwwroot/default/wangpan/APP/Runtime/Cache/e5b19ddd3d471b21bbda02c5e4185b4b.php 第 479 行.
NOTIC: [8] Undefined variable: target /home/wwwroot/default/wangpan/APP/Runtime/Cache/e5b19ddd3d471b21bbda02c5e4185b4b.php 第 487 行.
NOTIC: [8] Undefined variable: target /home/wwwroot/default/wangpan/APP/Runtime/Cache/e5b19ddd3d471b21bbda02c5e4185b4b.php 第 448 行.
NOTIC: [8] Undefined variable: target /home/wwwroot/default/wangpan/APP/Runtime/Cache/e5b19ddd3d471b21bbda02c5e4185b4b.php 第 479 行.
NOTIC: [8] Undefined variable: target /home/wwwroot/default/wangpan/APP/Runtime/Cache/e5b19ddd3d471b21bbda02c5e4185b4b.php 第 487 行.
NOTIC: [8] Undefined variable: target /home/wwwroot/default/wangpan/APP/Runtime/Cache/e5b19ddd3d471b21bbda02c5e4185b4b.php 第 569 行.
NOTIC: [8] Undefined variable: target /home/wwwroot/default/wangpan/APP/Runtime/Cache/e5b19ddd3d471b21bbda02c5e4185b4b.php 第 600 行.
NOTIC: [8] Undefined variable: target /home/wwwroot/default/wangpan/APP/Runtime/Cache/e5b19ddd3d471b21bbda02c5e4185b4b.php 第 608 行.
NOTIC: [8] Undefined variable: target /home/wwwroot/default/wangpan/APP/Runtime/Cache/e5b19ddd3d471b21bbda02c5e4185b4b.php 第 569 行.
NOTIC: [8] Undefined variable: target /home/wwwroot/default/wangpan/APP/Runtime/Cache/e5b19ddd3d471b21bbda02c5e4185b4b.php 第 600 行.
NOTIC: [8] Undefined variable: target /home/wwwroot/default/wangpan/APP/Runtime/Cache/e5b19ddd3d471b21bbda02c5e4185b4b.php 第 608 行.
NOTIC: [8] Undefined variable: target /home/wwwroot/default/wangpan/APP/Runtime/Cache/e5b19ddd3d471b21bbda02c5e4185b4b.php 第 569 行.
NOTIC: [8] Undefined variable: target /home/wwwroot/default/wangpan/APP/Runtime/Cache/e5b19ddd3d471b21bbda02c5e4185b4b.php 第 600 行.
NOTIC: [8] Undefined variable: target /home/wwwroot/default/wangpan/APP/Runtime/Cache/e5b19ddd3d471b21bbda02c5e4185b4b.php 第 608 行.
NOTIC: [8] Undefined variable: target /home/wwwroot/default/wangpan/APP/Runtime/Cache/e5b19ddd3d471b21bbda02c5e4185b4b.php 第 569 行.
NOTIC: [8] Undefined variable: target /home/wwwroot/default/wangpan/APP/Runtime/Cache/e5b19ddd3d471b21bbda02c5e4185b4b.php 第 600 行.
NOTIC: [8] Undefined variable: target /home/wwwroot/default/wangpan/APP/Runtime/Cache/e5b19ddd3d471b21bbda02c5e4185b4b.php 第 608 行.
NOTIC: [8] Undefined variable: target /home/wwwroot/default/wangpan/APP/Runtime/Cache/e5b19ddd3d471b21bbda02c5e4185b4b.php 第 569 行.
NOTIC: [8] Undefined variable: target /home/wwwroot/default/wangpan/APP/Runtime/Cache/e5b19ddd3d471b21bbda02c5e4185b4b.php 第 600 行.
NOTIC: [8] Undefined variable: target /home/wwwroot/default/wangpan/APP/Runtime/Cache/e5b19ddd3d471b21bbda02c5e4185b4b.php 第 608 行.
NOTIC: [8] Undefined variable: target /home/wwwroot/default/wangpan/APP/Runtime/Cache/e5b19ddd3d471b21bbda02c5e4185b4b.php 第 569 行.
NOTIC: [8] Undefined variable: target /home/wwwroot/default/wangpan/APP/Runtime/Cache/e5b19ddd3d471b21bbda02c5e4185b4b.php 第 600 行.
NOTIC: [8] Undefined variable: target /home/wwwroot/default/wangpan/APP/Runtime/Cache/e5b19ddd3d471b21bbda02c5e4185b4b.php 第 608 行.
NOTIC: [8] Undefined variable: target /home/wwwroot/default/wangpan/APP/Runtime/Cache/e5b19ddd3d471b21bbda02c5e4185b4b.php 第 569 行.
NOTIC: [8] Undefined variable: target /home/wwwroot/default/wangpan/APP/Runtime/Cache/e5b19ddd3d471b21bbda02c5e4185b4b.php 第 600 行.
NOTIC: [8] Undefined variable: target /home/wwwroot/default/wangpan/APP/Runtime/Cache/e5b19ddd3d471b21bbda02c5e4185b4b.php 第 608 行.
NOTIC: [8] Undefined variable: target /home/wwwroot/default/wangpan/APP/Runtime/Cache/e5b19ddd3d471b21bbda02c5e4185b4b.php 第 569 行.
NOTIC: [8] Undefined variable: target /home/wwwroot/default/wangpan/APP/Runtime/Cache/e5b19ddd3d471b21bbda02c5e4185b4b.php 第 600 行.
NOTIC: [8] Undefined variable: target /home/wwwroot/default/wangpan/APP/Runtime/Cache/e5b19ddd3d471b21bbda02c5e4185b4b.php 第 608 行.
NOTIC: [8] Undefined variable: target /home/wwwroot/default/wangpan/APP/Runtime/Cache/e5b19ddd3d471b21bbda02c5e4185b4b.php 第 569 行.
NOTIC: [8] Undefined variable: target /home/wwwroot/default/wangpan/APP/Runtime/Cache/e5b19ddd3d471b21bbda02c5e4185b4b.php 第 600 行.
NOTIC: [8] Undefined variable: target /home/wwwroot/default/wangpan/APP/Runtime/Cache/e5b19ddd3d471b21bbda02c5e4185b4b.php 第 608 行.
NOTIC: [8] Undefined variable: target /home/wwwroot/default/wangpan/APP/Runtime/Cache/e5b19ddd3d471b21bbda02c5e4185b4b.php 第 569 行.
NOTIC: [8] Undefined variable: target /home/wwwroot/default/wangpan/APP/Runtime/Cache/e5b19ddd3d471b21bbda02c5e4185b4b.php 第 600 行.
NOTIC: [8] Undefined variable: target /home/wwwroot/default/wangpan/APP/Runtime/Cache/e5b19ddd3d471b21bbda02c5e4185b4b.php 第 608 行.
NOTIC: [8] Undefined index: zhuancunFlag /home/wwwroot/default/wangpan/APP/Runtime/Cache/e5b19ddd3d471b21bbda02c5e4185b4b.php 第 793 行.
INFO: ParseTemplate Behavior ::run [ RunTime:0.021229s ]
INFO: [ view_parse ] --END-- [ RunTime:0.021279s ]
INFO: [ view_filter ] --START--
INFO: ContentReplace Behavior ::run [ RunTime:0.001025s ]
INFO: TokenBuild Behavior ::run [ RunTime:0.000281s ]
INFO: WriteHtmlCache Behavior ::run [ RunTime:0.000102s ]
INFO: ShowRuntime Behavior ::run [ RunTime:0.000398s ]
INFO: [ view_filter ] --END-- [ RunTime:0.001923s ]
INFO: [ view_end ] --START--
INFO: ShowPageTrace Behavior ::run [ RunTime:0.000307s ]
INFO: [ view_end ] --END-- [ RunTime:0.000347s ]

[ 2013-08-17T04:00:00+08:00 ] 192.168.3.139 /wangpan/Index.php?fid=2&fpath=/home/gateway/nfsmail/test1@chinatelecom.com
INFO: [ app_begin ] --START--
INFO: ReadHtmlCache Behavior ::run [ RunTime:0.000263s ]
INFO: [ app_begin ] --END-- [ RunTime:0.000326s ]
SQL: SHOW COLUMNS FROM `translog` [ RunTime:0.000660s ]
SQL: SELECT * FROM `translog` ORDER BY tdate desc  [ RunTime:0.000990s ]
SQL: SHOW COLUMNS FROM `policy` [ RunTime:0.000526s ]
SQL: SELECT * FROM `policy` WHERE ( `id` = 0 ) LIMIT 1   [ RunTime:0.000129s ]
NOTIC: [8] Undefined index: pconfAlert /home/wwwroot/default/wangpan/APP/Lib/Action/IndexAction.class.php 第 38 行.
SQL: SHOW COLUMNS FROM `fileinfo` [ RunTime:0.000682s ]
SQL: SELECT * FROM `fileinfo` WHERE ( `fpid` = '2' )  [ RunTime:0.000528s ]
INFO: [ view_parse ] --START--
NOTIC: [8] Undefined variable: target /home/wwwroot/default/wangpan/APP/Runtime/Cache/e5b19ddd3d471b21bbda02c5e4185b4b.php 第 448 行.
NOTIC: [8] Undefined variable: target /home/wwwroot/default/wangpan/APP/Runtime/Cache/e5b19ddd3d471b21bbda02c5e4185b4b.php 第 479 行.
NOTIC: [8] Undefined variable: target /home/wwwroot/default/wangpan/APP/Runtime/Cache/e5b19ddd3d471b21bbda02c5e4185b4b.php 第 487 行.
NOTIC: [8] Undefined variable: target /home/wwwroot/default/wangpan/APP/Runtime/Cache/e5b19ddd3d471b21bbda02c5e4185b4b.php 第 448 行.
NOTIC: [8] Undefined variable: target /home/wwwroot/default/wangpan/APP/Runtime/Cache/e5b19ddd3d471b21bbda02c5e4185b4b.php 第 479 行.
NOTIC: [8] Undefined variable: target /home/wwwroot/default/wangpan/APP/Runtime/Cache/e5b19ddd3d471b21bbda02c5e4185b4b.php 第 487 行.
NOTIC: [8] Undefined variable: target /home/wwwroot/default/wangpan/APP/Runtime/Cache/e5b19ddd3d471b21bbda02c5e4185b4b.php 第 448 行.
NOTIC: [8] Undefined variable: target /home/wwwroot/default/wangpan/APP/Runtime/Cache/e5b19ddd3d471b21bbda02c5e4185b4b.php 第 479 行.
NOTIC: [8] Undefined variable: target /home/wwwroot/default/wangpan/APP/Runtime/Cache/e5b19ddd3d471b21bbda02c5e4185b4b.php 第 487 行.
NOTIC: [8] Undefined variable: target /home/wwwroot/default/wangpan/APP/Runtime/Cache/e5b19ddd3d471b21bbda02c5e4185b4b.php 第 448 行.
NOTIC: [8] Undefined variable: target /home/wwwroot/default/wangpan/APP/Runtime/Cache/e5b19ddd3d471b21bbda02c5e4185b4b.php 第 479 行.
NOTIC: [8] Undefined variable: target /home/wwwroot/default/wangpan/APP/Runtime/Cache/e5b19ddd3d471b21bbda02c5e4185b4b.php 第 487 行.
NOTIC: [8] Undefined variable: target /home/wwwroot/default/wangpan/APP/Runtime/Cache/e5b19ddd3d471b21bbda02c5e4185b4b.php 第 448 行.
NOTIC: [8] Undefined variable: target /home/wwwroot/default/wangpan/APP/Runtime/Cache/e5b19ddd3d471b21bbda02c5e4185b4b.php 第 479 行.
NOTIC: [8] Undefined variable: target /home/wwwroot/default/wangpan/APP/Runtime/Cache/e5b19ddd3d471b21bbda02c5e4185b4b.php 第 487 行.
NOTIC: [8] Undefined variable: target /home/wwwroot/default/wangpan/APP/Runtime/Cache/e5b19ddd3d471b21bbda02c5e4185b4b.php 第 448 行.
NOTIC: [8] Undefined variable: target /home/wwwroot/default/wangpan/APP/Runtime/Cache/e5b19ddd3d471b21bbda02c5e4185b4b.php 第 479 行.
NOTIC: [8] Undefined variable: target /home/wwwroot/default/wangpan/APP/Runtime/Cache/e5b19ddd3d471b21bbda02c5e4185b4b.php 第 487 行.
NOTIC: [8] Undefined variable: target /home/wwwroot/default/wangpan/APP/Runtime/Cache/e5b19ddd3d471b21bbda02c5e4185b4b.php 第 448 行.
NOTIC: [8] Undefined variable: target /home/wwwroot/default/wangpan/APP/Runtime/Cache/e5b19ddd3d471b21bbda02c5e4185b4b.php 第 479 行.
NOTIC: [8] Undefined variable: target /home/wwwroot/default/wangpan/APP/Runtime/Cache/e5b19ddd3d471b21bbda02c5e4185b4b.php 第 487 行.
NOTIC: [8] Undefined variable: target /home/wwwroot/default/wangpan/APP/Runtime/Cache/e5b19ddd3d471b21bbda02c5e4185b4b.php 第 448 行.
NOTIC: [8] Undefined variable: target /home/wwwroot/default/wangpan/APP/Runtime/Cache/e5b19ddd3d471b21bbda02c5e4185b4b.php 第 479 行.
NOTIC: [8] Undefined variable: target /home/wwwroot/default/wangpan/APP/Runtime/Cache/e5b19ddd3d471b21bbda02c5e4185b4b.php 第 487 行.
NOTIC: [8] Undefined variable: target /home/wwwroot/default/wangpan/APP/Runtime/Cache/e5b19ddd3d471b21bbda02c5e4185b4b.php 第 448 行.
NOTIC: [8] Undefined variable: target /home/wwwroot/default/wangpan/APP/Runtime/Cache/e5b19ddd3d471b21bbda02c5e4185b4b.php 第 479 行.
NOTIC: [8] Undefined variable: target /home/wwwroot/default/wangpan/APP/Runtime/Cache/e5b19ddd3d471b21bbda02c5e4185b4b.php 第 487 行.
NOTIC: [8] Undefined variable: target /home/wwwroot/default/wangpan/APP/Runtime/Cache/e5b19ddd3d471b21bbda02c5e4185b4b.php 第 448 行.
NOTIC: [8] Undefined variable: target /home/wwwroot/default/wangpan/APP/Runtime/Cache/e5b19ddd3d471b21bbda02c5e4185b4b.php 第 479 行.
NOTIC: [8] Undefined variable: target /home/wwwroot/default/wangpan/APP/Runtime/Cache/e5b19ddd3d471b21bbda02c5e4185b4b.php 第 487 行.
NOTIC: [8] Undefined variable: target /home/wwwroot/default/wangpan/APP/Runtime/Cache/e5b19ddd3d471b21bbda02c5e4185b4b.php 第 448 行.
NOTIC: [8] Undefined variable: target /home/wwwroot/default/wangpan/APP/Runtime/Cache/e5b19ddd3d471b21bbda02c5e4185b4b.php 第 479 行.
NOTIC: [8] Undefined variable: target /home/wwwroot/default/wangpan/APP/Runtime/Cache/e5b19ddd3d471b21bbda02c5e4185b4b.php 第 487 行.
NOTIC: [8] Undefined variable: target /home/wwwroot/default/wangpan/APP/Runtime/Cache/e5b19ddd3d471b21bbda02c5e4185b4b.php 第 569 行.
NOTIC: [8] Undefined variable: target /home/wwwroot/default/wangpan/APP/Runtime/Cache/e5b19ddd3d471b21bbda02c5e4185b4b.php 第 600 行.
NOTIC: [8] Undefined variable: target /home/wwwroot/default/wangpan/APP/Runtime/Cache/e5b19ddd3d471b21bbda02c5e4185b4b.php 第 608 行.
NOTIC: [8] Undefined variable: target /home/wwwroot/default/wangpan/APP/Runtime/Cache/e5b19ddd3d471b21bbda02c5e4185b4b.php 第 569 行.
NOTIC: [8] Undefined variable: target /home/wwwroot/default/wangpan/APP/Runtime/Cache/e5b19ddd3d471b21bbda02c5e4185b4b.php 第 600 行.
NOTIC: [8] Undefined variable: target /home/wwwroot/default/wangpan/APP/Runtime/Cache/e5b19ddd3d471b21bbda02c5e4185b4b.php 第 608 行.
NOTIC: [8] Undefined variable: target /home/wwwroot/default/wangpan/APP/Runtime/Cache/e5b19ddd3d471b21bbda02c5e4185b4b.php 第 569 行.
NOTIC: [8] Undefined variable: target /home/wwwroot/default/wangpan/APP/Runtime/Cache/e5b19ddd3d471b21bbda02c5e4185b4b.php 第 600 行.
NOTIC: [8] Undefined variable: target /home/wwwroot/default/wangpan/APP/Runtime/Cache/e5b19ddd3d471b21bbda02c5e4185b4b.php 第 608 行.
NOTIC: [8] Undefined variable: target /home/wwwroot/default/wangpan/APP/Runtime/Cache/e5b19ddd3d471b21bbda02c5e4185b4b.php 第 569 行.
NOTIC: [8] Undefined variable: target /home/wwwroot/default/wangpan/APP/Runtime/Cache/e5b19ddd3d471b21bbda02c5e4185b4b.php 第 600 行.
NOTIC: [8] Undefined variable: target /home/wwwroot/default/wangpan/APP/Runtime/Cache/e5b19ddd3d471b21bbda02c5e4185b4b.php 第 608 行.
NOTIC: [8] Undefined variable: target /home/wwwroot/default/wangpan/APP/Runtime/Cache/e5b19ddd3d471b21bbda02c5e4185b4b.php 第 569 行.
NOTIC: [8] Undefined variable: target /home/wwwroot/default/wangpan/APP/Runtime/Cache/e5b19ddd3d471b21bbda02c5e4185b4b.php 第 600 行.
NOTIC: [8] Undefined variable: target /home/wwwroot/default/wangpan/APP/Runtime/Cache/e5b19ddd3d471b21bbda02c5e4185b4b.php 第 608 行.
NOTIC: [8] Undefined variable: target /home/wwwroot/default/wangpan/APP/Runtime/Cache/e5b19ddd3d471b21bbda02c5e4185b4b.php 第 569 行.
NOTIC: [8] Undefined variable: target /home/wwwroot/default/wangpan/APP/Runtime/Cache/e5b19ddd3d471b21bbda02c5e4185b4b.php 第 600 行.
NOTIC: [8] Undefined variable: target /home/wwwroot/default/wangpan/APP/Runtime/Cache/e5b19ddd3d471b21bbda02c5e4185b4b.php 第 608 行.
NOTIC: [8] Undefined variable: target /home/wwwroot/default/wangpan/APP/Runtime/Cache/e5b19ddd3d471b21bbda02c5e4185b4b.php 第 569 行.
NOTIC: [8] Undefined variable: target /home/wwwroot/default/wangpan/APP/Runtime/Cache/e5b19ddd3d471b21bbda02c5e4185b4b.php 第 600 行.
NOTIC: [8] Undefined variable: target /home/wwwroot/default/wangpan/APP/Runtime/Cache/e5b19ddd3d471b21bbda02c5e4185b4b.php 第 608 行.
NOTIC: [8] Undefined variable: target /home/wwwroot/default/wangpan/APP/Runtime/Cache/e5b19ddd3d471b21bbda02c5e4185b4b.php 第 569 行.
NOTIC: [8] Undefined variable: target /home/wwwroot/default/wangpan/APP/Runtime/Cache/e5b19ddd3d471b21bbda02c5e4185b4b.php 第 600 行.
NOTIC: [8] Undefined variable: target /home/wwwroot/default/wangpan/APP/Runtime/Cache/e5b19ddd3d471b21bbda02c5e4185b4b.php 第 608 行.
NOTIC: [8] Undefined variable: target /home/wwwroot/default/wangpan/APP/Runtime/Cache/e5b19ddd3d471b21bbda02c5e4185b4b.php 第 569 行.
NOTIC: [8] Undefined variable: target /home/wwwroot/default/wangpan/APP/Runtime/Cache/e5b19ddd3d471b21bbda02c5e4185b4b.php 第 600 行.
NOTIC: [8] Undefined variable: target /home/wwwroot/default/wangpan/APP/Runtime/Cache/e5b19ddd3d471b21bbda02c5e4185b4b.php 第 608 行.
NOTIC: [8] Undefined variable: target /home/wwwroot/default/wangpan/APP/Runtime/Cache/e5b19ddd3d471b21bbda02c5e4185b4b.php 第 569 行.
NOTIC: [8] Undefined variable: target /home/wwwroot/default/wangpan/APP/Runtime/Cache/e5b19ddd3d471b21bbda02c5e4185b4b.php 第 600 行.
NOTIC: [8] Undefined variable: target /home/wwwroot/default/wangpan/APP/Runtime/Cache/e5b19ddd3d471b21bbda02c5e4185b4b.php 第 608 行.
NOTIC: [8] Undefined variable: target /home/wwwroot/default/wangpan/APP/Runtime/Cache/e5b19ddd3d471b21bbda02c5e4185b4b.php 第 569 行.
NOTIC: [8] Undefined variable: target /home/wwwroot/default/wangpan/APP/Runtime/Cache/e5b19ddd3d471b21bbda02c5e4185b4b.php 第 600 行.
NOTIC: [8] Undefined variable: target /home/wwwroot/default/wangpan/APP/Runtime/Cache/e5b19ddd3d471b21bbda02c5e4185b4b.php 第 608 行.
NOTIC: [8] Undefined index: zhuancunFlag /home/wwwroot/default/wangpan/APP/Runtime/Cache/e5b19ddd3d471b21bbda02c5e4185b4b.php 第 793 行.
INFO: ParseTemplate Behavior ::run [ RunTime:0.021751s ]
INFO: [ view_parse ] --END-- [ RunTime:0.021801s ]
INFO: [ view_filter ] --START--
INFO: ContentReplace Behavior ::run [ RunTime:0.001094s ]
INFO: TokenBuild Behavior ::run [ RunTime:0.000289s ]
INFO: WriteHtmlCache Behavior ::run [ RunTime:0.000103s ]
INFO: ShowRuntime Behavior ::run [ RunTime:0.000404s ]
INFO: [ view_filter ] --END-- [ RunTime:0.002009s ]
INFO: [ view_end ] --START--
INFO: ShowPageTrace Behavior ::run [ RunTime:0.000320s ]
INFO: [ view_end ] --END-- [ RunTime:0.000363s ]

