[ 2013-10-29T09:26:14+08:00 ] 192.168.3.228 /wangpan/Index.php
INFO: [ app_begin ] --START--
INFO: ReadHtmlCache Behavior ::run [ RunTime:0.000261s ]
INFO: [ app_begin ] --END-- [ RunTime:0.000324s ]
NOTIC: [8] A session had already been started - ignoring session_start() /home/wwwroot/default/wangpan/ThinkPHP/Common/functions.php 第 566 行.
NOTIC: [8] Undefined index: fid /home/wwwroot/default/wangpan/APP/Lib/Action/IndexAction.class.php 第 22 行.
SQL: SHOW COLUMNS FROM `fileinfo` [ RunTime:0.000961s ]
SQL: SELECT * FROM `fileinfo` WHERE ( fpid=1 )  [ RunTime:0.000194s ]
INFO: [ view_parse ] --START--
NOTIC: [8] Undefined index: fpath /home/wwwroot/default/wangpan/APP/Runtime/Cache/e5b19ddd3d471b21bbda02c5e4185b4b.php 第 169 行.
NOTIC: [8] Undefined variable: target /home/wwwroot/default/wangpan/APP/Runtime/Cache/e5b19ddd3d471b21bbda02c5e4185b4b.php 第 235 行.
NOTIC: [8] Undefined variable: target /home/wwwroot/default/wangpan/APP/Runtime/Cache/e5b19ddd3d471b21bbda02c5e4185b4b.php 第 266 行.
NOTIC: [8] Undefined variable: target /home/wwwroot/default/wangpan/APP/Runtime/Cache/e5b19ddd3d471b21bbda02c5e4185b4b.php 第 274 行.
NOTIC: [8] Undefined variable: target /home/wwwroot/default/wangpan/APP/Runtime/Cache/e5b19ddd3d471b21bbda02c5e4185b4b.php 第 235 行.
NOTIC: [8] Undefined variable: target /home/wwwroot/default/wangpan/APP/Runtime/Cache/e5b19ddd3d471b21bbda02c5e4185b4b.php 第 266 行.
NOTIC: [8] Undefined variable: target /home/wwwroot/default/wangpan/APP/Runtime/Cache/e5b19ddd3d471b21bbda02c5e4185b4b.php 第 274 行.
NOTIC: [8] Undefined variable: target /home/wwwroot/default/wangpan/APP/Runtime/Cache/e5b19ddd3d471b21bbda02c5e4185b4b.php 第 235 行.
NOTIC: [8] Undefined variable: target /home/wwwroot/default/wangpan/APP/Runtime/Cache/e5b19ddd3d471b21bbda02c5e4185b4b.php 第 266 行.
NOTIC: [8] Undefined variable: target /home/wwwroot/default/wangpan/APP/Runtime/Cache/e5b19ddd3d471b21bbda02c5e4185b4b.php 第 274 行.
NOTIC: [8] Undefined variable: target /home/wwwroot/default/wangpan/APP/Runtime/Cache/e5b19ddd3d471b21bbda02c5e4185b4b.php 第 235 行.
NOTIC: [8] Undefined variable: target /home/wwwroot/default/wangpan/APP/Runtime/Cache/e5b19ddd3d471b21bbda02c5e4185b4b.php 第 266 行.
NOTIC: [8] Undefined variable: target /home/wwwroot/default/wangpan/APP/Runtime/Cache/e5b19ddd3d471b21bbda02c5e4185b4b.php 第 274 行.
NOTIC: [8] Undefined variable: target /home/wwwroot/default/wangpan/APP/Runtime/Cache/e5b19ddd3d471b21bbda02c5e4185b4b.php 第 235 行.
NOTIC: [8] Undefined variable: target /home/wwwroot/default/wangpan/APP/Runtime/Cache/e5b19ddd3d471b21bbda02c5e4185b4b.php 第 266 行.
NOTIC: [8] Undefined variable: target /home/wwwroot/default/wangpan/APP/Runtime/Cache/e5b19ddd3d471b21bbda02c5e4185b4b.php 第 274 行.
NOTIC: [8] Undefined variable: target /home/wwwroot/default/wangpan/APP/Runtime/Cache/e5b19ddd3d471b21bbda02c5e4185b4b.php 第 235 行.
NOTIC: [8] Undefined variable: target /home/wwwroot/default/wangpan/APP/Runtime/Cache/e5b19ddd3d471b21bbda02c5e4185b4b.php 第 266 行.
NOTIC: [8] Undefined variable: target /home/wwwroot/default/wangpan/APP/Runtime/Cache/e5b19ddd3d471b21bbda02c5e4185b4b.php 第 274 行.
INFO: ParseTemplate Behavior ::run [ RunTime:0.010597s ]
INFO: [ view_parse ] --END-- [ RunTime:0.010645s ]
INFO: [ view_filter ] --START--
INFO: ContentReplace Behavior ::run [ RunTime:0.000260s ]
INFO: TokenBuild Behavior ::run [ RunTime:0.000178s ]
INFO: WriteHtmlCache Behavior ::run [ RunTime:0.000101s ]
INFO: ShowRuntime Behavior ::run [ RunTime:0.000250s ]
INFO: [ view_filter ] --END-- [ RunTime:0.000904s ]
INFO: [ view_end ] --START--
INFO: ShowPageTrace Behavior ::run [ RunTime:0.000291s ]
INFO: [ view_end ] --END-- [ RunTime:0.000334s ]

[ 2013-10-29T09:39:34+08:00 ] 192.168.3.228 /wangpan/Index.php
INFO: [ app_begin ] --START--
INFO: ReadHtmlCache Behavior ::run [ RunTime:0.000262s ]
INFO: [ app_begin ] --END-- [ RunTime:0.000324s ]
NOTIC: [8] A session had already been started - ignoring session_start() /home/wwwroot/default/wangpan/ThinkPHP/Common/functions.php 第 566 行.
NOTIC: [8] Undefined index: fid /home/wwwroot/default/wangpan/APP/Lib/Action/IndexAction.class.php 第 22 行.
SQL: SHOW COLUMNS FROM `fileinfo` [ RunTime:0.000871s ]
SQL: SELECT * FROM `fileinfo` WHERE ( fpid=1 )  [ RunTime:0.000187s ]
INFO: [ view_parse ] --START--
NOTIC: [8] Undefined index: fpath /home/wwwroot/default/wangpan/APP/Runtime/Cache/e5b19ddd3d471b21bbda02c5e4185b4b.php 第 169 行.
NOTIC: [8] Undefined variable: target /home/wwwroot/default/wangpan/APP/Runtime/Cache/e5b19ddd3d471b21bbda02c5e4185b4b.php 第 235 行.
NOTIC: [8] Undefined variable: target /home/wwwroot/default/wangpan/APP/Runtime/Cache/e5b19ddd3d471b21bbda02c5e4185b4b.php 第 266 行.
NOTIC: [8] Undefined variable: target /home/wwwroot/default/wangpan/APP/Runtime/Cache/e5b19ddd3d471b21bbda02c5e4185b4b.php 第 274 行.
NOTIC: [8] Undefined variable: target /home/wwwroot/default/wangpan/APP/Runtime/Cache/e5b19ddd3d471b21bbda02c5e4185b4b.php 第 235 行.
NOTIC: [8] Undefined variable: target /home/wwwroot/default/wangpan/APP/Runtime/Cache/e5b19ddd3d471b21bbda02c5e4185b4b.php 第 266 行.
NOTIC: [8] Undefined variable: target /home/wwwroot/default/wangpan/APP/Runtime/Cache/e5b19ddd3d471b21bbda02c5e4185b4b.php 第 274 行.
NOTIC: [8] Undefined variable: target /home/wwwroot/default/wangpan/APP/Runtime/Cache/e5b19ddd3d471b21bbda02c5e4185b4b.php 第 235 行.
NOTIC: [8] Undefined variable: target /home/wwwroot/default/wangpan/APP/Runtime/Cache/e5b19ddd3d471b21bbda02c5e4185b4b.php 第 266 行.
NOTIC: [8] Undefined variable: target /home/wwwroot/default/wangpan/APP/Runtime/Cache/e5b19ddd3d471b21bbda02c5e4185b4b.php 第 274 行.
NOTIC: [8] Undefined variable: target /home/wwwroot/default/wangpan/APP/Runtime/Cache/e5b19ddd3d471b21bbda02c5e4185b4b.php 第 235 行.
NOTIC: [8] Undefined variable: target /home/wwwroot/default/wangpan/APP/Runtime/Cache/e5b19ddd3d471b21bbda02c5e4185b4b.php 第 266 行.
NOTIC: [8] Undefined variable: target /home/wwwroot/default/wangpan/APP/Runtime/Cache/e5b19ddd3d471b21bbda02c5e4185b4b.php 第 274 行.
NOTIC: [8] Undefined variable: target /home/wwwroot/default/wangpan/APP/Runtime/Cache/e5b19ddd3d471b21bbda02c5e4185b4b.php 第 235 行.
NOTIC: [8] Undefined variable: target /home/wwwroot/default/wangpan/APP/Runtime/Cache/e5b19ddd3d471b21bbda02c5e4185b4b.php 第 266 行.
NOTIC: [8] Undefined variable: target /home/wwwroot/default/wangpan/APP/Runtime/Cache/e5b19ddd3d471b21bbda02c5e4185b4b.php 第 274 行.
NOTIC: [8] Undefined variable: target /home/wwwroot/default/wangpan/APP/Runtime/Cache/e5b19ddd3d471b21bbda02c5e4185b4b.php 第 235 行.
NOTIC: [8] Undefined variable: target /home/wwwroot/default/wangpan/APP/Runtime/Cache/e5b19ddd3d471b21bbda02c5e4185b4b.php 第 266 行.
NOTIC: [8] Undefined variable: target /home/wwwroot/default/wangpan/APP/Runtime/Cache/e5b19ddd3d471b21bbda02c5e4185b4b.php 第 274 行.
INFO: ParseTemplate Behavior ::run [ RunTime:0.010543s ]
INFO: [ view_parse ] --END-- [ RunTime:0.010591s ]
INFO: [ view_filter ] --START--
INFO: ContentReplace Behavior ::run [ RunTime:0.000259s ]
INFO: TokenBuild Behavior ::run [ RunTime:0.000177s ]
INFO: WriteHtmlCache Behavior ::run [ RunTime:0.000101s ]
INFO: ShowRuntime Behavior ::run [ RunTime:0.000234s ]
INFO: [ view_filter ] --END-- [ RunTime:0.000882s ]
INFO: [ view_end ] --START--
INFO: ShowPageTrace Behavior ::run [ RunTime:0.000306s ]
INFO: [ view_end ] --END-- [ RunTime:0.000352s ]

[ 2013-10-29T09:41:30+08:00 ] 192.168.3.228 /wangpan/Index.php
INFO: [ app_begin ] --START--
INFO: ReadHtmlCache Behavior ::run [ RunTime:0.000261s ]
INFO: [ app_begin ] --END-- [ RunTime:0.000325s ]
NOTIC: [8] A session had already been started - ignoring session_start() /home/wwwroot/default/wangpan/ThinkPHP/Common/functions.php 第 566 行.
NOTIC: [8] Undefined index: fid /home/wwwroot/default/wangpan/APP/Lib/Action/IndexAction.class.php 第 22 行.
SQL: SHOW COLUMNS FROM `fileinfo` [ RunTime:0.000978s ]
SQL: SELECT * FROM `fileinfo` WHERE ( fpid=1 )  [ RunTime:0.000193s ]
INFO: [ view_parse ] --START--
NOTIC: [8] Undefined index: fpath /home/wwwroot/default/wangpan/APP/Runtime/Cache/e5b19ddd3d471b21bbda02c5e4185b4b.php 第 169 行.
NOTIC: [8] Undefined variable: target /home/wwwroot/default/wangpan/APP/Runtime/Cache/e5b19ddd3d471b21bbda02c5e4185b4b.php 第 235 行.
NOTIC: [8] Undefined variable: target /home/wwwroot/default/wangpan/APP/Runtime/Cache/e5b19ddd3d471b21bbda02c5e4185b4b.php 第 266 行.
NOTIC: [8] Undefined variable: target /home/wwwroot/default/wangpan/APP/Runtime/Cache/e5b19ddd3d471b21bbda02c5e4185b4b.php 第 274 行.
NOTIC: [8] Undefined variable: target /home/wwwroot/default/wangpan/APP/Runtime/Cache/e5b19ddd3d471b21bbda02c5e4185b4b.php 第 235 行.
NOTIC: [8] Undefined variable: target /home/wwwroot/default/wangpan/APP/Runtime/Cache/e5b19ddd3d471b21bbda02c5e4185b4b.php 第 266 行.
NOTIC: [8] Undefined variable: target /home/wwwroot/default/wangpan/APP/Runtime/Cache/e5b19ddd3d471b21bbda02c5e4185b4b.php 第 274 行.
NOTIC: [8] Undefined variable: target /home/wwwroot/default/wangpan/APP/Runtime/Cache/e5b19ddd3d471b21bbda02c5e4185b4b.php 第 235 行.
NOTIC: [8] Undefined variable: target /home/wwwroot/default/wangpan/APP/Runtime/Cache/e5b19ddd3d471b21bbda02c5e4185b4b.php 第 266 行.
NOTIC: [8] Undefined variable: target /home/wwwroot/default/wangpan/APP/Runtime/Cache/e5b19ddd3d471b21bbda02c5e4185b4b.php 第 274 行.
NOTIC: [8] Undefined variable: target /home/wwwroot/default/wangpan/APP/Runtime/Cache/e5b19ddd3d471b21bbda02c5e4185b4b.php 第 235 行.
NOTIC: [8] Undefined variable: target /home/wwwroot/default/wangpan/APP/Runtime/Cache/e5b19ddd3d471b21bbda02c5e4185b4b.php 第 266 行.
NOTIC: [8] Undefined variable: target /home/wwwroot/default/wangpan/APP/Runtime/Cache/e5b19ddd3d471b21bbda02c5e4185b4b.php 第 274 行.
NOTIC: [8] Undefined variable: target /home/wwwroot/default/wangpan/APP/Runtime/Cache/e5b19ddd3d471b21bbda02c5e4185b4b.php 第 235 行.
NOTIC: [8] Undefined variable: target /home/wwwroot/default/wangpan/APP/Runtime/Cache/e5b19ddd3d471b21bbda02c5e4185b4b.php 第 266 行.
NOTIC: [8] Undefined variable: target /home/wwwroot/default/wangpan/APP/Runtime/Cache/e5b19ddd3d471b21bbda02c5e4185b4b.php 第 274 行.
NOTIC: [8] Undefined variable: target /home/wwwroot/default/wangpan/APP/Runtime/Cache/e5b19ddd3d471b21bbda02c5e4185b4b.php 第 235 行.
NOTIC: [8] Undefined variable: target /home/wwwroot/default/wangpan/APP/Runtime/Cache/e5b19ddd3d471b21bbda02c5e4185b4b.php 第 266 行.
NOTIC: [8] Undefined variable: target /home/wwwroot/default/wangpan/APP/Runtime/Cache/e5b19ddd3d471b21bbda02c5e4185b4b.php 第 274 行.
INFO: ParseTemplate Behavior ::run [ RunTime:0.010514s ]
INFO: [ view_parse ] --END-- [ RunTime:0.010562s ]
INFO: [ view_filter ] --START--
INFO: ContentReplace Behavior ::run [ RunTime:0.000262s ]
INFO: TokenBuild Behavior ::run [ RunTime:0.000177s ]
INFO: WriteHtmlCache Behavior ::run [ RunTime:0.000101s ]
INFO: ShowRuntime Behavior ::run [ RunTime:0.000232s ]
INFO: [ view_filter ] --END-- [ RunTime:0.000886s ]
INFO: [ view_end ] --START--
INFO: ShowPageTrace Behavior ::run [ RunTime:0.000305s ]
INFO: [ view_end ] --END-- [ RunTime:0.000352s ]

[ 2013-10-29T09:41:33+08:00 ] 192.168.3.228 /wangpan/Index.php?fid=3&fpath=/home/gateway/nfsdir/c
INFO: [ app_begin ] --START--
INFO: ReadHtmlCache Behavior ::run [ RunTime:0.000254s ]
INFO: [ app_begin ] --END-- [ RunTime:0.000317s ]
NOTIC: [8] A session had already been started - ignoring session_start() /home/wwwroot/default/wangpan/ThinkPHP/Common/functions.php 第 566 行.
SQL: SHOW COLUMNS FROM `fileinfo` [ RunTime:0.000979s ]
SQL: SELECT * FROM `fileinfo` WHERE ( `fpid` = '3' )  [ RunTime:0.000168s ]
INFO: [ view_parse ] --START--
INFO: ParseTemplate Behavior ::run [ RunTime:0.010093s ]
INFO: [ view_parse ] --END-- [ RunTime:0.010146s ]
INFO: [ view_filter ] --START--
INFO: ContentReplace Behavior ::run [ RunTime:0.000187s ]
INFO: TokenBuild Behavior ::run [ RunTime:0.000163s ]
INFO: WriteHtmlCache Behavior ::run [ RunTime:0.000100s ]
INFO: ShowRuntime Behavior ::run [ RunTime:0.000216s ]
INFO: [ view_filter ] --END-- [ RunTime:0.000777s ]
INFO: [ view_end ] --START--
INFO: ShowPageTrace Behavior ::run [ RunTime:0.000296s ]
INFO: [ view_end ] --END-- [ RunTime:0.000337s ]

[ 2013-10-29T09:41:36+08:00 ] 192.168.3.228 /wangpan/Index.php?fid=4&fpath=/home/gateway/nfsdir/b
INFO: [ app_begin ] --START--
INFO: ReadHtmlCache Behavior ::run [ RunTime:0.000256s ]
INFO: [ app_begin ] --END-- [ RunTime:0.000318s ]
NOTIC: [8] A session had already been started - ignoring session_start() /home/wwwroot/default/wangpan/ThinkPHP/Common/functions.php 第 566 行.
SQL: SHOW COLUMNS FROM `fileinfo` [ RunTime:0.000980s ]
SQL: SELECT * FROM `fileinfo` WHERE ( `fpid` = '4' )  [ RunTime:0.000171s ]
INFO: [ view_parse ] --START--
INFO: ParseTemplate Behavior ::run [ RunTime:0.010129s ]
INFO: [ view_parse ] --END-- [ RunTime:0.010182s ]
INFO: [ view_filter ] --START--
INFO: ContentReplace Behavior ::run [ RunTime:0.000179s ]
INFO: TokenBuild Behavior ::run [ RunTime:0.000164s ]
INFO: WriteHtmlCache Behavior ::run [ RunTime:0.000098s ]
INFO: ShowRuntime Behavior ::run [ RunTime:0.000226s ]
INFO: [ view_filter ] --END-- [ RunTime:0.000779s ]
INFO: [ view_end ] --START--
INFO: ShowPageTrace Behavior ::run [ RunTime:0.000297s ]
INFO: [ view_end ] --END-- [ RunTime:0.000338s ]

[ 2013-10-29T09:41:38+08:00 ] 192.168.3.228 /wangpan/Index.php?fid=5&fpath=/home/gateway/nfsdir/cur
INFO: [ app_begin ] --START--
INFO: ReadHtmlCache Behavior ::run [ RunTime:0.000256s ]
INFO: [ app_begin ] --END-- [ RunTime:0.000319s ]
NOTIC: [8] A session had already been started - ignoring session_start() /home/wwwroot/default/wangpan/ThinkPHP/Common/functions.php 第 566 行.
SQL: SHOW COLUMNS FROM `fileinfo` [ RunTime:0.000974s ]
SQL: SELECT * FROM `fileinfo` WHERE ( `fpid` = '5' )  [ RunTime:0.000171s ]
INFO: [ view_parse ] --START--
INFO: ParseTemplate Behavior ::run [ RunTime:0.010108s ]
INFO: [ view_parse ] --END-- [ RunTime:0.010163s ]
INFO: [ view_filter ] --START--
INFO: ContentReplace Behavior ::run [ RunTime:0.000179s ]
INFO: TokenBuild Behavior ::run [ RunTime:0.000163s ]
INFO: WriteHtmlCache Behavior ::run [ RunTime:0.000101s ]
INFO: ShowRuntime Behavior ::run [ RunTime:0.000218s ]
INFO: [ view_filter ] --END-- [ RunTime:0.000775s ]
INFO: [ view_end ] --START--
INFO: ShowPageTrace Behavior ::run [ RunTime:0.000295s ]
INFO: [ view_end ] --END-- [ RunTime:0.000336s ]

[ 2013-10-29T17:52:58+08:00 ] 192.168.3.139 /wangpan/Index.php
INFO: [ app_begin ] --START--
INFO: ReadHtmlCache Behavior ::run [ RunTime:0.000253s ]
INFO: [ app_begin ] --END-- [ RunTime:0.000308s ]
NOTIC: [8] A session had already been started - ignoring session_start() /home/wwwroot/default/wangpan/ThinkPHP/Common/functions.php 第 566 行.
NOTIC: [8] Undefined index: fid /home/wwwroot/default/wangpan/APP/Lib/Action/IndexAction.class.php 第 22 行.
SQL: SHOW COLUMNS FROM `fileinfo` [ RunTime:0.000931s ]
SQL: SELECT * FROM `fileinfo` WHERE ( fpid=1 )  [ RunTime:0.000193s ]
INFO: [ view_parse ] --START--
NOTIC: [8] Undefined index: fpath /home/wwwroot/default/wangpan/APP/Runtime/Cache/e5b19ddd3d471b21bbda02c5e4185b4b.php 第 169 行.
NOTIC: [8] Undefined variable: target /home/wwwroot/default/wangpan/APP/Runtime/Cache/e5b19ddd3d471b21bbda02c5e4185b4b.php 第 235 行.
NOTIC: [8] Undefined variable: target /home/wwwroot/default/wangpan/APP/Runtime/Cache/e5b19ddd3d471b21bbda02c5e4185b4b.php 第 266 行.
NOTIC: [8] Undefined variable: target /home/wwwroot/default/wangpan/APP/Runtime/Cache/e5b19ddd3d471b21bbda02c5e4185b4b.php 第 274 行.
NOTIC: [8] Undefined variable: target /home/wwwroot/default/wangpan/APP/Runtime/Cache/e5b19ddd3d471b21bbda02c5e4185b4b.php 第 235 行.
NOTIC: [8] Undefined variable: target /home/wwwroot/default/wangpan/APP/Runtime/Cache/e5b19ddd3d471b21bbda02c5e4185b4b.php 第 266 行.
NOTIC: [8] Undefined variable: target /home/wwwroot/default/wangpan/APP/Runtime/Cache/e5b19ddd3d471b21bbda02c5e4185b4b.php 第 274 行.
NOTIC: [8] Undefined variable: target /home/wwwroot/default/wangpan/APP/Runtime/Cache/e5b19ddd3d471b21bbda02c5e4185b4b.php 第 235 行.
NOTIC: [8] Undefined variable: target /home/wwwroot/default/wangpan/APP/Runtime/Cache/e5b19ddd3d471b21bbda02c5e4185b4b.php 第 266 行.
NOTIC: [8] Undefined variable: target /home/wwwroot/default/wangpan/APP/Runtime/Cache/e5b19ddd3d471b21bbda02c5e4185b4b.php 第 274 行.
NOTIC: [8] Undefined variable: target /home/wwwroot/default/wangpan/APP/Runtime/Cache/e5b19ddd3d471b21bbda02c5e4185b4b.php 第 235 行.
NOTIC: [8] Undefined variable: target /home/wwwroot/default/wangpan/APP/Runtime/Cache/e5b19ddd3d471b21bbda02c5e4185b4b.php 第 266 行.
NOTIC: [8] Undefined variable: target /home/wwwroot/default/wangpan/APP/Runtime/Cache/e5b19ddd3d471b21bbda02c5e4185b4b.php 第 274 行.
NOTIC: [8] Undefined variable: target /home/wwwroot/default/wangpan/APP/Runtime/Cache/e5b19ddd3d471b21bbda02c5e4185b4b.php 第 235 行.
NOTIC: [8] Undefined variable: target /home/wwwroot/default/wangpan/APP/Runtime/Cache/e5b19ddd3d471b21bbda02c5e4185b4b.php 第 266 行.
NOTIC: [8] Undefined variable: target /home/wwwroot/default/wangpan/APP/Runtime/Cache/e5b19ddd3d471b21bbda02c5e4185b4b.php 第 274 行.
NOTIC: [8] Undefined variable: target /home/wwwroot/default/wangpan/APP/Runtime/Cache/e5b19ddd3d471b21bbda02c5e4185b4b.php 第 235 行.
NOTIC: [8] Undefined variable: target /home/wwwroot/default/wangpan/APP/Runtime/Cache/e5b19ddd3d471b21bbda02c5e4185b4b.php 第 266 行.
NOTIC: [8] Undefined variable: target /home/wwwroot/default/wangpan/APP/Runtime/Cache/e5b19ddd3d471b21bbda02c5e4185b4b.php 第 274 行.
INFO: ParseTemplate Behavior ::run [ RunTime:0.009931s ]
INFO: [ view_parse ] --END-- [ RunTime:0.009974s ]
INFO: [ view_filter ] --START--
INFO: ContentReplace Behavior ::run [ RunTime:0.000269s ]
INFO: TokenBuild Behavior ::run [ RunTime:0.000176s ]
INFO: WriteHtmlCache Behavior ::run [ RunTime:0.000101s ]
INFO: ShowRuntime Behavior ::run [ RunTime:0.000232s ]
INFO: [ view_filter ] --END-- [ RunTime:0.000892s ]
INFO: [ view_end ] --START--
INFO: ShowPageTrace Behavior ::run [ RunTime:0.000294s ]
INFO: [ view_end ] --END-- [ RunTime:0.000335s ]

[ 2013-10-29T17:53:10+08:00 ] 192.168.3.139 /wangpan/Index.php
INFO: [ app_begin ] --START--
INFO: ReadHtmlCache Behavior ::run [ RunTime:0.000253s ]
INFO: [ app_begin ] --END-- [ RunTime:0.000312s ]
NOTIC: [8] A session had already been started - ignoring session_start() /home/wwwroot/default/wangpan/ThinkPHP/Common/functions.php 第 566 行.
NOTIC: [8] Undefined index: fid /home/wwwroot/default/wangpan/APP/Lib/Action/IndexAction.class.php 第 22 行.
SQL: SHOW COLUMNS FROM `fileinfo` [ RunTime:0.000919s ]
SQL: SELECT * FROM `fileinfo` WHERE ( fpid=1 )  [ RunTime:0.000186s ]
INFO: [ view_parse ] --START--
NOTIC: [8] Undefined index: fpath /home/wwwroot/default/wangpan/APP/Runtime/Cache/e5b19ddd3d471b21bbda02c5e4185b4b.php 第 169 行.
NOTIC: [8] Undefined variable: target /home/wwwroot/default/wangpan/APP/Runtime/Cache/e5b19ddd3d471b21bbda02c5e4185b4b.php 第 235 行.
NOTIC: [8] Undefined variable: target /home/wwwroot/default/wangpan/APP/Runtime/Cache/e5b19ddd3d471b21bbda02c5e4185b4b.php 第 266 行.
NOTIC: [8] Undefined variable: target /home/wwwroot/default/wangpan/APP/Runtime/Cache/e5b19ddd3d471b21bbda02c5e4185b4b.php 第 274 行.
NOTIC: [8] Undefined variable: target /home/wwwroot/default/wangpan/APP/Runtime/Cache/e5b19ddd3d471b21bbda02c5e4185b4b.php 第 235 行.
NOTIC: [8] Undefined variable: target /home/wwwroot/default/wangpan/APP/Runtime/Cache/e5b19ddd3d471b21bbda02c5e4185b4b.php 第 266 行.
NOTIC: [8] Undefined variable: target /home/wwwroot/default/wangpan/APP/Runtime/Cache/e5b19ddd3d471b21bbda02c5e4185b4b.php 第 274 行.
NOTIC: [8] Undefined variable: target /home/wwwroot/default/wangpan/APP/Runtime/Cache/e5b19ddd3d471b21bbda02c5e4185b4b.php 第 235 行.
NOTIC: [8] Undefined variable: target /home/wwwroot/default/wangpan/APP/Runtime/Cache/e5b19ddd3d471b21bbda02c5e4185b4b.php 第 266 行.
NOTIC: [8] Undefined variable: target /home/wwwroot/default/wangpan/APP/Runtime/Cache/e5b19ddd3d471b21bbda02c5e4185b4b.php 第 274 行.
NOTIC: [8] Undefined variable: target /home/wwwroot/default/wangpan/APP/Runtime/Cache/e5b19ddd3d471b21bbda02c5e4185b4b.php 第 235 行.
NOTIC: [8] Undefined variable: target /home/wwwroot/default/wangpan/APP/Runtime/Cache/e5b19ddd3d471b21bbda02c5e4185b4b.php 第 266 行.
NOTIC: [8] Undefined variable: target /home/wwwroot/default/wangpan/APP/Runtime/Cache/e5b19ddd3d471b21bbda02c5e4185b4b.php 第 274 行.
NOTIC: [8] Undefined variable: target /home/wwwroot/default/wangpan/APP/Runtime/Cache/e5b19ddd3d471b21bbda02c5e4185b4b.php 第 235 行.
NOTIC: [8] Undefined variable: target /home/wwwroot/default/wangpan/APP/Runtime/Cache/e5b19ddd3d471b21bbda02c5e4185b4b.php 第 266 行.
NOTIC: [8] Undefined variable: target /home/wwwroot/default/wangpan/APP/Runtime/Cache/e5b19ddd3d471b21bbda02c5e4185b4b.php 第 274 行.
NOTIC: [8] Undefined variable: target /home/wwwroot/default/wangpan/APP/Runtime/Cache/e5b19ddd3d471b21bbda02c5e4185b4b.php 第 235 行.
NOTIC: [8] Undefined variable: target /home/wwwroot/default/wangpan/APP/Runtime/Cache/e5b19ddd3d471b21bbda02c5e4185b4b.php 第 266 行.
NOTIC: [8] Undefined variable: target /home/wwwroot/default/wangpan/APP/Runtime/Cache/e5b19ddd3d471b21bbda02c5e4185b4b.php 第 274 行.
INFO: ParseTemplate Behavior ::run [ RunTime:0.009848s ]
INFO: [ view_parse ] --END-- [ RunTime:0.009893s ]
INFO: [ view_filter ] --START--
INFO: ContentReplace Behavior ::run [ RunTime:0.000251s ]
INFO: TokenBuild Behavior ::run [ RunTime:0.000174s ]
INFO: WriteHtmlCache Behavior ::run [ RunTime:0.000099s ]
INFO: ShowRuntime Behavior ::run [ RunTime:0.000240s ]
INFO: [ view_filter ] --END-- [ RunTime:0.000877s ]
INFO: [ view_end ] --START--
INFO: ShowPageTrace Behavior ::run [ RunTime:0.000301s ]
INFO: [ view_end ] --END-- [ RunTime:0.000341s ]

[ 2013-10-29T17:58:42+08:00 ] 192.168.3.228 /wangpan/Index.php
INFO: [ app_begin ] --START--
INFO: ReadHtmlCache Behavior ::run [ RunTime:0.000260s ]
INFO: [ app_begin ] --END-- [ RunTime:0.000321s ]
NOTIC: [8] A session had already been started - ignoring session_start() /home/wwwroot/default/wangpan/ThinkPHP/Common/functions.php 第 566 行.
NOTIC: [8] Undefined index: fid /home/wwwroot/default/wangpan/APP/Lib/Action/IndexAction.class.php 第 22 行.
SQL: SHOW COLUMNS FROM `fileinfo` [ RunTime:0.000965s ]
SQL: SELECT * FROM `fileinfo` WHERE ( fpid=1 )  [ RunTime:0.000192s ]
INFO: [ view_parse ] --START--
NOTIC: [8] Undefined index: fpath /home/wwwroot/default/wangpan/APP/Runtime/Cache/e5b19ddd3d471b21bbda02c5e4185b4b.php 第 169 行.
NOTIC: [8] Undefined variable: target /home/wwwroot/default/wangpan/APP/Runtime/Cache/e5b19ddd3d471b21bbda02c5e4185b4b.php 第 235 行.
NOTIC: [8] Undefined variable: target /home/wwwroot/default/wangpan/APP/Runtime/Cache/e5b19ddd3d471b21bbda02c5e4185b4b.php 第 266 行.
NOTIC: [8] Undefined variable: target /home/wwwroot/default/wangpan/APP/Runtime/Cache/e5b19ddd3d471b21bbda02c5e4185b4b.php 第 274 行.
NOTIC: [8] Undefined variable: target /home/wwwroot/default/wangpan/APP/Runtime/Cache/e5b19ddd3d471b21bbda02c5e4185b4b.php 第 235 行.
NOTIC: [8] Undefined variable: target /home/wwwroot/default/wangpan/APP/Runtime/Cache/e5b19ddd3d471b21bbda02c5e4185b4b.php 第 266 行.
NOTIC: [8] Undefined variable: target /home/wwwroot/default/wangpan/APP/Runtime/Cache/e5b19ddd3d471b21bbda02c5e4185b4b.php 第 274 行.
NOTIC: [8] Undefined variable: target /home/wwwroot/default/wangpan/APP/Runtime/Cache/e5b19ddd3d471b21bbda02c5e4185b4b.php 第 235 行.
NOTIC: [8] Undefined variable: target /home/wwwroot/default/wangpan/APP/Runtime/Cache/e5b19ddd3d471b21bbda02c5e4185b4b.php 第 266 行.
NOTIC: [8] Undefined variable: target /home/wwwroot/default/wangpan/APP/Runtime/Cache/e5b19ddd3d471b21bbda02c5e4185b4b.php 第 274 行.
NOTIC: [8] Undefined variable: target /home/wwwroot/default/wangpan/APP/Runtime/Cache/e5b19ddd3d471b21bbda02c5e4185b4b.php 第 235 行.
NOTIC: [8] Undefined variable: target /home/wwwroot/default/wangpan/APP/Runtime/Cache/e5b19ddd3d471b21bbda02c5e4185b4b.php 第 266 行.
NOTIC: [8] Undefined variable: target /home/wwwroot/default/wangpan/APP/Runtime/Cache/e5b19ddd3d471b21bbda02c5e4185b4b.php 第 274 行.
NOTIC: [8] Undefined variable: target /home/wwwroot/default/wangpan/APP/Runtime/Cache/e5b19ddd3d471b21bbda02c5e4185b4b.php 第 235 行.
NOTIC: [8] Undefined variable: target /home/wwwroot/default/wangpan/APP/Runtime/Cache/e5b19ddd3d471b21bbda02c5e4185b4b.php 第 266 行.
NOTIC: [8] Undefined variable: target /home/wwwroot/default/wangpan/APP/Runtime/Cache/e5b19ddd3d471b21bbda02c5e4185b4b.php 第 274 行.
NOTIC: [8] Undefined variable: target /home/wwwroot/default/wangpan/APP/Runtime/Cache/e5b19ddd3d471b21bbda02c5e4185b4b.php 第 235 行.
NOTIC: [8] Undefined variable: target /home/wwwroot/default/wangpan/APP/Runtime/Cache/e5b19ddd3d471b21bbda02c5e4185b4b.php 第 266 行.
NOTIC: [8] Undefined variable: target /home/wwwroot/default/wangpan/APP/Runtime/Cache/e5b19ddd3d471b21bbda02c5e4185b4b.php 第 274 行.
INFO: ParseTemplate Behavior ::run [ RunTime:0.010509s ]
INFO: [ view_parse ] --END-- [ RunTime:0.010558s ]
INFO: [ view_filter ] --START--
INFO: ContentReplace Behavior ::run [ RunTime:0.000257s ]
INFO: TokenBuild Behavior ::run [ RunTime:0.000178s ]
INFO: WriteHtmlCache Behavior ::run [ RunTime:0.000101s ]
INFO: ShowRuntime Behavior ::run [ RunTime:0.000238s ]
INFO: [ view_filter ] --END-- [ RunTime:0.000888s ]
INFO: [ view_end ] --START--
INFO: ShowPageTrace Behavior ::run [ RunTime:0.000308s ]
INFO: [ view_end ] --END-- [ RunTime:0.000355s ]

[ 2013-10-29T17:59:08+08:00 ] 192.168.3.228 /wangpan/Index.php
INFO: [ app_begin ] --START--
INFO: ReadHtmlCache Behavior ::run [ RunTime:0.000263s ]
INFO: [ app_begin ] --END-- [ RunTime:0.000325s ]
NOTIC: [8] A session had already been started - ignoring session_start() /home/wwwroot/default/wangpan/ThinkPHP/Common/functions.php 第 566 行.
NOTIC: [8] Undefined index: fid /home/wwwroot/default/wangpan/APP/Lib/Action/IndexAction.class.php 第 22 行.
SQL: SHOW COLUMNS FROM `fileinfo` [ RunTime:0.000986s ]
SQL: SELECT * FROM `fileinfo` WHERE ( fpid=1 )  [ RunTime:0.000193s ]
INFO: [ view_parse ] --START--
NOTIC: [8] Undefined index: fpath /home/wwwroot/default/wangpan/APP/Runtime/Cache/e5b19ddd3d471b21bbda02c5e4185b4b.php 第 169 行.
NOTIC: [8] Undefined variable: target /home/wwwroot/default/wangpan/APP/Runtime/Cache/e5b19ddd3d471b21bbda02c5e4185b4b.php 第 235 行.
NOTIC: [8] Undefined variable: target /home/wwwroot/default/wangpan/APP/Runtime/Cache/e5b19ddd3d471b21bbda02c5e4185b4b.php 第 266 行.
NOTIC: [8] Undefined variable: target /home/wwwroot/default/wangpan/APP/Runtime/Cache/e5b19ddd3d471b21bbda02c5e4185b4b.php 第 274 行.
NOTIC: [8] Undefined variable: target /home/wwwroot/default/wangpan/APP/Runtime/Cache/e5b19ddd3d471b21bbda02c5e4185b4b.php 第 235 行.
NOTIC: [8] Undefined variable: target /home/wwwroot/default/wangpan/APP/Runtime/Cache/e5b19ddd3d471b21bbda02c5e4185b4b.php 第 266 行.
NOTIC: [8] Undefined variable: target /home/wwwroot/default/wangpan/APP/Runtime/Cache/e5b19ddd3d471b21bbda02c5e4185b4b.php 第 274 行.
NOTIC: [8] Undefined variable: target /home/wwwroot/default/wangpan/APP/Runtime/Cache/e5b19ddd3d471b21bbda02c5e4185b4b.php 第 235 行.
NOTIC: [8] Undefined variable: target /home/wwwroot/default/wangpan/APP/Runtime/Cache/e5b19ddd3d471b21bbda02c5e4185b4b.php 第 266 行.
NOTIC: [8] Undefined variable: target /home/wwwroot/default/wangpan/APP/Runtime/Cache/e5b19ddd3d471b21bbda02c5e4185b4b.php 第 274 行.
NOTIC: [8] Undefined variable: target /home/wwwroot/default/wangpan/APP/Runtime/Cache/e5b19ddd3d471b21bbda02c5e4185b4b.php 第 235 行.
NOTIC: [8] Undefined variable: target /home/wwwroot/default/wangpan/APP/Runtime/Cache/e5b19ddd3d471b21bbda02c5e4185b4b.php 第 266 行.
NOTIC: [8] Undefined variable: target /home/wwwroot/default/wangpan/APP/Runtime/Cache/e5b19ddd3d471b21bbda02c5e4185b4b.php 第 274 行.
NOTIC: [8] Undefined variable: target /home/wwwroot/default/wangpan/APP/Runtime/Cache/e5b19ddd3d471b21bbda02c5e4185b4b.php 第 235 行.
NOTIC: [8] Undefined variable: target /home/wwwroot/default/wangpan/APP/Runtime/Cache/e5b19ddd3d471b21bbda02c5e4185b4b.php 第 266 行.
NOTIC: [8] Undefined variable: target /home/wwwroot/default/wangpan/APP/Runtime/Cache/e5b19ddd3d471b21bbda02c5e4185b4b.php 第 274 行.
NOTIC: [8] Undefined variable: target /home/wwwroot/default/wangpan/APP/Runtime/Cache/e5b19ddd3d471b21bbda02c5e4185b4b.php 第 235 行.
NOTIC: [8] Undefined variable: target /home/wwwroot/default/wangpan/APP/Runtime/Cache/e5b19ddd3d471b21bbda02c5e4185b4b.php 第 266 行.
NOTIC: [8] Undefined variable: target /home/wwwroot/default/wangpan/APP/Runtime/Cache/e5b19ddd3d471b21bbda02c5e4185b4b.php 第 274 行.
INFO: ParseTemplate Behavior ::run [ RunTime:0.010533s ]
INFO: [ view_parse ] --END-- [ RunTime:0.010581s ]
INFO: [ view_filter ] --START--
INFO: ContentReplace Behavior ::run [ RunTime:0.000264s ]
INFO: TokenBuild Behavior ::run [ RunTime:0.000179s ]
INFO: WriteHtmlCache Behavior ::run [ RunTime:0.000100s ]
INFO: ShowRuntime Behavior ::run [ RunTime:0.000231s ]
INFO: [ view_filter ] --END-- [ RunTime:0.000900s ]
INFO: [ view_end ] --START--
INFO: ShowPageTrace Behavior ::run [ RunTime:0.000307s ]
INFO: [ view_end ] --END-- [ RunTime:0.000353s ]

[ 2013-10-29T17:59:13+08:00 ] 192.168.3.228 /wangpan/Index.php
INFO: [ app_begin ] --START--
INFO: ReadHtmlCache Behavior ::run [ RunTime:0.000260s ]
INFO: [ app_begin ] --END-- [ RunTime:0.000323s ]
NOTIC: [8] A session had already been started - ignoring session_start() /home/wwwroot/default/wangpan/ThinkPHP/Common/functions.php 第 566 行.
NOTIC: [8] Undefined index: fid /home/wwwroot/default/wangpan/APP/Lib/Action/IndexAction.class.php 第 22 行.
SQL: SHOW COLUMNS FROM `fileinfo` [ RunTime:0.000973s ]
SQL: SELECT * FROM `fileinfo` WHERE ( fpid=1 )  [ RunTime:0.000193s ]
INFO: [ view_parse ] --START--
NOTIC: [8] Undefined index: fpath /home/wwwroot/default/wangpan/APP/Runtime/Cache/e5b19ddd3d471b21bbda02c5e4185b4b.php 第 169 行.
NOTIC: [8] Undefined variable: target /home/wwwroot/default/wangpan/APP/Runtime/Cache/e5b19ddd3d471b21bbda02c5e4185b4b.php 第 235 行.
NOTIC: [8] Undefined variable: target /home/wwwroot/default/wangpan/APP/Runtime/Cache/e5b19ddd3d471b21bbda02c5e4185b4b.php 第 266 行.
NOTIC: [8] Undefined variable: target /home/wwwroot/default/wangpan/APP/Runtime/Cache/e5b19ddd3d471b21bbda02c5e4185b4b.php 第 274 行.
NOTIC: [8] Undefined variable: target /home/wwwroot/default/wangpan/APP/Runtime/Cache/e5b19ddd3d471b21bbda02c5e4185b4b.php 第 235 行.
NOTIC: [8] Undefined variable: target /home/wwwroot/default/wangpan/APP/Runtime/Cache/e5b19ddd3d471b21bbda02c5e4185b4b.php 第 266 行.
NOTIC: [8] Undefined variable: target /home/wwwroot/default/wangpan/APP/Runtime/Cache/e5b19ddd3d471b21bbda02c5e4185b4b.php 第 274 行.
NOTIC: [8] Undefined variable: target /home/wwwroot/default/wangpan/APP/Runtime/Cache/e5b19ddd3d471b21bbda02c5e4185b4b.php 第 235 行.
NOTIC: [8] Undefined variable: target /home/wwwroot/default/wangpan/APP/Runtime/Cache/e5b19ddd3d471b21bbda02c5e4185b4b.php 第 266 行.
NOTIC: [8] Undefined variable: target /home/wwwroot/default/wangpan/APP/Runtime/Cache/e5b19ddd3d471b21bbda02c5e4185b4b.php 第 274 行.
NOTIC: [8] Undefined variable: target /home/wwwroot/default/wangpan/APP/Runtime/Cache/e5b19ddd3d471b21bbda02c5e4185b4b.php 第 235 行.
NOTIC: [8] Undefined variable: target /home/wwwroot/default/wangpan/APP/Runtime/Cache/e5b19ddd3d471b21bbda02c5e4185b4b.php 第 266 行.
NOTIC: [8] Undefined variable: target /home/wwwroot/default/wangpan/APP/Runtime/Cache/e5b19ddd3d471b21bbda02c5e4185b4b.php 第 274 行.
NOTIC: [8] Undefined variable: target /home/wwwroot/default/wangpan/APP/Runtime/Cache/e5b19ddd3d471b21bbda02c5e4185b4b.php 第 235 行.
NOTIC: [8] Undefined variable: target /home/wwwroot/default/wangpan/APP/Runtime/Cache/e5b19ddd3d471b21bbda02c5e4185b4b.php 第 266 行.
NOTIC: [8] Undefined variable: target /home/wwwroot/default/wangpan/APP/Runtime/Cache/e5b19ddd3d471b21bbda02c5e4185b4b.php 第 274 行.
NOTIC: [8] Undefined variable: target /home/wwwroot/default/wangpan/APP/Runtime/Cache/e5b19ddd3d471b21bbda02c5e4185b4b.php 第 235 行.
NOTIC: [8] Undefined variable: target /home/wwwroot/default/wangpan/APP/Runtime/Cache/e5b19ddd3d471b21bbda02c5e4185b4b.php 第 266 行.
NOTIC: [8] Undefined variable: target /home/wwwroot/default/wangpan/APP/Runtime/Cache/e5b19ddd3d471b21bbda02c5e4185b4b.php 第 274 行.
INFO: ParseTemplate Behavior ::run [ RunTime:0.010530s ]
INFO: [ view_parse ] --END-- [ RunTime:0.010578s ]
INFO: [ view_filter ] --START--
INFO: ContentReplace Behavior ::run [ RunTime:0.000258s ]
INFO: TokenBuild Behavior ::run [ RunTime:0.000178s ]
INFO: WriteHtmlCache Behavior ::run [ RunTime:0.000101s ]
INFO: ShowRuntime Behavior ::run [ RunTime:0.000232s ]
INFO: [ view_filter ] --END-- [ RunTime:0.000884s ]
INFO: [ view_end ] --START--
INFO: ShowPageTrace Behavior ::run [ RunTime:0.000305s ]
INFO: [ view_end ] --END-- [ RunTime:0.000351s ]

