[ 2013-08-15T02:00:00+08:00 ] 192.168.3.139 /wangpan/StatAnal.php
INFO: [ app_begin ] --START--
INFO: ReadHtmlCache Behavior ::run [ RunTime:0.000269s ]
INFO: [ app_begin ] --END-- [ RunTime:0.000337s ]
SQL: SHOW COLUMNS FROM `analyse` [ RunTime:0.000596s ]
SQL: SELECT * FROM `analyse` WHERE ( `id` = 1 ) LIMIT 1   [ RunTime:0.000134s ]
SQL: SHOW COLUMNS FROM `translog` [ RunTime:0.000407s ]
SQL: SELECT * FROM `translog`  [ RunTime:0.000505s ]
SQL: SHOW COLUMNS FROM `frequency` [ RunTime:0.000347s ]
SQL: select * from frequency order by date desc limit 0,8 [ RunTime:0.000116s ]
INFO: [ view_parse ] --START--
NOTIC: [8] Undefined offset: 7 /home/wwwroot/default/wangpan/StatAnal/Runtime/Cache/a8ca3d900eb6ed5b465c7377d357880f.php 第 207 行.
NOTIC: [8] Undefined offset: 7 /home/wwwroot/default/wangpan/StatAnal/Runtime/Cache/a8ca3d900eb6ed5b465c7377d357880f.php 第 207 行.
NOTIC: [8] Undefined offset: 7 /home/wwwroot/default/wangpan/StatAnal/Runtime/Cache/a8ca3d900eb6ed5b465c7377d357880f.php 第 207 行.
NOTIC: [8] Undefined offset: 7 /home/wwwroot/default/wangpan/StatAnal/Runtime/Cache/a8ca3d900eb6ed5b465c7377d357880f.php 第 207 行.
NOTIC: [8] Undefined offset: 7 /home/wwwroot/default/wangpan/StatAnal/Runtime/Cache/a8ca3d900eb6ed5b465c7377d357880f.php 第 207 行.
NOTIC: [8] Undefined offset: 6 /home/wwwroot/default/wangpan/StatAnal/Runtime/Cache/a8ca3d900eb6ed5b465c7377d357880f.php 第 208 行.
NOTIC: [8] Undefined offset: 6 /home/wwwroot/default/wangpan/StatAnal/Runtime/Cache/a8ca3d900eb6ed5b465c7377d357880f.php 第 208 行.
NOTIC: [8] Undefined offset: 6 /home/wwwroot/default/wangpan/StatAnal/Runtime/Cache/a8ca3d900eb6ed5b465c7377d357880f.php 第 208 行.
NOTIC: [8] Undefined offset: 6 /home/wwwroot/default/wangpan/StatAnal/Runtime/Cache/a8ca3d900eb6ed5b465c7377d357880f.php 第 208 行.
NOTIC: [8] Undefined offset: 6 /home/wwwroot/default/wangpan/StatAnal/Runtime/Cache/a8ca3d900eb6ed5b465c7377d357880f.php 第 208 行.
NOTIC: [8] Undefined offset: 7 /home/wwwroot/default/wangpan/StatAnal/Runtime/Cache/a8ca3d900eb6ed5b465c7377d357880f.php 第 255 行.
NOTIC: [8] Undefined offset: 7 /home/wwwroot/default/wangpan/StatAnal/Runtime/Cache/a8ca3d900eb6ed5b465c7377d357880f.php 第 255 行.
NOTIC: [8] Undefined offset: 7 /home/wwwroot/default/wangpan/StatAnal/Runtime/Cache/a8ca3d900eb6ed5b465c7377d357880f.php 第 255 行.
NOTIC: [8] Undefined offset: 7 /home/wwwroot/default/wangpan/StatAnal/Runtime/Cache/a8ca3d900eb6ed5b465c7377d357880f.php 第 255 行.
NOTIC: [8] Undefined offset: 7 /home/wwwroot/default/wangpan/StatAnal/Runtime/Cache/a8ca3d900eb6ed5b465c7377d357880f.php 第 255 行.
NOTIC: [8] Undefined offset: 6 /home/wwwroot/default/wangpan/StatAnal/Runtime/Cache/a8ca3d900eb6ed5b465c7377d357880f.php 第 256 行.
NOTIC: [8] Undefined offset: 6 /home/wwwroot/default/wangpan/StatAnal/Runtime/Cache/a8ca3d900eb6ed5b465c7377d357880f.php 第 256 行.
NOTIC: [8] Undefined offset: 6 /home/wwwroot/default/wangpan/StatAnal/Runtime/Cache/a8ca3d900eb6ed5b465c7377d357880f.php 第 256 行.
NOTIC: [8] Undefined offset: 6 /home/wwwroot/default/wangpan/StatAnal/Runtime/Cache/a8ca3d900eb6ed5b465c7377d357880f.php 第 256 行.
NOTIC: [8] Undefined offset: 6 /home/wwwroot/default/wangpan/StatAnal/Runtime/Cache/a8ca3d900eb6ed5b465c7377d357880f.php 第 256 行.
INFO: ParseTemplate Behavior ::run [ RunTime:0.011928s ]
INFO: [ view_parse ] --END-- [ RunTime:0.011978s ]
INFO: [ view_filter ] --START--
INFO: ContentReplace Behavior ::run [ RunTime:0.000439s ]
INFO: TokenBuild Behavior ::run [ RunTime:0.000205s ]
INFO: WriteHtmlCache Behavior ::run [ RunTime:0.000100s ]
INFO: ShowRuntime Behavior ::run [ RunTime:0.000280s ]
INFO: [ view_filter ] --END-- [ RunTime:0.001139s ]
INFO: [ view_end ] --START--
INFO: ShowPageTrace Behavior ::run [ RunTime:0.000287s ]
INFO: [ view_end ] --END-- [ RunTime:0.000328s ]

