[ 2013-08-14T14:00:00+08:00 ] 192.168.3.139 /wangpan/StatAnal.php
INFO: [ app_begin ] --START--
INFO: ReadHtmlCache Behavior ::run [ RunTime:0.000265s ]
INFO: [ app_begin ] --END-- [ RunTime:0.000327s ]
SQL: SHOW COLUMNS FROM `analyse` [ RunTime:0.000592s ]
SQL: SELECT * FROM `analyse` WHERE ( `id` = 1 ) LIMIT 1   [ RunTime:0.000152s ]
SQL: SHOW COLUMNS FROM `translog` [ RunTime:0.000394s ]
SQL: SELECT * FROM `translog`  [ RunTime:0.000461s ]
SQL: SHOW COLUMNS FROM `frequency` [ RunTime:0.000350s ]
SQL: select * from frequency order by date desc limit 0,8 [ RunTime:0.000116s ]
INFO: [ view_parse ] --START--
NOTIC: [8] Undefined offset: 7 /home/wwwroot/default/wangpan/StatAnal/Runtime/Cache/a8ca3d900eb6ed5b465c7377d357880f.php 第 207 行.
NOTIC: [8] Undefined offset: 7 /home/wwwroot/default/wangpan/StatAnal/Runtime/Cache/a8ca3d900eb6ed5b465c7377d357880f.php 第 207 行.
NOTIC: [8] Undefined offset: 7 /home/wwwroot/default/wangpan/StatAnal/Runtime/Cache/a8ca3d900eb6ed5b465c7377d357880f.php 第 207 行.
NOTIC: [8] Undefined offset: 7 /home/wwwroot/default/wangpan/StatAnal/Runtime/Cache/a8ca3d900eb6ed5b465c7377d357880f.php 第 207 行.
NOTIC: [8] Undefined offset: 7 /home/wwwroot/default/wangpan/StatAnal/Runtime/Cache/a8ca3d900eb6ed5b465c7377d357880f.php 第 207 行.
NOTIC: [8] Undefined offset: 6 /home/wwwroot/default/wangpan/StatAnal/Runtime/Cache/a8ca3d900eb6ed5b465c7377d357880f.php 第 208 行.
NOTIC: [8] Undefined offset: 6 /home/wwwroot/default/wangpan/StatAnal/Runtime/Cache/a8ca3d900eb6ed5b465c7377d357880f.php 第 208 行.
NOTIC: [8] Undefined offset: 6 /home/wwwroot/default/wangpan/StatAnal/Runtime/Cache/a8ca3d900eb6ed5b465c7377d357880f.php 第 208 行.
NOTIC: [8] Undefined offset: 6 /home/wwwroot/default/wangpan/StatAnal/Runtime/Cache/a8ca3d900eb6ed5b465c7377d357880f.php 第 208 行.
NOTIC: [8] Undefined offset: 6 /home/wwwroot/default/wangpan/StatAnal/Runtime/Cache/a8ca3d900eb6ed5b465c7377d357880f.php 第 208 行.
NOTIC: [8] Undefined offset: 5 /home/wwwroot/default/wangpan/StatAnal/Runtime/Cache/a8ca3d900eb6ed5b465c7377d357880f.php 第 209 行.
NOTIC: [8] Undefined offset: 5 /home/wwwroot/default/wangpan/StatAnal/Runtime/Cache/a8ca3d900eb6ed5b465c7377d357880f.php 第 209 行.
NOTIC: [8] Undefined offset: 5 /home/wwwroot/default/wangpan/StatAnal/Runtime/Cache/a8ca3d900eb6ed5b465c7377d357880f.php 第 209 行.
NOTIC: [8] Undefined offset: 5 /home/wwwroot/default/wangpan/StatAnal/Runtime/Cache/a8ca3d900eb6ed5b465c7377d357880f.php 第 209 行.
NOTIC: [8] Undefined offset: 5 /home/wwwroot/default/wangpan/StatAnal/Runtime/Cache/a8ca3d900eb6ed5b465c7377d357880f.php 第 209 行.
NOTIC: [8] Undefined offset: 7 /home/wwwroot/default/wangpan/StatAnal/Runtime/Cache/a8ca3d900eb6ed5b465c7377d357880f.php 第 255 行.
NOTIC: [8] Undefined offset: 7 /home/wwwroot/default/wangpan/StatAnal/Runtime/Cache/a8ca3d900eb6ed5b465c7377d357880f.php 第 255 行.
NOTIC: [8] Undefined offset: 7 /home/wwwroot/default/wangpan/StatAnal/Runtime/Cache/a8ca3d900eb6ed5b465c7377d357880f.php 第 255 行.
NOTIC: [8] Undefined offset: 7 /home/wwwroot/default/wangpan/StatAnal/Runtime/Cache/a8ca3d900eb6ed5b465c7377d357880f.php 第 255 行.
NOTIC: [8] Undefined offset: 7 /home/wwwroot/default/wangpan/StatAnal/Runtime/Cache/a8ca3d900eb6ed5b465c7377d357880f.php 第 255 行.
NOTIC: [8] Undefined offset: 6 /home/wwwroot/default/wangpan/StatAnal/Runtime/Cache/a8ca3d900eb6ed5b465c7377d357880f.php 第 256 行.
NOTIC: [8] Undefined offset: 6 /home/wwwroot/default/wangpan/StatAnal/Runtime/Cache/a8ca3d900eb6ed5b465c7377d357880f.php 第 256 行.
NOTIC: [8] Undefined offset: 6 /home/wwwroot/default/wangpan/StatAnal/Runtime/Cache/a8ca3d900eb6ed5b465c7377d357880f.php 第 256 行.
NOTIC: [8] Undefined offset: 6 /home/wwwroot/default/wangpan/StatAnal/Runtime/Cache/a8ca3d900eb6ed5b465c7377d357880f.php 第 256 行.
NOTIC: [8] Undefined offset: 6 /home/wwwroot/default/wangpan/StatAnal/Runtime/Cache/a8ca3d900eb6ed5b465c7377d357880f.php 第 256 行.
NOTIC: [8] Undefined offset: 5 /home/wwwroot/default/wangpan/StatAnal/Runtime/Cache/a8ca3d900eb6ed5b465c7377d357880f.php 第 257 行.
NOTIC: [8] Undefined offset: 5 /home/wwwroot/default/wangpan/StatAnal/Runtime/Cache/a8ca3d900eb6ed5b465c7377d357880f.php 第 257 行.
NOTIC: [8] Undefined offset: 5 /home/wwwroot/default/wangpan/StatAnal/Runtime/Cache/a8ca3d900eb6ed5b465c7377d357880f.php 第 257 行.
NOTIC: [8] Undefined offset: 5 /home/wwwroot/default/wangpan/StatAnal/Runtime/Cache/a8ca3d900eb6ed5b465c7377d357880f.php 第 257 行.
NOTIC: [8] Undefined offset: 5 /home/wwwroot/default/wangpan/StatAnal/Runtime/Cache/a8ca3d900eb6ed5b465c7377d357880f.php 第 257 行.
INFO: ParseTemplate Behavior ::run [ RunTime:0.011835s ]
INFO: [ view_parse ] --END-- [ RunTime:0.011881s ]
INFO: [ view_filter ] --START--
INFO: ContentReplace Behavior ::run [ RunTime:0.000368s ]
INFO: TokenBuild Behavior ::run [ RunTime:0.000199s ]
INFO: WriteHtmlCache Behavior ::run [ RunTime:0.000099s ]
INFO: ShowRuntime Behavior ::run [ RunTime:0.000272s ]
INFO: [ view_filter ] --END-- [ RunTime:0.001053s ]
INFO: [ view_end ] --START--
INFO: ShowPageTrace Behavior ::run [ RunTime:0.000283s ]
INFO: [ view_end ] --END-- [ RunTime:0.000323s ]

[ 2013-08-14T17:00:00+08:00 ] 192.168.3.139 /wangpan/StatAnal.php
INFO: [ app_begin ] --START--
INFO: ReadHtmlCache Behavior ::run [ RunTime:0.000265s ]
INFO: [ app_begin ] --END-- [ RunTime:0.000329s ]
SQL: SHOW COLUMNS FROM `analyse` [ RunTime:0.000637s ]
SQL: SELECT * FROM `analyse` WHERE ( `id` = 1 ) LIMIT 1   [ RunTime:0.000171s ]
SQL: SHOW COLUMNS FROM `translog` [ RunTime:0.000451s ]
SQL: SELECT * FROM `translog`  [ RunTime:0.000671s ]
SQL: SHOW COLUMNS FROM `frequency` [ RunTime:0.000396s ]
SQL: select * from frequency order by date desc limit 0,8 [ RunTime:0.000130s ]
INFO: [ view_parse ] --START--
NOTIC: [8] Undefined offset: 7 /home/wwwroot/default/wangpan/StatAnal/Runtime/Cache/a8ca3d900eb6ed5b465c7377d357880f.php 第 207 行.
NOTIC: [8] Undefined offset: 7 /home/wwwroot/default/wangpan/StatAnal/Runtime/Cache/a8ca3d900eb6ed5b465c7377d357880f.php 第 207 行.
NOTIC: [8] Undefined offset: 7 /home/wwwroot/default/wangpan/StatAnal/Runtime/Cache/a8ca3d900eb6ed5b465c7377d357880f.php 第 207 行.
NOTIC: [8] Undefined offset: 7 /home/wwwroot/default/wangpan/StatAnal/Runtime/Cache/a8ca3d900eb6ed5b465c7377d357880f.php 第 207 行.
NOTIC: [8] Undefined offset: 7 /home/wwwroot/default/wangpan/StatAnal/Runtime/Cache/a8ca3d900eb6ed5b465c7377d357880f.php 第 207 行.
NOTIC: [8] Undefined offset: 6 /home/wwwroot/default/wangpan/StatAnal/Runtime/Cache/a8ca3d900eb6ed5b465c7377d357880f.php 第 208 行.
NOTIC: [8] Undefined offset: 6 /home/wwwroot/default/wangpan/StatAnal/Runtime/Cache/a8ca3d900eb6ed5b465c7377d357880f.php 第 208 行.
NOTIC: [8] Undefined offset: 6 /home/wwwroot/default/wangpan/StatAnal/Runtime/Cache/a8ca3d900eb6ed5b465c7377d357880f.php 第 208 行.
NOTIC: [8] Undefined offset: 6 /home/wwwroot/default/wangpan/StatAnal/Runtime/Cache/a8ca3d900eb6ed5b465c7377d357880f.php 第 208 行.
NOTIC: [8] Undefined offset: 6 /home/wwwroot/default/wangpan/StatAnal/Runtime/Cache/a8ca3d900eb6ed5b465c7377d357880f.php 第 208 行.
NOTIC: [8] Undefined offset: 5 /home/wwwroot/default/wangpan/StatAnal/Runtime/Cache/a8ca3d900eb6ed5b465c7377d357880f.php 第 209 行.
NOTIC: [8] Undefined offset: 5 /home/wwwroot/default/wangpan/StatAnal/Runtime/Cache/a8ca3d900eb6ed5b465c7377d357880f.php 第 209 行.
NOTIC: [8] Undefined offset: 5 /home/wwwroot/default/wangpan/StatAnal/Runtime/Cache/a8ca3d900eb6ed5b465c7377d357880f.php 第 209 行.
NOTIC: [8] Undefined offset: 5 /home/wwwroot/default/wangpan/StatAnal/Runtime/Cache/a8ca3d900eb6ed5b465c7377d357880f.php 第 209 行.
NOTIC: [8] Undefined offset: 5 /home/wwwroot/default/wangpan/StatAnal/Runtime/Cache/a8ca3d900eb6ed5b465c7377d357880f.php 第 209 行.
NOTIC: [8] Undefined offset: 7 /home/wwwroot/default/wangpan/StatAnal/Runtime/Cache/a8ca3d900eb6ed5b465c7377d357880f.php 第 255 行.
NOTIC: [8] Undefined offset: 7 /home/wwwroot/default/wangpan/StatAnal/Runtime/Cache/a8ca3d900eb6ed5b465c7377d357880f.php 第 255 行.
NOTIC: [8] Undefined offset: 7 /home/wwwroot/default/wangpan/StatAnal/Runtime/Cache/a8ca3d900eb6ed5b465c7377d357880f.php 第 255 行.
NOTIC: [8] Undefined offset: 7 /home/wwwroot/default/wangpan/StatAnal/Runtime/Cache/a8ca3d900eb6ed5b465c7377d357880f.php 第 255 行.
NOTIC: [8] Undefined offset: 7 /home/wwwroot/default/wangpan/StatAnal/Runtime/Cache/a8ca3d900eb6ed5b465c7377d357880f.php 第 255 行.
NOTIC: [8] Undefined offset: 6 /home/wwwroot/default/wangpan/StatAnal/Runtime/Cache/a8ca3d900eb6ed5b465c7377d357880f.php 第 256 行.
NOTIC: [8] Undefined offset: 6 /home/wwwroot/default/wangpan/StatAnal/Runtime/Cache/a8ca3d900eb6ed5b465c7377d357880f.php 第 256 行.
NOTIC: [8] Undefined offset: 6 /home/wwwroot/default/wangpan/StatAnal/Runtime/Cache/a8ca3d900eb6ed5b465c7377d357880f.php 第 256 行.
NOTIC: [8] Undefined offset: 6 /home/wwwroot/default/wangpan/StatAnal/Runtime/Cache/a8ca3d900eb6ed5b465c7377d357880f.php 第 256 行.
NOTIC: [8] Undefined offset: 6 /home/wwwroot/default/wangpan/StatAnal/Runtime/Cache/a8ca3d900eb6ed5b465c7377d357880f.php 第 256 行.
NOTIC: [8] Undefined offset: 5 /home/wwwroot/default/wangpan/StatAnal/Runtime/Cache/a8ca3d900eb6ed5b465c7377d357880f.php 第 257 行.
NOTIC: [8] Undefined offset: 5 /home/wwwroot/default/wangpan/StatAnal/Runtime/Cache/a8ca3d900eb6ed5b465c7377d357880f.php 第 257 行.
NOTIC: [8] Undefined offset: 5 /home/wwwroot/default/wangpan/StatAnal/Runtime/Cache/a8ca3d900eb6ed5b465c7377d357880f.php 第 257 行.
NOTIC: [8] Undefined offset: 5 /home/wwwroot/default/wangpan/StatAnal/Runtime/Cache/a8ca3d900eb6ed5b465c7377d357880f.php 第 257 行.
NOTIC: [8] Undefined offset: 5 /home/wwwroot/default/wangpan/StatAnal/Runtime/Cache/a8ca3d900eb6ed5b465c7377d357880f.php 第 257 行.
INFO: ParseTemplate Behavior ::run [ RunTime:0.012306s ]
INFO: [ view_parse ] --END-- [ RunTime:0.012364s ]
INFO: [ view_filter ] --START--
INFO: ContentReplace Behavior ::run [ RunTime:0.000470s ]
INFO: TokenBuild Behavior ::run [ RunTime:0.000204s ]
INFO: WriteHtmlCache Behavior ::run [ RunTime:0.000101s ]
INFO: ShowRuntime Behavior ::run [ RunTime:0.000281s ]
INFO: [ view_filter ] --END-- [ RunTime:0.001171s ]
INFO: [ view_end ] --START--
INFO: ShowPageTrace Behavior ::run [ RunTime:0.000297s ]
INFO: [ view_end ] --END-- [ RunTime:0.000347s ]

[ 2013-08-14T19:00:00+08:00 ] 192.168.3.139 /wangpan/StatAnal.php
INFO: [ app_begin ] --START--
INFO: ReadHtmlCache Behavior ::run [ RunTime:0.000263s ]
INFO: [ app_begin ] --END-- [ RunTime:0.000325s ]
SQL: SHOW COLUMNS FROM `analyse` [ RunTime:0.000590s ]
SQL: SELECT * FROM `analyse` WHERE ( `id` = 1 ) LIMIT 1   [ RunTime:0.000133s ]
SQL: SHOW COLUMNS FROM `translog` [ RunTime:0.000417s ]
SQL: SELECT * FROM `translog`  [ RunTime:0.000473s ]
SQL: SHOW COLUMNS FROM `frequency` [ RunTime:0.000348s ]
SQL: select * from frequency order by date desc limit 0,8 [ RunTime:0.000120s ]
INFO: [ view_parse ] --START--
NOTIC: [8] Undefined offset: 7 /home/wwwroot/default/wangpan/StatAnal/Runtime/Cache/a8ca3d900eb6ed5b465c7377d357880f.php 第 207 行.
NOTIC: [8] Undefined offset: 7 /home/wwwroot/default/wangpan/StatAnal/Runtime/Cache/a8ca3d900eb6ed5b465c7377d357880f.php 第 207 行.
NOTIC: [8] Undefined offset: 7 /home/wwwroot/default/wangpan/StatAnal/Runtime/Cache/a8ca3d900eb6ed5b465c7377d357880f.php 第 207 行.
NOTIC: [8] Undefined offset: 7 /home/wwwroot/default/wangpan/StatAnal/Runtime/Cache/a8ca3d900eb6ed5b465c7377d357880f.php 第 207 行.
NOTIC: [8] Undefined offset: 7 /home/wwwroot/default/wangpan/StatAnal/Runtime/Cache/a8ca3d900eb6ed5b465c7377d357880f.php 第 207 行.
NOTIC: [8] Undefined offset: 6 /home/wwwroot/default/wangpan/StatAnal/Runtime/Cache/a8ca3d900eb6ed5b465c7377d357880f.php 第 208 行.
NOTIC: [8] Undefined offset: 6 /home/wwwroot/default/wangpan/StatAnal/Runtime/Cache/a8ca3d900eb6ed5b465c7377d357880f.php 第 208 行.
NOTIC: [8] Undefined offset: 6 /home/wwwroot/default/wangpan/StatAnal/Runtime/Cache/a8ca3d900eb6ed5b465c7377d357880f.php 第 208 行.
NOTIC: [8] Undefined offset: 6 /home/wwwroot/default/wangpan/StatAnal/Runtime/Cache/a8ca3d900eb6ed5b465c7377d357880f.php 第 208 行.
NOTIC: [8] Undefined offset: 6 /home/wwwroot/default/wangpan/StatAnal/Runtime/Cache/a8ca3d900eb6ed5b465c7377d357880f.php 第 208 行.
NOTIC: [8] Undefined offset: 5 /home/wwwroot/default/wangpan/StatAnal/Runtime/Cache/a8ca3d900eb6ed5b465c7377d357880f.php 第 209 行.
NOTIC: [8] Undefined offset: 5 /home/wwwroot/default/wangpan/StatAnal/Runtime/Cache/a8ca3d900eb6ed5b465c7377d357880f.php 第 209 行.
NOTIC: [8] Undefined offset: 5 /home/wwwroot/default/wangpan/StatAnal/Runtime/Cache/a8ca3d900eb6ed5b465c7377d357880f.php 第 209 行.
NOTIC: [8] Undefined offset: 5 /home/wwwroot/default/wangpan/StatAnal/Runtime/Cache/a8ca3d900eb6ed5b465c7377d357880f.php 第 209 行.
NOTIC: [8] Undefined offset: 5 /home/wwwroot/default/wangpan/StatAnal/Runtime/Cache/a8ca3d900eb6ed5b465c7377d357880f.php 第 209 行.
NOTIC: [8] Undefined offset: 7 /home/wwwroot/default/wangpan/StatAnal/Runtime/Cache/a8ca3d900eb6ed5b465c7377d357880f.php 第 255 行.
NOTIC: [8] Undefined offset: 7 /home/wwwroot/default/wangpan/StatAnal/Runtime/Cache/a8ca3d900eb6ed5b465c7377d357880f.php 第 255 行.
NOTIC: [8] Undefined offset: 7 /home/wwwroot/default/wangpan/StatAnal/Runtime/Cache/a8ca3d900eb6ed5b465c7377d357880f.php 第 255 行.
NOTIC: [8] Undefined offset: 7 /home/wwwroot/default/wangpan/StatAnal/Runtime/Cache/a8ca3d900eb6ed5b465c7377d357880f.php 第 255 行.
NOTIC: [8] Undefined offset: 7 /home/wwwroot/default/wangpan/StatAnal/Runtime/Cache/a8ca3d900eb6ed5b465c7377d357880f.php 第 255 行.
NOTIC: [8] Undefined offset: 6 /home/wwwroot/default/wangpan/StatAnal/Runtime/Cache/a8ca3d900eb6ed5b465c7377d357880f.php 第 256 行.
NOTIC: [8] Undefined offset: 6 /home/wwwroot/default/wangpan/StatAnal/Runtime/Cache/a8ca3d900eb6ed5b465c7377d357880f.php 第 256 行.
NOTIC: [8] Undefined offset: 6 /home/wwwroot/default/wangpan/StatAnal/Runtime/Cache/a8ca3d900eb6ed5b465c7377d357880f.php 第 256 行.
NOTIC: [8] Undefined offset: 6 /home/wwwroot/default/wangpan/StatAnal/Runtime/Cache/a8ca3d900eb6ed5b465c7377d357880f.php 第 256 行.
NOTIC: [8] Undefined offset: 6 /home/wwwroot/default/wangpan/StatAnal/Runtime/Cache/a8ca3d900eb6ed5b465c7377d357880f.php 第 256 行.
NOTIC: [8] Undefined offset: 5 /home/wwwroot/default/wangpan/StatAnal/Runtime/Cache/a8ca3d900eb6ed5b465c7377d357880f.php 第 257 行.
NOTIC: [8] Undefined offset: 5 /home/wwwroot/default/wangpan/StatAnal/Runtime/Cache/a8ca3d900eb6ed5b465c7377d357880f.php 第 257 行.
NOTIC: [8] Undefined offset: 5 /home/wwwroot/default/wangpan/StatAnal/Runtime/Cache/a8ca3d900eb6ed5b465c7377d357880f.php 第 257 行.
NOTIC: [8] Undefined offset: 5 /home/wwwroot/default/wangpan/StatAnal/Runtime/Cache/a8ca3d900eb6ed5b465c7377d357880f.php 第 257 行.
NOTIC: [8] Undefined offset: 5 /home/wwwroot/default/wangpan/StatAnal/Runtime/Cache/a8ca3d900eb6ed5b465c7377d357880f.php 第 257 行.
INFO: ParseTemplate Behavior ::run [ RunTime:0.011925s ]
INFO: [ view_parse ] --END-- [ RunTime:0.011972s ]
INFO: [ view_filter ] --START--
INFO: ContentReplace Behavior ::run [ RunTime:0.000439s ]
INFO: TokenBuild Behavior ::run [ RunTime:0.000203s ]
INFO: WriteHtmlCache Behavior ::run [ RunTime:0.000100s ]
INFO: ShowRuntime Behavior ::run [ RunTime:0.000277s ]
INFO: [ view_filter ] --END-- [ RunTime:0.001134s ]
INFO: [ view_end ] --START--
INFO: ShowPageTrace Behavior ::run [ RunTime:0.000288s ]
INFO: [ view_end ] --END-- [ RunTime:0.000329s ]

[ 2013-08-14T23:00:00+08:00 ] 192.168.3.139 /wangpan/StatAnal.php
INFO: [ app_begin ] --START--
INFO: ReadHtmlCache Behavior ::run [ RunTime:0.000272s ]
INFO: [ app_begin ] --END-- [ RunTime:0.000341s ]
SQL: SHOW COLUMNS FROM `analyse` [ RunTime:0.000594s ]
SQL: SELECT * FROM `analyse` WHERE ( `id` = 1 ) LIMIT 1   [ RunTime:0.000133s ]
SQL: SHOW COLUMNS FROM `translog` [ RunTime:0.000389s ]
SQL: SELECT * FROM `translog`  [ RunTime:0.000490s ]
SQL: SHOW COLUMNS FROM `frequency` [ RunTime:0.000349s ]
SQL: select * from frequency order by date desc limit 0,8 [ RunTime:0.000114s ]
INFO: [ view_parse ] --START--
NOTIC: [8] Undefined offset: 7 /home/wwwroot/default/wangpan/StatAnal/Runtime/Cache/a8ca3d900eb6ed5b465c7377d357880f.php 第 207 行.
NOTIC: [8] Undefined offset: 7 /home/wwwroot/default/wangpan/StatAnal/Runtime/Cache/a8ca3d900eb6ed5b465c7377d357880f.php 第 207 行.
NOTIC: [8] Undefined offset: 7 /home/wwwroot/default/wangpan/StatAnal/Runtime/Cache/a8ca3d900eb6ed5b465c7377d357880f.php 第 207 行.
NOTIC: [8] Undefined offset: 7 /home/wwwroot/default/wangpan/StatAnal/Runtime/Cache/a8ca3d900eb6ed5b465c7377d357880f.php 第 207 行.
NOTIC: [8] Undefined offset: 7 /home/wwwroot/default/wangpan/StatAnal/Runtime/Cache/a8ca3d900eb6ed5b465c7377d357880f.php 第 207 行.
NOTIC: [8] Undefined offset: 6 /home/wwwroot/default/wangpan/StatAnal/Runtime/Cache/a8ca3d900eb6ed5b465c7377d357880f.php 第 208 行.
NOTIC: [8] Undefined offset: 6 /home/wwwroot/default/wangpan/StatAnal/Runtime/Cache/a8ca3d900eb6ed5b465c7377d357880f.php 第 208 行.
NOTIC: [8] Undefined offset: 6 /home/wwwroot/default/wangpan/StatAnal/Runtime/Cache/a8ca3d900eb6ed5b465c7377d357880f.php 第 208 行.
NOTIC: [8] Undefined offset: 6 /home/wwwroot/default/wangpan/StatAnal/Runtime/Cache/a8ca3d900eb6ed5b465c7377d357880f.php 第 208 行.
NOTIC: [8] Undefined offset: 6 /home/wwwroot/default/wangpan/StatAnal/Runtime/Cache/a8ca3d900eb6ed5b465c7377d357880f.php 第 208 行.
NOTIC: [8] Undefined offset: 5 /home/wwwroot/default/wangpan/StatAnal/Runtime/Cache/a8ca3d900eb6ed5b465c7377d357880f.php 第 209 行.
NOTIC: [8] Undefined offset: 5 /home/wwwroot/default/wangpan/StatAnal/Runtime/Cache/a8ca3d900eb6ed5b465c7377d357880f.php 第 209 行.
NOTIC: [8] Undefined offset: 5 /home/wwwroot/default/wangpan/StatAnal/Runtime/Cache/a8ca3d900eb6ed5b465c7377d357880f.php 第 209 行.
NOTIC: [8] Undefined offset: 5 /home/wwwroot/default/wangpan/StatAnal/Runtime/Cache/a8ca3d900eb6ed5b465c7377d357880f.php 第 209 行.
NOTIC: [8] Undefined offset: 5 /home/wwwroot/default/wangpan/StatAnal/Runtime/Cache/a8ca3d900eb6ed5b465c7377d357880f.php 第 209 行.
NOTIC: [8] Undefined offset: 7 /home/wwwroot/default/wangpan/StatAnal/Runtime/Cache/a8ca3d900eb6ed5b465c7377d357880f.php 第 255 行.
NOTIC: [8] Undefined offset: 7 /home/wwwroot/default/wangpan/StatAnal/Runtime/Cache/a8ca3d900eb6ed5b465c7377d357880f.php 第 255 行.
NOTIC: [8] Undefined offset: 7 /home/wwwroot/default/wangpan/StatAnal/Runtime/Cache/a8ca3d900eb6ed5b465c7377d357880f.php 第 255 行.
NOTIC: [8] Undefined offset: 7 /home/wwwroot/default/wangpan/StatAnal/Runtime/Cache/a8ca3d900eb6ed5b465c7377d357880f.php 第 255 行.
NOTIC: [8] Undefined offset: 7 /home/wwwroot/default/wangpan/StatAnal/Runtime/Cache/a8ca3d900eb6ed5b465c7377d357880f.php 第 255 行.
NOTIC: [8] Undefined offset: 6 /home/wwwroot/default/wangpan/StatAnal/Runtime/Cache/a8ca3d900eb6ed5b465c7377d357880f.php 第 256 行.
NOTIC: [8] Undefined offset: 6 /home/wwwroot/default/wangpan/StatAnal/Runtime/Cache/a8ca3d900eb6ed5b465c7377d357880f.php 第 256 行.
NOTIC: [8] Undefined offset: 6 /home/wwwroot/default/wangpan/StatAnal/Runtime/Cache/a8ca3d900eb6ed5b465c7377d357880f.php 第 256 行.
NOTIC: [8] Undefined offset: 6 /home/wwwroot/default/wangpan/StatAnal/Runtime/Cache/a8ca3d900eb6ed5b465c7377d357880f.php 第 256 行.
NOTIC: [8] Undefined offset: 6 /home/wwwroot/default/wangpan/StatAnal/Runtime/Cache/a8ca3d900eb6ed5b465c7377d357880f.php 第 256 行.
NOTIC: [8] Undefined offset: 5 /home/wwwroot/default/wangpan/StatAnal/Runtime/Cache/a8ca3d900eb6ed5b465c7377d357880f.php 第 257 行.
NOTIC: [8] Undefined offset: 5 /home/wwwroot/default/wangpan/StatAnal/Runtime/Cache/a8ca3d900eb6ed5b465c7377d357880f.php 第 257 行.
NOTIC: [8] Undefined offset: 5 /home/wwwroot/default/wangpan/StatAnal/Runtime/Cache/a8ca3d900eb6ed5b465c7377d357880f.php 第 257 行.
NOTIC: [8] Undefined offset: 5 /home/wwwroot/default/wangpan/StatAnal/Runtime/Cache/a8ca3d900eb6ed5b465c7377d357880f.php 第 257 行.
NOTIC: [8] Undefined offset: 5 /home/wwwroot/default/wangpan/StatAnal/Runtime/Cache/a8ca3d900eb6ed5b465c7377d357880f.php 第 257 行.
INFO: ParseTemplate Behavior ::run [ RunTime:0.011975s ]
INFO: [ view_parse ] --END-- [ RunTime:0.012024s ]
INFO: [ view_filter ] --START--
INFO: ContentReplace Behavior ::run [ RunTime:0.000440s ]
INFO: TokenBuild Behavior ::run [ RunTime:0.000204s ]
INFO: WriteHtmlCache Behavior ::run [ RunTime:0.000100s ]
INFO: ShowRuntime Behavior ::run [ RunTime:0.000279s ]
INFO: [ view_filter ] --END-- [ RunTime:0.001137s ]
INFO: [ view_end ] --START--
INFO: ShowPageTrace Behavior ::run [ RunTime:0.000287s ]
INFO: [ view_end ] --END-- [ RunTime:0.000328s ]

