[ 2013-08-05T10:42:55+08:00 ] 192.168.3.139 /wangpan/StatAnal.php
INFO: [ app_begin ] --START--
INFO: ReadHtmlCache Behavior ::run [ RunTime:0.000261s ]
INFO: [ app_begin ] --END-- [ RunTime:0.000321s ]
SQL: SHOW COLUMNS FROM `analyse` [ RunTime:0.000517s ]
SQL: SELECT * FROM `analyse` WHERE ( `id` = 1 ) LIMIT 1   [ RunTime:0.000109s ]
SQL: SHOW COLUMNS FROM `translog` [ RunTime:0.000394s ]
SQL: SELECT * FROM `translog`  [ RunTime:0.000082s ]
SQL: SHOW COLUMNS FROM `frequency` [ RunTime:0.000344s ]
SQL: select * from frequency order by date desc limit 0,8 [ RunTime:0.000085s ]
INFO: [ view_parse ] --START--
NOTIC: [8] Undefined offset: 7 /home/wwwroot/default/wangpan/StatAnal/Runtime/Cache/a8ca3d900eb6ed5b465c7377d357880f.php 第 207 行.
NOTIC: [8] Undefined offset: 7 /home/wwwroot/default/wangpan/StatAnal/Runtime/Cache/a8ca3d900eb6ed5b465c7377d357880f.php 第 207 行.
NOTIC: [8] Undefined offset: 7 /home/wwwroot/default/wangpan/StatAnal/Runtime/Cache/a8ca3d900eb6ed5b465c7377d357880f.php 第 207 行.
NOTIC: [8] Undefined offset: 7 /home/wwwroot/default/wangpan/StatAnal/Runtime/Cache/a8ca3d900eb6ed5b465c7377d357880f.php 第 207 行.
NOTIC: [8] Undefined offset: 7 /home/wwwroot/default/wangpan/StatAnal/Runtime/Cache/a8ca3d900eb6ed5b465c7377d357880f.php 第 207 行.
NOTIC: [8] Undefined offset: 6 /home/wwwroot/default/wangpan/StatAnal/Runtime/Cache/a8ca3d900eb6ed5b465c7377d357880f.php 第 208 行.
NOTIC: [8] Undefined offset: 6 /home/wwwroot/default/wangpan/StatAnal/Runtime/Cache/a8ca3d900eb6ed5b465c7377d357880f.php 第 208 行.
NOTIC: [8] Undefined offset: 6 /home/wwwroot/default/wangpan/StatAnal/Runtime/Cache/a8ca3d900eb6ed5b465c7377d357880f.php 第 208 行.
NOTIC: [8] Undefined offset: 6 /home/wwwroot/default/wangpan/StatAnal/Runtime/Cache/a8ca3d900eb6ed5b465c7377d357880f.php 第 208 行.
NOTIC: [8] Undefined offset: 6 /home/wwwroot/default/wangpan/StatAnal/Runtime/Cache/a8ca3d900eb6ed5b465c7377d357880f.php 第 208 行.
NOTIC: [8] Undefined offset: 5 /home/wwwroot/default/wangpan/StatAnal/Runtime/Cache/a8ca3d900eb6ed5b465c7377d357880f.php 第 209 行.
NOTIC: [8] Undefined offset: 5 /home/wwwroot/default/wangpan/StatAnal/Runtime/Cache/a8ca3d900eb6ed5b465c7377d357880f.php 第 209 行.
NOTIC: [8] Undefined offset: 5 /home/wwwroot/default/wangpan/StatAnal/Runtime/Cache/a8ca3d900eb6ed5b465c7377d357880f.php 第 209 行.
NOTIC: [8] Undefined offset: 5 /home/wwwroot/default/wangpan/StatAnal/Runtime/Cache/a8ca3d900eb6ed5b465c7377d357880f.php 第 209 行.
NOTIC: [8] Undefined offset: 5 /home/wwwroot/default/wangpan/StatAnal/Runtime/Cache/a8ca3d900eb6ed5b465c7377d357880f.php 第 209 行.
NOTIC: [8] Undefined offset: 4 /home/wwwroot/default/wangpan/StatAnal/Runtime/Cache/a8ca3d900eb6ed5b465c7377d357880f.php 第 210 行.
NOTIC: [8] Undefined offset: 4 /home/wwwroot/default/wangpan/StatAnal/Runtime/Cache/a8ca3d900eb6ed5b465c7377d357880f.php 第 210 行.
NOTIC: [8] Undefined offset: 4 /home/wwwroot/default/wangpan/StatAnal/Runtime/Cache/a8ca3d900eb6ed5b465c7377d357880f.php 第 210 行.
NOTIC: [8] Undefined offset: 4 /home/wwwroot/default/wangpan/StatAnal/Runtime/Cache/a8ca3d900eb6ed5b465c7377d357880f.php 第 210 行.
NOTIC: [8] Undefined offset: 4 /home/wwwroot/default/wangpan/StatAnal/Runtime/Cache/a8ca3d900eb6ed5b465c7377d357880f.php 第 210 行.
NOTIC: [8] Undefined offset: 3 /home/wwwroot/default/wangpan/StatAnal/Runtime/Cache/a8ca3d900eb6ed5b465c7377d357880f.php 第 211 行.
NOTIC: [8] Undefined offset: 3 /home/wwwroot/default/wangpan/StatAnal/Runtime/Cache/a8ca3d900eb6ed5b465c7377d357880f.php 第 211 行.
NOTIC: [8] Undefined offset: 3 /home/wwwroot/default/wangpan/StatAnal/Runtime/Cache/a8ca3d900eb6ed5b465c7377d357880f.php 第 211 行.
NOTIC: [8] Undefined offset: 3 /home/wwwroot/default/wangpan/StatAnal/Runtime/Cache/a8ca3d900eb6ed5b465c7377d357880f.php 第 211 行.
NOTIC: [8] Undefined offset: 3 /home/wwwroot/default/wangpan/StatAnal/Runtime/Cache/a8ca3d900eb6ed5b465c7377d357880f.php 第 211 行.
NOTIC: [8] Undefined offset: 2 /home/wwwroot/default/wangpan/StatAnal/Runtime/Cache/a8ca3d900eb6ed5b465c7377d357880f.php 第 212 行.
NOTIC: [8] Undefined offset: 2 /home/wwwroot/default/wangpan/StatAnal/Runtime/Cache/a8ca3d900eb6ed5b465c7377d357880f.php 第 212 行.
NOTIC: [8] Undefined offset: 2 /home/wwwroot/default/wangpan/StatAnal/Runtime/Cache/a8ca3d900eb6ed5b465c7377d357880f.php 第 212 行.
NOTIC: [8] Undefined offset: 2 /home/wwwroot/default/wangpan/StatAnal/Runtime/Cache/a8ca3d900eb6ed5b465c7377d357880f.php 第 212 行.
NOTIC: [8] Undefined offset: 2 /home/wwwroot/default/wangpan/StatAnal/Runtime/Cache/a8ca3d900eb6ed5b465c7377d357880f.php 第 212 行.
NOTIC: [8] Undefined offset: 1 /home/wwwroot/default/wangpan/StatAnal/Runtime/Cache/a8ca3d900eb6ed5b465c7377d357880f.php 第 213 行.
NOTIC: [8] Undefined offset: 1 /home/wwwroot/default/wangpan/StatAnal/Runtime/Cache/a8ca3d900eb6ed5b465c7377d357880f.php 第 213 行.
NOTIC: [8] Undefined offset: 1 /home/wwwroot/default/wangpan/StatAnal/Runtime/Cache/a8ca3d900eb6ed5b465c7377d357880f.php 第 213 行.
NOTIC: [8] Undefined offset: 1 /home/wwwroot/default/wangpan/StatAnal/Runtime/Cache/a8ca3d900eb6ed5b465c7377d357880f.php 第 213 行.
NOTIC: [8] Undefined offset: 1 /home/wwwroot/default/wangpan/StatAnal/Runtime/Cache/a8ca3d900eb6ed5b465c7377d357880f.php 第 213 行.
NOTIC: [8] Undefined offset: 0 /home/wwwroot/default/wangpan/StatAnal/Runtime/Cache/a8ca3d900eb6ed5b465c7377d357880f.php 第 214 行.
NOTIC: [8] Undefined offset: 0 /home/wwwroot/default/wangpan/StatAnal/Runtime/Cache/a8ca3d900eb6ed5b465c7377d357880f.php 第 214 行.
NOTIC: [8] Undefined offset: 0 /home/wwwroot/default/wangpan/StatAnal/Runtime/Cache/a8ca3d900eb6ed5b465c7377d357880f.php 第 214 行.
NOTIC: [8] Undefined offset: 0 /home/wwwroot/default/wangpan/StatAnal/Runtime/Cache/a8ca3d900eb6ed5b465c7377d357880f.php 第 214 行.
NOTIC: [8] Undefined offset: 0 /home/wwwroot/default/wangpan/StatAnal/Runtime/Cache/a8ca3d900eb6ed5b465c7377d357880f.php 第 214 行.
NOTIC: [8] Undefined offset: 7 /home/wwwroot/default/wangpan/StatAnal/Runtime/Cache/a8ca3d900eb6ed5b465c7377d357880f.php 第 255 行.
NOTIC: [8] Undefined offset: 7 /home/wwwroot/default/wangpan/StatAnal/Runtime/Cache/a8ca3d900eb6ed5b465c7377d357880f.php 第 255 行.
NOTIC: [8] Undefined offset: 7 /home/wwwroot/default/wangpan/StatAnal/Runtime/Cache/a8ca3d900eb6ed5b465c7377d357880f.php 第 255 行.
NOTIC: [8] Undefined offset: 7 /home/wwwroot/default/wangpan/StatAnal/Runtime/Cache/a8ca3d900eb6ed5b465c7377d357880f.php 第 255 行.
NOTIC: [8] Undefined offset: 7 /home/wwwroot/default/wangpan/StatAnal/Runtime/Cache/a8ca3d900eb6ed5b465c7377d357880f.php 第 255 行.
NOTIC: [8] Undefined offset: 6 /home/wwwroot/default/wangpan/StatAnal/Runtime/Cache/a8ca3d900eb6ed5b465c7377d357880f.php 第 256 行.
NOTIC: [8] Undefined offset: 6 /home/wwwroot/default/wangpan/StatAnal/Runtime/Cache/a8ca3d900eb6ed5b465c7377d357880f.php 第 256 行.
NOTIC: [8] Undefined offset: 6 /home/wwwroot/default/wangpan/StatAnal/Runtime/Cache/a8ca3d900eb6ed5b465c7377d357880f.php 第 256 行.
NOTIC: [8] Undefined offset: 6 /home/wwwroot/default/wangpan/StatAnal/Runtime/Cache/a8ca3d900eb6ed5b465c7377d357880f.php 第 256 行.
NOTIC: [8] Undefined offset: 6 /home/wwwroot/default/wangpan/StatAnal/Runtime/Cache/a8ca3d900eb6ed5b465c7377d357880f.php 第 256 行.
NOTIC: [8] Undefined offset: 5 /home/wwwroot/default/wangpan/StatAnal/Runtime/Cache/a8ca3d900eb6ed5b465c7377d357880f.php 第 257 行.
NOTIC: [8] Undefined offset: 5 /home/wwwroot/default/wangpan/StatAnal/Runtime/Cache/a8ca3d900eb6ed5b465c7377d357880f.php 第 257 行.
NOTIC: [8] Undefined offset: 5 /home/wwwroot/default/wangpan/StatAnal/Runtime/Cache/a8ca3d900eb6ed5b465c7377d357880f.php 第 257 行.
NOTIC: [8] Undefined offset: 5 /home/wwwroot/default/wangpan/StatAnal/Runtime/Cache/a8ca3d900eb6ed5b465c7377d357880f.php 第 257 行.
NOTIC: [8] Undefined offset: 5 /home/wwwroot/default/wangpan/StatAnal/Runtime/Cache/a8ca3d900eb6ed5b465c7377d357880f.php 第 257 行.
NOTIC: [8] Undefined offset: 4 /home/wwwroot/default/wangpan/StatAnal/Runtime/Cache/a8ca3d900eb6ed5b465c7377d357880f.php 第 258 行.
NOTIC: [8] Undefined offset: 4 /home/wwwroot/default/wangpan/StatAnal/Runtime/Cache/a8ca3d900eb6ed5b465c7377d357880f.php 第 258 行.
NOTIC: [8] Undefined offset: 4 /home/wwwroot/default/wangpan/StatAnal/Runtime/Cache/a8ca3d900eb6ed5b465c7377d357880f.php 第 258 行.
NOTIC: [8] Undefined offset: 4 /home/wwwroot/default/wangpan/StatAnal/Runtime/Cache/a8ca3d900eb6ed5b465c7377d357880f.php 第 258 行.
NOTIC: [8] Undefined offset: 4 /home/wwwroot/default/wangpan/StatAnal/Runtime/Cache/a8ca3d900eb6ed5b465c7377d357880f.php 第 258 行.
NOTIC: [8] Undefined offset: 3 /home/wwwroot/default/wangpan/StatAnal/Runtime/Cache/a8ca3d900eb6ed5b465c7377d357880f.php 第 259 行.
NOTIC: [8] Undefined offset: 3 /home/wwwroot/default/wangpan/StatAnal/Runtime/Cache/a8ca3d900eb6ed5b465c7377d357880f.php 第 259 行.
NOTIC: [8] Undefined offset: 3 /home/wwwroot/default/wangpan/StatAnal/Runtime/Cache/a8ca3d900eb6ed5b465c7377d357880f.php 第 259 行.
NOTIC: [8] Undefined offset: 3 /home/wwwroot/default/wangpan/StatAnal/Runtime/Cache/a8ca3d900eb6ed5b465c7377d357880f.php 第 259 行.
NOTIC: [8] Undefined offset: 3 /home/wwwroot/default/wangpan/StatAnal/Runtime/Cache/a8ca3d900eb6ed5b465c7377d357880f.php 第 259 行.
NOTIC: [8] Undefined offset: 2 /home/wwwroot/default/wangpan/StatAnal/Runtime/Cache/a8ca3d900eb6ed5b465c7377d357880f.php 第 260 行.
NOTIC: [8] Undefined offset: 2 /home/wwwroot/default/wangpan/StatAnal/Runtime/Cache/a8ca3d900eb6ed5b465c7377d357880f.php 第 260 行.
NOTIC: [8] Undefined offset: 2 /home/wwwroot/default/wangpan/StatAnal/Runtime/Cache/a8ca3d900eb6ed5b465c7377d357880f.php 第 260 行.
NOTIC: [8] Undefined offset: 2 /home/wwwroot/default/wangpan/StatAnal/Runtime/Cache/a8ca3d900eb6ed5b465c7377d357880f.php 第 260 行.
NOTIC: [8] Undefined offset: 2 /home/wwwroot/default/wangpan/StatAnal/Runtime/Cache/a8ca3d900eb6ed5b465c7377d357880f.php 第 260 行.
NOTIC: [8] Undefined offset: 1 /home/wwwroot/default/wangpan/StatAnal/Runtime/Cache/a8ca3d900eb6ed5b465c7377d357880f.php 第 261 行.
NOTIC: [8] Undefined offset: 1 /home/wwwroot/default/wangpan/StatAnal/Runtime/Cache/a8ca3d900eb6ed5b465c7377d357880f.php 第 261 行.
NOTIC: [8] Undefined offset: 1 /home/wwwroot/default/wangpan/StatAnal/Runtime/Cache/a8ca3d900eb6ed5b465c7377d357880f.php 第 261 行.
NOTIC: [8] Undefined offset: 1 /home/wwwroot/default/wangpan/StatAnal/Runtime/Cache/a8ca3d900eb6ed5b465c7377d357880f.php 第 261 行.
NOTIC: [8] Undefined offset: 1 /home/wwwroot/default/wangpan/StatAnal/Runtime/Cache/a8ca3d900eb6ed5b465c7377d357880f.php 第 261 行.
NOTIC: [8] Undefined offset: 0 /home/wwwroot/default/wangpan/StatAnal/Runtime/Cache/a8ca3d900eb6ed5b465c7377d357880f.php 第 262 行.
NOTIC: [8] Undefined offset: 0 /home/wwwroot/default/wangpan/StatAnal/Runtime/Cache/a8ca3d900eb6ed5b465c7377d357880f.php 第 262 行.
NOTIC: [8] Undefined offset: 0 /home/wwwroot/default/wangpan/StatAnal/Runtime/Cache/a8ca3d900eb6ed5b465c7377d357880f.php 第 262 行.
NOTIC: [8] Undefined offset: 0 /home/wwwroot/default/wangpan/StatAnal/Runtime/Cache/a8ca3d900eb6ed5b465c7377d357880f.php 第 262 行.
NOTIC: [8] Undefined offset: 0 /home/wwwroot/default/wangpan/StatAnal/Runtime/Cache/a8ca3d900eb6ed5b465c7377d357880f.php 第 262 行.
INFO: ParseTemplate Behavior ::run [ RunTime:0.012335s ]
INFO: [ view_parse ] --END-- [ RunTime:0.012380s ]
INFO: [ view_filter ] --START--
INFO: ContentReplace Behavior ::run [ RunTime:0.000181s ]
INFO: TokenBuild Behavior ::run [ RunTime:0.000167s ]
INFO: WriteHtmlCache Behavior ::run [ RunTime:0.000099s ]
INFO: ShowRuntime Behavior ::run [ RunTime:0.000211s ]
INFO: [ view_filter ] --END-- [ RunTime:0.000770s ]
INFO: [ view_end ] --START--
INFO: ShowPageTrace Behavior ::run [ RunTime:0.000275s ]
INFO: [ view_end ] --END-- [ RunTime:0.000314s ]

[ 2013-08-05T10:45:01+08:00 ] 192.168.3.139 /wangpan/StatAnal.php
INFO: [ app_begin ] --START--
INFO: ReadHtmlCache Behavior ::run [ RunTime:0.000266s ]
INFO: [ app_begin ] --END-- [ RunTime:0.000323s ]
SQL: SHOW COLUMNS FROM `analyse` [ RunTime:0.000573s ]
SQL: SELECT * FROM `analyse` WHERE ( `id` = 1 ) LIMIT 1   [ RunTime:0.000132s ]
SQL: SHOW COLUMNS FROM `translog` [ RunTime:0.000390s ]
SQL: SELECT * FROM `translog`  [ RunTime:0.000082s ]
SQL: SHOW COLUMNS FROM `frequency` [ RunTime:0.000341s ]
SQL: select * from frequency order by date desc limit 0,8 [ RunTime:0.000084s ]
INFO: [ view_parse ] --START--
NOTIC: [8] Undefined offset: 7 /home/wwwroot/default/wangpan/StatAnal/Runtime/Cache/a8ca3d900eb6ed5b465c7377d357880f.php 第 207 行.
NOTIC: [8] Undefined offset: 7 /home/wwwroot/default/wangpan/StatAnal/Runtime/Cache/a8ca3d900eb6ed5b465c7377d357880f.php 第 207 行.
NOTIC: [8] Undefined offset: 7 /home/wwwroot/default/wangpan/StatAnal/Runtime/Cache/a8ca3d900eb6ed5b465c7377d357880f.php 第 207 行.
NOTIC: [8] Undefined offset: 7 /home/wwwroot/default/wangpan/StatAnal/Runtime/Cache/a8ca3d900eb6ed5b465c7377d357880f.php 第 207 行.
NOTIC: [8] Undefined offset: 7 /home/wwwroot/default/wangpan/StatAnal/Runtime/Cache/a8ca3d900eb6ed5b465c7377d357880f.php 第 207 行.
NOTIC: [8] Undefined offset: 6 /home/wwwroot/default/wangpan/StatAnal/Runtime/Cache/a8ca3d900eb6ed5b465c7377d357880f.php 第 208 行.
NOTIC: [8] Undefined offset: 6 /home/wwwroot/default/wangpan/StatAnal/Runtime/Cache/a8ca3d900eb6ed5b465c7377d357880f.php 第 208 行.
NOTIC: [8] Undefined offset: 6 /home/wwwroot/default/wangpan/StatAnal/Runtime/Cache/a8ca3d900eb6ed5b465c7377d357880f.php 第 208 行.
NOTIC: [8] Undefined offset: 6 /home/wwwroot/default/wangpan/StatAnal/Runtime/Cache/a8ca3d900eb6ed5b465c7377d357880f.php 第 208 行.
NOTIC: [8] Undefined offset: 6 /home/wwwroot/default/wangpan/StatAnal/Runtime/Cache/a8ca3d900eb6ed5b465c7377d357880f.php 第 208 行.
NOTIC: [8] Undefined offset: 5 /home/wwwroot/default/wangpan/StatAnal/Runtime/Cache/a8ca3d900eb6ed5b465c7377d357880f.php 第 209 行.
NOTIC: [8] Undefined offset: 5 /home/wwwroot/default/wangpan/StatAnal/Runtime/Cache/a8ca3d900eb6ed5b465c7377d357880f.php 第 209 行.
NOTIC: [8] Undefined offset: 5 /home/wwwroot/default/wangpan/StatAnal/Runtime/Cache/a8ca3d900eb6ed5b465c7377d357880f.php 第 209 行.
NOTIC: [8] Undefined offset: 5 /home/wwwroot/default/wangpan/StatAnal/Runtime/Cache/a8ca3d900eb6ed5b465c7377d357880f.php 第 209 行.
NOTIC: [8] Undefined offset: 5 /home/wwwroot/default/wangpan/StatAnal/Runtime/Cache/a8ca3d900eb6ed5b465c7377d357880f.php 第 209 行.
NOTIC: [8] Undefined offset: 4 /home/wwwroot/default/wangpan/StatAnal/Runtime/Cache/a8ca3d900eb6ed5b465c7377d357880f.php 第 210 行.
NOTIC: [8] Undefined offset: 4 /home/wwwroot/default/wangpan/StatAnal/Runtime/Cache/a8ca3d900eb6ed5b465c7377d357880f.php 第 210 行.
NOTIC: [8] Undefined offset: 4 /home/wwwroot/default/wangpan/StatAnal/Runtime/Cache/a8ca3d900eb6ed5b465c7377d357880f.php 第 210 行.
NOTIC: [8] Undefined offset: 4 /home/wwwroot/default/wangpan/StatAnal/Runtime/Cache/a8ca3d900eb6ed5b465c7377d357880f.php 第 210 行.
NOTIC: [8] Undefined offset: 4 /home/wwwroot/default/wangpan/StatAnal/Runtime/Cache/a8ca3d900eb6ed5b465c7377d357880f.php 第 210 行.
NOTIC: [8] Undefined offset: 3 /home/wwwroot/default/wangpan/StatAnal/Runtime/Cache/a8ca3d900eb6ed5b465c7377d357880f.php 第 211 行.
NOTIC: [8] Undefined offset: 3 /home/wwwroot/default/wangpan/StatAnal/Runtime/Cache/a8ca3d900eb6ed5b465c7377d357880f.php 第 211 行.
NOTIC: [8] Undefined offset: 3 /home/wwwroot/default/wangpan/StatAnal/Runtime/Cache/a8ca3d900eb6ed5b465c7377d357880f.php 第 211 行.
NOTIC: [8] Undefined offset: 3 /home/wwwroot/default/wangpan/StatAnal/Runtime/Cache/a8ca3d900eb6ed5b465c7377d357880f.php 第 211 行.
NOTIC: [8] Undefined offset: 3 /home/wwwroot/default/wangpan/StatAnal/Runtime/Cache/a8ca3d900eb6ed5b465c7377d357880f.php 第 211 行.
NOTIC: [8] Undefined offset: 2 /home/wwwroot/default/wangpan/StatAnal/Runtime/Cache/a8ca3d900eb6ed5b465c7377d357880f.php 第 212 行.
NOTIC: [8] Undefined offset: 2 /home/wwwroot/default/wangpan/StatAnal/Runtime/Cache/a8ca3d900eb6ed5b465c7377d357880f.php 第 212 行.
NOTIC: [8] Undefined offset: 2 /home/wwwroot/default/wangpan/StatAnal/Runtime/Cache/a8ca3d900eb6ed5b465c7377d357880f.php 第 212 行.
NOTIC: [8] Undefined offset: 2 /home/wwwroot/default/wangpan/StatAnal/Runtime/Cache/a8ca3d900eb6ed5b465c7377d357880f.php 第 212 行.
NOTIC: [8] Undefined offset: 2 /home/wwwroot/default/wangpan/StatAnal/Runtime/Cache/a8ca3d900eb6ed5b465c7377d357880f.php 第 212 行.
NOTIC: [8] Undefined offset: 1 /home/wwwroot/default/wangpan/StatAnal/Runtime/Cache/a8ca3d900eb6ed5b465c7377d357880f.php 第 213 行.
NOTIC: [8] Undefined offset: 1 /home/wwwroot/default/wangpan/StatAnal/Runtime/Cache/a8ca3d900eb6ed5b465c7377d357880f.php 第 213 行.
NOTIC: [8] Undefined offset: 1 /home/wwwroot/default/wangpan/StatAnal/Runtime/Cache/a8ca3d900eb6ed5b465c7377d357880f.php 第 213 行.
NOTIC: [8] Undefined offset: 1 /home/wwwroot/default/wangpan/StatAnal/Runtime/Cache/a8ca3d900eb6ed5b465c7377d357880f.php 第 213 行.
NOTIC: [8] Undefined offset: 1 /home/wwwroot/default/wangpan/StatAnal/Runtime/Cache/a8ca3d900eb6ed5b465c7377d357880f.php 第 213 行.
NOTIC: [8] Undefined offset: 0 /home/wwwroot/default/wangpan/StatAnal/Runtime/Cache/a8ca3d900eb6ed5b465c7377d357880f.php 第 214 行.
NOTIC: [8] Undefined offset: 0 /home/wwwroot/default/wangpan/StatAnal/Runtime/Cache/a8ca3d900eb6ed5b465c7377d357880f.php 第 214 行.
NOTIC: [8] Undefined offset: 0 /home/wwwroot/default/wangpan/StatAnal/Runtime/Cache/a8ca3d900eb6ed5b465c7377d357880f.php 第 214 行.
NOTIC: [8] Undefined offset: 0 /home/wwwroot/default/wangpan/StatAnal/Runtime/Cache/a8ca3d900eb6ed5b465c7377d357880f.php 第 214 行.
NOTIC: [8] Undefined offset: 0 /home/wwwroot/default/wangpan/StatAnal/Runtime/Cache/a8ca3d900eb6ed5b465c7377d357880f.php 第 214 行.
NOTIC: [8] Undefined offset: 7 /home/wwwroot/default/wangpan/StatAnal/Runtime/Cache/a8ca3d900eb6ed5b465c7377d357880f.php 第 255 行.
NOTIC: [8] Undefined offset: 7 /home/wwwroot/default/wangpan/StatAnal/Runtime/Cache/a8ca3d900eb6ed5b465c7377d357880f.php 第 255 行.
NOTIC: [8] Undefined offset: 7 /home/wwwroot/default/wangpan/StatAnal/Runtime/Cache/a8ca3d900eb6ed5b465c7377d357880f.php 第 255 行.
NOTIC: [8] Undefined offset: 7 /home/wwwroot/default/wangpan/StatAnal/Runtime/Cache/a8ca3d900eb6ed5b465c7377d357880f.php 第 255 行.
NOTIC: [8] Undefined offset: 7 /home/wwwroot/default/wangpan/StatAnal/Runtime/Cache/a8ca3d900eb6ed5b465c7377d357880f.php 第 255 行.
NOTIC: [8] Undefined offset: 6 /home/wwwroot/default/wangpan/StatAnal/Runtime/Cache/a8ca3d900eb6ed5b465c7377d357880f.php 第 256 行.
NOTIC: [8] Undefined offset: 6 /home/wwwroot/default/wangpan/StatAnal/Runtime/Cache/a8ca3d900eb6ed5b465c7377d357880f.php 第 256 行.
NOTIC: [8] Undefined offset: 6 /home/wwwroot/default/wangpan/StatAnal/Runtime/Cache/a8ca3d900eb6ed5b465c7377d357880f.php 第 256 行.
NOTIC: [8] Undefined offset: 6 /home/wwwroot/default/wangpan/StatAnal/Runtime/Cache/a8ca3d900eb6ed5b465c7377d357880f.php 第 256 行.
NOTIC: [8] Undefined offset: 6 /home/wwwroot/default/wangpan/StatAnal/Runtime/Cache/a8ca3d900eb6ed5b465c7377d357880f.php 第 256 行.
NOTIC: [8] Undefined offset: 5 /home/wwwroot/default/wangpan/StatAnal/Runtime/Cache/a8ca3d900eb6ed5b465c7377d357880f.php 第 257 行.
NOTIC: [8] Undefined offset: 5 /home/wwwroot/default/wangpan/StatAnal/Runtime/Cache/a8ca3d900eb6ed5b465c7377d357880f.php 第 257 行.
NOTIC: [8] Undefined offset: 5 /home/wwwroot/default/wangpan/StatAnal/Runtime/Cache/a8ca3d900eb6ed5b465c7377d357880f.php 第 257 行.
NOTIC: [8] Undefined offset: 5 /home/wwwroot/default/wangpan/StatAnal/Runtime/Cache/a8ca3d900eb6ed5b465c7377d357880f.php 第 257 行.
NOTIC: [8] Undefined offset: 5 /home/wwwroot/default/wangpan/StatAnal/Runtime/Cache/a8ca3d900eb6ed5b465c7377d357880f.php 第 257 行.
NOTIC: [8] Undefined offset: 4 /home/wwwroot/default/wangpan/StatAnal/Runtime/Cache/a8ca3d900eb6ed5b465c7377d357880f.php 第 258 行.
NOTIC: [8] Undefined offset: 4 /home/wwwroot/default/wangpan/StatAnal/Runtime/Cache/a8ca3d900eb6ed5b465c7377d357880f.php 第 258 行.
NOTIC: [8] Undefined offset: 4 /home/wwwroot/default/wangpan/StatAnal/Runtime/Cache/a8ca3d900eb6ed5b465c7377d357880f.php 第 258 行.
NOTIC: [8] Undefined offset: 4 /home/wwwroot/default/wangpan/StatAnal/Runtime/Cache/a8ca3d900eb6ed5b465c7377d357880f.php 第 258 行.
NOTIC: [8] Undefined offset: 4 /home/wwwroot/default/wangpan/StatAnal/Runtime/Cache/a8ca3d900eb6ed5b465c7377d357880f.php 第 258 行.
NOTIC: [8] Undefined offset: 3 /home/wwwroot/default/wangpan/StatAnal/Runtime/Cache/a8ca3d900eb6ed5b465c7377d357880f.php 第 259 行.
NOTIC: [8] Undefined offset: 3 /home/wwwroot/default/wangpan/StatAnal/Runtime/Cache/a8ca3d900eb6ed5b465c7377d357880f.php 第 259 行.
NOTIC: [8] Undefined offset: 3 /home/wwwroot/default/wangpan/StatAnal/Runtime/Cache/a8ca3d900eb6ed5b465c7377d357880f.php 第 259 行.
NOTIC: [8] Undefined offset: 3 /home/wwwroot/default/wangpan/StatAnal/Runtime/Cache/a8ca3d900eb6ed5b465c7377d357880f.php 第 259 行.
NOTIC: [8] Undefined offset: 3 /home/wwwroot/default/wangpan/StatAnal/Runtime/Cache/a8ca3d900eb6ed5b465c7377d357880f.php 第 259 行.
NOTIC: [8] Undefined offset: 2 /home/wwwroot/default/wangpan/StatAnal/Runtime/Cache/a8ca3d900eb6ed5b465c7377d357880f.php 第 260 行.
NOTIC: [8] Undefined offset: 2 /home/wwwroot/default/wangpan/StatAnal/Runtime/Cache/a8ca3d900eb6ed5b465c7377d357880f.php 第 260 行.
NOTIC: [8] Undefined offset: 2 /home/wwwroot/default/wangpan/StatAnal/Runtime/Cache/a8ca3d900eb6ed5b465c7377d357880f.php 第 260 行.
NOTIC: [8] Undefined offset: 2 /home/wwwroot/default/wangpan/StatAnal/Runtime/Cache/a8ca3d900eb6ed5b465c7377d357880f.php 第 260 行.
NOTIC: [8] Undefined offset: 2 /home/wwwroot/default/wangpan/StatAnal/Runtime/Cache/a8ca3d900eb6ed5b465c7377d357880f.php 第 260 行.
NOTIC: [8] Undefined offset: 1 /home/wwwroot/default/wangpan/StatAnal/Runtime/Cache/a8ca3d900eb6ed5b465c7377d357880f.php 第 261 行.
NOTIC: [8] Undefined offset: 1 /home/wwwroot/default/wangpan/StatAnal/Runtime/Cache/a8ca3d900eb6ed5b465c7377d357880f.php 第 261 行.
NOTIC: [8] Undefined offset: 1 /home/wwwroot/default/wangpan/StatAnal/Runtime/Cache/a8ca3d900eb6ed5b465c7377d357880f.php 第 261 行.
NOTIC: [8] Undefined offset: 1 /home/wwwroot/default/wangpan/StatAnal/Runtime/Cache/a8ca3d900eb6ed5b465c7377d357880f.php 第 261 行.
NOTIC: [8] Undefined offset: 1 /home/wwwroot/default/wangpan/StatAnal/Runtime/Cache/a8ca3d900eb6ed5b465c7377d357880f.php 第 261 行.
NOTIC: [8] Undefined offset: 0 /home/wwwroot/default/wangpan/StatAnal/Runtime/Cache/a8ca3d900eb6ed5b465c7377d357880f.php 第 262 行.
NOTIC: [8] Undefined offset: 0 /home/wwwroot/default/wangpan/StatAnal/Runtime/Cache/a8ca3d900eb6ed5b465c7377d357880f.php 第 262 行.
NOTIC: [8] Undefined offset: 0 /home/wwwroot/default/wangpan/StatAnal/Runtime/Cache/a8ca3d900eb6ed5b465c7377d357880f.php 第 262 行.
NOTIC: [8] Undefined offset: 0 /home/wwwroot/default/wangpan/StatAnal/Runtime/Cache/a8ca3d900eb6ed5b465c7377d357880f.php 第 262 行.
NOTIC: [8] Undefined offset: 0 /home/wwwroot/default/wangpan/StatAnal/Runtime/Cache/a8ca3d900eb6ed5b465c7377d357880f.php 第 262 行.
INFO: ParseTemplate Behavior ::run [ RunTime:0.012357s ]
INFO: [ view_parse ] --END-- [ RunTime:0.012399s ]
INFO: [ view_filter ] --START--
INFO: ContentReplace Behavior ::run [ RunTime:0.000177s ]
INFO: TokenBuild Behavior ::run [ RunTime:0.000164s ]
INFO: WriteHtmlCache Behavior ::run [ RunTime:0.000099s ]
INFO: ShowRuntime Behavior ::run [ RunTime:0.000215s ]
INFO: [ view_filter ] --END-- [ RunTime:0.000768s ]
INFO: [ view_end ] --START--
INFO: ShowPageTrace Behavior ::run [ RunTime:0.000280s ]
INFO: [ view_end ] --END-- [ RunTime:0.000320s ]

