[ 2013-08-25T15:00:19+08:00 ] 192.168.3.139 /wangpan/StatAnal.php
INFO: [ app_begin ] --START--
INFO: ReadHtmlCache Behavior ::run [ RunTime:0.000267s ]
INFO: [ app_begin ] --END-- [ RunTime:0.000328s ]
SQL: SHOW COLUMNS FROM `analyse` [ RunTime:0.000569s ]
SQL: SELECT * FROM `analyse` WHERE ( `id` = 1 ) LIMIT 1   [ RunTime:0.000133s ]
SQL: SHOW COLUMNS FROM `translog` [ RunTime:0.000387s ]
SQL: SELECT * FROM `translog`  [ RunTime:0.000926s ]
SQL: SHOW COLUMNS FROM `frequency` [ RunTime:0.000363s ]
SQL: select * from frequency order by date desc limit 0,8 [ RunTime:0.000122s ]
INFO: [ view_parse ] --START--
INFO: ParseTemplate Behavior ::run [ RunTime:0.012041s ]
INFO: [ view_parse ] --END-- [ RunTime:0.012095s ]
INFO: [ view_filter ] --START--
INFO: ContentReplace Behavior ::run [ RunTime:0.000827s ]
INFO: TokenBuild Behavior ::run [ RunTime:0.000257s ]
INFO: WriteHtmlCache Behavior ::run [ RunTime:0.000100s ]
INFO: ShowRuntime Behavior ::run [ RunTime:0.000357s ]
INFO: [ view_filter ] --END-- [ RunTime:0.001658s ]
INFO: [ view_end ] --START--
INFO: ShowPageTrace Behavior ::run [ RunTime:0.000302s ]
INFO: [ view_end ] --END-- [ RunTime:0.000343s ]

[ 2013-08-25T15:00:23+08:00 ] 192.168.3.139 /wangpan/StatAnal.php
INFO: [ app_begin ] --START--
INFO: ReadHtmlCache Behavior ::run [ RunTime:0.000266s ]
INFO: [ app_begin ] --END-- [ RunTime:0.000326s ]
SQL: SHOW COLUMNS FROM `analyse` [ RunTime:0.000576s ]
SQL: SELECT * FROM `analyse` WHERE ( `id` = 1 ) LIMIT 1   [ RunTime:0.000132s ]
SQL: SHOW COLUMNS FROM `translog` [ RunTime:0.000386s ]
SQL: SELECT * FROM `translog`  [ RunTime:0.000929s ]
SQL: SHOW COLUMNS FROM `frequency` [ RunTime:0.000365s ]
SQL: select * from frequency order by date desc limit 0,8 [ RunTime:0.000122s ]
INFO: [ view_parse ] --START--
INFO: ParseTemplate Behavior ::run [ RunTime:0.012051s ]
INFO: [ view_parse ] --END-- [ RunTime:0.012103s ]
INFO: [ view_filter ] --START--
INFO: ContentReplace Behavior ::run [ RunTime:0.000834s ]
INFO: TokenBuild Behavior ::run [ RunTime:0.000257s ]
INFO: WriteHtmlCache Behavior ::run [ RunTime:0.000101s ]
INFO: ShowRuntime Behavior ::run [ RunTime:0.000356s ]
INFO: [ view_filter ] --END-- [ RunTime:0.001665s ]
INFO: [ view_end ] --START--
INFO: ShowPageTrace Behavior ::run [ RunTime:0.000307s ]
INFO: [ view_end ] --END-- [ RunTime:0.000349s ]

[ 2013-08-25T15:00:26+08:00 ] 192.168.3.139 /wangpan/StatAnal.php
INFO: [ app_begin ] --START--
INFO: ReadHtmlCache Behavior ::run [ RunTime:0.000257s ]
INFO: [ app_begin ] --END-- [ RunTime:0.000313s ]
SQL: SHOW COLUMNS FROM `analyse` [ RunTime:0.000564s ]
SQL: SELECT * FROM `analyse` WHERE ( `id` = 1 ) LIMIT 1   [ RunTime:0.000128s ]
SQL: SHOW COLUMNS FROM `translog` [ RunTime:0.000389s ]
SQL: SELECT * FROM `translog`  [ RunTime:0.000940s ]
SQL: SHOW COLUMNS FROM `frequency` [ RunTime:0.000367s ]
SQL: select * from frequency order by date desc limit 0,8 [ RunTime:0.000121s ]
INFO: [ view_parse ] --START--
INFO: ParseTemplate Behavior ::run [ RunTime:0.012037s ]
INFO: [ view_parse ] --END-- [ RunTime:0.012089s ]
INFO: [ view_filter ] --START--
INFO: ContentReplace Behavior ::run [ RunTime:0.000839s ]
INFO: TokenBuild Behavior ::run [ RunTime:0.000260s ]
INFO: WriteHtmlCache Behavior ::run [ RunTime:0.000101s ]
INFO: ShowRuntime Behavior ::run [ RunTime:0.000369s ]
INFO: [ view_filter ] --END-- [ RunTime:0.001685s ]
INFO: [ view_end ] --START--
INFO: ShowPageTrace Behavior ::run [ RunTime:0.000310s ]
INFO: [ view_end ] --END-- [ RunTime:0.000352s ]

[ 2013-08-25T15:00:28+08:00 ] 192.168.3.139 /wangpan/StatAnal.php
INFO: [ app_begin ] --START--
INFO: ReadHtmlCache Behavior ::run [ RunTime:0.000258s ]
INFO: [ app_begin ] --END-- [ RunTime:0.000315s ]
SQL: SHOW COLUMNS FROM `analyse` [ RunTime:0.000566s ]
SQL: SELECT * FROM `analyse` WHERE ( `id` = 1 ) LIMIT 1   [ RunTime:0.000128s ]
SQL: SHOW COLUMNS FROM `translog` [ RunTime:0.000389s ]
SQL: SELECT * FROM `translog`  [ RunTime:0.000946s ]
SQL: SHOW COLUMNS FROM `frequency` [ RunTime:0.000363s ]
SQL: select * from frequency order by date desc limit 0,8 [ RunTime:0.000119s ]
INFO: [ view_parse ] --START--
INFO: ParseTemplate Behavior ::run [ RunTime:0.012010s ]
INFO: [ view_parse ] --END-- [ RunTime:0.012062s ]
INFO: [ view_filter ] --START--
INFO: ContentReplace Behavior ::run [ RunTime:0.000842s ]
INFO: TokenBuild Behavior ::run [ RunTime:0.000256s ]
INFO: WriteHtmlCache Behavior ::run [ RunTime:0.000102s ]
INFO: ShowRuntime Behavior ::run [ RunTime:0.000355s ]
INFO: [ view_filter ] --END-- [ RunTime:0.001670s ]
INFO: [ view_end ] --START--
INFO: ShowPageTrace Behavior ::run [ RunTime:0.000290s ]
INFO: [ view_end ] --END-- [ RunTime:0.000331s ]

[ 2013-08-25T15:00:39+08:00 ] 192.168.3.139 /wangpan/StatAnal.php
INFO: [ app_begin ] --START--
INFO: ReadHtmlCache Behavior ::run [ RunTime:0.000259s ]
INFO: [ app_begin ] --END-- [ RunTime:0.000320s ]
SQL: SHOW COLUMNS FROM `analyse` [ RunTime:0.000581s ]
SQL: SELECT * FROM `analyse` WHERE ( `id` = 1 ) LIMIT 1   [ RunTime:0.000131s ]
SQL: SHOW COLUMNS FROM `translog` [ RunTime:0.000387s ]
SQL: SELECT * FROM `translog`  [ RunTime:0.000929s ]
SQL: SHOW COLUMNS FROM `frequency` [ RunTime:0.000361s ]
SQL: select * from frequency order by date desc limit 0,8 [ RunTime:0.000122s ]
INFO: [ view_parse ] --START--
INFO: ParseTemplate Behavior ::run [ RunTime:0.012059s ]
INFO: [ view_parse ] --END-- [ RunTime:0.012111s ]
INFO: [ view_filter ] --START--
INFO: ContentReplace Behavior ::run [ RunTime:0.000836s ]
INFO: TokenBuild Behavior ::run [ RunTime:0.000256s ]
INFO: WriteHtmlCache Behavior ::run [ RunTime:0.000101s ]
INFO: ShowRuntime Behavior ::run [ RunTime:0.000356s ]
INFO: [ view_filter ] --END-- [ RunTime:0.001666s ]
INFO: [ view_end ] --START--
INFO: ShowPageTrace Behavior ::run [ RunTime:0.000302s ]
INFO: [ view_end ] --END-- [ RunTime:0.000344s ]

[ 2013-08-25T15:02:05+08:00 ] 192.168.3.25 /wangpan/StatAnal.php
INFO: [ app_begin ] --START--
INFO: ReadHtmlCache Behavior ::run [ RunTime:0.000260s ]
INFO: [ app_begin ] --END-- [ RunTime:0.000316s ]
SQL: SHOW COLUMNS FROM `analyse` [ RunTime:0.000583s ]
SQL: SELECT * FROM `analyse` WHERE ( `id` = 1 ) LIMIT 1   [ RunTime:0.000131s ]
SQL: SHOW COLUMNS FROM `translog` [ RunTime:0.000389s ]
SQL: SELECT * FROM `translog`  [ RunTime:0.000943s ]
SQL: SHOW COLUMNS FROM `frequency` [ RunTime:0.000364s ]
SQL: select * from frequency order by date desc limit 0,8 [ RunTime:0.000119s ]
INFO: [ view_parse ] --START--
INFO: ParseTemplate Behavior ::run [ RunTime:0.011964s ]
INFO: [ view_parse ] --END-- [ RunTime:0.012018s ]
INFO: [ view_filter ] --START--
INFO: ContentReplace Behavior ::run [ RunTime:0.000844s ]
INFO: TokenBuild Behavior ::run [ RunTime:0.000257s ]
INFO: WriteHtmlCache Behavior ::run [ RunTime:0.000101s ]
INFO: ShowRuntime Behavior ::run [ RunTime:0.000364s ]
INFO: [ view_filter ] --END-- [ RunTime:0.001683s ]
INFO: [ view_end ] --START--
INFO: ShowPageTrace Behavior ::run [ RunTime:0.000286s ]
INFO: [ view_end ] --END-- [ RunTime:0.000327s ]

[ 2013-08-25T15:02:08+08:00 ] 192.168.3.25 /wangpan/StatAnal.php
INFO: [ app_begin ] --START--
INFO: ReadHtmlCache Behavior ::run [ RunTime:0.000256s ]
INFO: [ app_begin ] --END-- [ RunTime:0.000316s ]
SQL: SHOW COLUMNS FROM `analyse` [ RunTime:0.000565s ]
SQL: SELECT * FROM `analyse` WHERE ( `id` = 1 ) LIMIT 1   [ RunTime:0.000129s ]
SQL: SHOW COLUMNS FROM `translog` [ RunTime:0.000390s ]
SQL: SELECT * FROM `translog`  [ RunTime:0.000933s ]
SQL: SHOW COLUMNS FROM `frequency` [ RunTime:0.000365s ]
SQL: select * from frequency order by date desc limit 0,8 [ RunTime:0.000120s ]
INFO: [ view_parse ] --START--
INFO: ParseTemplate Behavior ::run [ RunTime:0.011946s ]
INFO: [ view_parse ] --END-- [ RunTime:0.011998s ]
INFO: [ view_filter ] --START--
INFO: ContentReplace Behavior ::run [ RunTime:0.000851s ]
INFO: TokenBuild Behavior ::run [ RunTime:0.000257s ]
INFO: WriteHtmlCache Behavior ::run [ RunTime:0.000101s ]
INFO: ShowRuntime Behavior ::run [ RunTime:0.000355s ]
INFO: [ view_filter ] --END-- [ RunTime:0.001679s ]
INFO: [ view_end ] --START--
INFO: ShowPageTrace Behavior ::run [ RunTime:0.000289s ]
INFO: [ view_end ] --END-- [ RunTime:0.000329s ]

[ 2013-08-25T15:02:43+08:00 ] 192.168.3.25 /wangpan/StatAnal.php
INFO: [ app_begin ] --START--
INFO: ReadHtmlCache Behavior ::run [ RunTime:0.000261s ]
INFO: [ app_begin ] --END-- [ RunTime:0.000321s ]
SQL: SHOW COLUMNS FROM `analyse` [ RunTime:0.000579s ]
SQL: SELECT * FROM `analyse` WHERE ( `id` = 1 ) LIMIT 1   [ RunTime:0.000132s ]
SQL: SHOW COLUMNS FROM `translog` [ RunTime:0.000398s ]
SQL: SELECT * FROM `translog`  [ RunTime:0.000932s ]
SQL: SHOW COLUMNS FROM `frequency` [ RunTime:0.000366s ]
SQL: select * from frequency order by date desc limit 0,8 [ RunTime:0.000120s ]
INFO: [ view_parse ] --START--
INFO: ParseTemplate Behavior ::run [ RunTime:0.011955s ]
INFO: [ view_parse ] --END-- [ RunTime:0.012008s ]
INFO: [ view_filter ] --START--
INFO: ContentReplace Behavior ::run [ RunTime:0.000853s ]
INFO: TokenBuild Behavior ::run [ RunTime:0.000257s ]
INFO: WriteHtmlCache Behavior ::run [ RunTime:0.000101s ]
INFO: ShowRuntime Behavior ::run [ RunTime:0.000354s ]
INFO: [ view_filter ] --END-- [ RunTime:0.001681s ]
INFO: [ view_end ] --START--
INFO: ShowPageTrace Behavior ::run [ RunTime:0.000302s ]
INFO: [ view_end ] --END-- [ RunTime:0.000344s ]

[ 2013-08-25T15:04:29+08:00 ] 192.168.3.25 /wangpan/StatAnal.php
INFO: [ app_begin ] --START--
INFO: ReadHtmlCache Behavior ::run [ RunTime:0.000261s ]
INFO: [ app_begin ] --END-- [ RunTime:0.000320s ]
SQL: SHOW COLUMNS FROM `analyse` [ RunTime:0.000505s ]
SQL: SELECT * FROM `analyse` WHERE ( `id` = 1 ) LIMIT 1   [ RunTime:0.000101s ]
SQL: SHOW COLUMNS FROM `translog` [ RunTime:0.000387s ]
SQL: SELECT * FROM `translog`  [ RunTime:0.000942s ]
SQL: SHOW COLUMNS FROM `frequency` [ RunTime:0.000365s ]
SQL: select * from frequency order by date desc limit 0,8 [ RunTime:0.000120s ]
INFO: [ view_parse ] --START--
INFO: ParseTemplate Behavior ::run [ RunTime:0.012064s ]
INFO: [ view_parse ] --END-- [ RunTime:0.012119s ]
INFO: [ view_filter ] --START--
INFO: ContentReplace Behavior ::run [ RunTime:0.000813s ]
INFO: TokenBuild Behavior ::run [ RunTime:0.000254s ]
INFO: WriteHtmlCache Behavior ::run [ RunTime:0.000125s ]
INFO: ShowRuntime Behavior ::run [ RunTime:0.000356s ]
INFO: [ view_filter ] --END-- [ RunTime:0.001664s ]
INFO: [ view_end ] --START--
INFO: ShowPageTrace Behavior ::run [ RunTime:0.000293s ]
INFO: [ view_end ] --END-- [ RunTime:0.000334s ]

[ 2013-08-25T15:04:38+08:00 ] 192.168.3.25 /wangpan/StatAnal.php
INFO: [ app_begin ] --START--
INFO: ReadHtmlCache Behavior ::run [ RunTime:0.000264s ]
INFO: [ app_begin ] --END-- [ RunTime:0.000319s ]
SQL: SHOW COLUMNS FROM `analyse` [ RunTime:0.000564s ]
SQL: SELECT * FROM `analyse` WHERE ( `id` = 1 ) LIMIT 1   [ RunTime:0.000128s ]
SQL: SHOW COLUMNS FROM `translog` [ RunTime:0.000387s ]
SQL: SELECT * FROM `translog`  [ RunTime:0.000930s ]
SQL: SHOW COLUMNS FROM `frequency` [ RunTime:0.000364s ]
SQL: select * from frequency order by date desc limit 0,8 [ RunTime:0.000120s ]
INFO: [ view_parse ] --START--
INFO: ParseTemplate Behavior ::run [ RunTime:0.011986s ]
INFO: [ view_parse ] --END-- [ RunTime:0.012041s ]
INFO: [ view_filter ] --START--
INFO: ContentReplace Behavior ::run [ RunTime:0.000855s ]
INFO: TokenBuild Behavior ::run [ RunTime:0.000268s ]
INFO: WriteHtmlCache Behavior ::run [ RunTime:0.000102s ]
INFO: ShowRuntime Behavior ::run [ RunTime:0.000356s ]
INFO: [ view_filter ] --END-- [ RunTime:0.001696s ]
INFO: [ view_end ] --START--
INFO: ShowPageTrace Behavior ::run [ RunTime:0.000289s ]
INFO: [ view_end ] --END-- [ RunTime:0.000330s ]

[ 2013-08-25T15:04:43+08:00 ] 192.168.3.25 /wangpan/StatAnal.php
INFO: [ app_begin ] --START--
INFO: ReadHtmlCache Behavior ::run [ RunTime:0.000267s ]
INFO: [ app_begin ] --END-- [ RunTime:0.000325s ]
SQL: SHOW COLUMNS FROM `analyse` [ RunTime:0.000572s ]
SQL: SELECT * FROM `analyse` WHERE ( `id` = 1 ) LIMIT 1   [ RunTime:0.000131s ]
SQL: SHOW COLUMNS FROM `translog` [ RunTime:0.000387s ]
SQL: SELECT * FROM `translog`  [ RunTime:0.000927s ]
SQL: SHOW COLUMNS FROM `frequency` [ RunTime:0.000368s ]
SQL: select * from frequency order by date desc limit 0,8 [ RunTime:0.000121s ]
INFO: [ view_parse ] --START--
INFO: ParseTemplate Behavior ::run [ RunTime:0.011934s ]
INFO: [ view_parse ] --END-- [ RunTime:0.011986s ]
INFO: [ view_filter ] --START--
INFO: ContentReplace Behavior ::run [ RunTime:0.000840s ]
INFO: TokenBuild Behavior ::run [ RunTime:0.000256s ]
INFO: WriteHtmlCache Behavior ::run [ RunTime:0.000102s ]
INFO: ShowRuntime Behavior ::run [ RunTime:0.000355s ]
INFO: [ view_filter ] --END-- [ RunTime:0.001670s ]
INFO: [ view_end ] --START--
INFO: ShowPageTrace Behavior ::run [ RunTime:0.000289s ]
INFO: [ view_end ] --END-- [ RunTime:0.000330s ]

[ 2013-08-25T15:04:55+08:00 ] 192.168.3.25 /wangpan/StatAnal.php
INFO: [ app_begin ] --START--
INFO: ReadHtmlCache Behavior ::run [ RunTime:0.000259s ]
INFO: [ app_begin ] --END-- [ RunTime:0.000317s ]
SQL: SHOW COLUMNS FROM `analyse` [ RunTime:0.000599s ]
SQL: SELECT * FROM `analyse` WHERE ( `id` = 1 ) LIMIT 1   [ RunTime:0.000130s ]
SQL: SHOW COLUMNS FROM `translog` [ RunTime:0.000388s ]
SQL: SELECT * FROM `translog`  [ RunTime:0.000933s ]
SQL: SHOW COLUMNS FROM `frequency` [ RunTime:0.000366s ]
SQL: select * from frequency order by date desc limit 0,8 [ RunTime:0.000120s ]
INFO: [ view_parse ] --START--
INFO: ParseTemplate Behavior ::run [ RunTime:0.011945s ]
INFO: [ view_parse ] --END-- [ RunTime:0.012003s ]
INFO: [ view_filter ] --START--
INFO: ContentReplace Behavior ::run [ RunTime:0.000841s ]
INFO: TokenBuild Behavior ::run [ RunTime:0.000255s ]
INFO: WriteHtmlCache Behavior ::run [ RunTime:0.000103s ]
INFO: ShowRuntime Behavior ::run [ RunTime:0.000356s ]
INFO: [ view_filter ] --END-- [ RunTime:0.001671s ]
INFO: [ view_end ] --START--
INFO: ShowPageTrace Behavior ::run [ RunTime:0.000289s ]
INFO: [ view_end ] --END-- [ RunTime:0.000328s ]

[ 2013-08-25T15:04:57+08:00 ] 192.168.3.25 /wangpan/StatAnal.php
INFO: [ app_begin ] --START--
INFO: ReadHtmlCache Behavior ::run [ RunTime:0.000256s ]
INFO: [ app_begin ] --END-- [ RunTime:0.000311s ]
SQL: SHOW COLUMNS FROM `analyse` [ RunTime:0.000568s ]
SQL: SELECT * FROM `analyse` WHERE ( `id` = 1 ) LIMIT 1   [ RunTime:0.000126s ]
SQL: SHOW COLUMNS FROM `translog` [ RunTime:0.000389s ]
SQL: SELECT * FROM `translog`  [ RunTime:0.000933s ]
SQL: SHOW COLUMNS FROM `frequency` [ RunTime:0.000366s ]
SQL: select * from frequency order by date desc limit 0,8 [ RunTime:0.000120s ]
INFO: [ view_parse ] --START--
INFO: ParseTemplate Behavior ::run [ RunTime:0.011948s ]
INFO: [ view_parse ] --END-- [ RunTime:0.012002s ]
INFO: [ view_filter ] --START--
INFO: ContentReplace Behavior ::run [ RunTime:0.000857s ]
INFO: TokenBuild Behavior ::run [ RunTime:0.000257s ]
INFO: WriteHtmlCache Behavior ::run [ RunTime:0.000102s ]
INFO: ShowRuntime Behavior ::run [ RunTime:0.000353s ]
INFO: [ view_filter ] --END-- [ RunTime:0.001687s ]
INFO: [ view_end ] --START--
INFO: ShowPageTrace Behavior ::run [ RunTime:0.000289s ]
INFO: [ view_end ] --END-- [ RunTime:0.000329s ]

[ 2013-08-25T15:08:58+08:00 ] 192.168.3.139 /wangpan/StatAnal.php
INFO: [ app_begin ] --START--
INFO: ReadHtmlCache Behavior ::run [ RunTime:0.000261s ]
INFO: [ app_begin ] --END-- [ RunTime:0.000321s ]
SQL: SHOW COLUMNS FROM `analyse` [ RunTime:0.000586s ]
SQL: SELECT * FROM `analyse` WHERE ( `id` = 1 ) LIMIT 1   [ RunTime:0.000136s ]
SQL: SHOW COLUMNS FROM `translog` [ RunTime:0.000388s ]
SQL: SELECT * FROM `translog`  [ RunTime:0.000983s ]
SQL: SHOW COLUMNS FROM `frequency` [ RunTime:0.000369s ]
SQL: select * from frequency order by date desc limit 0,8 [ RunTime:0.000125s ]
INFO: [ view_parse ] --START--
INFO: ParseTemplate Behavior ::run [ RunTime:0.012140s ]
INFO: [ view_parse ] --END-- [ RunTime:0.012197s ]
INFO: [ view_filter ] --START--
INFO: ContentReplace Behavior ::run [ RunTime:0.000931s ]
INFO: TokenBuild Behavior ::run [ RunTime:0.000264s ]
INFO: WriteHtmlCache Behavior ::run [ RunTime:0.000103s ]
INFO: ShowRuntime Behavior ::run [ RunTime:0.000368s ]
INFO: [ view_filter ] --END-- [ RunTime:0.001783s ]
INFO: [ view_end ] --START--
INFO: ShowPageTrace Behavior ::run [ RunTime:0.000314s ]
INFO: [ view_end ] --END-- [ RunTime:0.000356s ]

[ 2013-08-25T15:14:02+08:00 ] 192.168.3.139 /wangpan/StatAnal.php
INFO: [ app_begin ] --START--
INFO: ReadHtmlCache Behavior ::run [ RunTime:0.000261s ]
INFO: [ app_begin ] --END-- [ RunTime:0.000323s ]
SQL: SHOW COLUMNS FROM `analyse` [ RunTime:0.000501s ]
SQL: SELECT * FROM `analyse` WHERE ( `id` = 1 ) LIMIT 1   [ RunTime:0.000105s ]
SQL: SHOW COLUMNS FROM `translog` [ RunTime:0.000390s ]
SQL: SELECT * FROM `translog`  [ RunTime:0.000987s ]
SQL: SHOW COLUMNS FROM `frequency` [ RunTime:0.000392s ]
SQL: select * from frequency order by date desc limit 0,8 [ RunTime:0.000122s ]
INFO: [ view_parse ] --START--
INFO: ParseTemplate Behavior ::run [ RunTime:0.012340s ]
INFO: [ view_parse ] --END-- [ RunTime:0.012395s ]
INFO: [ view_filter ] --START--
INFO: ContentReplace Behavior ::run [ RunTime:0.000861s ]
INFO: TokenBuild Behavior ::run [ RunTime:0.000261s ]
INFO: WriteHtmlCache Behavior ::run [ RunTime:0.000102s ]
INFO: ShowRuntime Behavior ::run [ RunTime:0.000368s ]
INFO: [ view_filter ] --END-- [ RunTime:0.001709s ]
INFO: [ view_end ] --START--
INFO: ShowPageTrace Behavior ::run [ RunTime:0.000300s ]
INFO: [ view_end ] --END-- [ RunTime:0.000341s ]

[ 2013-08-25T15:14:06+08:00 ] 192.168.3.139 /wangpan/StatAnal.php
INFO: [ app_begin ] --START--
INFO: ReadHtmlCache Behavior ::run [ RunTime:0.000264s ]
INFO: [ app_begin ] --END-- [ RunTime:0.000343s ]
SQL: SHOW COLUMNS FROM `analyse` [ RunTime:0.000578s ]
SQL: SELECT * FROM `analyse` WHERE ( `id` = 1 ) LIMIT 1   [ RunTime:0.000132s ]
SQL: SHOW COLUMNS FROM `translog` [ RunTime:0.000388s ]
SQL: SELECT * FROM `translog`  [ RunTime:0.000988s ]
SQL: SHOW COLUMNS FROM `frequency` [ RunTime:0.000372s ]
SQL: select * from frequency order by date desc limit 0,8 [ RunTime:0.000122s ]
INFO: [ view_parse ] --START--
INFO: ParseTemplate Behavior ::run [ RunTime:0.012173s ]
INFO: [ view_parse ] --END-- [ RunTime:0.012229s ]
INFO: [ view_filter ] --START--
INFO: ContentReplace Behavior ::run [ RunTime:0.000897s ]
INFO: TokenBuild Behavior ::run [ RunTime:0.000265s ]
INFO: WriteHtmlCache Behavior ::run [ RunTime:0.000101s ]
INFO: ShowRuntime Behavior ::run [ RunTime:0.000370s ]
INFO: [ view_filter ] --END-- [ RunTime:0.001751s ]
INFO: [ view_end ] --START--
INFO: ShowPageTrace Behavior ::run [ RunTime:0.000311s ]
INFO: [ view_end ] --END-- [ RunTime:0.000354s ]

[ 2013-08-25T15:17:57+08:00 ] 192.168.3.139 /wangpan/StatAnal.php
INFO: [ app_begin ] --START--
INFO: ReadHtmlCache Behavior ::run [ RunTime:0.000261s ]
INFO: [ app_begin ] --END-- [ RunTime:0.000322s ]
SQL: SHOW COLUMNS FROM `analyse` [ RunTime:0.000583s ]
SQL: SELECT * FROM `analyse` WHERE ( `id` = 1 ) LIMIT 1   [ RunTime:0.000138s ]
SQL: SHOW COLUMNS FROM `translog` [ RunTime:0.000390s ]
SQL: SELECT * FROM `translog`  [ RunTime:0.000991s ]
SQL: SHOW COLUMNS FROM `frequency` [ RunTime:0.000368s ]
SQL: select * from frequency order by date desc limit 0,8 [ RunTime:0.000125s ]
INFO: [ view_parse ] --START--
INFO: ParseTemplate Behavior ::run [ RunTime:0.012176s ]
INFO: [ view_parse ] --END-- [ RunTime:0.012231s ]
INFO: [ view_filter ] --START--
INFO: ContentReplace Behavior ::run [ RunTime:0.000896s ]
INFO: TokenBuild Behavior ::run [ RunTime:0.000264s ]
INFO: WriteHtmlCache Behavior ::run [ RunTime:0.000102s ]
INFO: ShowRuntime Behavior ::run [ RunTime:0.000369s ]
INFO: [ view_filter ] --END-- [ RunTime:0.001750s ]
INFO: [ view_end ] --START--
INFO: ShowPageTrace Behavior ::run [ RunTime:0.000296s ]
INFO: [ view_end ] --END-- [ RunTime:0.000338s ]

[ 2013-08-25T15:19:09+08:00 ] 192.168.3.139 /wangpan/StatAnal.php
INFO: [ app_begin ] --START--
INFO: ReadHtmlCache Behavior ::run [ RunTime:0.000261s ]
INFO: [ app_begin ] --END-- [ RunTime:0.000322s ]
SQL: SHOW COLUMNS FROM `analyse` [ RunTime:0.000575s ]
SQL: SELECT * FROM `analyse` WHERE ( `id` = 1 ) LIMIT 1   [ RunTime:0.000138s ]
SQL: SHOW COLUMNS FROM `translog` [ RunTime:0.000389s ]
SQL: SELECT * FROM `translog`  [ RunTime:0.000994s ]
SQL: SHOW COLUMNS FROM `frequency` [ RunTime:0.000370s ]
SQL: select * from frequency order by date desc limit 0,8 [ RunTime:0.000122s ]
INFO: [ view_parse ] --START--
INFO: ParseTemplate Behavior ::run [ RunTime:0.012255s ]
INFO: [ view_parse ] --END-- [ RunTime:0.012311s ]
INFO: [ view_filter ] --START--
INFO: ContentReplace Behavior ::run [ RunTime:0.000900s ]
INFO: TokenBuild Behavior ::run [ RunTime:0.000264s ]
INFO: WriteHtmlCache Behavior ::run [ RunTime:0.000103s ]
INFO: ShowRuntime Behavior ::run [ RunTime:0.000368s ]
INFO: [ view_filter ] --END-- [ RunTime:0.001751s ]
INFO: [ view_end ] --START--
INFO: ShowPageTrace Behavior ::run [ RunTime:0.000314s ]
INFO: [ view_end ] --END-- [ RunTime:0.000356s ]

[ 2013-08-25T15:30:35+08:00 ] 192.168.3.139 /wangpan/StatAnal.php
INFO: [ app_begin ] --START--
INFO: ReadHtmlCache Behavior ::run [ RunTime:0.000264s ]
INFO: [ app_begin ] --END-- [ RunTime:0.000324s ]
SQL: SHOW COLUMNS FROM `analyse` [ RunTime:0.000580s ]
SQL: SELECT * FROM `analyse` WHERE ( `id` = 1 ) LIMIT 1   [ RunTime:0.000137s ]
SQL: SHOW COLUMNS FROM `translog` [ RunTime:0.000386s ]
SQL: SELECT * FROM `translog`  [ RunTime:0.001114s ]
SQL: SHOW COLUMNS FROM `frequency` [ RunTime:0.000366s ]
SQL: select * from frequency order by date desc limit 0,8 [ RunTime:0.000124s ]
INFO: [ view_parse ] --START--
INFO: ParseTemplate Behavior ::run [ RunTime:0.012270s ]
INFO: [ view_parse ] --END-- [ RunTime:0.012324s ]
INFO: [ view_filter ] --START--
INFO: ContentReplace Behavior ::run [ RunTime:0.001038s ]
INFO: TokenBuild Behavior ::run [ RunTime:0.000287s ]
INFO: WriteHtmlCache Behavior ::run [ RunTime:0.000103s ]
INFO: ShowRuntime Behavior ::run [ RunTime:0.000391s ]
INFO: [ view_filter ] --END-- [ RunTime:0.001936s ]
INFO: [ view_end ] --START--
INFO: ShowPageTrace Behavior ::run [ RunTime:0.000301s ]
INFO: [ view_end ] --END-- [ RunTime:0.000342s ]

[ 2013-08-25T15:30:52+08:00 ] 192.168.3.139 /wangpan/StatAnal.php
INFO: [ app_begin ] --START--
INFO: ReadHtmlCache Behavior ::run [ RunTime:0.000261s ]
INFO: [ app_begin ] --END-- [ RunTime:0.000321s ]
SQL: SHOW COLUMNS FROM `analyse` [ RunTime:0.000571s ]
SQL: SELECT * FROM `analyse` WHERE ( `id` = 1 ) LIMIT 1   [ RunTime:0.000131s ]
SQL: SHOW COLUMNS FROM `translog` [ RunTime:0.000393s ]
SQL: SELECT * FROM `translog`  [ RunTime:0.001119s ]
SQL: SHOW COLUMNS FROM `frequency` [ RunTime:0.000366s ]
SQL: select * from frequency order by date desc limit 0,8 [ RunTime:0.000121s ]
INFO: [ view_parse ] --START--
INFO: ParseTemplate Behavior ::run [ RunTime:0.012279s ]
INFO: [ view_parse ] --END-- [ RunTime:0.012333s ]
INFO: [ view_filter ] --START--
INFO: ContentReplace Behavior ::run [ RunTime:0.000981s ]
INFO: TokenBuild Behavior ::run [ RunTime:0.000286s ]
INFO: WriteHtmlCache Behavior ::run [ RunTime:0.000102s ]
INFO: ShowRuntime Behavior ::run [ RunTime:0.000393s ]
INFO: [ view_filter ] --END-- [ RunTime:0.001880s ]
INFO: [ view_end ] --START--
INFO: ShowPageTrace Behavior ::run [ RunTime:0.000300s ]
INFO: [ view_end ] --END-- [ RunTime:0.000340s ]

[ 2013-08-25T15:30:52+08:00 ] 192.168.3.139 /wangpan/StatAnal.php
INFO: [ app_begin ] --START--
INFO: ReadHtmlCache Behavior ::run [ RunTime:0.000260s ]
INFO: [ app_begin ] --END-- [ RunTime:0.000317s ]
SQL: SHOW COLUMNS FROM `analyse` [ RunTime:0.000625s ]
SQL: SELECT * FROM `analyse` WHERE ( `id` = 1 ) LIMIT 1   [ RunTime:0.000132s ]
SQL: SHOW COLUMNS FROM `translog` [ RunTime:0.000390s ]
SQL: SELECT * FROM `translog`  [ RunTime:0.001116s ]
SQL: SHOW COLUMNS FROM `frequency` [ RunTime:0.000372s ]
SQL: select * from frequency order by date desc limit 0,8 [ RunTime:0.000120s ]
INFO: [ view_parse ] --START--
INFO: ParseTemplate Behavior ::run [ RunTime:0.012229s ]
INFO: [ view_parse ] --END-- [ RunTime:0.012284s ]
INFO: [ view_filter ] --START--
INFO: ContentReplace Behavior ::run [ RunTime:0.001070s ]
INFO: TokenBuild Behavior ::run [ RunTime:0.000278s ]
INFO: WriteHtmlCache Behavior ::run [ RunTime:0.000101s ]
INFO: ShowRuntime Behavior ::run [ RunTime:0.000390s ]
INFO: [ view_filter ] --END-- [ RunTime:0.001958s ]
INFO: [ view_end ] --START--
INFO: ShowPageTrace Behavior ::run [ RunTime:0.000325s ]
INFO: [ view_end ] --END-- [ RunTime:0.000367s ]

[ 2013-08-25T15:31:09+08:00 ] 192.168.3.139 /wangpan/StatAnal.php
INFO: [ app_begin ] --START--
INFO: ReadHtmlCache Behavior ::run [ RunTime:0.000256s ]
INFO: [ app_begin ] --END-- [ RunTime:0.000311s ]
SQL: SHOW COLUMNS FROM `analyse` [ RunTime:0.000570s ]
SQL: SELECT * FROM `analyse` WHERE ( `id` = 1 ) LIMIT 1   [ RunTime:0.000128s ]
SQL: SHOW COLUMNS FROM `translog` [ RunTime:0.000387s ]
SQL: SELECT * FROM `translog`  [ RunTime:0.001128s ]
SQL: SHOW COLUMNS FROM `frequency` [ RunTime:0.000367s ]
SQL: select * from frequency order by date desc limit 0,8 [ RunTime:0.000129s ]
INFO: [ view_parse ] --START--
INFO: ParseTemplate Behavior ::run [ RunTime:0.012237s ]
INFO: [ view_parse ] --END-- [ RunTime:0.012294s ]
INFO: [ view_filter ] --START--
INFO: ContentReplace Behavior ::run [ RunTime:0.001078s ]
INFO: TokenBuild Behavior ::run [ RunTime:0.000278s ]
INFO: WriteHtmlCache Behavior ::run [ RunTime:0.000102s ]
INFO: ShowRuntime Behavior ::run [ RunTime:0.000393s ]
INFO: [ view_filter ] --END-- [ RunTime:0.001971s ]
INFO: [ view_end ] --START--
INFO: ShowPageTrace Behavior ::run [ RunTime:0.000335s ]
INFO: [ view_end ] --END-- [ RunTime:0.000377s ]

[ 2013-08-25T15:31:14+08:00 ] 192.168.3.139 /wangpan/StatAnal.php
INFO: [ app_begin ] --START--
INFO: ReadHtmlCache Behavior ::run [ RunTime:0.000258s ]
INFO: [ app_begin ] --END-- [ RunTime:0.000314s ]
SQL: SHOW COLUMNS FROM `analyse` [ RunTime:0.000565s ]
SQL: SELECT * FROM `analyse` WHERE ( `id` = 1 ) LIMIT 1   [ RunTime:0.000129s ]
SQL: SHOW COLUMNS FROM `translog` [ RunTime:0.000387s ]
SQL: SELECT * FROM `translog`  [ RunTime:0.001124s ]
SQL: SHOW COLUMNS FROM `frequency` [ RunTime:0.000370s ]
SQL: select * from frequency order by date desc limit 0,8 [ RunTime:0.000121s ]
INFO: [ view_parse ] --START--
INFO: ParseTemplate Behavior ::run [ RunTime:0.012198s ]
INFO: [ view_parse ] --END-- [ RunTime:0.012255s ]
INFO: [ view_filter ] --START--
INFO: ContentReplace Behavior ::run [ RunTime:0.001088s ]
INFO: TokenBuild Behavior ::run [ RunTime:0.000279s ]
INFO: WriteHtmlCache Behavior ::run [ RunTime:0.000102s ]
INFO: ShowRuntime Behavior ::run [ RunTime:0.000392s ]
INFO: [ view_filter ] --END-- [ RunTime:0.001981s ]
INFO: [ view_end ] --START--
INFO: ShowPageTrace Behavior ::run [ RunTime:0.000304s ]
INFO: [ view_end ] --END-- [ RunTime:0.000345s ]

