[ 2013-08-01T04:36:00+08:00 ] 192.168.3.139 /wangpan/StatAnal.php
INFO: [ app_begin ] --START--
INFO: ReadHtmlCache Behavior ::run [ RunTime:0.000260s ]
INFO: [ app_begin ] --END-- [ RunTime:0.000321s ]
SQL: SHOW COLUMNS FROM `analyse` [ RunTime:0.000476s ]
SQL: SELECT * FROM `analyse` WHERE ( `id` = 1 ) LIMIT 1   [ RunTime:0.000119s ]
SQL: SHOW COLUMNS FROM `translog` [ RunTime:0.000408s ]
SQL: SELECT * FROM `translog`  [ RunTime:0.000115s ]
SQL: SHOW COLUMNS FROM `frequency` [ RunTime:0.000496s ]
SQL: select * from frequency order by date desc limit 0,8 [ RunTime:0.000108s ]
INFO: [ view_parse ] --START--
NOTIC: [8] Undefined offset: 7 /home/wwwroot/default/wangpan/StatAnal/Runtime/Cache/a8ca3d900eb6ed5b465c7377d357880f.php 第 207 行.
NOTIC: [8] Undefined offset: 7 /home/wwwroot/default/wangpan/StatAnal/Runtime/Cache/a8ca3d900eb6ed5b465c7377d357880f.php 第 207 行.
NOTIC: [8] Undefined offset: 7 /home/wwwroot/default/wangpan/StatAnal/Runtime/Cache/a8ca3d900eb6ed5b465c7377d357880f.php 第 207 行.
NOTIC: [8] Undefined offset: 7 /home/wwwroot/default/wangpan/StatAnal/Runtime/Cache/a8ca3d900eb6ed5b465c7377d357880f.php 第 207 行.
NOTIC: [8] Undefined offset: 7 /home/wwwroot/default/wangpan/StatAnal/Runtime/Cache/a8ca3d900eb6ed5b465c7377d357880f.php 第 207 行.
NOTIC: [8] Undefined offset: 6 /home/wwwroot/default/wangpan/StatAnal/Runtime/Cache/a8ca3d900eb6ed5b465c7377d357880f.php 第 208 行.
NOTIC: [8] Undefined offset: 6 /home/wwwroot/default/wangpan/StatAnal/Runtime/Cache/a8ca3d900eb6ed5b465c7377d357880f.php 第 208 行.
NOTIC: [8] Undefined offset: 6 /home/wwwroot/default/wangpan/StatAnal/Runtime/Cache/a8ca3d900eb6ed5b465c7377d357880f.php 第 208 行.
NOTIC: [8] Undefined offset: 6 /home/wwwroot/default/wangpan/StatAnal/Runtime/Cache/a8ca3d900eb6ed5b465c7377d357880f.php 第 208 行.
NOTIC: [8] Undefined offset: 6 /home/wwwroot/default/wangpan/StatAnal/Runtime/Cache/a8ca3d900eb6ed5b465c7377d357880f.php 第 208 行.
NOTIC: [8] Undefined offset: 5 /home/wwwroot/default/wangpan/StatAnal/Runtime/Cache/a8ca3d900eb6ed5b465c7377d357880f.php 第 209 行.
NOTIC: [8] Undefined offset: 5 /home/wwwroot/default/wangpan/StatAnal/Runtime/Cache/a8ca3d900eb6ed5b465c7377d357880f.php 第 209 行.
NOTIC: [8] Undefined offset: 5 /home/wwwroot/default/wangpan/StatAnal/Runtime/Cache/a8ca3d900eb6ed5b465c7377d357880f.php 第 209 行.
NOTIC: [8] Undefined offset: 5 /home/wwwroot/default/wangpan/StatAnal/Runtime/Cache/a8ca3d900eb6ed5b465c7377d357880f.php 第 209 行.
NOTIC: [8] Undefined offset: 5 /home/wwwroot/default/wangpan/StatAnal/Runtime/Cache/a8ca3d900eb6ed5b465c7377d357880f.php 第 209 行.
NOTIC: [8] Undefined offset: 4 /home/wwwroot/default/wangpan/StatAnal/Runtime/Cache/a8ca3d900eb6ed5b465c7377d357880f.php 第 210 行.
NOTIC: [8] Undefined offset: 4 /home/wwwroot/default/wangpan/StatAnal/Runtime/Cache/a8ca3d900eb6ed5b465c7377d357880f.php 第 210 行.
NOTIC: [8] Undefined offset: 4 /home/wwwroot/default/wangpan/StatAnal/Runtime/Cache/a8ca3d900eb6ed5b465c7377d357880f.php 第 210 行.
NOTIC: [8] Undefined offset: 4 /home/wwwroot/default/wangpan/StatAnal/Runtime/Cache/a8ca3d900eb6ed5b465c7377d357880f.php 第 210 行.
NOTIC: [8] Undefined offset: 4 /home/wwwroot/default/wangpan/StatAnal/Runtime/Cache/a8ca3d900eb6ed5b465c7377d357880f.php 第 210 行.
NOTIC: [8] Undefined offset: 3 /home/wwwroot/default/wangpan/StatAnal/Runtime/Cache/a8ca3d900eb6ed5b465c7377d357880f.php 第 211 行.
NOTIC: [8] Undefined offset: 3 /home/wwwroot/default/wangpan/StatAnal/Runtime/Cache/a8ca3d900eb6ed5b465c7377d357880f.php 第 211 行.
NOTIC: [8] Undefined offset: 3 /home/wwwroot/default/wangpan/StatAnal/Runtime/Cache/a8ca3d900eb6ed5b465c7377d357880f.php 第 211 行.
NOTIC: [8] Undefined offset: 3 /home/wwwroot/default/wangpan/StatAnal/Runtime/Cache/a8ca3d900eb6ed5b465c7377d357880f.php 第 211 行.
NOTIC: [8] Undefined offset: 3 /home/wwwroot/default/wangpan/StatAnal/Runtime/Cache/a8ca3d900eb6ed5b465c7377d357880f.php 第 211 行.
NOTIC: [8] Undefined offset: 2 /home/wwwroot/default/wangpan/StatAnal/Runtime/Cache/a8ca3d900eb6ed5b465c7377d357880f.php 第 212 行.
NOTIC: [8] Undefined offset: 2 /home/wwwroot/default/wangpan/StatAnal/Runtime/Cache/a8ca3d900eb6ed5b465c7377d357880f.php 第 212 行.
NOTIC: [8] Undefined offset: 2 /home/wwwroot/default/wangpan/StatAnal/Runtime/Cache/a8ca3d900eb6ed5b465c7377d357880f.php 第 212 行.
NOTIC: [8] Undefined offset: 2 /home/wwwroot/default/wangpan/StatAnal/Runtime/Cache/a8ca3d900eb6ed5b465c7377d357880f.php 第 212 行.
NOTIC: [8] Undefined offset: 2 /home/wwwroot/default/wangpan/StatAnal/Runtime/Cache/a8ca3d900eb6ed5b465c7377d357880f.php 第 212 行.
NOTIC: [8] Undefined offset: 1 /home/wwwroot/default/wangpan/StatAnal/Runtime/Cache/a8ca3d900eb6ed5b465c7377d357880f.php 第 213 行.
NOTIC: [8] Undefined offset: 1 /home/wwwroot/default/wangpan/StatAnal/Runtime/Cache/a8ca3d900eb6ed5b465c7377d357880f.php 第 213 行.
NOTIC: [8] Undefined offset: 1 /home/wwwroot/default/wangpan/StatAnal/Runtime/Cache/a8ca3d900eb6ed5b465c7377d357880f.php 第 213 行.
NOTIC: [8] Undefined offset: 1 /home/wwwroot/default/wangpan/StatAnal/Runtime/Cache/a8ca3d900eb6ed5b465c7377d357880f.php 第 213 行.
NOTIC: [8] Undefined offset: 1 /home/wwwroot/default/wangpan/StatAnal/Runtime/Cache/a8ca3d900eb6ed5b465c7377d357880f.php 第 213 行.
NOTIC: [8] Undefined offset: 0 /home/wwwroot/default/wangpan/StatAnal/Runtime/Cache/a8ca3d900eb6ed5b465c7377d357880f.php 第 214 行.
NOTIC: [8] Undefined offset: 0 /home/wwwroot/default/wangpan/StatAnal/Runtime/Cache/a8ca3d900eb6ed5b465c7377d357880f.php 第 214 行.
NOTIC: [8] Undefined offset: 0 /home/wwwroot/default/wangpan/StatAnal/Runtime/Cache/a8ca3d900eb6ed5b465c7377d357880f.php 第 214 行.
NOTIC: [8] Undefined offset: 0 /home/wwwroot/default/wangpan/StatAnal/Runtime/Cache/a8ca3d900eb6ed5b465c7377d357880f.php 第 214 行.
NOTIC: [8] Undefined offset: 0 /home/wwwroot/default/wangpan/StatAnal/Runtime/Cache/a8ca3d900eb6ed5b465c7377d357880f.php 第 214 行.
NOTIC: [8] Undefined offset: 7 /home/wwwroot/default/wangpan/StatAnal/Runtime/Cache/a8ca3d900eb6ed5b465c7377d357880f.php 第 255 行.
NOTIC: [8] Undefined offset: 7 /home/wwwroot/default/wangpan/StatAnal/Runtime/Cache/a8ca3d900eb6ed5b465c7377d357880f.php 第 255 行.
NOTIC: [8] Undefined offset: 7 /home/wwwroot/default/wangpan/StatAnal/Runtime/Cache/a8ca3d900eb6ed5b465c7377d357880f.php 第 255 行.
NOTIC: [8] Undefined offset: 7 /home/wwwroot/default/wangpan/StatAnal/Runtime/Cache/a8ca3d900eb6ed5b465c7377d357880f.php 第 255 行.
NOTIC: [8] Undefined offset: 7 /home/wwwroot/default/wangpan/StatAnal/Runtime/Cache/a8ca3d900eb6ed5b465c7377d357880f.php 第 255 行.
NOTIC: [8] Undefined offset: 6 /home/wwwroot/default/wangpan/StatAnal/Runtime/Cache/a8ca3d900eb6ed5b465c7377d357880f.php 第 256 行.
NOTIC: [8] Undefined offset: 6 /home/wwwroot/default/wangpan/StatAnal/Runtime/Cache/a8ca3d900eb6ed5b465c7377d357880f.php 第 256 行.
NOTIC: [8] Undefined offset: 6 /home/wwwroot/default/wangpan/StatAnal/Runtime/Cache/a8ca3d900eb6ed5b465c7377d357880f.php 第 256 行.
NOTIC: [8] Undefined offset: 6 /home/wwwroot/default/wangpan/StatAnal/Runtime/Cache/a8ca3d900eb6ed5b465c7377d357880f.php 第 256 行.
NOTIC: [8] Undefined offset: 6 /home/wwwroot/default/wangpan/StatAnal/Runtime/Cache/a8ca3d900eb6ed5b465c7377d357880f.php 第 256 行.
NOTIC: [8] Undefined offset: 5 /home/wwwroot/default/wangpan/StatAnal/Runtime/Cache/a8ca3d900eb6ed5b465c7377d357880f.php 第 257 行.
NOTIC: [8] Undefined offset: 5 /home/wwwroot/default/wangpan/StatAnal/Runtime/Cache/a8ca3d900eb6ed5b465c7377d357880f.php 第 257 行.
NOTIC: [8] Undefined offset: 5 /home/wwwroot/default/wangpan/StatAnal/Runtime/Cache/a8ca3d900eb6ed5b465c7377d357880f.php 第 257 行.
NOTIC: [8] Undefined offset: 5 /home/wwwroot/default/wangpan/StatAnal/Runtime/Cache/a8ca3d900eb6ed5b465c7377d357880f.php 第 257 行.
NOTIC: [8] Undefined offset: 5 /home/wwwroot/default/wangpan/StatAnal/Runtime/Cache/a8ca3d900eb6ed5b465c7377d357880f.php 第 257 行.
NOTIC: [8] Undefined offset: 4 /home/wwwroot/default/wangpan/StatAnal/Runtime/Cache/a8ca3d900eb6ed5b465c7377d357880f.php 第 258 行.
NOTIC: [8] Undefined offset: 4 /home/wwwroot/default/wangpan/StatAnal/Runtime/Cache/a8ca3d900eb6ed5b465c7377d357880f.php 第 258 行.
NOTIC: [8] Undefined offset: 4 /home/wwwroot/default/wangpan/StatAnal/Runtime/Cache/a8ca3d900eb6ed5b465c7377d357880f.php 第 258 行.
NOTIC: [8] Undefined offset: 4 /home/wwwroot/default/wangpan/StatAnal/Runtime/Cache/a8ca3d900eb6ed5b465c7377d357880f.php 第 258 行.
NOTIC: [8] Undefined offset: 4 /home/wwwroot/default/wangpan/StatAnal/Runtime/Cache/a8ca3d900eb6ed5b465c7377d357880f.php 第 258 行.
NOTIC: [8] Undefined offset: 3 /home/wwwroot/default/wangpan/StatAnal/Runtime/Cache/a8ca3d900eb6ed5b465c7377d357880f.php 第 259 行.
NOTIC: [8] Undefined offset: 3 /home/wwwroot/default/wangpan/StatAnal/Runtime/Cache/a8ca3d900eb6ed5b465c7377d357880f.php 第 259 行.
NOTIC: [8] Undefined offset: 3 /home/wwwroot/default/wangpan/StatAnal/Runtime/Cache/a8ca3d900eb6ed5b465c7377d357880f.php 第 259 行.
NOTIC: [8] Undefined offset: 3 /home/wwwroot/default/wangpan/StatAnal/Runtime/Cache/a8ca3d900eb6ed5b465c7377d357880f.php 第 259 行.
NOTIC: [8] Undefined offset: 3 /home/wwwroot/default/wangpan/StatAnal/Runtime/Cache/a8ca3d900eb6ed5b465c7377d357880f.php 第 259 行.
NOTIC: [8] Undefined offset: 2 /home/wwwroot/default/wangpan/StatAnal/Runtime/Cache/a8ca3d900eb6ed5b465c7377d357880f.php 第 260 行.
NOTIC: [8] Undefined offset: 2 /home/wwwroot/default/wangpan/StatAnal/Runtime/Cache/a8ca3d900eb6ed5b465c7377d357880f.php 第 260 行.
NOTIC: [8] Undefined offset: 2 /home/wwwroot/default/wangpan/StatAnal/Runtime/Cache/a8ca3d900eb6ed5b465c7377d357880f.php 第 260 行.
NOTIC: [8] Undefined offset: 2 /home/wwwroot/default/wangpan/StatAnal/Runtime/Cache/a8ca3d900eb6ed5b465c7377d357880f.php 第 260 行.
NOTIC: [8] Undefined offset: 2 /home/wwwroot/default/wangpan/StatAnal/Runtime/Cache/a8ca3d900eb6ed5b465c7377d357880f.php 第 260 行.
NOTIC: [8] Undefined offset: 1 /home/wwwroot/default/wangpan/StatAnal/Runtime/Cache/a8ca3d900eb6ed5b465c7377d357880f.php 第 261 行.
NOTIC: [8] Undefined offset: 1 /home/wwwroot/default/wangpan/StatAnal/Runtime/Cache/a8ca3d900eb6ed5b465c7377d357880f.php 第 261 行.
NOTIC: [8] Undefined offset: 1 /home/wwwroot/default/wangpan/StatAnal/Runtime/Cache/a8ca3d900eb6ed5b465c7377d357880f.php 第 261 行.
NOTIC: [8] Undefined offset: 1 /home/wwwroot/default/wangpan/StatAnal/Runtime/Cache/a8ca3d900eb6ed5b465c7377d357880f.php 第 261 行.
NOTIC: [8] Undefined offset: 1 /home/wwwroot/default/wangpan/StatAnal/Runtime/Cache/a8ca3d900eb6ed5b465c7377d357880f.php 第 261 行.
NOTIC: [8] Undefined offset: 0 /home/wwwroot/default/wangpan/StatAnal/Runtime/Cache/a8ca3d900eb6ed5b465c7377d357880f.php 第 262 行.
NOTIC: [8] Undefined offset: 0 /home/wwwroot/default/wangpan/StatAnal/Runtime/Cache/a8ca3d900eb6ed5b465c7377d357880f.php 第 262 行.
NOTIC: [8] Undefined offset: 0 /home/wwwroot/default/wangpan/StatAnal/Runtime/Cache/a8ca3d900eb6ed5b465c7377d357880f.php 第 262 行.
NOTIC: [8] Undefined offset: 0 /home/wwwroot/default/wangpan/StatAnal/Runtime/Cache/a8ca3d900eb6ed5b465c7377d357880f.php 第 262 行.
NOTIC: [8] Undefined offset: 0 /home/wwwroot/default/wangpan/StatAnal/Runtime/Cache/a8ca3d900eb6ed5b465c7377d357880f.php 第 262 行.
INFO: ParseTemplate Behavior ::run [ RunTime:0.012529s ]
INFO: [ view_parse ] --END-- [ RunTime:0.012574s ]
INFO: [ view_filter ] --START--
INFO: ContentReplace Behavior ::run [ RunTime:0.000223s ]
INFO: TokenBuild Behavior ::run [ RunTime:0.000165s ]
INFO: WriteHtmlCache Behavior ::run [ RunTime:0.000099s ]
INFO: ShowRuntime Behavior ::run [ RunTime:0.000212s ]
INFO: [ view_filter ] --END-- [ RunTime:0.000812s ]
INFO: [ view_end ] --START--
INFO: ShowPageTrace Behavior ::run [ RunTime:0.000277s ]
INFO: [ view_end ] --END-- [ RunTime:0.000316s ]

[ 2013-08-01T06:24:00+08:00 ] 192.168.3.139 /wangpan/StatAnal.php
INFO: [ app_begin ] --START--
INFO: ReadHtmlCache Behavior ::run [ RunTime:0.000263s ]
INFO: [ app_begin ] --END-- [ RunTime:0.000324s ]
SQL: SHOW COLUMNS FROM `analyse` [ RunTime:0.000476s ]
SQL: SELECT * FROM `analyse` WHERE ( `id` = 1 ) LIMIT 1   [ RunTime:0.000097s ]
SQL: SHOW COLUMNS FROM `translog` [ RunTime:0.000406s ]
SQL: SELECT * FROM `translog`  [ RunTime:0.000083s ]
SQL: SHOW COLUMNS FROM `frequency` [ RunTime:0.000343s ]
SQL: select * from frequency order by date desc limit 0,8 [ RunTime:0.000085s ]
INFO: [ view_parse ] --START--
NOTIC: [8] Undefined offset: 7 /home/wwwroot/default/wangpan/StatAnal/Runtime/Cache/a8ca3d900eb6ed5b465c7377d357880f.php 第 207 行.
NOTIC: [8] Undefined offset: 7 /home/wwwroot/default/wangpan/StatAnal/Runtime/Cache/a8ca3d900eb6ed5b465c7377d357880f.php 第 207 行.
NOTIC: [8] Undefined offset: 7 /home/wwwroot/default/wangpan/StatAnal/Runtime/Cache/a8ca3d900eb6ed5b465c7377d357880f.php 第 207 行.
NOTIC: [8] Undefined offset: 7 /home/wwwroot/default/wangpan/StatAnal/Runtime/Cache/a8ca3d900eb6ed5b465c7377d357880f.php 第 207 行.
NOTIC: [8] Undefined offset: 7 /home/wwwroot/default/wangpan/StatAnal/Runtime/Cache/a8ca3d900eb6ed5b465c7377d357880f.php 第 207 行.
NOTIC: [8] Undefined offset: 6 /home/wwwroot/default/wangpan/StatAnal/Runtime/Cache/a8ca3d900eb6ed5b465c7377d357880f.php 第 208 行.
NOTIC: [8] Undefined offset: 6 /home/wwwroot/default/wangpan/StatAnal/Runtime/Cache/a8ca3d900eb6ed5b465c7377d357880f.php 第 208 行.
NOTIC: [8] Undefined offset: 6 /home/wwwroot/default/wangpan/StatAnal/Runtime/Cache/a8ca3d900eb6ed5b465c7377d357880f.php 第 208 行.
NOTIC: [8] Undefined offset: 6 /home/wwwroot/default/wangpan/StatAnal/Runtime/Cache/a8ca3d900eb6ed5b465c7377d357880f.php 第 208 行.
NOTIC: [8] Undefined offset: 6 /home/wwwroot/default/wangpan/StatAnal/Runtime/Cache/a8ca3d900eb6ed5b465c7377d357880f.php 第 208 行.
NOTIC: [8] Undefined offset: 5 /home/wwwroot/default/wangpan/StatAnal/Runtime/Cache/a8ca3d900eb6ed5b465c7377d357880f.php 第 209 行.
NOTIC: [8] Undefined offset: 5 /home/wwwroot/default/wangpan/StatAnal/Runtime/Cache/a8ca3d900eb6ed5b465c7377d357880f.php 第 209 行.
NOTIC: [8] Undefined offset: 5 /home/wwwroot/default/wangpan/StatAnal/Runtime/Cache/a8ca3d900eb6ed5b465c7377d357880f.php 第 209 行.
NOTIC: [8] Undefined offset: 5 /home/wwwroot/default/wangpan/StatAnal/Runtime/Cache/a8ca3d900eb6ed5b465c7377d357880f.php 第 209 行.
NOTIC: [8] Undefined offset: 5 /home/wwwroot/default/wangpan/StatAnal/Runtime/Cache/a8ca3d900eb6ed5b465c7377d357880f.php 第 209 行.
NOTIC: [8] Undefined offset: 4 /home/wwwroot/default/wangpan/StatAnal/Runtime/Cache/a8ca3d900eb6ed5b465c7377d357880f.php 第 210 行.
NOTIC: [8] Undefined offset: 4 /home/wwwroot/default/wangpan/StatAnal/Runtime/Cache/a8ca3d900eb6ed5b465c7377d357880f.php 第 210 行.
NOTIC: [8] Undefined offset: 4 /home/wwwroot/default/wangpan/StatAnal/Runtime/Cache/a8ca3d900eb6ed5b465c7377d357880f.php 第 210 行.
NOTIC: [8] Undefined offset: 4 /home/wwwroot/default/wangpan/StatAnal/Runtime/Cache/a8ca3d900eb6ed5b465c7377d357880f.php 第 210 行.
NOTIC: [8] Undefined offset: 4 /home/wwwroot/default/wangpan/StatAnal/Runtime/Cache/a8ca3d900eb6ed5b465c7377d357880f.php 第 210 行.
NOTIC: [8] Undefined offset: 3 /home/wwwroot/default/wangpan/StatAnal/Runtime/Cache/a8ca3d900eb6ed5b465c7377d357880f.php 第 211 行.
NOTIC: [8] Undefined offset: 3 /home/wwwroot/default/wangpan/StatAnal/Runtime/Cache/a8ca3d900eb6ed5b465c7377d357880f.php 第 211 行.
NOTIC: [8] Undefined offset: 3 /home/wwwroot/default/wangpan/StatAnal/Runtime/Cache/a8ca3d900eb6ed5b465c7377d357880f.php 第 211 行.
NOTIC: [8] Undefined offset: 3 /home/wwwroot/default/wangpan/StatAnal/Runtime/Cache/a8ca3d900eb6ed5b465c7377d357880f.php 第 211 行.
NOTIC: [8] Undefined offset: 3 /home/wwwroot/default/wangpan/StatAnal/Runtime/Cache/a8ca3d900eb6ed5b465c7377d357880f.php 第 211 行.
NOTIC: [8] Undefined offset: 2 /home/wwwroot/default/wangpan/StatAnal/Runtime/Cache/a8ca3d900eb6ed5b465c7377d357880f.php 第 212 行.
NOTIC: [8] Undefined offset: 2 /home/wwwroot/default/wangpan/StatAnal/Runtime/Cache/a8ca3d900eb6ed5b465c7377d357880f.php 第 212 行.
NOTIC: [8] Undefined offset: 2 /home/wwwroot/default/wangpan/StatAnal/Runtime/Cache/a8ca3d900eb6ed5b465c7377d357880f.php 第 212 行.
NOTIC: [8] Undefined offset: 2 /home/wwwroot/default/wangpan/StatAnal/Runtime/Cache/a8ca3d900eb6ed5b465c7377d357880f.php 第 212 行.
NOTIC: [8] Undefined offset: 2 /home/wwwroot/default/wangpan/StatAnal/Runtime/Cache/a8ca3d900eb6ed5b465c7377d357880f.php 第 212 行.
NOTIC: [8] Undefined offset: 1 /home/wwwroot/default/wangpan/StatAnal/Runtime/Cache/a8ca3d900eb6ed5b465c7377d357880f.php 第 213 行.
NOTIC: [8] Undefined offset: 1 /home/wwwroot/default/wangpan/StatAnal/Runtime/Cache/a8ca3d900eb6ed5b465c7377d357880f.php 第 213 行.
NOTIC: [8] Undefined offset: 1 /home/wwwroot/default/wangpan/StatAnal/Runtime/Cache/a8ca3d900eb6ed5b465c7377d357880f.php 第 213 行.
NOTIC: [8] Undefined offset: 1 /home/wwwroot/default/wangpan/StatAnal/Runtime/Cache/a8ca3d900eb6ed5b465c7377d357880f.php 第 213 行.
NOTIC: [8] Undefined offset: 1 /home/wwwroot/default/wangpan/StatAnal/Runtime/Cache/a8ca3d900eb6ed5b465c7377d357880f.php 第 213 行.
NOTIC: [8] Undefined offset: 0 /home/wwwroot/default/wangpan/StatAnal/Runtime/Cache/a8ca3d900eb6ed5b465c7377d357880f.php 第 214 行.
NOTIC: [8] Undefined offset: 0 /home/wwwroot/default/wangpan/StatAnal/Runtime/Cache/a8ca3d900eb6ed5b465c7377d357880f.php 第 214 行.
NOTIC: [8] Undefined offset: 0 /home/wwwroot/default/wangpan/StatAnal/Runtime/Cache/a8ca3d900eb6ed5b465c7377d357880f.php 第 214 行.
NOTIC: [8] Undefined offset: 0 /home/wwwroot/default/wangpan/StatAnal/Runtime/Cache/a8ca3d900eb6ed5b465c7377d357880f.php 第 214 行.
NOTIC: [8] Undefined offset: 0 /home/wwwroot/default/wangpan/StatAnal/Runtime/Cache/a8ca3d900eb6ed5b465c7377d357880f.php 第 214 行.
NOTIC: [8] Undefined offset: 7 /home/wwwroot/default/wangpan/StatAnal/Runtime/Cache/a8ca3d900eb6ed5b465c7377d357880f.php 第 255 行.
NOTIC: [8] Undefined offset: 7 /home/wwwroot/default/wangpan/StatAnal/Runtime/Cache/a8ca3d900eb6ed5b465c7377d357880f.php 第 255 行.
NOTIC: [8] Undefined offset: 7 /home/wwwroot/default/wangpan/StatAnal/Runtime/Cache/a8ca3d900eb6ed5b465c7377d357880f.php 第 255 行.
NOTIC: [8] Undefined offset: 7 /home/wwwroot/default/wangpan/StatAnal/Runtime/Cache/a8ca3d900eb6ed5b465c7377d357880f.php 第 255 行.
NOTIC: [8] Undefined offset: 7 /home/wwwroot/default/wangpan/StatAnal/Runtime/Cache/a8ca3d900eb6ed5b465c7377d357880f.php 第 255 行.
NOTIC: [8] Undefined offset: 6 /home/wwwroot/default/wangpan/StatAnal/Runtime/Cache/a8ca3d900eb6ed5b465c7377d357880f.php 第 256 行.
NOTIC: [8] Undefined offset: 6 /home/wwwroot/default/wangpan/StatAnal/Runtime/Cache/a8ca3d900eb6ed5b465c7377d357880f.php 第 256 行.
NOTIC: [8] Undefined offset: 6 /home/wwwroot/default/wangpan/StatAnal/Runtime/Cache/a8ca3d900eb6ed5b465c7377d357880f.php 第 256 行.
NOTIC: [8] Undefined offset: 6 /home/wwwroot/default/wangpan/StatAnal/Runtime/Cache/a8ca3d900eb6ed5b465c7377d357880f.php 第 256 行.
NOTIC: [8] Undefined offset: 6 /home/wwwroot/default/wangpan/StatAnal/Runtime/Cache/a8ca3d900eb6ed5b465c7377d357880f.php 第 256 行.
NOTIC: [8] Undefined offset: 5 /home/wwwroot/default/wangpan/StatAnal/Runtime/Cache/a8ca3d900eb6ed5b465c7377d357880f.php 第 257 行.
NOTIC: [8] Undefined offset: 5 /home/wwwroot/default/wangpan/StatAnal/Runtime/Cache/a8ca3d900eb6ed5b465c7377d357880f.php 第 257 行.
NOTIC: [8] Undefined offset: 5 /home/wwwroot/default/wangpan/StatAnal/Runtime/Cache/a8ca3d900eb6ed5b465c7377d357880f.php 第 257 行.
NOTIC: [8] Undefined offset: 5 /home/wwwroot/default/wangpan/StatAnal/Runtime/Cache/a8ca3d900eb6ed5b465c7377d357880f.php 第 257 行.
NOTIC: [8] Undefined offset: 5 /home/wwwroot/default/wangpan/StatAnal/Runtime/Cache/a8ca3d900eb6ed5b465c7377d357880f.php 第 257 行.
NOTIC: [8] Undefined offset: 4 /home/wwwroot/default/wangpan/StatAnal/Runtime/Cache/a8ca3d900eb6ed5b465c7377d357880f.php 第 258 行.
NOTIC: [8] Undefined offset: 4 /home/wwwroot/default/wangpan/StatAnal/Runtime/Cache/a8ca3d900eb6ed5b465c7377d357880f.php 第 258 行.
NOTIC: [8] Undefined offset: 4 /home/wwwroot/default/wangpan/StatAnal/Runtime/Cache/a8ca3d900eb6ed5b465c7377d357880f.php 第 258 行.
NOTIC: [8] Undefined offset: 4 /home/wwwroot/default/wangpan/StatAnal/Runtime/Cache/a8ca3d900eb6ed5b465c7377d357880f.php 第 258 行.
NOTIC: [8] Undefined offset: 4 /home/wwwroot/default/wangpan/StatAnal/Runtime/Cache/a8ca3d900eb6ed5b465c7377d357880f.php 第 258 行.
NOTIC: [8] Undefined offset: 3 /home/wwwroot/default/wangpan/StatAnal/Runtime/Cache/a8ca3d900eb6ed5b465c7377d357880f.php 第 259 行.
NOTIC: [8] Undefined offset: 3 /home/wwwroot/default/wangpan/StatAnal/Runtime/Cache/a8ca3d900eb6ed5b465c7377d357880f.php 第 259 行.
NOTIC: [8] Undefined offset: 3 /home/wwwroot/default/wangpan/StatAnal/Runtime/Cache/a8ca3d900eb6ed5b465c7377d357880f.php 第 259 行.
NOTIC: [8] Undefined offset: 3 /home/wwwroot/default/wangpan/StatAnal/Runtime/Cache/a8ca3d900eb6ed5b465c7377d357880f.php 第 259 行.
NOTIC: [8] Undefined offset: 3 /home/wwwroot/default/wangpan/StatAnal/Runtime/Cache/a8ca3d900eb6ed5b465c7377d357880f.php 第 259 行.
NOTIC: [8] Undefined offset: 2 /home/wwwroot/default/wangpan/StatAnal/Runtime/Cache/a8ca3d900eb6ed5b465c7377d357880f.php 第 260 行.
NOTIC: [8] Undefined offset: 2 /home/wwwroot/default/wangpan/StatAnal/Runtime/Cache/a8ca3d900eb6ed5b465c7377d357880f.php 第 260 行.
NOTIC: [8] Undefined offset: 2 /home/wwwroot/default/wangpan/StatAnal/Runtime/Cache/a8ca3d900eb6ed5b465c7377d357880f.php 第 260 行.
NOTIC: [8] Undefined offset: 2 /home/wwwroot/default/wangpan/StatAnal/Runtime/Cache/a8ca3d900eb6ed5b465c7377d357880f.php 第 260 行.
NOTIC: [8] Undefined offset: 2 /home/wwwroot/default/wangpan/StatAnal/Runtime/Cache/a8ca3d900eb6ed5b465c7377d357880f.php 第 260 行.
NOTIC: [8] Undefined offset: 1 /home/wwwroot/default/wangpan/StatAnal/Runtime/Cache/a8ca3d900eb6ed5b465c7377d357880f.php 第 261 行.
NOTIC: [8] Undefined offset: 1 /home/wwwroot/default/wangpan/StatAnal/Runtime/Cache/a8ca3d900eb6ed5b465c7377d357880f.php 第 261 行.
NOTIC: [8] Undefined offset: 1 /home/wwwroot/default/wangpan/StatAnal/Runtime/Cache/a8ca3d900eb6ed5b465c7377d357880f.php 第 261 行.
NOTIC: [8] Undefined offset: 1 /home/wwwroot/default/wangpan/StatAnal/Runtime/Cache/a8ca3d900eb6ed5b465c7377d357880f.php 第 261 行.
NOTIC: [8] Undefined offset: 1 /home/wwwroot/default/wangpan/StatAnal/Runtime/Cache/a8ca3d900eb6ed5b465c7377d357880f.php 第 261 行.
NOTIC: [8] Undefined offset: 0 /home/wwwroot/default/wangpan/StatAnal/Runtime/Cache/a8ca3d900eb6ed5b465c7377d357880f.php 第 262 行.
NOTIC: [8] Undefined offset: 0 /home/wwwroot/default/wangpan/StatAnal/Runtime/Cache/a8ca3d900eb6ed5b465c7377d357880f.php 第 262 行.
NOTIC: [8] Undefined offset: 0 /home/wwwroot/default/wangpan/StatAnal/Runtime/Cache/a8ca3d900eb6ed5b465c7377d357880f.php 第 262 行.
NOTIC: [8] Undefined offset: 0 /home/wwwroot/default/wangpan/StatAnal/Runtime/Cache/a8ca3d900eb6ed5b465c7377d357880f.php 第 262 行.
NOTIC: [8] Undefined offset: 0 /home/wwwroot/default/wangpan/StatAnal/Runtime/Cache/a8ca3d900eb6ed5b465c7377d357880f.php 第 262 行.
INFO: ParseTemplate Behavior ::run [ RunTime:0.012412s ]
INFO: [ view_parse ] --END-- [ RunTime:0.012459s ]
INFO: [ view_filter ] --START--
INFO: ContentReplace Behavior ::run [ RunTime:0.000174s ]
INFO: TokenBuild Behavior ::run [ RunTime:0.000164s ]
INFO: WriteHtmlCache Behavior ::run [ RunTime:0.000099s ]
INFO: ShowRuntime Behavior ::run [ RunTime:0.000212s ]
INFO: [ view_filter ] --END-- [ RunTime:0.000761s ]
INFO: [ view_end ] --START--
INFO: ShowPageTrace Behavior ::run [ RunTime:0.000282s ]
INFO: [ view_end ] --END-- [ RunTime:0.000322s ]

[ 2013-08-01T14:24:00+08:00 ] 192.168.3.139 /wangpan/StatAnal.php
INFO: [ app_begin ] --START--
INFO: ReadHtmlCache Behavior ::run [ RunTime:0.000259s ]
INFO: [ app_begin ] --END-- [ RunTime:0.000320s ]
SQL: SHOW COLUMNS FROM `analyse` [ RunTime:0.000595s ]
SQL: SELECT * FROM `analyse` WHERE ( `id` = 1 ) LIMIT 1   [ RunTime:0.000130s ]
SQL: SHOW COLUMNS FROM `translog` [ RunTime:0.000391s ]
SQL: SELECT * FROM `translog`  [ RunTime:0.000083s ]
SQL: SHOW COLUMNS FROM `frequency` [ RunTime:0.000343s ]
SQL: select * from frequency order by date desc limit 0,8 [ RunTime:0.000085s ]
INFO: [ view_parse ] --START--
NOTIC: [8] Undefined offset: 7 /home/wwwroot/default/wangpan/StatAnal/Runtime/Cache/a8ca3d900eb6ed5b465c7377d357880f.php 第 207 行.
NOTIC: [8] Undefined offset: 7 /home/wwwroot/default/wangpan/StatAnal/Runtime/Cache/a8ca3d900eb6ed5b465c7377d357880f.php 第 207 行.
NOTIC: [8] Undefined offset: 7 /home/wwwroot/default/wangpan/StatAnal/Runtime/Cache/a8ca3d900eb6ed5b465c7377d357880f.php 第 207 行.
NOTIC: [8] Undefined offset: 7 /home/wwwroot/default/wangpan/StatAnal/Runtime/Cache/a8ca3d900eb6ed5b465c7377d357880f.php 第 207 行.
NOTIC: [8] Undefined offset: 7 /home/wwwroot/default/wangpan/StatAnal/Runtime/Cache/a8ca3d900eb6ed5b465c7377d357880f.php 第 207 行.
NOTIC: [8] Undefined offset: 6 /home/wwwroot/default/wangpan/StatAnal/Runtime/Cache/a8ca3d900eb6ed5b465c7377d357880f.php 第 208 行.
NOTIC: [8] Undefined offset: 6 /home/wwwroot/default/wangpan/StatAnal/Runtime/Cache/a8ca3d900eb6ed5b465c7377d357880f.php 第 208 行.
NOTIC: [8] Undefined offset: 6 /home/wwwroot/default/wangpan/StatAnal/Runtime/Cache/a8ca3d900eb6ed5b465c7377d357880f.php 第 208 行.
NOTIC: [8] Undefined offset: 6 /home/wwwroot/default/wangpan/StatAnal/Runtime/Cache/a8ca3d900eb6ed5b465c7377d357880f.php 第 208 行.
NOTIC: [8] Undefined offset: 6 /home/wwwroot/default/wangpan/StatAnal/Runtime/Cache/a8ca3d900eb6ed5b465c7377d357880f.php 第 208 行.
NOTIC: [8] Undefined offset: 5 /home/wwwroot/default/wangpan/StatAnal/Runtime/Cache/a8ca3d900eb6ed5b465c7377d357880f.php 第 209 行.
NOTIC: [8] Undefined offset: 5 /home/wwwroot/default/wangpan/StatAnal/Runtime/Cache/a8ca3d900eb6ed5b465c7377d357880f.php 第 209 行.
NOTIC: [8] Undefined offset: 5 /home/wwwroot/default/wangpan/StatAnal/Runtime/Cache/a8ca3d900eb6ed5b465c7377d357880f.php 第 209 行.
NOTIC: [8] Undefined offset: 5 /home/wwwroot/default/wangpan/StatAnal/Runtime/Cache/a8ca3d900eb6ed5b465c7377d357880f.php 第 209 行.
NOTIC: [8] Undefined offset: 5 /home/wwwroot/default/wangpan/StatAnal/Runtime/Cache/a8ca3d900eb6ed5b465c7377d357880f.php 第 209 行.
NOTIC: [8] Undefined offset: 4 /home/wwwroot/default/wangpan/StatAnal/Runtime/Cache/a8ca3d900eb6ed5b465c7377d357880f.php 第 210 行.
NOTIC: [8] Undefined offset: 4 /home/wwwroot/default/wangpan/StatAnal/Runtime/Cache/a8ca3d900eb6ed5b465c7377d357880f.php 第 210 行.
NOTIC: [8] Undefined offset: 4 /home/wwwroot/default/wangpan/StatAnal/Runtime/Cache/a8ca3d900eb6ed5b465c7377d357880f.php 第 210 行.
NOTIC: [8] Undefined offset: 4 /home/wwwroot/default/wangpan/StatAnal/Runtime/Cache/a8ca3d900eb6ed5b465c7377d357880f.php 第 210 行.
NOTIC: [8] Undefined offset: 4 /home/wwwroot/default/wangpan/StatAnal/Runtime/Cache/a8ca3d900eb6ed5b465c7377d357880f.php 第 210 行.
NOTIC: [8] Undefined offset: 3 /home/wwwroot/default/wangpan/StatAnal/Runtime/Cache/a8ca3d900eb6ed5b465c7377d357880f.php 第 211 行.
NOTIC: [8] Undefined offset: 3 /home/wwwroot/default/wangpan/StatAnal/Runtime/Cache/a8ca3d900eb6ed5b465c7377d357880f.php 第 211 行.
NOTIC: [8] Undefined offset: 3 /home/wwwroot/default/wangpan/StatAnal/Runtime/Cache/a8ca3d900eb6ed5b465c7377d357880f.php 第 211 行.
NOTIC: [8] Undefined offset: 3 /home/wwwroot/default/wangpan/StatAnal/Runtime/Cache/a8ca3d900eb6ed5b465c7377d357880f.php 第 211 行.
NOTIC: [8] Undefined offset: 3 /home/wwwroot/default/wangpan/StatAnal/Runtime/Cache/a8ca3d900eb6ed5b465c7377d357880f.php 第 211 行.
NOTIC: [8] Undefined offset: 2 /home/wwwroot/default/wangpan/StatAnal/Runtime/Cache/a8ca3d900eb6ed5b465c7377d357880f.php 第 212 行.
NOTIC: [8] Undefined offset: 2 /home/wwwroot/default/wangpan/StatAnal/Runtime/Cache/a8ca3d900eb6ed5b465c7377d357880f.php 第 212 行.
NOTIC: [8] Undefined offset: 2 /home/wwwroot/default/wangpan/StatAnal/Runtime/Cache/a8ca3d900eb6ed5b465c7377d357880f.php 第 212 行.
NOTIC: [8] Undefined offset: 2 /home/wwwroot/default/wangpan/StatAnal/Runtime/Cache/a8ca3d900eb6ed5b465c7377d357880f.php 第 212 行.
NOTIC: [8] Undefined offset: 2 /home/wwwroot/default/wangpan/StatAnal/Runtime/Cache/a8ca3d900eb6ed5b465c7377d357880f.php 第 212 行.
NOTIC: [8] Undefined offset: 1 /home/wwwroot/default/wangpan/StatAnal/Runtime/Cache/a8ca3d900eb6ed5b465c7377d357880f.php 第 213 行.
NOTIC: [8] Undefined offset: 1 /home/wwwroot/default/wangpan/StatAnal/Runtime/Cache/a8ca3d900eb6ed5b465c7377d357880f.php 第 213 行.
NOTIC: [8] Undefined offset: 1 /home/wwwroot/default/wangpan/StatAnal/Runtime/Cache/a8ca3d900eb6ed5b465c7377d357880f.php 第 213 行.
NOTIC: [8] Undefined offset: 1 /home/wwwroot/default/wangpan/StatAnal/Runtime/Cache/a8ca3d900eb6ed5b465c7377d357880f.php 第 213 行.
NOTIC: [8] Undefined offset: 1 /home/wwwroot/default/wangpan/StatAnal/Runtime/Cache/a8ca3d900eb6ed5b465c7377d357880f.php 第 213 行.
NOTIC: [8] Undefined offset: 0 /home/wwwroot/default/wangpan/StatAnal/Runtime/Cache/a8ca3d900eb6ed5b465c7377d357880f.php 第 214 行.
NOTIC: [8] Undefined offset: 0 /home/wwwroot/default/wangpan/StatAnal/Runtime/Cache/a8ca3d900eb6ed5b465c7377d357880f.php 第 214 行.
NOTIC: [8] Undefined offset: 0 /home/wwwroot/default/wangpan/StatAnal/Runtime/Cache/a8ca3d900eb6ed5b465c7377d357880f.php 第 214 行.
NOTIC: [8] Undefined offset: 0 /home/wwwroot/default/wangpan/StatAnal/Runtime/Cache/a8ca3d900eb6ed5b465c7377d357880f.php 第 214 行.
NOTIC: [8] Undefined offset: 0 /home/wwwroot/default/wangpan/StatAnal/Runtime/Cache/a8ca3d900eb6ed5b465c7377d357880f.php 第 214 行.
NOTIC: [8] Undefined offset: 7 /home/wwwroot/default/wangpan/StatAnal/Runtime/Cache/a8ca3d900eb6ed5b465c7377d357880f.php 第 255 行.
NOTIC: [8] Undefined offset: 7 /home/wwwroot/default/wangpan/StatAnal/Runtime/Cache/a8ca3d900eb6ed5b465c7377d357880f.php 第 255 行.
NOTIC: [8] Undefined offset: 7 /home/wwwroot/default/wangpan/StatAnal/Runtime/Cache/a8ca3d900eb6ed5b465c7377d357880f.php 第 255 行.
NOTIC: [8] Undefined offset: 7 /home/wwwroot/default/wangpan/StatAnal/Runtime/Cache/a8ca3d900eb6ed5b465c7377d357880f.php 第 255 行.
NOTIC: [8] Undefined offset: 7 /home/wwwroot/default/wangpan/StatAnal/Runtime/Cache/a8ca3d900eb6ed5b465c7377d357880f.php 第 255 行.
NOTIC: [8] Undefined offset: 6 /home/wwwroot/default/wangpan/StatAnal/Runtime/Cache/a8ca3d900eb6ed5b465c7377d357880f.php 第 256 行.
NOTIC: [8] Undefined offset: 6 /home/wwwroot/default/wangpan/StatAnal/Runtime/Cache/a8ca3d900eb6ed5b465c7377d357880f.php 第 256 行.
NOTIC: [8] Undefined offset: 6 /home/wwwroot/default/wangpan/StatAnal/Runtime/Cache/a8ca3d900eb6ed5b465c7377d357880f.php 第 256 行.
NOTIC: [8] Undefined offset: 6 /home/wwwroot/default/wangpan/StatAnal/Runtime/Cache/a8ca3d900eb6ed5b465c7377d357880f.php 第 256 行.
NOTIC: [8] Undefined offset: 6 /home/wwwroot/default/wangpan/StatAnal/Runtime/Cache/a8ca3d900eb6ed5b465c7377d357880f.php 第 256 行.
NOTIC: [8] Undefined offset: 5 /home/wwwroot/default/wangpan/StatAnal/Runtime/Cache/a8ca3d900eb6ed5b465c7377d357880f.php 第 257 行.
NOTIC: [8] Undefined offset: 5 /home/wwwroot/default/wangpan/StatAnal/Runtime/Cache/a8ca3d900eb6ed5b465c7377d357880f.php 第 257 行.
NOTIC: [8] Undefined offset: 5 /home/wwwroot/default/wangpan/StatAnal/Runtime/Cache/a8ca3d900eb6ed5b465c7377d357880f.php 第 257 行.
NOTIC: [8] Undefined offset: 5 /home/wwwroot/default/wangpan/StatAnal/Runtime/Cache/a8ca3d900eb6ed5b465c7377d357880f.php 第 257 行.
NOTIC: [8] Undefined offset: 5 /home/wwwroot/default/wangpan/StatAnal/Runtime/Cache/a8ca3d900eb6ed5b465c7377d357880f.php 第 257 行.
NOTIC: [8] Undefined offset: 4 /home/wwwroot/default/wangpan/StatAnal/Runtime/Cache/a8ca3d900eb6ed5b465c7377d357880f.php 第 258 行.
NOTIC: [8] Undefined offset: 4 /home/wwwroot/default/wangpan/StatAnal/Runtime/Cache/a8ca3d900eb6ed5b465c7377d357880f.php 第 258 行.
NOTIC: [8] Undefined offset: 4 /home/wwwroot/default/wangpan/StatAnal/Runtime/Cache/a8ca3d900eb6ed5b465c7377d357880f.php 第 258 行.
NOTIC: [8] Undefined offset: 4 /home/wwwroot/default/wangpan/StatAnal/Runtime/Cache/a8ca3d900eb6ed5b465c7377d357880f.php 第 258 行.
NOTIC: [8] Undefined offset: 4 /home/wwwroot/default/wangpan/StatAnal/Runtime/Cache/a8ca3d900eb6ed5b465c7377d357880f.php 第 258 行.
NOTIC: [8] Undefined offset: 3 /home/wwwroot/default/wangpan/StatAnal/Runtime/Cache/a8ca3d900eb6ed5b465c7377d357880f.php 第 259 行.
NOTIC: [8] Undefined offset: 3 /home/wwwroot/default/wangpan/StatAnal/Runtime/Cache/a8ca3d900eb6ed5b465c7377d357880f.php 第 259 行.
NOTIC: [8] Undefined offset: 3 /home/wwwroot/default/wangpan/StatAnal/Runtime/Cache/a8ca3d900eb6ed5b465c7377d357880f.php 第 259 行.
NOTIC: [8] Undefined offset: 3 /home/wwwroot/default/wangpan/StatAnal/Runtime/Cache/a8ca3d900eb6ed5b465c7377d357880f.php 第 259 行.
NOTIC: [8] Undefined offset: 3 /home/wwwroot/default/wangpan/StatAnal/Runtime/Cache/a8ca3d900eb6ed5b465c7377d357880f.php 第 259 行.
NOTIC: [8] Undefined offset: 2 /home/wwwroot/default/wangpan/StatAnal/Runtime/Cache/a8ca3d900eb6ed5b465c7377d357880f.php 第 260 行.
NOTIC: [8] Undefined offset: 2 /home/wwwroot/default/wangpan/StatAnal/Runtime/Cache/a8ca3d900eb6ed5b465c7377d357880f.php 第 260 行.
NOTIC: [8] Undefined offset: 2 /home/wwwroot/default/wangpan/StatAnal/Runtime/Cache/a8ca3d900eb6ed5b465c7377d357880f.php 第 260 行.
NOTIC: [8] Undefined offset: 2 /home/wwwroot/default/wangpan/StatAnal/Runtime/Cache/a8ca3d900eb6ed5b465c7377d357880f.php 第 260 行.
NOTIC: [8] Undefined offset: 2 /home/wwwroot/default/wangpan/StatAnal/Runtime/Cache/a8ca3d900eb6ed5b465c7377d357880f.php 第 260 行.
NOTIC: [8] Undefined offset: 1 /home/wwwroot/default/wangpan/StatAnal/Runtime/Cache/a8ca3d900eb6ed5b465c7377d357880f.php 第 261 行.
NOTIC: [8] Undefined offset: 1 /home/wwwroot/default/wangpan/StatAnal/Runtime/Cache/a8ca3d900eb6ed5b465c7377d357880f.php 第 261 行.
NOTIC: [8] Undefined offset: 1 /home/wwwroot/default/wangpan/StatAnal/Runtime/Cache/a8ca3d900eb6ed5b465c7377d357880f.php 第 261 行.
NOTIC: [8] Undefined offset: 1 /home/wwwroot/default/wangpan/StatAnal/Runtime/Cache/a8ca3d900eb6ed5b465c7377d357880f.php 第 261 行.
NOTIC: [8] Undefined offset: 1 /home/wwwroot/default/wangpan/StatAnal/Runtime/Cache/a8ca3d900eb6ed5b465c7377d357880f.php 第 261 行.
NOTIC: [8] Undefined offset: 0 /home/wwwroot/default/wangpan/StatAnal/Runtime/Cache/a8ca3d900eb6ed5b465c7377d357880f.php 第 262 行.
NOTIC: [8] Undefined offset: 0 /home/wwwroot/default/wangpan/StatAnal/Runtime/Cache/a8ca3d900eb6ed5b465c7377d357880f.php 第 262 行.
NOTIC: [8] Undefined offset: 0 /home/wwwroot/default/wangpan/StatAnal/Runtime/Cache/a8ca3d900eb6ed5b465c7377d357880f.php 第 262 行.
NOTIC: [8] Undefined offset: 0 /home/wwwroot/default/wangpan/StatAnal/Runtime/Cache/a8ca3d900eb6ed5b465c7377d357880f.php 第 262 行.
NOTIC: [8] Undefined offset: 0 /home/wwwroot/default/wangpan/StatAnal/Runtime/Cache/a8ca3d900eb6ed5b465c7377d357880f.php 第 262 行.
INFO: ParseTemplate Behavior ::run [ RunTime:0.012342s ]
INFO: [ view_parse ] --END-- [ RunTime:0.012385s ]
INFO: [ view_filter ] --START--
INFO: ContentReplace Behavior ::run [ RunTime:0.000176s ]
INFO: TokenBuild Behavior ::run [ RunTime:0.000165s ]
INFO: WriteHtmlCache Behavior ::run [ RunTime:0.000099s ]
INFO: ShowRuntime Behavior ::run [ RunTime:0.000210s ]
INFO: [ view_filter ] --END-- [ RunTime:0.000763s ]
INFO: [ view_end ] --START--
INFO: ShowPageTrace Behavior ::run [ RunTime:0.000281s ]
INFO: [ view_end ] --END-- [ RunTime:0.000322s ]

[ 2013-08-01T14:36:00+08:00 ] 192.168.3.139 /wangpan/StatAnal.php
INFO: [ app_begin ] --START--
INFO: ReadHtmlCache Behavior ::run [ RunTime:0.000256s ]
INFO: [ app_begin ] --END-- [ RunTime:0.000313s ]
SQL: SHOW COLUMNS FROM `analyse` [ RunTime:0.000570s ]
SQL: SELECT * FROM `analyse` WHERE ( `id` = 1 ) LIMIT 1   [ RunTime:0.000129s ]
SQL: SHOW COLUMNS FROM `translog` [ RunTime:0.000391s ]
SQL: SELECT * FROM `translog`  [ RunTime:0.000084s ]
SQL: SHOW COLUMNS FROM `frequency` [ RunTime:0.000372s ]
SQL: select * from frequency order by date desc limit 0,8 [ RunTime:0.000085s ]
INFO: [ view_parse ] --START--
NOTIC: [8] Undefined offset: 7 /home/wwwroot/default/wangpan/StatAnal/Runtime/Cache/a8ca3d900eb6ed5b465c7377d357880f.php 第 207 行.
NOTIC: [8] Undefined offset: 7 /home/wwwroot/default/wangpan/StatAnal/Runtime/Cache/a8ca3d900eb6ed5b465c7377d357880f.php 第 207 行.
NOTIC: [8] Undefined offset: 7 /home/wwwroot/default/wangpan/StatAnal/Runtime/Cache/a8ca3d900eb6ed5b465c7377d357880f.php 第 207 行.
NOTIC: [8] Undefined offset: 7 /home/wwwroot/default/wangpan/StatAnal/Runtime/Cache/a8ca3d900eb6ed5b465c7377d357880f.php 第 207 行.
NOTIC: [8] Undefined offset: 7 /home/wwwroot/default/wangpan/StatAnal/Runtime/Cache/a8ca3d900eb6ed5b465c7377d357880f.php 第 207 行.
NOTIC: [8] Undefined offset: 6 /home/wwwroot/default/wangpan/StatAnal/Runtime/Cache/a8ca3d900eb6ed5b465c7377d357880f.php 第 208 行.
NOTIC: [8] Undefined offset: 6 /home/wwwroot/default/wangpan/StatAnal/Runtime/Cache/a8ca3d900eb6ed5b465c7377d357880f.php 第 208 行.
NOTIC: [8] Undefined offset: 6 /home/wwwroot/default/wangpan/StatAnal/Runtime/Cache/a8ca3d900eb6ed5b465c7377d357880f.php 第 208 行.
NOTIC: [8] Undefined offset: 6 /home/wwwroot/default/wangpan/StatAnal/Runtime/Cache/a8ca3d900eb6ed5b465c7377d357880f.php 第 208 行.
NOTIC: [8] Undefined offset: 6 /home/wwwroot/default/wangpan/StatAnal/Runtime/Cache/a8ca3d900eb6ed5b465c7377d357880f.php 第 208 行.
NOTIC: [8] Undefined offset: 5 /home/wwwroot/default/wangpan/StatAnal/Runtime/Cache/a8ca3d900eb6ed5b465c7377d357880f.php 第 209 行.
NOTIC: [8] Undefined offset: 5 /home/wwwroot/default/wangpan/StatAnal/Runtime/Cache/a8ca3d900eb6ed5b465c7377d357880f.php 第 209 行.
NOTIC: [8] Undefined offset: 5 /home/wwwroot/default/wangpan/StatAnal/Runtime/Cache/a8ca3d900eb6ed5b465c7377d357880f.php 第 209 行.
NOTIC: [8] Undefined offset: 5 /home/wwwroot/default/wangpan/StatAnal/Runtime/Cache/a8ca3d900eb6ed5b465c7377d357880f.php 第 209 行.
NOTIC: [8] Undefined offset: 5 /home/wwwroot/default/wangpan/StatAnal/Runtime/Cache/a8ca3d900eb6ed5b465c7377d357880f.php 第 209 行.
NOTIC: [8] Undefined offset: 4 /home/wwwroot/default/wangpan/StatAnal/Runtime/Cache/a8ca3d900eb6ed5b465c7377d357880f.php 第 210 行.
NOTIC: [8] Undefined offset: 4 /home/wwwroot/default/wangpan/StatAnal/Runtime/Cache/a8ca3d900eb6ed5b465c7377d357880f.php 第 210 行.
NOTIC: [8] Undefined offset: 4 /home/wwwroot/default/wangpan/StatAnal/Runtime/Cache/a8ca3d900eb6ed5b465c7377d357880f.php 第 210 行.
NOTIC: [8] Undefined offset: 4 /home/wwwroot/default/wangpan/StatAnal/Runtime/Cache/a8ca3d900eb6ed5b465c7377d357880f.php 第 210 行.
NOTIC: [8] Undefined offset: 4 /home/wwwroot/default/wangpan/StatAnal/Runtime/Cache/a8ca3d900eb6ed5b465c7377d357880f.php 第 210 行.
NOTIC: [8] Undefined offset: 3 /home/wwwroot/default/wangpan/StatAnal/Runtime/Cache/a8ca3d900eb6ed5b465c7377d357880f.php 第 211 行.
NOTIC: [8] Undefined offset: 3 /home/wwwroot/default/wangpan/StatAnal/Runtime/Cache/a8ca3d900eb6ed5b465c7377d357880f.php 第 211 行.
NOTIC: [8] Undefined offset: 3 /home/wwwroot/default/wangpan/StatAnal/Runtime/Cache/a8ca3d900eb6ed5b465c7377d357880f.php 第 211 行.
NOTIC: [8] Undefined offset: 3 /home/wwwroot/default/wangpan/StatAnal/Runtime/Cache/a8ca3d900eb6ed5b465c7377d357880f.php 第 211 行.
NOTIC: [8] Undefined offset: 3 /home/wwwroot/default/wangpan/StatAnal/Runtime/Cache/a8ca3d900eb6ed5b465c7377d357880f.php 第 211 行.
NOTIC: [8] Undefined offset: 2 /home/wwwroot/default/wangpan/StatAnal/Runtime/Cache/a8ca3d900eb6ed5b465c7377d357880f.php 第 212 行.
NOTIC: [8] Undefined offset: 2 /home/wwwroot/default/wangpan/StatAnal/Runtime/Cache/a8ca3d900eb6ed5b465c7377d357880f.php 第 212 行.
NOTIC: [8] Undefined offset: 2 /home/wwwroot/default/wangpan/StatAnal/Runtime/Cache/a8ca3d900eb6ed5b465c7377d357880f.php 第 212 行.
NOTIC: [8] Undefined offset: 2 /home/wwwroot/default/wangpan/StatAnal/Runtime/Cache/a8ca3d900eb6ed5b465c7377d357880f.php 第 212 行.
NOTIC: [8] Undefined offset: 2 /home/wwwroot/default/wangpan/StatAnal/Runtime/Cache/a8ca3d900eb6ed5b465c7377d357880f.php 第 212 行.
NOTIC: [8] Undefined offset: 1 /home/wwwroot/default/wangpan/StatAnal/Runtime/Cache/a8ca3d900eb6ed5b465c7377d357880f.php 第 213 行.
NOTIC: [8] Undefined offset: 1 /home/wwwroot/default/wangpan/StatAnal/Runtime/Cache/a8ca3d900eb6ed5b465c7377d357880f.php 第 213 行.
NOTIC: [8] Undefined offset: 1 /home/wwwroot/default/wangpan/StatAnal/Runtime/Cache/a8ca3d900eb6ed5b465c7377d357880f.php 第 213 行.
NOTIC: [8] Undefined offset: 1 /home/wwwroot/default/wangpan/StatAnal/Runtime/Cache/a8ca3d900eb6ed5b465c7377d357880f.php 第 213 行.
NOTIC: [8] Undefined offset: 1 /home/wwwroot/default/wangpan/StatAnal/Runtime/Cache/a8ca3d900eb6ed5b465c7377d357880f.php 第 213 行.
NOTIC: [8] Undefined offset: 0 /home/wwwroot/default/wangpan/StatAnal/Runtime/Cache/a8ca3d900eb6ed5b465c7377d357880f.php 第 214 行.
NOTIC: [8] Undefined offset: 0 /home/wwwroot/default/wangpan/StatAnal/Runtime/Cache/a8ca3d900eb6ed5b465c7377d357880f.php 第 214 行.
NOTIC: [8] Undefined offset: 0 /home/wwwroot/default/wangpan/StatAnal/Runtime/Cache/a8ca3d900eb6ed5b465c7377d357880f.php 第 214 行.
NOTIC: [8] Undefined offset: 0 /home/wwwroot/default/wangpan/StatAnal/Runtime/Cache/a8ca3d900eb6ed5b465c7377d357880f.php 第 214 行.
NOTIC: [8] Undefined offset: 0 /home/wwwroot/default/wangpan/StatAnal/Runtime/Cache/a8ca3d900eb6ed5b465c7377d357880f.php 第 214 行.
NOTIC: [8] Undefined offset: 7 /home/wwwroot/default/wangpan/StatAnal/Runtime/Cache/a8ca3d900eb6ed5b465c7377d357880f.php 第 255 行.
NOTIC: [8] Undefined offset: 7 /home/wwwroot/default/wangpan/StatAnal/Runtime/Cache/a8ca3d900eb6ed5b465c7377d357880f.php 第 255 行.
NOTIC: [8] Undefined offset: 7 /home/wwwroot/default/wangpan/StatAnal/Runtime/Cache/a8ca3d900eb6ed5b465c7377d357880f.php 第 255 行.
NOTIC: [8] Undefined offset: 7 /home/wwwroot/default/wangpan/StatAnal/Runtime/Cache/a8ca3d900eb6ed5b465c7377d357880f.php 第 255 行.
NOTIC: [8] Undefined offset: 7 /home/wwwroot/default/wangpan/StatAnal/Runtime/Cache/a8ca3d900eb6ed5b465c7377d357880f.php 第 255 行.
NOTIC: [8] Undefined offset: 6 /home/wwwroot/default/wangpan/StatAnal/Runtime/Cache/a8ca3d900eb6ed5b465c7377d357880f.php 第 256 行.
NOTIC: [8] Undefined offset: 6 /home/wwwroot/default/wangpan/StatAnal/Runtime/Cache/a8ca3d900eb6ed5b465c7377d357880f.php 第 256 行.
NOTIC: [8] Undefined offset: 6 /home/wwwroot/default/wangpan/StatAnal/Runtime/Cache/a8ca3d900eb6ed5b465c7377d357880f.php 第 256 行.
NOTIC: [8] Undefined offset: 6 /home/wwwroot/default/wangpan/StatAnal/Runtime/Cache/a8ca3d900eb6ed5b465c7377d357880f.php 第 256 行.
NOTIC: [8] Undefined offset: 6 /home/wwwroot/default/wangpan/StatAnal/Runtime/Cache/a8ca3d900eb6ed5b465c7377d357880f.php 第 256 行.
NOTIC: [8] Undefined offset: 5 /home/wwwroot/default/wangpan/StatAnal/Runtime/Cache/a8ca3d900eb6ed5b465c7377d357880f.php 第 257 行.
NOTIC: [8] Undefined offset: 5 /home/wwwroot/default/wangpan/StatAnal/Runtime/Cache/a8ca3d900eb6ed5b465c7377d357880f.php 第 257 行.
NOTIC: [8] Undefined offset: 5 /home/wwwroot/default/wangpan/StatAnal/Runtime/Cache/a8ca3d900eb6ed5b465c7377d357880f.php 第 257 行.
NOTIC: [8] Undefined offset: 5 /home/wwwroot/default/wangpan/StatAnal/Runtime/Cache/a8ca3d900eb6ed5b465c7377d357880f.php 第 257 行.
NOTIC: [8] Undefined offset: 5 /home/wwwroot/default/wangpan/StatAnal/Runtime/Cache/a8ca3d900eb6ed5b465c7377d357880f.php 第 257 行.
NOTIC: [8] Undefined offset: 4 /home/wwwroot/default/wangpan/StatAnal/Runtime/Cache/a8ca3d900eb6ed5b465c7377d357880f.php 第 258 行.
NOTIC: [8] Undefined offset: 4 /home/wwwroot/default/wangpan/StatAnal/Runtime/Cache/a8ca3d900eb6ed5b465c7377d357880f.php 第 258 行.
NOTIC: [8] Undefined offset: 4 /home/wwwroot/default/wangpan/StatAnal/Runtime/Cache/a8ca3d900eb6ed5b465c7377d357880f.php 第 258 行.
NOTIC: [8] Undefined offset: 4 /home/wwwroot/default/wangpan/StatAnal/Runtime/Cache/a8ca3d900eb6ed5b465c7377d357880f.php 第 258 行.
NOTIC: [8] Undefined offset: 4 /home/wwwroot/default/wangpan/StatAnal/Runtime/Cache/a8ca3d900eb6ed5b465c7377d357880f.php 第 258 行.
NOTIC: [8] Undefined offset: 3 /home/wwwroot/default/wangpan/StatAnal/Runtime/Cache/a8ca3d900eb6ed5b465c7377d357880f.php 第 259 行.
NOTIC: [8] Undefined offset: 3 /home/wwwroot/default/wangpan/StatAnal/Runtime/Cache/a8ca3d900eb6ed5b465c7377d357880f.php 第 259 行.
NOTIC: [8] Undefined offset: 3 /home/wwwroot/default/wangpan/StatAnal/Runtime/Cache/a8ca3d900eb6ed5b465c7377d357880f.php 第 259 行.
NOTIC: [8] Undefined offset: 3 /home/wwwroot/default/wangpan/StatAnal/Runtime/Cache/a8ca3d900eb6ed5b465c7377d357880f.php 第 259 行.
NOTIC: [8] Undefined offset: 3 /home/wwwroot/default/wangpan/StatAnal/Runtime/Cache/a8ca3d900eb6ed5b465c7377d357880f.php 第 259 行.
NOTIC: [8] Undefined offset: 2 /home/wwwroot/default/wangpan/StatAnal/Runtime/Cache/a8ca3d900eb6ed5b465c7377d357880f.php 第 260 行.
NOTIC: [8] Undefined offset: 2 /home/wwwroot/default/wangpan/StatAnal/Runtime/Cache/a8ca3d900eb6ed5b465c7377d357880f.php 第 260 行.
NOTIC: [8] Undefined offset: 2 /home/wwwroot/default/wangpan/StatAnal/Runtime/Cache/a8ca3d900eb6ed5b465c7377d357880f.php 第 260 行.
NOTIC: [8] Undefined offset: 2 /home/wwwroot/default/wangpan/StatAnal/Runtime/Cache/a8ca3d900eb6ed5b465c7377d357880f.php 第 260 行.
NOTIC: [8] Undefined offset: 2 /home/wwwroot/default/wangpan/StatAnal/Runtime/Cache/a8ca3d900eb6ed5b465c7377d357880f.php 第 260 行.
NOTIC: [8] Undefined offset: 1 /home/wwwroot/default/wangpan/StatAnal/Runtime/Cache/a8ca3d900eb6ed5b465c7377d357880f.php 第 261 行.
NOTIC: [8] Undefined offset: 1 /home/wwwroot/default/wangpan/StatAnal/Runtime/Cache/a8ca3d900eb6ed5b465c7377d357880f.php 第 261 行.
NOTIC: [8] Undefined offset: 1 /home/wwwroot/default/wangpan/StatAnal/Runtime/Cache/a8ca3d900eb6ed5b465c7377d357880f.php 第 261 行.
NOTIC: [8] Undefined offset: 1 /home/wwwroot/default/wangpan/StatAnal/Runtime/Cache/a8ca3d900eb6ed5b465c7377d357880f.php 第 261 行.
NOTIC: [8] Undefined offset: 1 /home/wwwroot/default/wangpan/StatAnal/Runtime/Cache/a8ca3d900eb6ed5b465c7377d357880f.php 第 261 行.
NOTIC: [8] Undefined offset: 0 /home/wwwroot/default/wangpan/StatAnal/Runtime/Cache/a8ca3d900eb6ed5b465c7377d357880f.php 第 262 行.
NOTIC: [8] Undefined offset: 0 /home/wwwroot/default/wangpan/StatAnal/Runtime/Cache/a8ca3d900eb6ed5b465c7377d357880f.php 第 262 行.
NOTIC: [8] Undefined offset: 0 /home/wwwroot/default/wangpan/StatAnal/Runtime/Cache/a8ca3d900eb6ed5b465c7377d357880f.php 第 262 行.
NOTIC: [8] Undefined offset: 0 /home/wwwroot/default/wangpan/StatAnal/Runtime/Cache/a8ca3d900eb6ed5b465c7377d357880f.php 第 262 行.
NOTIC: [8] Undefined offset: 0 /home/wwwroot/default/wangpan/StatAnal/Runtime/Cache/a8ca3d900eb6ed5b465c7377d357880f.php 第 262 行.
INFO: ParseTemplate Behavior ::run [ RunTime:0.012344s ]
INFO: [ view_parse ] --END-- [ RunTime:0.012386s ]
INFO: [ view_filter ] --START--
INFO: ContentReplace Behavior ::run [ RunTime:0.000177s ]
INFO: TokenBuild Behavior ::run [ RunTime:0.000165s ]
INFO: WriteHtmlCache Behavior ::run [ RunTime:0.000098s ]
INFO: ShowRuntime Behavior ::run [ RunTime:0.000212s ]
INFO: [ view_filter ] --END-- [ RunTime:0.000764s ]
INFO: [ view_end ] --START--
INFO: ShowPageTrace Behavior ::run [ RunTime:0.000280s ]
INFO: [ view_end ] --END-- [ RunTime:0.000321s ]

[ 2013-08-01T14:48:00+08:00 ] 192.168.3.139 /wangpan/StatAnal.php
INFO: [ app_begin ] --START--
INFO: ReadHtmlCache Behavior ::run [ RunTime:0.000258s ]
INFO: [ app_begin ] --END-- [ RunTime:0.000315s ]
SQL: SHOW COLUMNS FROM `analyse` [ RunTime:0.000599s ]
SQL: SELECT * FROM `analyse` WHERE ( `id` = 1 ) LIMIT 1   [ RunTime:0.000131s ]
SQL: SHOW COLUMNS FROM `translog` [ RunTime:0.000390s ]
SQL: SELECT * FROM `translog`  [ RunTime:0.000083s ]
SQL: SHOW COLUMNS FROM `frequency` [ RunTime:0.000343s ]
SQL: select * from frequency order by date desc limit 0,8 [ RunTime:0.000085s ]
INFO: [ view_parse ] --START--
NOTIC: [8] Undefined offset: 7 /home/wwwroot/default/wangpan/StatAnal/Runtime/Cache/a8ca3d900eb6ed5b465c7377d357880f.php 第 207 行.
NOTIC: [8] Undefined offset: 7 /home/wwwroot/default/wangpan/StatAnal/Runtime/Cache/a8ca3d900eb6ed5b465c7377d357880f.php 第 207 行.
NOTIC: [8] Undefined offset: 7 /home/wwwroot/default/wangpan/StatAnal/Runtime/Cache/a8ca3d900eb6ed5b465c7377d357880f.php 第 207 行.
NOTIC: [8] Undefined offset: 7 /home/wwwroot/default/wangpan/StatAnal/Runtime/Cache/a8ca3d900eb6ed5b465c7377d357880f.php 第 207 行.
NOTIC: [8] Undefined offset: 7 /home/wwwroot/default/wangpan/StatAnal/Runtime/Cache/a8ca3d900eb6ed5b465c7377d357880f.php 第 207 行.
NOTIC: [8] Undefined offset: 6 /home/wwwroot/default/wangpan/StatAnal/Runtime/Cache/a8ca3d900eb6ed5b465c7377d357880f.php 第 208 行.
NOTIC: [8] Undefined offset: 6 /home/wwwroot/default/wangpan/StatAnal/Runtime/Cache/a8ca3d900eb6ed5b465c7377d357880f.php 第 208 行.
NOTIC: [8] Undefined offset: 6 /home/wwwroot/default/wangpan/StatAnal/Runtime/Cache/a8ca3d900eb6ed5b465c7377d357880f.php 第 208 行.
NOTIC: [8] Undefined offset: 6 /home/wwwroot/default/wangpan/StatAnal/Runtime/Cache/a8ca3d900eb6ed5b465c7377d357880f.php 第 208 行.
NOTIC: [8] Undefined offset: 6 /home/wwwroot/default/wangpan/StatAnal/Runtime/Cache/a8ca3d900eb6ed5b465c7377d357880f.php 第 208 行.
NOTIC: [8] Undefined offset: 5 /home/wwwroot/default/wangpan/StatAnal/Runtime/Cache/a8ca3d900eb6ed5b465c7377d357880f.php 第 209 行.
NOTIC: [8] Undefined offset: 5 /home/wwwroot/default/wangpan/StatAnal/Runtime/Cache/a8ca3d900eb6ed5b465c7377d357880f.php 第 209 行.
NOTIC: [8] Undefined offset: 5 /home/wwwroot/default/wangpan/StatAnal/Runtime/Cache/a8ca3d900eb6ed5b465c7377d357880f.php 第 209 行.
NOTIC: [8] Undefined offset: 5 /home/wwwroot/default/wangpan/StatAnal/Runtime/Cache/a8ca3d900eb6ed5b465c7377d357880f.php 第 209 行.
NOTIC: [8] Undefined offset: 5 /home/wwwroot/default/wangpan/StatAnal/Runtime/Cache/a8ca3d900eb6ed5b465c7377d357880f.php 第 209 行.
NOTIC: [8] Undefined offset: 4 /home/wwwroot/default/wangpan/StatAnal/Runtime/Cache/a8ca3d900eb6ed5b465c7377d357880f.php 第 210 行.
NOTIC: [8] Undefined offset: 4 /home/wwwroot/default/wangpan/StatAnal/Runtime/Cache/a8ca3d900eb6ed5b465c7377d357880f.php 第 210 行.
NOTIC: [8] Undefined offset: 4 /home/wwwroot/default/wangpan/StatAnal/Runtime/Cache/a8ca3d900eb6ed5b465c7377d357880f.php 第 210 行.
NOTIC: [8] Undefined offset: 4 /home/wwwroot/default/wangpan/StatAnal/Runtime/Cache/a8ca3d900eb6ed5b465c7377d357880f.php 第 210 行.
NOTIC: [8] Undefined offset: 4 /home/wwwroot/default/wangpan/StatAnal/Runtime/Cache/a8ca3d900eb6ed5b465c7377d357880f.php 第 210 行.
NOTIC: [8] Undefined offset: 3 /home/wwwroot/default/wangpan/StatAnal/Runtime/Cache/a8ca3d900eb6ed5b465c7377d357880f.php 第 211 行.
NOTIC: [8] Undefined offset: 3 /home/wwwroot/default/wangpan/StatAnal/Runtime/Cache/a8ca3d900eb6ed5b465c7377d357880f.php 第 211 行.
NOTIC: [8] Undefined offset: 3 /home/wwwroot/default/wangpan/StatAnal/Runtime/Cache/a8ca3d900eb6ed5b465c7377d357880f.php 第 211 行.
NOTIC: [8] Undefined offset: 3 /home/wwwroot/default/wangpan/StatAnal/Runtime/Cache/a8ca3d900eb6ed5b465c7377d357880f.php 第 211 行.
NOTIC: [8] Undefined offset: 3 /home/wwwroot/default/wangpan/StatAnal/Runtime/Cache/a8ca3d900eb6ed5b465c7377d357880f.php 第 211 行.
NOTIC: [8] Undefined offset: 2 /home/wwwroot/default/wangpan/StatAnal/Runtime/Cache/a8ca3d900eb6ed5b465c7377d357880f.php 第 212 行.
NOTIC: [8] Undefined offset: 2 /home/wwwroot/default/wangpan/StatAnal/Runtime/Cache/a8ca3d900eb6ed5b465c7377d357880f.php 第 212 行.
NOTIC: [8] Undefined offset: 2 /home/wwwroot/default/wangpan/StatAnal/Runtime/Cache/a8ca3d900eb6ed5b465c7377d357880f.php 第 212 行.
NOTIC: [8] Undefined offset: 2 /home/wwwroot/default/wangpan/StatAnal/Runtime/Cache/a8ca3d900eb6ed5b465c7377d357880f.php 第 212 行.
NOTIC: [8] Undefined offset: 2 /home/wwwroot/default/wangpan/StatAnal/Runtime/Cache/a8ca3d900eb6ed5b465c7377d357880f.php 第 212 行.
NOTIC: [8] Undefined offset: 1 /home/wwwroot/default/wangpan/StatAnal/Runtime/Cache/a8ca3d900eb6ed5b465c7377d357880f.php 第 213 行.
NOTIC: [8] Undefined offset: 1 /home/wwwroot/default/wangpan/StatAnal/Runtime/Cache/a8ca3d900eb6ed5b465c7377d357880f.php 第 213 行.
NOTIC: [8] Undefined offset: 1 /home/wwwroot/default/wangpan/StatAnal/Runtime/Cache/a8ca3d900eb6ed5b465c7377d357880f.php 第 213 行.
NOTIC: [8] Undefined offset: 1 /home/wwwroot/default/wangpan/StatAnal/Runtime/Cache/a8ca3d900eb6ed5b465c7377d357880f.php 第 213 行.
NOTIC: [8] Undefined offset: 1 /home/wwwroot/default/wangpan/StatAnal/Runtime/Cache/a8ca3d900eb6ed5b465c7377d357880f.php 第 213 行.
NOTIC: [8] Undefined offset: 0 /home/wwwroot/default/wangpan/StatAnal/Runtime/Cache/a8ca3d900eb6ed5b465c7377d357880f.php 第 214 行.
NOTIC: [8] Undefined offset: 0 /home/wwwroot/default/wangpan/StatAnal/Runtime/Cache/a8ca3d900eb6ed5b465c7377d357880f.php 第 214 行.
NOTIC: [8] Undefined offset: 0 /home/wwwroot/default/wangpan/StatAnal/Runtime/Cache/a8ca3d900eb6ed5b465c7377d357880f.php 第 214 行.
NOTIC: [8] Undefined offset: 0 /home/wwwroot/default/wangpan/StatAnal/Runtime/Cache/a8ca3d900eb6ed5b465c7377d357880f.php 第 214 行.
NOTIC: [8] Undefined offset: 0 /home/wwwroot/default/wangpan/StatAnal/Runtime/Cache/a8ca3d900eb6ed5b465c7377d357880f.php 第 214 行.
NOTIC: [8] Undefined offset: 7 /home/wwwroot/default/wangpan/StatAnal/Runtime/Cache/a8ca3d900eb6ed5b465c7377d357880f.php 第 255 行.
NOTIC: [8] Undefined offset: 7 /home/wwwroot/default/wangpan/StatAnal/Runtime/Cache/a8ca3d900eb6ed5b465c7377d357880f.php 第 255 行.
NOTIC: [8] Undefined offset: 7 /home/wwwroot/default/wangpan/StatAnal/Runtime/Cache/a8ca3d900eb6ed5b465c7377d357880f.php 第 255 行.
NOTIC: [8] Undefined offset: 7 /home/wwwroot/default/wangpan/StatAnal/Runtime/Cache/a8ca3d900eb6ed5b465c7377d357880f.php 第 255 行.
NOTIC: [8] Undefined offset: 7 /home/wwwroot/default/wangpan/StatAnal/Runtime/Cache/a8ca3d900eb6ed5b465c7377d357880f.php 第 255 行.
NOTIC: [8] Undefined offset: 6 /home/wwwroot/default/wangpan/StatAnal/Runtime/Cache/a8ca3d900eb6ed5b465c7377d357880f.php 第 256 行.
NOTIC: [8] Undefined offset: 6 /home/wwwroot/default/wangpan/StatAnal/Runtime/Cache/a8ca3d900eb6ed5b465c7377d357880f.php 第 256 行.
NOTIC: [8] Undefined offset: 6 /home/wwwroot/default/wangpan/StatAnal/Runtime/Cache/a8ca3d900eb6ed5b465c7377d357880f.php 第 256 行.
NOTIC: [8] Undefined offset: 6 /home/wwwroot/default/wangpan/StatAnal/Runtime/Cache/a8ca3d900eb6ed5b465c7377d357880f.php 第 256 行.
NOTIC: [8] Undefined offset: 6 /home/wwwroot/default/wangpan/StatAnal/Runtime/Cache/a8ca3d900eb6ed5b465c7377d357880f.php 第 256 行.
NOTIC: [8] Undefined offset: 5 /home/wwwroot/default/wangpan/StatAnal/Runtime/Cache/a8ca3d900eb6ed5b465c7377d357880f.php 第 257 行.
NOTIC: [8] Undefined offset: 5 /home/wwwroot/default/wangpan/StatAnal/Runtime/Cache/a8ca3d900eb6ed5b465c7377d357880f.php 第 257 行.
NOTIC: [8] Undefined offset: 5 /home/wwwroot/default/wangpan/StatAnal/Runtime/Cache/a8ca3d900eb6ed5b465c7377d357880f.php 第 257 行.
NOTIC: [8] Undefined offset: 5 /home/wwwroot/default/wangpan/StatAnal/Runtime/Cache/a8ca3d900eb6ed5b465c7377d357880f.php 第 257 行.
NOTIC: [8] Undefined offset: 5 /home/wwwroot/default/wangpan/StatAnal/Runtime/Cache/a8ca3d900eb6ed5b465c7377d357880f.php 第 257 行.
NOTIC: [8] Undefined offset: 4 /home/wwwroot/default/wangpan/StatAnal/Runtime/Cache/a8ca3d900eb6ed5b465c7377d357880f.php 第 258 行.
NOTIC: [8] Undefined offset: 4 /home/wwwroot/default/wangpan/StatAnal/Runtime/Cache/a8ca3d900eb6ed5b465c7377d357880f.php 第 258 行.
NOTIC: [8] Undefined offset: 4 /home/wwwroot/default/wangpan/StatAnal/Runtime/Cache/a8ca3d900eb6ed5b465c7377d357880f.php 第 258 行.
NOTIC: [8] Undefined offset: 4 /home/wwwroot/default/wangpan/StatAnal/Runtime/Cache/a8ca3d900eb6ed5b465c7377d357880f.php 第 258 行.
NOTIC: [8] Undefined offset: 4 /home/wwwroot/default/wangpan/StatAnal/Runtime/Cache/a8ca3d900eb6ed5b465c7377d357880f.php 第 258 行.
NOTIC: [8] Undefined offset: 3 /home/wwwroot/default/wangpan/StatAnal/Runtime/Cache/a8ca3d900eb6ed5b465c7377d357880f.php 第 259 行.
NOTIC: [8] Undefined offset: 3 /home/wwwroot/default/wangpan/StatAnal/Runtime/Cache/a8ca3d900eb6ed5b465c7377d357880f.php 第 259 行.
NOTIC: [8] Undefined offset: 3 /home/wwwroot/default/wangpan/StatAnal/Runtime/Cache/a8ca3d900eb6ed5b465c7377d357880f.php 第 259 行.
NOTIC: [8] Undefined offset: 3 /home/wwwroot/default/wangpan/StatAnal/Runtime/Cache/a8ca3d900eb6ed5b465c7377d357880f.php 第 259 行.
NOTIC: [8] Undefined offset: 3 /home/wwwroot/default/wangpan/StatAnal/Runtime/Cache/a8ca3d900eb6ed5b465c7377d357880f.php 第 259 行.
NOTIC: [8] Undefined offset: 2 /home/wwwroot/default/wangpan/StatAnal/Runtime/Cache/a8ca3d900eb6ed5b465c7377d357880f.php 第 260 行.
NOTIC: [8] Undefined offset: 2 /home/wwwroot/default/wangpan/StatAnal/Runtime/Cache/a8ca3d900eb6ed5b465c7377d357880f.php 第 260 行.
NOTIC: [8] Undefined offset: 2 /home/wwwroot/default/wangpan/StatAnal/Runtime/Cache/a8ca3d900eb6ed5b465c7377d357880f.php 第 260 行.
NOTIC: [8] Undefined offset: 2 /home/wwwroot/default/wangpan/StatAnal/Runtime/Cache/a8ca3d900eb6ed5b465c7377d357880f.php 第 260 行.
NOTIC: [8] Undefined offset: 2 /home/wwwroot/default/wangpan/StatAnal/Runtime/Cache/a8ca3d900eb6ed5b465c7377d357880f.php 第 260 行.
NOTIC: [8] Undefined offset: 1 /home/wwwroot/default/wangpan/StatAnal/Runtime/Cache/a8ca3d900eb6ed5b465c7377d357880f.php 第 261 行.
NOTIC: [8] Undefined offset: 1 /home/wwwroot/default/wangpan/StatAnal/Runtime/Cache/a8ca3d900eb6ed5b465c7377d357880f.php 第 261 行.
NOTIC: [8] Undefined offset: 1 /home/wwwroot/default/wangpan/StatAnal/Runtime/Cache/a8ca3d900eb6ed5b465c7377d357880f.php 第 261 行.
NOTIC: [8] Undefined offset: 1 /home/wwwroot/default/wangpan/StatAnal/Runtime/Cache/a8ca3d900eb6ed5b465c7377d357880f.php 第 261 行.
NOTIC: [8] Undefined offset: 1 /home/wwwroot/default/wangpan/StatAnal/Runtime/Cache/a8ca3d900eb6ed5b465c7377d357880f.php 第 261 行.
NOTIC: [8] Undefined offset: 0 /home/wwwroot/default/wangpan/StatAnal/Runtime/Cache/a8ca3d900eb6ed5b465c7377d357880f.php 第 262 行.
NOTIC: [8] Undefined offset: 0 /home/wwwroot/default/wangpan/StatAnal/Runtime/Cache/a8ca3d900eb6ed5b465c7377d357880f.php 第 262 行.
NOTIC: [8] Undefined offset: 0 /home/wwwroot/default/wangpan/StatAnal/Runtime/Cache/a8ca3d900eb6ed5b465c7377d357880f.php 第 262 行.
NOTIC: [8] Undefined offset: 0 /home/wwwroot/default/wangpan/StatAnal/Runtime/Cache/a8ca3d900eb6ed5b465c7377d357880f.php 第 262 行.
NOTIC: [8] Undefined offset: 0 /home/wwwroot/default/wangpan/StatAnal/Runtime/Cache/a8ca3d900eb6ed5b465c7377d357880f.php 第 262 行.
INFO: ParseTemplate Behavior ::run [ RunTime:0.012362s ]
INFO: [ view_parse ] --END-- [ RunTime:0.012405s ]
INFO: [ view_filter ] --START--
INFO: ContentReplace Behavior ::run [ RunTime:0.000177s ]
INFO: TokenBuild Behavior ::run [ RunTime:0.000164s ]
INFO: WriteHtmlCache Behavior ::run [ RunTime:0.000099s ]
INFO: ShowRuntime Behavior ::run [ RunTime:0.000212s ]
INFO: [ view_filter ] --END-- [ RunTime:0.000765s ]
INFO: [ view_end ] --START--
INFO: ShowPageTrace Behavior ::run [ RunTime:0.000280s ]
INFO: [ view_end ] --END-- [ RunTime:0.000321s ]

