[ 2013-11-05T09:13:00+08:00 ] 192.168.3.139 /wangpan/StatAnal.php
INFO: [ app_begin ] --START--
INFO: ReadHtmlCache Behavior ::run [ RunTime:0.000275s ]
INFO: [ app_begin ] --END-- [ RunTime:0.000338s ]
NOTIC: [8] A session had already been started - ignoring session_start() /home/wwwroot/default/wangpan/ThinkPHP/Common/functions.php 第 566 行.
SQL: SHOW COLUMNS FROM `analyse` [ RunTime:0.000599s ]
SQL: SELECT * FROM `analyse` WHERE ( `id` = 1 ) LIMIT 1   [ RunTime:0.000136s ]
SQL: SHOW COLUMNS FROM `translog` [ RunTime:0.000226s ]
ERR: 1146:Table 'gateway.translog' doesn't exist
 [ SQL语句 ] : SHOW COLUMNS FROM `translog`
SQL: SELECT * FROM `translog`  [ RunTime:0.000059s ]
ERR: 1146:Table 'gateway.translog' doesn't exist
 [ SQL语句 ] : SELECT * FROM `translog` 
SQL: SHOW COLUMNS FROM `frequency` [ RunTime:0.000340s ]
SQL: select * from frequency order by date desc limit 0,14 [ RunTime:0.000132s ]
INFO: [ view_parse ] --START--
INFO: ParseTemplate Behavior ::run [ RunTime:0.014072s ]
INFO: [ view_parse ] --END-- [ RunTime:0.014131s ]
INFO: [ view_filter ] --START--
INFO: ContentReplace Behavior ::run [ RunTime:0.000178s ]
INFO: TokenBuild Behavior ::run [ RunTime:0.000171s ]
INFO: WriteHtmlCache Behavior ::run [ RunTime:0.000102s ]
INFO: ShowRuntime Behavior ::run [ RunTime:0.000220s ]
INFO: [ view_filter ] --END-- [ RunTime:0.000785s ]
INFO: [ view_end ] --START--
INFO: ShowPageTrace Behavior ::run [ RunTime:0.000287s ]
INFO: [ view_end ] --END-- [ RunTime:0.000328s ]

[ 2013-11-05T09:16:04+08:00 ] 192.168.3.228 /wangpan/StatAnal.php
INFO: [ app_begin ] --START--
INFO: ReadHtmlCache Behavior ::run [ RunTime:0.000258s ]
INFO: [ app_begin ] --END-- [ RunTime:0.000315s ]
NOTIC: [8] A session had already been started - ignoring session_start() /home/wwwroot/default/wangpan/ThinkPHP/Common/functions.php 第 566 行.
SQL: SHOW COLUMNS FROM `analyse` [ RunTime:0.000568s ]
SQL: SELECT * FROM `analyse` WHERE ( `id` = 1 ) LIMIT 1   [ RunTime:0.000129s ]
SQL: SHOW COLUMNS FROM `translog` [ RunTime:0.000225s ]
ERR: 1146:Table 'gateway.translog' doesn't exist
 [ SQL语句 ] : SHOW COLUMNS FROM `translog`
SQL: SELECT * FROM `translog`  [ RunTime:0.000057s ]
ERR: 1146:Table 'gateway.translog' doesn't exist
 [ SQL语句 ] : SELECT * FROM `translog` 
SQL: SHOW COLUMNS FROM `frequency` [ RunTime:0.000340s ]
SQL: select * from frequency order by date desc limit 0,14 [ RunTime:0.000128s ]
INFO: [ view_parse ] --START--
INFO: ParseTemplate Behavior ::run [ RunTime:0.013484s ]
INFO: [ view_parse ] --END-- [ RunTime:0.013537s ]
INFO: [ view_filter ] --START--
INFO: ContentReplace Behavior ::run [ RunTime:0.000177s ]
INFO: TokenBuild Behavior ::run [ RunTime:0.000167s ]
INFO: WriteHtmlCache Behavior ::run [ RunTime:0.000101s ]
INFO: ShowRuntime Behavior ::run [ RunTime:0.000217s ]
INFO: [ view_filter ] --END-- [ RunTime:0.000775s ]
INFO: [ view_end ] --START--
INFO: ShowPageTrace Behavior ::run [ RunTime:0.000285s ]
INFO: [ view_end ] --END-- [ RunTime:0.000324s ]

[ 2013-11-05T09:26:48+08:00 ] 192.168.3.151 /wangpan/StatAnal.php
INFO: [ app_begin ] --START--
INFO: ReadHtmlCache Behavior ::run [ RunTime:0.000256s ]
INFO: [ app_begin ] --END-- [ RunTime:0.000311s ]
NOTIC: [8] A session had already been started - ignoring session_start() /home/wwwroot/default/wangpan/ThinkPHP/Common/functions.php 第 566 行.
SQL: SHOW COLUMNS FROM `analyse` [ RunTime:0.000545s ]
SQL: SELECT * FROM `analyse` WHERE ( `id` = 1 ) LIMIT 1   [ RunTime:0.000129s ]
SQL: SHOW COLUMNS FROM `translog` [ RunTime:0.000414s ]
SQL: SELECT * FROM `translog`  [ RunTime:0.000081s ]
SQL: SHOW COLUMNS FROM `frequency` [ RunTime:0.000337s ]
SQL: select * from frequency order by date desc limit 0,14 [ RunTime:0.000128s ]
INFO: [ view_parse ] --START--
INFO: ParseTemplate Behavior ::run [ RunTime:0.013648s ]
INFO: [ view_parse ] --END-- [ RunTime:0.013701s ]
INFO: [ view_filter ] --START--
INFO: ContentReplace Behavior ::run [ RunTime:0.000180s ]
INFO: TokenBuild Behavior ::run [ RunTime:0.000171s ]
INFO: WriteHtmlCache Behavior ::run [ RunTime:0.000104s ]
INFO: ShowRuntime Behavior ::run [ RunTime:0.000218s ]
INFO: [ view_filter ] --END-- [ RunTime:0.000787s ]
INFO: [ view_end ] --START--
INFO: ShowPageTrace Behavior ::run [ RunTime:0.000295s ]
INFO: [ view_end ] --END-- [ RunTime:0.000335s ]

[ 2013-11-05T09:27:45+08:00 ] 192.168.3.228 /wangpan/StatAnal.php
INFO: [ app_begin ] --START--
INFO: ReadHtmlCache Behavior ::run [ RunTime:0.000253s ]
INFO: [ app_begin ] --END-- [ RunTime:0.000309s ]
NOTIC: [8] A session had already been started - ignoring session_start() /home/wwwroot/default/wangpan/ThinkPHP/Common/functions.php 第 566 行.
SQL: SHOW COLUMNS FROM `analyse` [ RunTime:0.000556s ]
SQL: SELECT * FROM `analyse` WHERE ( `id` = 1 ) LIMIT 1   [ RunTime:0.000127s ]
SQL: SHOW COLUMNS FROM `translog` [ RunTime:0.000383s ]
SQL: SELECT * FROM `translog`  [ RunTime:0.000090s ]
SQL: SHOW COLUMNS FROM `frequency` [ RunTime:0.000340s ]
SQL: select * from frequency order by date desc limit 0,14 [ RunTime:0.000130s ]
INFO: [ view_parse ] --START--
INFO: ParseTemplate Behavior ::run [ RunTime:0.013616s ]
INFO: [ view_parse ] --END-- [ RunTime:0.013672s ]
INFO: [ view_filter ] --START--
INFO: ContentReplace Behavior ::run [ RunTime:0.000182s ]
INFO: TokenBuild Behavior ::run [ RunTime:0.000167s ]
INFO: WriteHtmlCache Behavior ::run [ RunTime:0.000113s ]
INFO: ShowRuntime Behavior ::run [ RunTime:0.000218s ]
INFO: [ view_filter ] --END-- [ RunTime:0.000793s ]
INFO: [ view_end ] --START--
INFO: ShowPageTrace Behavior ::run [ RunTime:0.000286s ]
INFO: [ view_end ] --END-- [ RunTime:0.000326s ]

[ 2013-11-05T09:27:50+08:00 ] 192.168.3.228 /wangpan/StatAnal.php
INFO: [ app_begin ] --START--
INFO: ReadHtmlCache Behavior ::run [ RunTime:0.000257s ]
INFO: [ app_begin ] --END-- [ RunTime:0.000316s ]
NOTIC: [8] A session had already been started - ignoring session_start() /home/wwwroot/default/wangpan/ThinkPHP/Common/functions.php 第 566 行.
SQL: SHOW COLUMNS FROM `analyse` [ RunTime:0.000577s ]
SQL: SELECT * FROM `analyse` WHERE ( `id` = 1 ) LIMIT 1   [ RunTime:0.000129s ]
SQL: SHOW COLUMNS FROM `translog` [ RunTime:0.000385s ]
SQL: SELECT * FROM `translog`  [ RunTime:0.000090s ]
SQL: SHOW COLUMNS FROM `frequency` [ RunTime:0.000366s ]
SQL: select * from frequency order by date desc limit 0,14 [ RunTime:0.000129s ]
INFO: [ view_parse ] --START--
INFO: ParseTemplate Behavior ::run [ RunTime:0.013466s ]
INFO: [ view_parse ] --END-- [ RunTime:0.013518s ]
INFO: [ view_filter ] --START--
INFO: ContentReplace Behavior ::run [ RunTime:0.000181s ]
INFO: TokenBuild Behavior ::run [ RunTime:0.000165s ]
INFO: WriteHtmlCache Behavior ::run [ RunTime:0.000100s ]
INFO: ShowRuntime Behavior ::run [ RunTime:0.000214s ]
INFO: [ view_filter ] --END-- [ RunTime:0.000773s ]
INFO: [ view_end ] --START--
INFO: ShowPageTrace Behavior ::run [ RunTime:0.000282s ]
INFO: [ view_end ] --END-- [ RunTime:0.000321s ]

[ 2013-11-05T09:29:20+08:00 ] 192.168.3.228 /wangpan/StatAnal.php
INFO: [ app_begin ] --START--
INFO: ReadHtmlCache Behavior ::run [ RunTime:0.000256s ]
INFO: [ app_begin ] --END-- [ RunTime:0.000317s ]
NOTIC: [8] A session had already been started - ignoring session_start() /home/wwwroot/default/wangpan/ThinkPHP/Common/functions.php 第 566 行.
SQL: SHOW COLUMNS FROM `analyse` [ RunTime:0.000580s ]
SQL: SELECT * FROM `analyse` WHERE ( `id` = 1 ) LIMIT 1   [ RunTime:0.000129s ]
SQL: SHOW COLUMNS FROM `translog` [ RunTime:0.000383s ]
SQL: SELECT * FROM `translog`  [ RunTime:0.000094s ]
SQL: SHOW COLUMNS FROM `frequency` [ RunTime:0.000341s ]
SQL: select * from frequency order by date desc limit 0,14 [ RunTime:0.000128s ]
INFO: [ view_parse ] --START--
INFO: ParseTemplate Behavior ::run [ RunTime:0.013419s ]
INFO: [ view_parse ] --END-- [ RunTime:0.013471s ]
INFO: [ view_filter ] --START--
INFO: ContentReplace Behavior ::run [ RunTime:0.000177s ]
INFO: TokenBuild Behavior ::run [ RunTime:0.000168s ]
INFO: WriteHtmlCache Behavior ::run [ RunTime:0.000101s ]
INFO: ShowRuntime Behavior ::run [ RunTime:0.000215s ]
INFO: [ view_filter ] --END-- [ RunTime:0.000773s ]
INFO: [ view_end ] --START--
INFO: ShowPageTrace Behavior ::run [ RunTime:0.000279s ]
INFO: [ view_end ] --END-- [ RunTime:0.000319s ]

[ 2013-11-05T09:37:26+08:00 ] 192.168.3.228 /wangpan/StatAnal.php
INFO: [ app_begin ] --START--
INFO: ReadHtmlCache Behavior ::run [ RunTime:0.000258s ]
INFO: [ app_begin ] --END-- [ RunTime:0.000319s ]
NOTIC: [8] A session had already been started - ignoring session_start() /home/wwwroot/default/wangpan/ThinkPHP/Common/functions.php 第 566 行.
SQL: SHOW COLUMNS FROM `analyse` [ RunTime:0.000582s ]
SQL: SELECT * FROM `analyse` WHERE ( `id` = 1 ) LIMIT 1   [ RunTime:0.000129s ]
SQL: SHOW COLUMNS FROM `translog` [ RunTime:0.000385s ]
SQL: SELECT * FROM `translog`  [ RunTime:0.000094s ]
SQL: SHOW COLUMNS FROM `frequency` [ RunTime:0.000340s ]
SQL: select * from frequency order by date desc limit 0,14 [ RunTime:0.000128s ]
INFO: [ view_parse ] --START--
INFO: ParseTemplate Behavior ::run [ RunTime:0.013505s ]
INFO: [ view_parse ] --END-- [ RunTime:0.013559s ]
INFO: [ view_filter ] --START--
INFO: ContentReplace Behavior ::run [ RunTime:0.000178s ]
INFO: TokenBuild Behavior ::run [ RunTime:0.000169s ]
INFO: WriteHtmlCache Behavior ::run [ RunTime:0.000102s ]
INFO: ShowRuntime Behavior ::run [ RunTime:0.000218s ]
INFO: [ view_filter ] --END-- [ RunTime:0.000780s ]
INFO: [ view_end ] --START--
INFO: ShowPageTrace Behavior ::run [ RunTime:0.000290s ]
INFO: [ view_end ] --END-- [ RunTime:0.000330s ]

[ 2013-11-05T09:53:51+08:00 ] 192.168.3.228 /wangpan/StatAnal.php
INFO: [ app_begin ] --START--
INFO: ReadHtmlCache Behavior ::run [ RunTime:0.000260s ]
INFO: [ app_begin ] --END-- [ RunTime:0.000320s ]
NOTIC: [8] A session had already been started - ignoring session_start() /home/wwwroot/default/wangpan/ThinkPHP/Common/functions.php 第 566 行.
SQL: SHOW COLUMNS FROM `analyse` [ RunTime:0.000579s ]
SQL: SELECT * FROM `analyse` WHERE ( `id` = 1 ) LIMIT 1   [ RunTime:0.000130s ]
SQL: SHOW COLUMNS FROM `translog` [ RunTime:0.000397s ]
SQL: SELECT * FROM `translog`  [ RunTime:0.000094s ]
SQL: SHOW COLUMNS FROM `frequency` [ RunTime:0.000340s ]
SQL: select * from frequency order by date desc limit 0,14 [ RunTime:0.000129s ]
INFO: [ view_parse ] --START--
INFO: ParseTemplate Behavior ::run [ RunTime:0.013521s ]
INFO: [ view_parse ] --END-- [ RunTime:0.013572s ]
INFO: [ view_filter ] --START--
INFO: ContentReplace Behavior ::run [ RunTime:0.000181s ]
INFO: TokenBuild Behavior ::run [ RunTime:0.000171s ]
INFO: WriteHtmlCache Behavior ::run [ RunTime:0.000103s ]
INFO: ShowRuntime Behavior ::run [ RunTime:0.000218s ]
INFO: [ view_filter ] --END-- [ RunTime:0.000784s ]
INFO: [ view_end ] --START--
INFO: ShowPageTrace Behavior ::run [ RunTime:0.000283s ]
INFO: [ view_end ] --END-- [ RunTime:0.000323s ]

[ 2013-11-05T09:53:58+08:00 ] 192.168.3.228 /wangpan/StatAnal.php
INFO: [ app_begin ] --START--
INFO: ReadHtmlCache Behavior ::run [ RunTime:0.000259s ]
INFO: [ app_begin ] --END-- [ RunTime:0.000320s ]
NOTIC: [8] A session had already been started - ignoring session_start() /home/wwwroot/default/wangpan/ThinkPHP/Common/functions.php 第 566 行.
SQL: SHOW COLUMNS FROM `analyse` [ RunTime:0.000567s ]
SQL: SELECT * FROM `analyse` WHERE ( `id` = 1 ) LIMIT 1   [ RunTime:0.000128s ]
SQL: SHOW COLUMNS FROM `translog` [ RunTime:0.000382s ]
SQL: SELECT * FROM `translog`  [ RunTime:0.000094s ]
SQL: SHOW COLUMNS FROM `frequency` [ RunTime:0.000339s ]
SQL: select * from frequency order by date desc limit 0,14 [ RunTime:0.000128s ]
INFO: [ view_parse ] --START--
INFO: ParseTemplate Behavior ::run [ RunTime:0.013675s ]
INFO: [ view_parse ] --END-- [ RunTime:0.013729s ]
INFO: [ view_filter ] --START--
INFO: ContentReplace Behavior ::run [ RunTime:0.000181s ]
INFO: TokenBuild Behavior ::run [ RunTime:0.000170s ]
INFO: WriteHtmlCache Behavior ::run [ RunTime:0.000102s ]
INFO: ShowRuntime Behavior ::run [ RunTime:0.000220s ]
INFO: [ view_filter ] --END-- [ RunTime:0.000785s ]
INFO: [ view_end ] --START--
INFO: ShowPageTrace Behavior ::run [ RunTime:0.000283s ]
INFO: [ view_end ] --END-- [ RunTime:0.000323s ]

[ 2013-11-05T09:58:29+08:00 ] 192.168.3.228 /wangpan/StatAnal.php
INFO: [ app_begin ] --START--
INFO: ReadHtmlCache Behavior ::run [ RunTime:0.000256s ]
INFO: [ app_begin ] --END-- [ RunTime:0.000317s ]
NOTIC: [8] A session had already been started - ignoring session_start() /home/wwwroot/default/wangpan/ThinkPHP/Common/functions.php 第 566 行.
SQL: SHOW COLUMNS FROM `analyse` [ RunTime:0.000579s ]
SQL: SELECT * FROM `analyse` WHERE ( `id` = 1 ) LIMIT 1   [ RunTime:0.000130s ]
SQL: SHOW COLUMNS FROM `translog` [ RunTime:0.000382s ]
SQL: SELECT * FROM `translog`  [ RunTime:0.000094s ]
SQL: SHOW COLUMNS FROM `frequency` [ RunTime:0.000337s ]
SQL: select * from frequency order by date desc limit 0,14 [ RunTime:0.000128s ]
INFO: [ view_parse ] --START--
INFO: ParseTemplate Behavior ::run [ RunTime:0.013479s ]
INFO: [ view_parse ] --END-- [ RunTime:0.013531s ]
INFO: [ view_filter ] --START--
INFO: ContentReplace Behavior ::run [ RunTime:0.000176s ]
INFO: TokenBuild Behavior ::run [ RunTime:0.000167s ]
INFO: WriteHtmlCache Behavior ::run [ RunTime:0.000099s ]
INFO: ShowRuntime Behavior ::run [ RunTime:0.000217s ]
INFO: [ view_filter ] --END-- [ RunTime:0.000773s ]
INFO: [ view_end ] --START--
INFO: ShowPageTrace Behavior ::run [ RunTime:0.000280s ]
INFO: [ view_end ] --END-- [ RunTime:0.000321s ]

[ 2013-11-05T10:02:38+08:00 ] 192.168.3.228 /wangpan/StatAnal.php
INFO: [ app_begin ] --START--
INFO: ReadHtmlCache Behavior ::run [ RunTime:0.000258s ]
INFO: [ app_begin ] --END-- [ RunTime:0.000320s ]
NOTIC: [8] A session had already been started - ignoring session_start() /home/wwwroot/default/wangpan/ThinkPHP/Common/functions.php 第 566 行.
SQL: SHOW COLUMNS FROM `analyse` [ RunTime:0.000586s ]
SQL: SELECT * FROM `analyse` WHERE ( `id` = 1 ) LIMIT 1   [ RunTime:0.000131s ]
SQL: SHOW COLUMNS FROM `translog` [ RunTime:0.000384s ]
SQL: SELECT * FROM `translog`  [ RunTime:0.000094s ]
SQL: SHOW COLUMNS FROM `frequency` [ RunTime:0.000339s ]
SQL: select * from frequency order by date desc limit 0,14 [ RunTime:0.000129s ]
INFO: [ view_parse ] --START--
INFO: ParseTemplate Behavior ::run [ RunTime:0.013505s ]
INFO: [ view_parse ] --END-- [ RunTime:0.013559s ]
INFO: [ view_filter ] --START--
INFO: ContentReplace Behavior ::run [ RunTime:0.000180s ]
INFO: TokenBuild Behavior ::run [ RunTime:0.000170s ]
INFO: WriteHtmlCache Behavior ::run [ RunTime:0.000101s ]
INFO: ShowRuntime Behavior ::run [ RunTime:0.000218s ]
INFO: [ view_filter ] --END-- [ RunTime:0.000783s ]
INFO: [ view_end ] --START--
INFO: ShowPageTrace Behavior ::run [ RunTime:0.000286s ]
INFO: [ view_end ] --END-- [ RunTime:0.000325s ]

[ 2013-11-05T10:19:10+08:00 ] 192.168.3.228 /wangpan/StatAnal.php
INFO: [ app_begin ] --START--
INFO: ReadHtmlCache Behavior ::run [ RunTime:0.000269s ]
INFO: [ app_begin ] --END-- [ RunTime:0.000331s ]
NOTIC: [8] A session had already been started - ignoring session_start() /home/wwwroot/default/wangpan/ThinkPHP/Common/functions.php 第 566 行.
SQL: SHOW COLUMNS FROM `analyse` [ RunTime:0.000581s ]
SQL: SELECT * FROM `analyse` WHERE ( `id` = 1 ) LIMIT 1   [ RunTime:0.000131s ]
SQL: SHOW COLUMNS FROM `translog` [ RunTime:0.000384s ]
SQL: SELECT * FROM `translog`  [ RunTime:0.000094s ]
SQL: SHOW COLUMNS FROM `frequency` [ RunTime:0.000338s ]
SQL: select * from frequency order by date desc limit 0,14 [ RunTime:0.000129s ]
INFO: [ view_parse ] --START--
INFO: ParseTemplate Behavior ::run [ RunTime:0.013525s ]
INFO: [ view_parse ] --END-- [ RunTime:0.013581s ]
INFO: [ view_filter ] --START--
INFO: ContentReplace Behavior ::run [ RunTime:0.000182s ]
INFO: TokenBuild Behavior ::run [ RunTime:0.000168s ]
INFO: WriteHtmlCache Behavior ::run [ RunTime:0.000101s ]
INFO: ShowRuntime Behavior ::run [ RunTime:0.000218s ]
INFO: [ view_filter ] --END-- [ RunTime:0.000784s ]
INFO: [ view_end ] --START--
INFO: ShowPageTrace Behavior ::run [ RunTime:0.000284s ]
INFO: [ view_end ] --END-- [ RunTime:0.000324s ]

[ 2013-11-05T10:19:18+08:00 ] 192.168.3.228 /wangpan/StatAnal.php
INFO: [ app_begin ] --START--
INFO: ReadHtmlCache Behavior ::run [ RunTime:0.000257s ]
INFO: [ app_begin ] --END-- [ RunTime:0.000315s ]
NOTIC: [8] A session had already been started - ignoring session_start() /home/wwwroot/default/wangpan/ThinkPHP/Common/functions.php 第 566 行.
SQL: SHOW COLUMNS FROM `analyse` [ RunTime:0.000566s ]
SQL: SELECT * FROM `analyse` WHERE ( `id` = 1 ) LIMIT 1   [ RunTime:0.000131s ]
SQL: SHOW COLUMNS FROM `translog` [ RunTime:0.000383s ]
SQL: SELECT * FROM `translog`  [ RunTime:0.000094s ]
SQL: SHOW COLUMNS FROM `frequency` [ RunTime:0.000338s ]
SQL: select * from frequency order by date desc limit 0,14 [ RunTime:0.000129s ]
INFO: [ view_parse ] --START--
INFO: ParseTemplate Behavior ::run [ RunTime:0.013611s ]
INFO: [ view_parse ] --END-- [ RunTime:0.013666s ]
INFO: [ view_filter ] --START--
INFO: ContentReplace Behavior ::run [ RunTime:0.000178s ]
INFO: TokenBuild Behavior ::run [ RunTime:0.000167s ]
INFO: WriteHtmlCache Behavior ::run [ RunTime:0.000102s ]
INFO: ShowRuntime Behavior ::run [ RunTime:0.000227s ]
INFO: [ view_filter ] --END-- [ RunTime:0.000789s ]
INFO: [ view_end ] --START--
INFO: ShowPageTrace Behavior ::run [ RunTime:0.000283s ]
INFO: [ view_end ] --END-- [ RunTime:0.000324s ]

[ 2013-11-05T10:29:26+08:00 ] 192.168.3.228 /wangpan/StatAnal.php
INFO: [ app_begin ] --START--
INFO: ReadHtmlCache Behavior ::run [ RunTime:0.000256s ]
INFO: [ app_begin ] --END-- [ RunTime:0.000318s ]
NOTIC: [8] A session had already been started - ignoring session_start() /home/wwwroot/default/wangpan/ThinkPHP/Common/functions.php 第 566 行.
SQL: SHOW COLUMNS FROM `analyse` [ RunTime:0.000582s ]
SQL: SELECT * FROM `analyse` WHERE ( `id` = 1 ) LIMIT 1   [ RunTime:0.000130s ]
SQL: SHOW COLUMNS FROM `translog` [ RunTime:0.000383s ]
SQL: SELECT * FROM `translog`  [ RunTime:0.000095s ]
SQL: SHOW COLUMNS FROM `frequency` [ RunTime:0.000339s ]
SQL: select * from frequency order by date desc limit 0,14 [ RunTime:0.000129s ]
INFO: [ view_parse ] --START--
INFO: ParseTemplate Behavior ::run [ RunTime:0.013403s ]
INFO: [ view_parse ] --END-- [ RunTime:0.013457s ]
INFO: [ view_filter ] --START--
INFO: ContentReplace Behavior ::run [ RunTime:0.000178s ]
INFO: TokenBuild Behavior ::run [ RunTime:0.000165s ]
INFO: WriteHtmlCache Behavior ::run [ RunTime:0.000099s ]
INFO: ShowRuntime Behavior ::run [ RunTime:0.000215s ]
INFO: [ view_filter ] --END-- [ RunTime:0.000770s ]
INFO: [ view_end ] --START--
INFO: ShowPageTrace Behavior ::run [ RunTime:0.000291s ]
INFO: [ view_end ] --END-- [ RunTime:0.000330s ]

[ 2013-11-05T10:29:29+08:00 ] 192.168.3.228 /wangpan/StatAnal.php
INFO: [ app_begin ] --START--
INFO: ReadHtmlCache Behavior ::run [ RunTime:0.000254s ]
INFO: [ app_begin ] --END-- [ RunTime:0.000315s ]
NOTIC: [8] A session had already been started - ignoring session_start() /home/wwwroot/default/wangpan/ThinkPHP/Common/functions.php 第 566 行.
SQL: SHOW COLUMNS FROM `analyse` [ RunTime:0.000573s ]
SQL: SELECT * FROM `analyse` WHERE ( `id` = 1 ) LIMIT 1   [ RunTime:0.000131s ]
SQL: SHOW COLUMNS FROM `translog` [ RunTime:0.000384s ]
SQL: SELECT * FROM `translog`  [ RunTime:0.000094s ]
SQL: SHOW COLUMNS FROM `frequency` [ RunTime:0.000337s ]
SQL: select * from frequency order by date desc limit 0,14 [ RunTime:0.000129s ]
INFO: [ view_parse ] --START--
INFO: ParseTemplate Behavior ::run [ RunTime:0.013562s ]
INFO: [ view_parse ] --END-- [ RunTime:0.013618s ]
INFO: [ view_filter ] --START--
INFO: ContentReplace Behavior ::run [ RunTime:0.000177s ]
INFO: TokenBuild Behavior ::run [ RunTime:0.000166s ]
INFO: WriteHtmlCache Behavior ::run [ RunTime:0.000098s ]
INFO: ShowRuntime Behavior ::run [ RunTime:0.000215s ]
INFO: [ view_filter ] --END-- [ RunTime:0.000771s ]
INFO: [ view_end ] --START--
INFO: ShowPageTrace Behavior ::run [ RunTime:0.000284s ]
INFO: [ view_end ] --END-- [ RunTime:0.000324s ]

[ 2013-11-05T10:29:31+08:00 ] 192.168.3.228 /wangpan/StatAnal.php
INFO: [ app_begin ] --START--
INFO: ReadHtmlCache Behavior ::run [ RunTime:0.000262s ]
INFO: [ app_begin ] --END-- [ RunTime:0.000323s ]
NOTIC: [8] A session had already been started - ignoring session_start() /home/wwwroot/default/wangpan/ThinkPHP/Common/functions.php 第 566 行.
SQL: SHOW COLUMNS FROM `analyse` [ RunTime:0.000580s ]
SQL: SELECT * FROM `analyse` WHERE ( `id` = 1 ) LIMIT 1   [ RunTime:0.000129s ]
SQL: SHOW COLUMNS FROM `translog` [ RunTime:0.000383s ]
SQL: SELECT * FROM `translog`  [ RunTime:0.000094s ]
SQL: SHOW COLUMNS FROM `frequency` [ RunTime:0.000339s ]
SQL: select * from frequency order by date desc limit 0,14 [ RunTime:0.000128s ]
INFO: [ view_parse ] --START--
INFO: ParseTemplate Behavior ::run [ RunTime:0.013484s ]
INFO: [ view_parse ] --END-- [ RunTime:0.013539s ]
INFO: [ view_filter ] --START--
INFO: ContentReplace Behavior ::run [ RunTime:0.000181s ]
INFO: TokenBuild Behavior ::run [ RunTime:0.000171s ]
INFO: WriteHtmlCache Behavior ::run [ RunTime:0.000104s ]
INFO: ShowRuntime Behavior ::run [ RunTime:0.000220s ]
INFO: [ view_filter ] --END-- [ RunTime:0.000790s ]
INFO: [ view_end ] --START--
INFO: ShowPageTrace Behavior ::run [ RunTime:0.000292s ]
INFO: [ view_end ] --END-- [ RunTime:0.000332s ]

[ 2013-11-05T10:29:35+08:00 ] 192.168.3.228 /wangpan/StatAnal.php
INFO: [ app_begin ] --START--
INFO: ReadHtmlCache Behavior ::run [ RunTime:0.000257s ]
INFO: [ app_begin ] --END-- [ RunTime:0.000319s ]
NOTIC: [8] A session had already been started - ignoring session_start() /home/wwwroot/default/wangpan/ThinkPHP/Common/functions.php 第 566 行.
SQL: SHOW COLUMNS FROM `analyse` [ RunTime:0.000583s ]
SQL: SELECT * FROM `analyse` WHERE ( `id` = 1 ) LIMIT 1   [ RunTime:0.000132s ]
SQL: SHOW COLUMNS FROM `translog` [ RunTime:0.000385s ]
SQL: SELECT * FROM `translog`  [ RunTime:0.000096s ]
SQL: SHOW COLUMNS FROM `frequency` [ RunTime:0.000340s ]
SQL: select * from frequency order by date desc limit 0,14 [ RunTime:0.000128s ]
INFO: [ view_parse ] --START--
INFO: ParseTemplate Behavior ::run [ RunTime:0.013464s ]
INFO: [ view_parse ] --END-- [ RunTime:0.013517s ]
INFO: [ view_filter ] --START--
INFO: ContentReplace Behavior ::run [ RunTime:0.000176s ]
INFO: TokenBuild Behavior ::run [ RunTime:0.000166s ]
INFO: WriteHtmlCache Behavior ::run [ RunTime:0.000099s ]
INFO: ShowRuntime Behavior ::run [ RunTime:0.000231s ]
INFO: [ view_filter ] --END-- [ RunTime:0.000785s ]
INFO: [ view_end ] --START--
INFO: ShowPageTrace Behavior ::run [ RunTime:0.000286s ]
INFO: [ view_end ] --END-- [ RunTime:0.000327s ]

[ 2013-11-05T10:31:00+08:00 ] 192.168.3.228 /wangpan/StatAnal.php
INFO: [ app_begin ] --START--
INFO: ReadHtmlCache Behavior ::run [ RunTime:0.000261s ]
INFO: [ app_begin ] --END-- [ RunTime:0.000324s ]
NOTIC: [8] A session had already been started - ignoring session_start() /home/wwwroot/default/wangpan/ThinkPHP/Common/functions.php 第 566 行.
SQL: SHOW COLUMNS FROM `analyse` [ RunTime:0.000580s ]
SQL: SELECT * FROM `analyse` WHERE ( `id` = 1 ) LIMIT 1   [ RunTime:0.000131s ]
SQL: SHOW COLUMNS FROM `translog` [ RunTime:0.000384s ]
SQL: SELECT * FROM `translog`  [ RunTime:0.000093s ]
SQL: SHOW COLUMNS FROM `frequency` [ RunTime:0.000336s ]
SQL: select * from frequency order by date desc limit 0,14 [ RunTime:0.000128s ]
INFO: [ view_parse ] --START--
INFO: ParseTemplate Behavior ::run [ RunTime:0.013517s ]
INFO: [ view_parse ] --END-- [ RunTime:0.013572s ]
INFO: [ view_filter ] --START--
INFO: ContentReplace Behavior ::run [ RunTime:0.000181s ]
INFO: TokenBuild Behavior ::run [ RunTime:0.000168s ]
INFO: WriteHtmlCache Behavior ::run [ RunTime:0.000101s ]
INFO: ShowRuntime Behavior ::run [ RunTime:0.000217s ]
INFO: [ view_filter ] --END-- [ RunTime:0.000782s ]
INFO: [ view_end ] --START--
INFO: ShowPageTrace Behavior ::run [ RunTime:0.000290s ]
INFO: [ view_end ] --END-- [ RunTime:0.000329s ]

[ 2013-11-05T10:31:45+08:00 ] 192.168.3.228 /wangpan/StatAnal.php
INFO: [ app_begin ] --START--
INFO: ReadHtmlCache Behavior ::run [ RunTime:0.000260s ]
INFO: [ app_begin ] --END-- [ RunTime:0.000321s ]
NOTIC: [8] A session had already been started - ignoring session_start() /home/wwwroot/default/wangpan/ThinkPHP/Common/functions.php 第 566 行.
SQL: SHOW COLUMNS FROM `analyse` [ RunTime:0.000579s ]
SQL: SELECT * FROM `analyse` WHERE ( `id` = 1 ) LIMIT 1   [ RunTime:0.000130s ]
SQL: SHOW COLUMNS FROM `translog` [ RunTime:0.000383s ]
SQL: SELECT * FROM `translog`  [ RunTime:0.000094s ]
SQL: SHOW COLUMNS FROM `frequency` [ RunTime:0.000338s ]
SQL: select * from frequency order by date desc limit 0,14 [ RunTime:0.000128s ]
INFO: [ view_parse ] --START--
INFO: ParseTemplate Behavior ::run [ RunTime:0.013464s ]
INFO: [ view_parse ] --END-- [ RunTime:0.013518s ]
INFO: [ view_filter ] --START--
INFO: ContentReplace Behavior ::run [ RunTime:0.000183s ]
INFO: TokenBuild Behavior ::run [ RunTime:0.000170s ]
INFO: WriteHtmlCache Behavior ::run [ RunTime:0.000104s ]
INFO: ShowRuntime Behavior ::run [ RunTime:0.000219s ]
INFO: [ view_filter ] --END-- [ RunTime:0.000792s ]
INFO: [ view_end ] --START--
INFO: ShowPageTrace Behavior ::run [ RunTime:0.000289s ]
INFO: [ view_end ] --END-- [ RunTime:0.000330s ]

[ 2013-11-05T11:08:17+08:00 ] 192.168.3.228 /wangpan/StatAnal.php
INFO: [ app_begin ] --START--
INFO: ReadHtmlCache Behavior ::run [ RunTime:0.000263s ]
INFO: [ app_begin ] --END-- [ RunTime:0.000325s ]
NOTIC: [8] A session had already been started - ignoring session_start() /home/wwwroot/default/wangpan/ThinkPHP/Common/functions.php 第 566 行.
SQL: SHOW COLUMNS FROM `analyse` [ RunTime:0.000601s ]
SQL: SELECT * FROM `analyse` WHERE ( `id` = 1 ) LIMIT 1   [ RunTime:0.000130s ]
SQL: SHOW COLUMNS FROM `translog` [ RunTime:0.000384s ]
SQL: SELECT * FROM `translog`  [ RunTime:0.000094s ]
SQL: SHOW COLUMNS FROM `frequency` [ RunTime:0.000338s ]
SQL: select * from frequency order by date desc limit 0,14 [ RunTime:0.000129s ]
INFO: [ view_parse ] --START--
INFO: ParseTemplate Behavior ::run [ RunTime:0.013655s ]
INFO: [ view_parse ] --END-- [ RunTime:0.013712s ]
INFO: [ view_filter ] --START--
INFO: ContentReplace Behavior ::run [ RunTime:0.000178s ]
INFO: TokenBuild Behavior ::run [ RunTime:0.000168s ]
INFO: WriteHtmlCache Behavior ::run [ RunTime:0.000101s ]
INFO: ShowRuntime Behavior ::run [ RunTime:0.000216s ]
INFO: [ view_filter ] --END-- [ RunTime:0.000776s ]
INFO: [ view_end ] --START--
INFO: ShowPageTrace Behavior ::run [ RunTime:0.000290s ]
INFO: [ view_end ] --END-- [ RunTime:0.000331s ]

[ 2013-11-05T11:08:28+08:00 ] 192.168.3.228 /wangpan/StatAnal.php
INFO: [ app_begin ] --START--
INFO: ReadHtmlCache Behavior ::run [ RunTime:0.000261s ]
INFO: [ app_begin ] --END-- [ RunTime:0.000322s ]
NOTIC: [8] A session had already been started - ignoring session_start() /home/wwwroot/default/wangpan/ThinkPHP/Common/functions.php 第 566 行.
SQL: SHOW COLUMNS FROM `analyse` [ RunTime:0.000612s ]
SQL: SELECT * FROM `analyse` WHERE ( `id` = 1 ) LIMIT 1   [ RunTime:0.000131s ]
SQL: SHOW COLUMNS FROM `translog` [ RunTime:0.000385s ]
SQL: SELECT * FROM `translog`  [ RunTime:0.000095s ]
SQL: SHOW COLUMNS FROM `frequency` [ RunTime:0.000339s ]
SQL: select * from frequency order by date desc limit 0,14 [ RunTime:0.000129s ]
INFO: [ view_parse ] --START--
INFO: ParseTemplate Behavior ::run [ RunTime:0.013719s ]
INFO: [ view_parse ] --END-- [ RunTime:0.013776s ]
INFO: [ view_filter ] --START--
INFO: ContentReplace Behavior ::run [ RunTime:0.000179s ]
INFO: TokenBuild Behavior ::run [ RunTime:0.000168s ]
INFO: WriteHtmlCache Behavior ::run [ RunTime:0.000101s ]
INFO: ShowRuntime Behavior ::run [ RunTime:0.000217s ]
INFO: [ view_filter ] --END-- [ RunTime:0.000778s ]
INFO: [ view_end ] --START--
INFO: ShowPageTrace Behavior ::run [ RunTime:0.000293s ]
INFO: [ view_end ] --END-- [ RunTime:0.000332s ]

[ 2013-11-05T11:08:39+08:00 ] 192.168.3.228 /wangpan/StatAnal.php
INFO: [ app_begin ] --START--
INFO: ReadHtmlCache Behavior ::run [ RunTime:0.000258s ]
INFO: [ app_begin ] --END-- [ RunTime:0.000319s ]
NOTIC: [8] A session had already been started - ignoring session_start() /home/wwwroot/default/wangpan/ThinkPHP/Common/functions.php 第 566 行.
SQL: SHOW COLUMNS FROM `analyse` [ RunTime:0.000603s ]
SQL: SELECT * FROM `analyse` WHERE ( `id` = 1 ) LIMIT 1   [ RunTime:0.000131s ]
SQL: SHOW COLUMNS FROM `translog` [ RunTime:0.000384s ]
SQL: SELECT * FROM `translog`  [ RunTime:0.000094s ]
SQL: SHOW COLUMNS FROM `frequency` [ RunTime:0.000340s ]
SQL: select * from frequency order by date desc limit 0,14 [ RunTime:0.000155s ]
INFO: [ view_parse ] --START--
INFO: ParseTemplate Behavior ::run [ RunTime:0.013661s ]
INFO: [ view_parse ] --END-- [ RunTime:0.013717s ]
INFO: [ view_filter ] --START--
INFO: ContentReplace Behavior ::run [ RunTime:0.000180s ]
INFO: TokenBuild Behavior ::run [ RunTime:0.000171s ]
INFO: WriteHtmlCache Behavior ::run [ RunTime:0.000102s ]
INFO: ShowRuntime Behavior ::run [ RunTime:0.000217s ]
INFO: [ view_filter ] --END-- [ RunTime:0.000781s ]
INFO: [ view_end ] --START--
INFO: ShowPageTrace Behavior ::run [ RunTime:0.000291s ]
INFO: [ view_end ] --END-- [ RunTime:0.000330s ]

[ 2013-11-05T11:08:44+08:00 ] 192.168.3.228 /wangpan/StatAnal.php
INFO: [ app_begin ] --START--
INFO: ReadHtmlCache Behavior ::run [ RunTime:0.000264s ]
INFO: [ app_begin ] --END-- [ RunTime:0.000326s ]
NOTIC: [8] A session had already been started - ignoring session_start() /home/wwwroot/default/wangpan/ThinkPHP/Common/functions.php 第 566 行.
SQL: SHOW COLUMNS FROM `analyse` [ RunTime:0.000584s ]
SQL: SELECT * FROM `analyse` WHERE ( `id` = 1 ) LIMIT 1   [ RunTime:0.000131s ]
SQL: SHOW COLUMNS FROM `translog` [ RunTime:0.000384s ]
SQL: SELECT * FROM `translog`  [ RunTime:0.000094s ]
SQL: SHOW COLUMNS FROM `frequency` [ RunTime:0.000337s ]
SQL: select * from frequency order by date desc limit 0,14 [ RunTime:0.000128s ]
INFO: [ view_parse ] --START--
INFO: ParseTemplate Behavior ::run [ RunTime:0.013473s ]
INFO: [ view_parse ] --END-- [ RunTime:0.013526s ]
INFO: [ view_filter ] --START--
INFO: ContentReplace Behavior ::run [ RunTime:0.000176s ]
INFO: TokenBuild Behavior ::run [ RunTime:0.000166s ]
INFO: WriteHtmlCache Behavior ::run [ RunTime:0.000099s ]
INFO: ShowRuntime Behavior ::run [ RunTime:0.000215s ]
INFO: [ view_filter ] --END-- [ RunTime:0.000769s ]
INFO: [ view_end ] --START--
INFO: ShowPageTrace Behavior ::run [ RunTime:0.000289s ]
INFO: [ view_end ] --END-- [ RunTime:0.000329s ]

[ 2013-11-05T11:59:30+08:00 ] 192.168.3.228 /wangpan/StatAnal.php
INFO: [ app_begin ] --START--
INFO: ReadHtmlCache Behavior ::run [ RunTime:0.000255s ]
INFO: [ app_begin ] --END-- [ RunTime:0.000317s ]
NOTIC: [8] A session had already been started - ignoring session_start() /home/wwwroot/default/wangpan/ThinkPHP/Common/functions.php 第 566 行.
SQL: SHOW COLUMNS FROM `analyse` [ RunTime:0.000610s ]
SQL: SELECT * FROM `analyse` WHERE ( `id` = 1 ) LIMIT 1   [ RunTime:0.000156s ]
SQL: SHOW COLUMNS FROM `translog` [ RunTime:0.000406s ]
SQL: SELECT * FROM `translog`  [ RunTime:0.000124s ]
SQL: SHOW COLUMNS FROM `frequency` [ RunTime:0.000361s ]
SQL: select * from frequency order by date desc limit 0,14 [ RunTime:0.000153s ]
INFO: [ view_parse ] --START--
INFO: ParseTemplate Behavior ::run [ RunTime:0.013607s ]
INFO: [ view_parse ] --END-- [ RunTime:0.013661s ]
INFO: [ view_filter ] --START--
INFO: ContentReplace Behavior ::run [ RunTime:0.000181s ]
INFO: TokenBuild Behavior ::run [ RunTime:0.000171s ]
INFO: WriteHtmlCache Behavior ::run [ RunTime:0.000099s ]
INFO: ShowRuntime Behavior ::run [ RunTime:0.000213s ]
INFO: [ view_filter ] --END-- [ RunTime:0.000776s ]
INFO: [ view_end ] --START--
INFO: ShowPageTrace Behavior ::run [ RunTime:0.000283s ]
INFO: [ view_end ] --END-- [ RunTime:0.000323s ]

[ 2013-11-05T11:59:33+08:00 ] 192.168.3.228 /wangpan/StatAnal.php
INFO: [ app_begin ] --START--
INFO: ReadHtmlCache Behavior ::run [ RunTime:0.000257s ]
INFO: [ app_begin ] --END-- [ RunTime:0.000318s ]
NOTIC: [8] A session had already been started - ignoring session_start() /home/wwwroot/default/wangpan/ThinkPHP/Common/functions.php 第 566 行.
SQL: SHOW COLUMNS FROM `analyse` [ RunTime:0.000591s ]
SQL: SELECT * FROM `analyse` WHERE ( `id` = 1 ) LIMIT 1   [ RunTime:0.000129s ]
SQL: SHOW COLUMNS FROM `translog` [ RunTime:0.000382s ]
SQL: SELECT * FROM `translog`  [ RunTime:0.000096s ]
SQL: SHOW COLUMNS FROM `frequency` [ RunTime:0.000339s ]
SQL: select * from frequency order by date desc limit 0,14 [ RunTime:0.000129s ]
INFO: [ view_parse ] --START--
INFO: ParseTemplate Behavior ::run [ RunTime:0.013610s ]
INFO: [ view_parse ] --END-- [ RunTime:0.013663s ]
INFO: [ view_filter ] --START--
INFO: ContentReplace Behavior ::run [ RunTime:0.000179s ]
INFO: TokenBuild Behavior ::run [ RunTime:0.000170s ]
INFO: WriteHtmlCache Behavior ::run [ RunTime:0.000099s ]
INFO: ShowRuntime Behavior ::run [ RunTime:0.000216s ]
INFO: [ view_filter ] --END-- [ RunTime:0.000780s ]
INFO: [ view_end ] --START--
INFO: ShowPageTrace Behavior ::run [ RunTime:0.000286s ]
INFO: [ view_end ] --END-- [ RunTime:0.000326s ]

[ 2013-11-05T11:59:36+08:00 ] 192.168.3.228 /wangpan/StatAnal.php
INFO: [ app_begin ] --START--
INFO: ReadHtmlCache Behavior ::run [ RunTime:0.000255s ]
INFO: [ app_begin ] --END-- [ RunTime:0.000318s ]
NOTIC: [8] A session had already been started - ignoring session_start() /home/wwwroot/default/wangpan/ThinkPHP/Common/functions.php 第 566 行.
SQL: SHOW COLUMNS FROM `analyse` [ RunTime:0.000595s ]
SQL: SELECT * FROM `analyse` WHERE ( `id` = 1 ) LIMIT 1   [ RunTime:0.000131s ]
SQL: SHOW COLUMNS FROM `translog` [ RunTime:0.000410s ]
SQL: SELECT * FROM `translog`  [ RunTime:0.000096s ]
SQL: SHOW COLUMNS FROM `frequency` [ RunTime:0.000340s ]
SQL: select * from frequency order by date desc limit 0,14 [ RunTime:0.000128s ]
INFO: [ view_parse ] --START--
INFO: ParseTemplate Behavior ::run [ RunTime:0.013742s ]
INFO: [ view_parse ] --END-- [ RunTime:0.013798s ]
INFO: [ view_filter ] --START--
INFO: ContentReplace Behavior ::run [ RunTime:0.000180s ]
INFO: TokenBuild Behavior ::run [ RunTime:0.000169s ]
INFO: WriteHtmlCache Behavior ::run [ RunTime:0.000099s ]
INFO: ShowRuntime Behavior ::run [ RunTime:0.000213s ]
INFO: [ view_filter ] --END-- [ RunTime:0.000787s ]
INFO: [ view_end ] --START--
INFO: ShowPageTrace Behavior ::run [ RunTime:0.000285s ]
INFO: [ view_end ] --END-- [ RunTime:0.000325s ]

[ 2013-11-05T11:59:44+08:00 ] 192.168.3.228 /wangpan/StatAnal.php
INFO: [ app_begin ] --START--
INFO: ReadHtmlCache Behavior ::run [ RunTime:0.000268s ]
INFO: [ app_begin ] --END-- [ RunTime:0.000330s ]
NOTIC: [8] A session had already been started - ignoring session_start() /home/wwwroot/default/wangpan/ThinkPHP/Common/functions.php 第 566 行.
SQL: SHOW COLUMNS FROM `analyse` [ RunTime:0.000588s ]
SQL: SELECT * FROM `analyse` WHERE ( `id` = 1 ) LIMIT 1   [ RunTime:0.000130s ]
SQL: SHOW COLUMNS FROM `translog` [ RunTime:0.000382s ]
SQL: SELECT * FROM `translog`  [ RunTime:0.000096s ]
SQL: SHOW COLUMNS FROM `frequency` [ RunTime:0.000341s ]
SQL: select * from frequency order by date desc limit 0,14 [ RunTime:0.000127s ]
INFO: [ view_parse ] --START--
INFO: ParseTemplate Behavior ::run [ RunTime:0.013592s ]
INFO: [ view_parse ] --END-- [ RunTime:0.013647s ]
INFO: [ view_filter ] --START--
INFO: ContentReplace Behavior ::run [ RunTime:0.000186s ]
INFO: TokenBuild Behavior ::run [ RunTime:0.000175s ]
INFO: WriteHtmlCache Behavior ::run [ RunTime:0.000104s ]
INFO: ShowRuntime Behavior ::run [ RunTime:0.000217s ]
INFO: [ view_filter ] --END-- [ RunTime:0.000796s ]
INFO: [ view_end ] --START--
INFO: ShowPageTrace Behavior ::run [ RunTime:0.000289s ]
INFO: [ view_end ] --END-- [ RunTime:0.000329s ]

[ 2013-11-05T12:00:14+08:00 ] 192.168.3.228 /wangpan/StatAnal.php
INFO: [ app_begin ] --START--
INFO: ReadHtmlCache Behavior ::run [ RunTime:0.000262s ]
INFO: [ app_begin ] --END-- [ RunTime:0.000327s ]
NOTIC: [8] A session had already been started - ignoring session_start() /home/wwwroot/default/wangpan/ThinkPHP/Common/functions.php 第 566 行.
SQL: SHOW COLUMNS FROM `analyse` [ RunTime:0.000601s ]
SQL: SELECT * FROM `analyse` WHERE ( `id` = 1 ) LIMIT 1   [ RunTime:0.000132s ]
SQL: SHOW COLUMNS FROM `translog` [ RunTime:0.000385s ]
SQL: SELECT * FROM `translog`  [ RunTime:0.000097s ]
SQL: SHOW COLUMNS FROM `frequency` [ RunTime:0.000339s ]
SQL: select * from frequency order by date desc limit 0,14 [ RunTime:0.000130s ]
INFO: [ view_parse ] --START--
INFO: ParseTemplate Behavior ::run [ RunTime:0.013905s ]
INFO: [ view_parse ] --END-- [ RunTime:0.013960s ]
INFO: [ view_filter ] --START--
INFO: ContentReplace Behavior ::run [ RunTime:0.000181s ]
INFO: TokenBuild Behavior ::run [ RunTime:0.000166s ]
INFO: WriteHtmlCache Behavior ::run [ RunTime:0.000099s ]
INFO: ShowRuntime Behavior ::run [ RunTime:0.000214s ]
INFO: [ view_filter ] --END-- [ RunTime:0.000776s ]
INFO: [ view_end ] --START--
INFO: ShowPageTrace Behavior ::run [ RunTime:0.000281s ]
INFO: [ view_end ] --END-- [ RunTime:0.000322s ]

[ 2013-11-05T12:00:26+08:00 ] 192.168.3.228 /wangpan/StatAnal.php
INFO: [ app_begin ] --START--
INFO: ReadHtmlCache Behavior ::run [ RunTime:0.000266s ]
INFO: [ app_begin ] --END-- [ RunTime:0.000329s ]
NOTIC: [8] A session had already been started - ignoring session_start() /home/wwwroot/default/wangpan/ThinkPHP/Common/functions.php 第 566 行.
SQL: SHOW COLUMNS FROM `analyse` [ RunTime:0.000619s ]
SQL: SELECT * FROM `analyse` WHERE ( `id` = 1 ) LIMIT 1   [ RunTime:0.000132s ]
SQL: SHOW COLUMNS FROM `translog` [ RunTime:0.000387s ]
SQL: SELECT * FROM `translog`  [ RunTime:0.000097s ]
SQL: SHOW COLUMNS FROM `frequency` [ RunTime:0.000341s ]
SQL: select * from frequency order by date desc limit 0,14 [ RunTime:0.000129s ]
INFO: [ view_parse ] --START--
INFO: ParseTemplate Behavior ::run [ RunTime:0.013582s ]
INFO: [ view_parse ] --END-- [ RunTime:0.013637s ]
INFO: [ view_filter ] --START--
INFO: ContentReplace Behavior ::run [ RunTime:0.000197s ]
INFO: TokenBuild Behavior ::run [ RunTime:0.000167s ]
INFO: WriteHtmlCache Behavior ::run [ RunTime:0.000100s ]
INFO: ShowRuntime Behavior ::run [ RunTime:0.000217s ]
INFO: [ view_filter ] --END-- [ RunTime:0.000798s ]
INFO: [ view_end ] --START--
INFO: ShowPageTrace Behavior ::run [ RunTime:0.000280s ]
INFO: [ view_end ] --END-- [ RunTime:0.000320s ]

[ 2013-11-05T12:00:31+08:00 ] 192.168.3.228 /wangpan/StatAnal.php
INFO: [ app_begin ] --START--
INFO: ReadHtmlCache Behavior ::run [ RunTime:0.000268s ]
INFO: [ app_begin ] --END-- [ RunTime:0.000332s ]
NOTIC: [8] A session had already been started - ignoring session_start() /home/wwwroot/default/wangpan/ThinkPHP/Common/functions.php 第 566 行.
SQL: SHOW COLUMNS FROM `analyse` [ RunTime:0.000618s ]
SQL: SELECT * FROM `analyse` WHERE ( `id` = 1 ) LIMIT 1   [ RunTime:0.000130s ]
SQL: SHOW COLUMNS FROM `translog` [ RunTime:0.000385s ]
SQL: SELECT * FROM `translog`  [ RunTime:0.000097s ]
SQL: SHOW COLUMNS FROM `frequency` [ RunTime:0.000339s ]
SQL: select * from frequency order by date desc limit 0,14 [ RunTime:0.000129s ]
INFO: [ view_parse ] --START--
INFO: ParseTemplate Behavior ::run [ RunTime:0.013503s ]
INFO: [ view_parse ] --END-- [ RunTime:0.013556s ]
INFO: [ view_filter ] --START--
INFO: ContentReplace Behavior ::run [ RunTime:0.000181s ]
INFO: TokenBuild Behavior ::run [ RunTime:0.000167s ]
INFO: WriteHtmlCache Behavior ::run [ RunTime:0.000102s ]
INFO: ShowRuntime Behavior ::run [ RunTime:0.000216s ]
INFO: [ view_filter ] --END-- [ RunTime:0.000782s ]
INFO: [ view_end ] --START--
INFO: ShowPageTrace Behavior ::run [ RunTime:0.000281s ]
INFO: [ view_end ] --END-- [ RunTime:0.000322s ]

[ 2013-11-05T15:13:28+08:00 ] 192.168.3.151 /wangpan/StatAnal.php
INFO: [ app_begin ] --START--
INFO: ReadHtmlCache Behavior ::run [ RunTime:0.000261s ]
INFO: [ app_begin ] --END-- [ RunTime:0.000314s ]
NOTIC: [8] A session had already been started - ignoring session_start() /home/wwwroot/default/wangpan/ThinkPHP/Common/functions.php 第 566 行.
SQL: SHOW COLUMNS FROM `analyse` [ RunTime:0.000568s ]
SQL: SELECT * FROM `analyse` WHERE ( `id` = 1 ) LIMIT 1   [ RunTime:0.000131s ]
SQL: SHOW COLUMNS FROM `translog` [ RunTime:0.000387s ]
SQL: SELECT * FROM `translog`  [ RunTime:0.000097s ]
SQL: SHOW COLUMNS FROM `frequency` [ RunTime:0.000341s ]
SQL: select * from frequency order by date desc limit 0,14 [ RunTime:0.000144s ]
INFO: [ view_parse ] --START--
INFO: ParseTemplate Behavior ::run [ RunTime:0.013608s ]
INFO: [ view_parse ] --END-- [ RunTime:0.013663s ]
INFO: [ view_filter ] --START--
INFO: ContentReplace Behavior ::run [ RunTime:0.000186s ]
INFO: TokenBuild Behavior ::run [ RunTime:0.000171s ]
INFO: WriteHtmlCache Behavior ::run [ RunTime:0.000102s ]
INFO: ShowRuntime Behavior ::run [ RunTime:0.000217s ]
INFO: [ view_filter ] --END-- [ RunTime:0.000790s ]
INFO: [ view_end ] --START--
INFO: ShowPageTrace Behavior ::run [ RunTime:0.000285s ]
INFO: [ view_end ] --END-- [ RunTime:0.000324s ]

[ 2013-11-05T15:38:32+08:00 ] 192.168.3.139 /wangpan/StatAnal.php
INFO: [ app_begin ] --START--
INFO: ReadHtmlCache Behavior ::run [ RunTime:0.000255s ]
INFO: [ app_begin ] --END-- [ RunTime:0.000308s ]
NOTIC: [8] A session had already been started - ignoring session_start() /home/wwwroot/default/wangpan/ThinkPHP/Common/functions.php 第 566 行.
SQL: SHOW COLUMNS FROM `analyse` [ RunTime:0.000580s ]
SQL: SELECT * FROM `analyse` WHERE ( `id` = 1 ) LIMIT 1   [ RunTime:0.000129s ]
SQL: SHOW COLUMNS FROM `translog` [ RunTime:0.000384s ]
SQL: SELECT * FROM `translog`  [ RunTime:0.000096s ]
SQL: SHOW COLUMNS FROM `frequency` [ RunTime:0.000338s ]
SQL: select * from frequency order by date desc limit 0,14 [ RunTime:0.000128s ]
INFO: [ view_parse ] --START--
INFO: ParseTemplate Behavior ::run [ RunTime:0.013494s ]
INFO: [ view_parse ] --END-- [ RunTime:0.013547s ]
INFO: [ view_filter ] --START--
INFO: ContentReplace Behavior ::run [ RunTime:0.000179s ]
INFO: TokenBuild Behavior ::run [ RunTime:0.000166s ]
INFO: WriteHtmlCache Behavior ::run [ RunTime:0.000099s ]
INFO: ShowRuntime Behavior ::run [ RunTime:0.000214s ]
INFO: [ view_filter ] --END-- [ RunTime:0.000772s ]
INFO: [ view_end ] --START--
INFO: ShowPageTrace Behavior ::run [ RunTime:0.000285s ]
INFO: [ view_end ] --END-- [ RunTime:0.000324s ]

[ 2013-11-05T15:40:28+08:00 ] 192.168.3.139 /wangpan/StatAnal.php
INFO: [ app_begin ] --START--
INFO: ReadHtmlCache Behavior ::run [ RunTime:0.000259s ]
INFO: [ app_begin ] --END-- [ RunTime:0.000311s ]
NOTIC: [8] A session had already been started - ignoring session_start() /home/wwwroot/default/wangpan/ThinkPHP/Common/functions.php 第 566 行.
SQL: SHOW COLUMNS FROM `analyse` [ RunTime:0.000550s ]
SQL: SELECT * FROM `analyse` WHERE ( `id` = 1 ) LIMIT 1   [ RunTime:0.000144s ]
SQL: SHOW COLUMNS FROM `translog` [ RunTime:0.000379s ]
SQL: SELECT * FROM `translog`  [ RunTime:0.000096s ]
SQL: SHOW COLUMNS FROM `frequency` [ RunTime:0.000337s ]
SQL: select * from frequency order by date desc limit 0,14 [ RunTime:0.000128s ]
INFO: [ view_parse ] --START--
INFO: ParseTemplate Behavior ::run [ RunTime:0.013522s ]
INFO: [ view_parse ] --END-- [ RunTime:0.013577s ]
INFO: [ view_filter ] --START--
INFO: ContentReplace Behavior ::run [ RunTime:0.000182s ]
INFO: TokenBuild Behavior ::run [ RunTime:0.000169s ]
INFO: WriteHtmlCache Behavior ::run [ RunTime:0.000103s ]
INFO: ShowRuntime Behavior ::run [ RunTime:0.000219s ]
INFO: [ view_filter ] --END-- [ RunTime:0.000786s ]
INFO: [ view_end ] --START--
INFO: ShowPageTrace Behavior ::run [ RunTime:0.000284s ]
INFO: [ view_end ] --END-- [ RunTime:0.000324s ]

[ 2013-11-05T15:45:28+08:00 ] 192.168.3.139 /wangpan/StatAnal.php
INFO: [ app_begin ] --START--
INFO: ReadHtmlCache Behavior ::run [ RunTime:0.000260s ]
INFO: [ app_begin ] --END-- [ RunTime:0.000314s ]
NOTIC: [8] A session had already been started - ignoring session_start() /home/wwwroot/default/wangpan/ThinkPHP/Common/functions.php 第 566 行.
SQL: SHOW COLUMNS FROM `analyse` [ RunTime:0.000571s ]
SQL: SELECT * FROM `analyse` WHERE ( `id` = 1 ) LIMIT 1   [ RunTime:0.000129s ]
SQL: SHOW COLUMNS FROM `translog` [ RunTime:0.000381s ]
SQL: SELECT * FROM `translog`  [ RunTime:0.000096s ]
SQL: SHOW COLUMNS FROM `frequency` [ RunTime:0.000338s ]
SQL: select * from frequency order by date desc limit 0,14 [ RunTime:0.000129s ]
INFO: [ view_parse ] --START--
INFO: ParseTemplate Behavior ::run [ RunTime:0.013526s ]
INFO: [ view_parse ] --END-- [ RunTime:0.013578s ]
INFO: [ view_filter ] --START--
INFO: ContentReplace Behavior ::run [ RunTime:0.000179s ]
INFO: TokenBuild Behavior ::run [ RunTime:0.000165s ]
INFO: WriteHtmlCache Behavior ::run [ RunTime:0.000098s ]
INFO: ShowRuntime Behavior ::run [ RunTime:0.000214s ]
INFO: [ view_filter ] --END-- [ RunTime:0.000770s ]
INFO: [ view_end ] --START--
INFO: ShowPageTrace Behavior ::run [ RunTime:0.000279s ]
INFO: [ view_end ] --END-- [ RunTime:0.000319s ]

[ 2013-11-05T16:17:02+08:00 ] 192.168.3.139 /wangpan/StatAnal.php
INFO: [ app_begin ] --START--
INFO: ReadHtmlCache Behavior ::run [ RunTime:0.000264s ]
INFO: [ app_begin ] --END-- [ RunTime:0.000328s ]
NOTIC: [8] A session had already been started - ignoring session_start() /home/wwwroot/default/wangpan/ThinkPHP/Common/functions.php 第 566 行.
SQL: SHOW COLUMNS FROM `analyse` [ RunTime:0.000615s ]
SQL: SELECT * FROM `analyse` WHERE ( `id` = 1 ) LIMIT 1   [ RunTime:0.000131s ]
SQL: SHOW COLUMNS FROM `translog` [ RunTime:0.000413s ]
SQL: SELECT * FROM `translog`  [ RunTime:0.000095s ]
SQL: SHOW COLUMNS FROM `frequency` [ RunTime:0.000340s ]
SQL: select * from frequency order by date desc limit 0,14 [ RunTime:0.000129s ]
INFO: [ view_parse ] --START--
INFO: ParseTemplate Behavior ::run [ RunTime:0.013572s ]
INFO: [ view_parse ] --END-- [ RunTime:0.013627s ]
INFO: [ view_filter ] --START--
INFO: ContentReplace Behavior ::run [ RunTime:0.000189s ]
INFO: TokenBuild Behavior ::run [ RunTime:0.000170s ]
INFO: WriteHtmlCache Behavior ::run [ RunTime:0.000102s ]
INFO: ShowRuntime Behavior ::run [ RunTime:0.000218s ]
INFO: [ view_filter ] --END-- [ RunTime:0.000792s ]
INFO: [ view_end ] --START--
INFO: ShowPageTrace Behavior ::run [ RunTime:0.000297s ]
INFO: [ view_end ] --END-- [ RunTime:0.000337s ]

[ 2013-11-05T16:17:32+08:00 ] 192.168.3.228 /wangpan/StatAnal.php
INFO: [ app_begin ] --START--
INFO: ReadHtmlCache Behavior ::run [ RunTime:0.000264s ]
INFO: [ app_begin ] --END-- [ RunTime:0.000328s ]
NOTIC: [8] A session had already been started - ignoring session_start() /home/wwwroot/default/wangpan/ThinkPHP/Common/functions.php 第 566 行.
SQL: SHOW COLUMNS FROM `analyse` [ RunTime:0.000602s ]
SQL: SELECT * FROM `analyse` WHERE ( `id` = 1 ) LIMIT 1   [ RunTime:0.000132s ]
SQL: SHOW COLUMNS FROM `translog` [ RunTime:0.000385s ]
SQL: SELECT * FROM `translog`  [ RunTime:0.000096s ]
SQL: SHOW COLUMNS FROM `frequency` [ RunTime:0.000340s ]
SQL: select * from frequency order by date desc limit 0,14 [ RunTime:0.000129s ]
INFO: [ view_parse ] --START--
INFO: ParseTemplate Behavior ::run [ RunTime:0.013513s ]
INFO: [ view_parse ] --END-- [ RunTime:0.013568s ]
INFO: [ view_filter ] --START--
INFO: ContentReplace Behavior ::run [ RunTime:0.000180s ]
INFO: TokenBuild Behavior ::run [ RunTime:0.000167s ]
INFO: WriteHtmlCache Behavior ::run [ RunTime:0.000100s ]
INFO: ShowRuntime Behavior ::run [ RunTime:0.000216s ]
INFO: [ view_filter ] --END-- [ RunTime:0.000777s ]
INFO: [ view_end ] --START--
INFO: ShowPageTrace Behavior ::run [ RunTime:0.000279s ]
INFO: [ view_end ] --END-- [ RunTime:0.000320s ]

[ 2013-11-05T16:17:48+08:00 ] 192.168.3.228 /wangpan/StatAnal.php
INFO: [ app_begin ] --START--
INFO: ReadHtmlCache Behavior ::run [ RunTime:0.000265s ]
INFO: [ app_begin ] --END-- [ RunTime:0.000329s ]
NOTIC: [8] A session had already been started - ignoring session_start() /home/wwwroot/default/wangpan/ThinkPHP/Common/functions.php 第 566 行.
SQL: SHOW COLUMNS FROM `analyse` [ RunTime:0.000608s ]
SQL: SELECT * FROM `analyse` WHERE ( `id` = 1 ) LIMIT 1   [ RunTime:0.000131s ]
SQL: SHOW COLUMNS FROM `translog` [ RunTime:0.000385s ]
SQL: SELECT * FROM `translog`  [ RunTime:0.000096s ]
SQL: SHOW COLUMNS FROM `frequency` [ RunTime:0.000339s ]
SQL: select * from frequency order by date desc limit 0,14 [ RunTime:0.000128s ]
INFO: [ view_parse ] --START--
INFO: ParseTemplate Behavior ::run [ RunTime:0.013635s ]
INFO: [ view_parse ] --END-- [ RunTime:0.013692s ]
INFO: [ view_filter ] --START--
INFO: ContentReplace Behavior ::run [ RunTime:0.000183s ]
INFO: TokenBuild Behavior ::run [ RunTime:0.000169s ]
INFO: WriteHtmlCache Behavior ::run [ RunTime:0.000099s ]
INFO: ShowRuntime Behavior ::run [ RunTime:0.000217s ]
INFO: [ view_filter ] --END-- [ RunTime:0.000782s ]
INFO: [ view_end ] --START--
INFO: ShowPageTrace Behavior ::run [ RunTime:0.000301s ]
INFO: [ view_end ] --END-- [ RunTime:0.000341s ]

[ 2013-11-05T16:19:13+08:00 ] 192.168.3.139 /wangpan/StatAnal.php
INFO: [ app_begin ] --START--
INFO: ReadHtmlCache Behavior ::run [ RunTime:0.000260s ]
INFO: [ app_begin ] --END-- [ RunTime:0.000322s ]
NOTIC: [8] A session had already been started - ignoring session_start() /home/wwwroot/default/wangpan/ThinkPHP/Common/functions.php 第 566 行.
SQL: SHOW COLUMNS FROM `analyse` [ RunTime:0.000609s ]
SQL: SELECT * FROM `analyse` WHERE ( `id` = 1 ) LIMIT 1   [ RunTime:0.000132s ]
SQL: SHOW COLUMNS FROM `translog` [ RunTime:0.000391s ]
SQL: SELECT * FROM `translog`  [ RunTime:0.000097s ]
SQL: SHOW COLUMNS FROM `frequency` [ RunTime:0.000339s ]
SQL: select * from frequency order by date desc limit 0,14 [ RunTime:0.000129s ]
INFO: [ view_parse ] --START--
INFO: ParseTemplate Behavior ::run [ RunTime:0.013588s ]
INFO: [ view_parse ] --END-- [ RunTime:0.013642s ]
INFO: [ view_filter ] --START--
INFO: ContentReplace Behavior ::run [ RunTime:0.000186s ]
INFO: TokenBuild Behavior ::run [ RunTime:0.000168s ]
INFO: WriteHtmlCache Behavior ::run [ RunTime:0.000098s ]
INFO: ShowRuntime Behavior ::run [ RunTime:0.000218s ]
INFO: [ view_filter ] --END-- [ RunTime:0.000786s ]
INFO: [ view_end ] --START--
INFO: ShowPageTrace Behavior ::run [ RunTime:0.000286s ]
INFO: [ view_end ] --END-- [ RunTime:0.000327s ]

[ 2013-11-05T16:26:45+08:00 ] 192.168.3.228 /wangpan/StatAnal.php
INFO: [ app_begin ] --START--
INFO: ReadHtmlCache Behavior ::run [ RunTime:0.000270s ]
INFO: [ app_begin ] --END-- [ RunTime:0.000335s ]
NOTIC: [8] A session had already been started - ignoring session_start() /home/wwwroot/default/wangpan/ThinkPHP/Common/functions.php 第 566 行.
SQL: SHOW COLUMNS FROM `analyse` [ RunTime:0.000613s ]
SQL: SELECT * FROM `analyse` WHERE ( `id` = 1 ) LIMIT 1   [ RunTime:0.000132s ]
SQL: SHOW COLUMNS FROM `translog` [ RunTime:0.000388s ]
SQL: SELECT * FROM `translog`  [ RunTime:0.000098s ]
SQL: SHOW COLUMNS FROM `frequency` [ RunTime:0.000340s ]
SQL: select * from frequency order by date desc limit 0,14 [ RunTime:0.000129s ]
INFO: [ view_parse ] --START--
INFO: ParseTemplate Behavior ::run [ RunTime:0.013538s ]
INFO: [ view_parse ] --END-- [ RunTime:0.013594s ]
INFO: [ view_filter ] --START--
INFO: ContentReplace Behavior ::run [ RunTime:0.000184s ]
INFO: TokenBuild Behavior ::run [ RunTime:0.000170s ]
INFO: WriteHtmlCache Behavior ::run [ RunTime:0.000102s ]
INFO: ShowRuntime Behavior ::run [ RunTime:0.000222s ]
INFO: [ view_filter ] --END-- [ RunTime:0.000790s ]
INFO: [ view_end ] --START--
INFO: ShowPageTrace Behavior ::run [ RunTime:0.000283s ]
INFO: [ view_end ] --END-- [ RunTime:0.000323s ]

[ 2013-11-05T16:43:31+08:00 ] 192.168.3.228 /wangpan/StatAnal.php
INFO: [ app_begin ] --START--
INFO: ReadHtmlCache Behavior ::run [ RunTime:0.000258s ]
INFO: [ app_begin ] --END-- [ RunTime:0.000319s ]
NOTIC: [8] A session had already been started - ignoring session_start() /home/wwwroot/default/wangpan/ThinkPHP/Common/functions.php 第 566 行.
SQL: SHOW COLUMNS FROM `analyse` [ RunTime:0.000581s ]
SQL: SELECT * FROM `analyse` WHERE ( `id` = 1 ) LIMIT 1   [ RunTime:0.000139s ]
SQL: SHOW COLUMNS FROM `translog` [ RunTime:0.000383s ]
SQL: SELECT * FROM `translog`  [ RunTime:0.000096s ]
SQL: SHOW COLUMNS FROM `frequency` [ RunTime:0.000339s ]
SQL: select * from frequency order by date desc limit 0,14 [ RunTime:0.000128s ]
INFO: [ view_parse ] --START--
INFO: ParseTemplate Behavior ::run [ RunTime:0.013537s ]
INFO: [ view_parse ] --END-- [ RunTime:0.013592s ]
INFO: [ view_filter ] --START--
INFO: ContentReplace Behavior ::run [ RunTime:0.000179s ]
INFO: TokenBuild Behavior ::run [ RunTime:0.000167s ]
INFO: WriteHtmlCache Behavior ::run [ RunTime:0.000099s ]
INFO: ShowRuntime Behavior ::run [ RunTime:0.000214s ]
INFO: [ view_filter ] --END-- [ RunTime:0.000775s ]
INFO: [ view_end ] --START--
INFO: ShowPageTrace Behavior ::run [ RunTime:0.000280s ]
INFO: [ view_end ] --END-- [ RunTime:0.000321s ]

[ 2013-11-05T16:43:35+08:00 ] 192.168.3.151 /wangpan/StatAnal.php
INFO: [ app_begin ] --START--
INFO: ReadHtmlCache Behavior ::run [ RunTime:0.000258s ]
INFO: [ app_begin ] --END-- [ RunTime:0.000321s ]
NOTIC: [8] A session had already been started - ignoring session_start() /home/wwwroot/default/wangpan/ThinkPHP/Common/functions.php 第 566 行.
SQL: SHOW COLUMNS FROM `analyse` [ RunTime:0.000602s ]
SQL: SELECT * FROM `analyse` WHERE ( `id` = 1 ) LIMIT 1   [ RunTime:0.000131s ]
SQL: SHOW COLUMNS FROM `translog` [ RunTime:0.000387s ]
SQL: SELECT * FROM `translog`  [ RunTime:0.000104s ]
SQL: SHOW COLUMNS FROM `frequency` [ RunTime:0.000338s ]
SQL: select * from frequency order by date desc limit 0,14 [ RunTime:0.000128s ]
INFO: [ view_parse ] --START--
INFO: ParseTemplate Behavior ::run [ RunTime:0.014061s ]
INFO: [ view_parse ] --END-- [ RunTime:0.014119s ]
INFO: [ view_filter ] --START--
INFO: ContentReplace Behavior ::run [ RunTime:0.000185s ]
INFO: TokenBuild Behavior ::run [ RunTime:0.000168s ]
INFO: WriteHtmlCache Behavior ::run [ RunTime:0.000101s ]
INFO: ShowRuntime Behavior ::run [ RunTime:0.000216s ]
INFO: [ view_filter ] --END-- [ RunTime:0.000784s ]
INFO: [ view_end ] --START--
INFO: ShowPageTrace Behavior ::run [ RunTime:0.000302s ]
INFO: [ view_end ] --END-- [ RunTime:0.000342s ]

[ 2013-11-05T16:44:56+08:00 ] 192.168.3.151 /wangpan/StatAnal.php
INFO: [ app_begin ] --START--
INFO: ReadHtmlCache Behavior ::run [ RunTime:0.000283s ]
INFO: [ app_begin ] --END-- [ RunTime:0.000352s ]
NOTIC: [8] A session had already been started - ignoring session_start() /home/wwwroot/default/wangpan/ThinkPHP/Common/functions.php 第 566 行.
SQL: SHOW COLUMNS FROM `analyse` [ RunTime:0.000596s ]
SQL: SELECT * FROM `analyse` WHERE ( `id` = 1 ) LIMIT 1   [ RunTime:0.000130s ]
SQL: SHOW COLUMNS FROM `translog` [ RunTime:0.000384s ]
SQL: SELECT * FROM `translog`  [ RunTime:0.000096s ]
SQL: SHOW COLUMNS FROM `frequency` [ RunTime:0.000339s ]
SQL: select * from frequency order by date desc limit 0,14 [ RunTime:0.000147s ]
INFO: [ view_parse ] --START--
INFO: ParseTemplate Behavior ::run [ RunTime:0.015004s ]
INFO: [ view_parse ] --END-- [ RunTime:0.015063s ]
INFO: [ view_filter ] --START--
INFO: ContentReplace Behavior ::run [ RunTime:0.000183s ]
INFO: TokenBuild Behavior ::run [ RunTime:0.000168s ]
INFO: WriteHtmlCache Behavior ::run [ RunTime:0.000102s ]
INFO: ShowRuntime Behavior ::run [ RunTime:0.000229s ]
INFO: [ view_filter ] --END-- [ RunTime:0.000795s ]
INFO: [ view_end ] --START--
INFO: ShowPageTrace Behavior ::run [ RunTime:0.000304s ]
INFO: [ view_end ] --END-- [ RunTime:0.000346s ]

[ 2013-11-05T17:04:22+08:00 ] 192.168.3.139 /wangpan/StatAnal.php
INFO: [ app_begin ] --START--
INFO: ReadHtmlCache Behavior ::run [ RunTime:0.000264s ]
INFO: [ app_begin ] --END-- [ RunTime:0.000329s ]
NOTIC: [8] A session had already been started - ignoring session_start() /home/wwwroot/default/wangpan/ThinkPHP/Common/functions.php 第 566 行.
SQL: SHOW COLUMNS FROM `analyse` [ RunTime:0.000583s ]
SQL: SELECT * FROM `analyse` WHERE ( `id` = 1 ) LIMIT 1   [ RunTime:0.000130s ]
SQL: SHOW COLUMNS FROM `translog` [ RunTime:0.000385s ]
SQL: SELECT * FROM `translog`  [ RunTime:0.000096s ]
SQL: SHOW COLUMNS FROM `frequency` [ RunTime:0.000364s ]
SQL: select * from frequency order by date desc limit 0,14 [ RunTime:0.000128s ]
INFO: [ view_parse ] --START--
INFO: ParseTemplate Behavior ::run [ RunTime:0.013879s ]
INFO: [ view_parse ] --END-- [ RunTime:0.013935s ]
INFO: [ view_filter ] --START--
INFO: ContentReplace Behavior ::run [ RunTime:0.000182s ]
INFO: TokenBuild Behavior ::run [ RunTime:0.000170s ]
INFO: WriteHtmlCache Behavior ::run [ RunTime:0.000101s ]
INFO: ShowRuntime Behavior ::run [ RunTime:0.000221s ]
INFO: [ view_filter ] --END-- [ RunTime:0.000786s ]
INFO: [ view_end ] --START--
INFO: ShowPageTrace Behavior ::run [ RunTime:0.000297s ]
INFO: [ view_end ] --END-- [ RunTime:0.000336s ]

