[ 2013-11-04T09:23:43+08:00 ] 192.168.3.228 /wangpan/StatAnal.php
INFO: [ app_begin ] --START--
INFO: ReadHtmlCache Behavior ::run [ RunTime:0.000259s ]
INFO: [ app_begin ] --END-- [ RunTime:0.000313s ]
NOTIC: [8] A session had already been started - ignoring session_start() /home/wwwroot/default/wangpan/ThinkPHP/Common/functions.php 第 566 行.
SQL: SHOW COLUMNS FROM `analyse` [ RunTime:0.000547s ]
SQL: SELECT * FROM `analyse` WHERE ( `id` = 1 ) LIMIT 1   [ RunTime:0.000131s ]
SQL: SHOW COLUMNS FROM `translog` [ RunTime:0.000387s ]
SQL: SELECT * FROM `translog`  [ RunTime:0.000103s ]
SQL: SHOW COLUMNS FROM `frequency` [ RunTime:0.000338s ]
SQL: select * from frequency order by date desc limit 0,14 [ RunTime:0.000130s ]
INFO: [ view_parse ] --START--
INFO: ParseTemplate Behavior ::run [ RunTime:0.013655s ]
INFO: [ view_parse ] --END-- [ RunTime:0.013710s ]
INFO: [ view_filter ] --START--
INFO: ContentReplace Behavior ::run [ RunTime:0.000183s ]
INFO: TokenBuild Behavior ::run [ RunTime:0.000167s ]
INFO: WriteHtmlCache Behavior ::run [ RunTime:0.000101s ]
INFO: ShowRuntime Behavior ::run [ RunTime:0.000218s ]
INFO: [ view_filter ] --END-- [ RunTime:0.000785s ]
INFO: [ view_end ] --START--
INFO: ShowPageTrace Behavior ::run [ RunTime:0.000280s ]
INFO: [ view_end ] --END-- [ RunTime:0.000325s ]

[ 2013-11-04T09:23:51+08:00 ] 192.168.3.228 /wangpan/StatAnal.php
INFO: [ app_begin ] --START--
INFO: ReadHtmlCache Behavior ::run [ RunTime:0.000255s ]
INFO: [ app_begin ] --END-- [ RunTime:0.000313s ]
NOTIC: [8] A session had already been started - ignoring session_start() /home/wwwroot/default/wangpan/ThinkPHP/Common/functions.php 第 566 行.
SQL: SHOW COLUMNS FROM `analyse` [ RunTime:0.000537s ]
SQL: SELECT * FROM `analyse` WHERE ( `id` = 1 ) LIMIT 1   [ RunTime:0.000126s ]
SQL: SHOW COLUMNS FROM `translog` [ RunTime:0.000386s ]
SQL: SELECT * FROM `translog`  [ RunTime:0.000099s ]
SQL: SHOW COLUMNS FROM `frequency` [ RunTime:0.000340s ]
SQL: select * from frequency order by date desc limit 0,14 [ RunTime:0.000130s ]
INFO: [ view_parse ] --START--
INFO: ParseTemplate Behavior ::run [ RunTime:0.013501s ]
INFO: [ view_parse ] --END-- [ RunTime:0.013555s ]
INFO: [ view_filter ] --START--
INFO: ContentReplace Behavior ::run [ RunTime:0.000182s ]
INFO: TokenBuild Behavior ::run [ RunTime:0.000169s ]
INFO: WriteHtmlCache Behavior ::run [ RunTime:0.000101s ]
INFO: ShowRuntime Behavior ::run [ RunTime:0.000230s ]
INFO: [ view_filter ] --END-- [ RunTime:0.000793s ]
INFO: [ view_end ] --START--
INFO: ShowPageTrace Behavior ::run [ RunTime:0.000284s ]
INFO: [ view_end ] --END-- [ RunTime:0.000323s ]

[ 2013-11-04T09:28:06+08:00 ] 192.168.3.228 /wangpan/StatAnal.php
INFO: [ app_begin ] --START--
INFO: ReadHtmlCache Behavior ::run [ RunTime:0.000253s ]
INFO: [ app_begin ] --END-- [ RunTime:0.000304s ]
NOTIC: [8] A session had already been started - ignoring session_start() /home/wwwroot/default/wangpan/ThinkPHP/Common/functions.php 第 566 行.
SQL: SHOW COLUMNS FROM `analyse` [ RunTime:0.000533s ]
SQL: SELECT * FROM `analyse` WHERE ( `id` = 1 ) LIMIT 1   [ RunTime:0.000123s ]
SQL: SHOW COLUMNS FROM `translog` [ RunTime:0.000390s ]
SQL: SELECT * FROM `translog`  [ RunTime:0.000098s ]
SQL: SHOW COLUMNS FROM `frequency` [ RunTime:0.000340s ]
SQL: select * from frequency order by date desc limit 0,14 [ RunTime:0.000130s ]
INFO: [ view_parse ] --START--
INFO: ParseTemplate Behavior ::run [ RunTime:0.013578s ]
INFO: [ view_parse ] --END-- [ RunTime:0.013632s ]
INFO: [ view_filter ] --START--
INFO: ContentReplace Behavior ::run [ RunTime:0.000182s ]
INFO: TokenBuild Behavior ::run [ RunTime:0.000168s ]
INFO: WriteHtmlCache Behavior ::run [ RunTime:0.000102s ]
INFO: ShowRuntime Behavior ::run [ RunTime:0.000218s ]
INFO: [ view_filter ] --END-- [ RunTime:0.000782s ]
INFO: [ view_end ] --START--
INFO: ShowPageTrace Behavior ::run [ RunTime:0.000280s ]
INFO: [ view_end ] --END-- [ RunTime:0.000319s ]

[ 2013-11-04T09:28:09+08:00 ] 192.168.3.228 /wangpan/StatAnal.php
INFO: [ app_begin ] --START--
INFO: ReadHtmlCache Behavior ::run [ RunTime:0.000265s ]
INFO: [ app_begin ] --END-- [ RunTime:0.000322s ]
NOTIC: [8] A session had already been started - ignoring session_start() /home/wwwroot/default/wangpan/ThinkPHP/Common/functions.php 第 566 行.
SQL: SHOW COLUMNS FROM `analyse` [ RunTime:0.000567s ]
SQL: SELECT * FROM `analyse` WHERE ( `id` = 1 ) LIMIT 1   [ RunTime:0.000129s ]
SQL: SHOW COLUMNS FROM `translog` [ RunTime:0.000389s ]
SQL: SELECT * FROM `translog`  [ RunTime:0.000099s ]
SQL: SHOW COLUMNS FROM `frequency` [ RunTime:0.000339s ]
SQL: select * from frequency order by date desc limit 0,14 [ RunTime:0.000129s ]
INFO: [ view_parse ] --START--
INFO: ParseTemplate Behavior ::run [ RunTime:0.013419s ]
INFO: [ view_parse ] --END-- [ RunTime:0.013471s ]
INFO: [ view_filter ] --START--
INFO: ContentReplace Behavior ::run [ RunTime:0.000183s ]
INFO: TokenBuild Behavior ::run [ RunTime:0.000169s ]
INFO: WriteHtmlCache Behavior ::run [ RunTime:0.000101s ]
INFO: ShowRuntime Behavior ::run [ RunTime:0.000219s ]
INFO: [ view_filter ] --END-- [ RunTime:0.000786s ]
INFO: [ view_end ] --START--
INFO: ShowPageTrace Behavior ::run [ RunTime:0.000285s ]
INFO: [ view_end ] --END-- [ RunTime:0.000324s ]

[ 2013-11-04T09:28:12+08:00 ] 192.168.3.228 /wangpan/StatAnal.php
INFO: [ app_begin ] --START--
INFO: ReadHtmlCache Behavior ::run [ RunTime:0.000256s ]
INFO: [ app_begin ] --END-- [ RunTime:0.000312s ]
NOTIC: [8] A session had already been started - ignoring session_start() /home/wwwroot/default/wangpan/ThinkPHP/Common/functions.php 第 566 行.
SQL: SHOW COLUMNS FROM `analyse` [ RunTime:0.000557s ]
SQL: SELECT * FROM `analyse` WHERE ( `id` = 1 ) LIMIT 1   [ RunTime:0.000130s ]
SQL: SHOW COLUMNS FROM `translog` [ RunTime:0.000388s ]
SQL: SELECT * FROM `translog`  [ RunTime:0.000100s ]
SQL: SHOW COLUMNS FROM `frequency` [ RunTime:0.000339s ]
SQL: select * from frequency order by date desc limit 0,14 [ RunTime:0.000129s ]
INFO: [ view_parse ] --START--
INFO: ParseTemplate Behavior ::run [ RunTime:0.013475s ]
INFO: [ view_parse ] --END-- [ RunTime:0.013528s ]
INFO: [ view_filter ] --START--
INFO: ContentReplace Behavior ::run [ RunTime:0.000179s ]
INFO: TokenBuild Behavior ::run [ RunTime:0.000166s ]
INFO: WriteHtmlCache Behavior ::run [ RunTime:0.000098s ]
INFO: ShowRuntime Behavior ::run [ RunTime:0.000217s ]
INFO: [ view_filter ] --END-- [ RunTime:0.000775s ]
INFO: [ view_end ] --START--
INFO: ShowPageTrace Behavior ::run [ RunTime:0.000279s ]
INFO: [ view_end ] --END-- [ RunTime:0.000319s ]

[ 2013-11-04T09:29:20+08:00 ] 192.168.3.228 /wangpan/StatAnal.php
INFO: [ app_begin ] --START--
INFO: ReadHtmlCache Behavior ::run [ RunTime:0.000255s ]
INFO: [ app_begin ] --END-- [ RunTime:0.000313s ]
NOTIC: [8] A session had already been started - ignoring session_start() /home/wwwroot/default/wangpan/ThinkPHP/Common/functions.php 第 566 行.
SQL: SHOW COLUMNS FROM `analyse` [ RunTime:0.000569s ]
SQL: SELECT * FROM `analyse` WHERE ( `id` = 1 ) LIMIT 1   [ RunTime:0.000131s ]
SQL: SHOW COLUMNS FROM `translog` [ RunTime:0.000386s ]
SQL: SELECT * FROM `translog`  [ RunTime:0.000100s ]
SQL: SHOW COLUMNS FROM `frequency` [ RunTime:0.000340s ]
SQL: select * from frequency order by date desc limit 0,14 [ RunTime:0.000130s ]
INFO: [ view_parse ] --START--
INFO: ParseTemplate Behavior ::run [ RunTime:0.013471s ]
INFO: [ view_parse ] --END-- [ RunTime:0.013524s ]
INFO: [ view_filter ] --START--
INFO: ContentReplace Behavior ::run [ RunTime:0.000180s ]
INFO: TokenBuild Behavior ::run [ RunTime:0.000164s ]
INFO: WriteHtmlCache Behavior ::run [ RunTime:0.000098s ]
INFO: ShowRuntime Behavior ::run [ RunTime:0.000218s ]
INFO: [ view_filter ] --END-- [ RunTime:0.000774s ]
INFO: [ view_end ] --START--
INFO: ShowPageTrace Behavior ::run [ RunTime:0.000278s ]
INFO: [ view_end ] --END-- [ RunTime:0.000318s ]

[ 2013-11-04T09:29:21+08:00 ] 192.168.3.228 /wangpan/StatAnal.php
INFO: [ app_begin ] --START--
INFO: ReadHtmlCache Behavior ::run [ RunTime:0.000259s ]
INFO: [ app_begin ] --END-- [ RunTime:0.000317s ]
NOTIC: [8] A session had already been started - ignoring session_start() /home/wwwroot/default/wangpan/ThinkPHP/Common/functions.php 第 566 行.
SQL: SHOW COLUMNS FROM `analyse` [ RunTime:0.000458s ]
SQL: SELECT * FROM `analyse` WHERE ( `id` = 1 ) LIMIT 1   [ RunTime:0.000112s ]
SQL: SHOW COLUMNS FROM `translog` [ RunTime:0.000381s ]
SQL: SELECT * FROM `translog`  [ RunTime:0.000098s ]
SQL: SHOW COLUMNS FROM `frequency` [ RunTime:0.000338s ]
SQL: select * from frequency order by date desc limit 0,14 [ RunTime:0.000129s ]
INFO: [ view_parse ] --START--
INFO: ParseTemplate Behavior ::run [ RunTime:0.013888s ]
INFO: [ view_parse ] --END-- [ RunTime:0.013943s ]
INFO: [ view_filter ] --START--
INFO: ContentReplace Behavior ::run [ RunTime:0.000181s ]
INFO: TokenBuild Behavior ::run [ RunTime:0.000168s ]
INFO: WriteHtmlCache Behavior ::run [ RunTime:0.000101s ]
INFO: ShowRuntime Behavior ::run [ RunTime:0.000219s ]
INFO: [ view_filter ] --END-- [ RunTime:0.000785s ]
INFO: [ view_end ] --START--
INFO: ShowPageTrace Behavior ::run [ RunTime:0.000281s ]
INFO: [ view_end ] --END-- [ RunTime:0.000321s ]

[ 2013-11-04T09:29:24+08:00 ] 192.168.3.228 /wangpan/StatAnal.php
INFO: [ app_begin ] --START--
INFO: ReadHtmlCache Behavior ::run [ RunTime:0.000254s ]
INFO: [ app_begin ] --END-- [ RunTime:0.000310s ]
NOTIC: [8] A session had already been started - ignoring session_start() /home/wwwroot/default/wangpan/ThinkPHP/Common/functions.php 第 566 行.
SQL: SHOW COLUMNS FROM `analyse` [ RunTime:0.000559s ]
SQL: SELECT * FROM `analyse` WHERE ( `id` = 1 ) LIMIT 1   [ RunTime:0.000129s ]
SQL: SHOW COLUMNS FROM `translog` [ RunTime:0.000386s ]
SQL: SELECT * FROM `translog`  [ RunTime:0.000097s ]
SQL: SHOW COLUMNS FROM `frequency` [ RunTime:0.000339s ]
SQL: select * from frequency order by date desc limit 0,14 [ RunTime:0.000127s ]
INFO: [ view_parse ] --START--
INFO: ParseTemplate Behavior ::run [ RunTime:0.013461s ]
INFO: [ view_parse ] --END-- [ RunTime:0.013513s ]
INFO: [ view_filter ] --START--
INFO: ContentReplace Behavior ::run [ RunTime:0.000179s ]
INFO: TokenBuild Behavior ::run [ RunTime:0.000165s ]
INFO: WriteHtmlCache Behavior ::run [ RunTime:0.000099s ]
INFO: ShowRuntime Behavior ::run [ RunTime:0.000215s ]
INFO: [ view_filter ] --END-- [ RunTime:0.000769s ]
INFO: [ view_end ] --START--
INFO: ShowPageTrace Behavior ::run [ RunTime:0.000277s ]
INFO: [ view_end ] --END-- [ RunTime:0.000317s ]

[ 2013-11-04T09:29:45+08:00 ] 192.168.3.228 /wangpan/StatAnal.php
INFO: [ app_begin ] --START--
INFO: ReadHtmlCache Behavior ::run [ RunTime:0.000253s ]
INFO: [ app_begin ] --END-- [ RunTime:0.000307s ]
NOTIC: [8] A session had already been started - ignoring session_start() /home/wwwroot/default/wangpan/ThinkPHP/Common/functions.php 第 566 行.
SQL: SHOW COLUMNS FROM `analyse` [ RunTime:0.000558s ]
SQL: SELECT * FROM `analyse` WHERE ( `id` = 1 ) LIMIT 1   [ RunTime:0.000130s ]
SQL: SHOW COLUMNS FROM `translog` [ RunTime:0.000387s ]
SQL: SELECT * FROM `translog`  [ RunTime:0.000100s ]
SQL: SHOW COLUMNS FROM `frequency` [ RunTime:0.000338s ]
SQL: select * from frequency order by date desc limit 0,14 [ RunTime:0.000130s ]
INFO: [ view_parse ] --START--
INFO: ParseTemplate Behavior ::run [ RunTime:0.013458s ]
INFO: [ view_parse ] --END-- [ RunTime:0.013512s ]
INFO: [ view_filter ] --START--
INFO: ContentReplace Behavior ::run [ RunTime:0.000194s ]
INFO: TokenBuild Behavior ::run [ RunTime:0.000165s ]
INFO: WriteHtmlCache Behavior ::run [ RunTime:0.000099s ]
INFO: ShowRuntime Behavior ::run [ RunTime:0.000217s ]
INFO: [ view_filter ] --END-- [ RunTime:0.000788s ]
INFO: [ view_end ] --START--
INFO: ShowPageTrace Behavior ::run [ RunTime:0.000279s ]
INFO: [ view_end ] --END-- [ RunTime:0.000319s ]

[ 2013-11-04T09:57:48+08:00 ] 192.168.3.228 /wangpan/StatAnal.php
INFO: [ app_begin ] --START--
INFO: ReadHtmlCache Behavior ::run [ RunTime:0.000260s ]
INFO: [ app_begin ] --END-- [ RunTime:0.000317s ]
NOTIC: [8] A session had already been started - ignoring session_start() /home/wwwroot/default/wangpan/ThinkPHP/Common/functions.php 第 566 行.
SQL: SHOW COLUMNS FROM `analyse` [ RunTime:0.000562s ]
SQL: SELECT * FROM `analyse` WHERE ( `id` = 1 ) LIMIT 1   [ RunTime:0.000130s ]
SQL: SHOW COLUMNS FROM `translog` [ RunTime:0.000387s ]
SQL: SELECT * FROM `translog`  [ RunTime:0.000100s ]
SQL: SHOW COLUMNS FROM `frequency` [ RunTime:0.000342s ]
SQL: select * from frequency order by date desc limit 0,14 [ RunTime:0.000128s ]
INFO: [ view_parse ] --START--
INFO: ParseTemplate Behavior ::run [ RunTime:0.013486s ]
INFO: [ view_parse ] --END-- [ RunTime:0.013537s ]
INFO: [ view_filter ] --START--
INFO: ContentReplace Behavior ::run [ RunTime:0.000182s ]
INFO: TokenBuild Behavior ::run [ RunTime:0.000167s ]
INFO: WriteHtmlCache Behavior ::run [ RunTime:0.000102s ]
INFO: ShowRuntime Behavior ::run [ RunTime:0.000220s ]
INFO: [ view_filter ] --END-- [ RunTime:0.000784s ]
INFO: [ view_end ] --START--
INFO: ShowPageTrace Behavior ::run [ RunTime:0.000282s ]
INFO: [ view_end ] --END-- [ RunTime:0.000322s ]

[ 2013-11-04T10:00:40+08:00 ] 192.168.3.228 /wangpan/StatAnal.php
INFO: [ app_begin ] --START--
INFO: ReadHtmlCache Behavior ::run [ RunTime:0.000257s ]
INFO: [ app_begin ] --END-- [ RunTime:0.000313s ]
NOTIC: [8] A session had already been started - ignoring session_start() /home/wwwroot/default/wangpan/ThinkPHP/Common/functions.php 第 566 行.
SQL: SHOW COLUMNS FROM `analyse` [ RunTime:0.000574s ]
SQL: SELECT * FROM `analyse` WHERE ( `id` = 1 ) LIMIT 1   [ RunTime:0.000129s ]
SQL: SHOW COLUMNS FROM `translog` [ RunTime:0.000391s ]
SQL: SELECT * FROM `translog`  [ RunTime:0.000099s ]
SQL: SHOW COLUMNS FROM `frequency` [ RunTime:0.000341s ]
SQL: select * from frequency order by date desc limit 0,14 [ RunTime:0.000128s ]
INFO: [ view_parse ] --START--
INFO: ParseTemplate Behavior ::run [ RunTime:0.013472s ]
INFO: [ view_parse ] --END-- [ RunTime:0.013523s ]
INFO: [ view_filter ] --START--
INFO: ContentReplace Behavior ::run [ RunTime:0.000181s ]
INFO: TokenBuild Behavior ::run [ RunTime:0.000166s ]
INFO: WriteHtmlCache Behavior ::run [ RunTime:0.000108s ]
INFO: ShowRuntime Behavior ::run [ RunTime:0.000219s ]
INFO: [ view_filter ] --END-- [ RunTime:0.000787s ]
INFO: [ view_end ] --START--
INFO: ShowPageTrace Behavior ::run [ RunTime:0.000280s ]
INFO: [ view_end ] --END-- [ RunTime:0.000320s ]

[ 2013-11-04T10:00:41+08:00 ] 192.168.3.228 /wangpan/StatAnal.php
INFO: [ app_begin ] --START--
INFO: ReadHtmlCache Behavior ::run [ RunTime:0.000259s ]
INFO: [ app_begin ] --END-- [ RunTime:0.000316s ]
NOTIC: [8] A session had already been started - ignoring session_start() /home/wwwroot/default/wangpan/ThinkPHP/Common/functions.php 第 566 行.
SQL: SHOW COLUMNS FROM `analyse` [ RunTime:0.000558s ]
SQL: SELECT * FROM `analyse` WHERE ( `id` = 1 ) LIMIT 1   [ RunTime:0.000131s ]
SQL: SHOW COLUMNS FROM `translog` [ RunTime:0.000388s ]
SQL: SELECT * FROM `translog`  [ RunTime:0.000099s ]
SQL: SHOW COLUMNS FROM `frequency` [ RunTime:0.000342s ]
SQL: select * from frequency order by date desc limit 0,14 [ RunTime:0.000129s ]
INFO: [ view_parse ] --START--
INFO: ParseTemplate Behavior ::run [ RunTime:0.013428s ]
INFO: [ view_parse ] --END-- [ RunTime:0.013479s ]
INFO: [ view_filter ] --START--
INFO: ContentReplace Behavior ::run [ RunTime:0.000181s ]
INFO: TokenBuild Behavior ::run [ RunTime:0.000170s ]
INFO: WriteHtmlCache Behavior ::run [ RunTime:0.000102s ]
INFO: ShowRuntime Behavior ::run [ RunTime:0.000218s ]
INFO: [ view_filter ] --END-- [ RunTime:0.000784s ]
INFO: [ view_end ] --START--
INFO: ShowPageTrace Behavior ::run [ RunTime:0.000281s ]
INFO: [ view_end ] --END-- [ RunTime:0.000321s ]

[ 2013-11-04T10:03:00+08:00 ] 192.168.3.228 /wangpan/StatAnal.php
INFO: [ app_begin ] --START--
INFO: ReadHtmlCache Behavior ::run [ RunTime:0.000262s ]
INFO: [ app_begin ] --END-- [ RunTime:0.000322s ]
NOTIC: [8] A session had already been started - ignoring session_start() /home/wwwroot/default/wangpan/ThinkPHP/Common/functions.php 第 566 行.
SQL: SHOW COLUMNS FROM `analyse` [ RunTime:0.000574s ]
SQL: SELECT * FROM `analyse` WHERE ( `id` = 1 ) LIMIT 1   [ RunTime:0.000129s ]
SQL: SHOW COLUMNS FROM `translog` [ RunTime:0.000389s ]
SQL: SELECT * FROM `translog`  [ RunTime:0.000099s ]
SQL: SHOW COLUMNS FROM `frequency` [ RunTime:0.000340s ]
SQL: select * from frequency order by date desc limit 0,14 [ RunTime:0.000129s ]
INFO: [ view_parse ] --START--
INFO: ParseTemplate Behavior ::run [ RunTime:0.013457s ]
INFO: [ view_parse ] --END-- [ RunTime:0.013509s ]
INFO: [ view_filter ] --START--
INFO: ContentReplace Behavior ::run [ RunTime:0.000179s ]
INFO: TokenBuild Behavior ::run [ RunTime:0.000171s ]
INFO: WriteHtmlCache Behavior ::run [ RunTime:0.000103s ]
INFO: ShowRuntime Behavior ::run [ RunTime:0.000220s ]
INFO: [ view_filter ] --END-- [ RunTime:0.000785s ]
INFO: [ view_end ] --START--
INFO: ShowPageTrace Behavior ::run [ RunTime:0.000282s ]
INFO: [ view_end ] --END-- [ RunTime:0.000322s ]

[ 2013-11-04T10:03:04+08:00 ] 192.168.3.228 /wangpan/StatAnal.php
INFO: [ app_begin ] --START--
INFO: ReadHtmlCache Behavior ::run [ RunTime:0.000259s ]
INFO: [ app_begin ] --END-- [ RunTime:0.000316s ]
NOTIC: [8] A session had already been started - ignoring session_start() /home/wwwroot/default/wangpan/ThinkPHP/Common/functions.php 第 566 行.
SQL: SHOW COLUMNS FROM `analyse` [ RunTime:0.000573s ]
SQL: SELECT * FROM `analyse` WHERE ( `id` = 1 ) LIMIT 1   [ RunTime:0.000129s ]
SQL: SHOW COLUMNS FROM `translog` [ RunTime:0.000390s ]
SQL: SELECT * FROM `translog`  [ RunTime:0.000099s ]
SQL: SHOW COLUMNS FROM `frequency` [ RunTime:0.000341s ]
SQL: select * from frequency order by date desc limit 0,14 [ RunTime:0.000128s ]
INFO: [ view_parse ] --START--
INFO: ParseTemplate Behavior ::run [ RunTime:0.013478s ]
INFO: [ view_parse ] --END-- [ RunTime:0.013529s ]
INFO: [ view_filter ] --START--
INFO: ContentReplace Behavior ::run [ RunTime:0.000183s ]
INFO: TokenBuild Behavior ::run [ RunTime:0.000168s ]
INFO: WriteHtmlCache Behavior ::run [ RunTime:0.000102s ]
INFO: ShowRuntime Behavior ::run [ RunTime:0.000225s ]
INFO: [ view_filter ] --END-- [ RunTime:0.000792s ]
INFO: [ view_end ] --START--
INFO: ShowPageTrace Behavior ::run [ RunTime:0.000282s ]
INFO: [ view_end ] --END-- [ RunTime:0.000322s ]

[ 2013-11-04T10:29:58+08:00 ] 192.168.3.139 /wangpan/StatAnal.php
INFO: [ app_begin ] --START--
INFO: ReadHtmlCache Behavior ::run [ RunTime:0.000260s ]
INFO: [ app_begin ] --END-- [ RunTime:0.000316s ]
NOTIC: [8] A session had already been started - ignoring session_start() /home/wwwroot/default/wangpan/ThinkPHP/Common/functions.php 第 566 行.
SQL: SHOW COLUMNS FROM `analyse` [ RunTime:0.000569s ]
SQL: SELECT * FROM `analyse` WHERE ( `id` = 1 ) LIMIT 1   [ RunTime:0.000130s ]
SQL: SHOW COLUMNS FROM `translog` [ RunTime:0.000390s ]
SQL: SELECT * FROM `translog`  [ RunTime:0.000098s ]
SQL: SHOW COLUMNS FROM `frequency` [ RunTime:0.000340s ]
SQL: select * from frequency order by date desc limit 0,14 [ RunTime:0.000128s ]
INFO: [ view_parse ] --START--
INFO: ParseTemplate Behavior ::run [ RunTime:0.013441s ]
INFO: [ view_parse ] --END-- [ RunTime:0.013494s ]
INFO: [ view_filter ] --START--
INFO: ContentReplace Behavior ::run [ RunTime:0.000181s ]
INFO: TokenBuild Behavior ::run [ RunTime:0.000167s ]
INFO: WriteHtmlCache Behavior ::run [ RunTime:0.000101s ]
INFO: ShowRuntime Behavior ::run [ RunTime:0.000223s ]
INFO: [ view_filter ] --END-- [ RunTime:0.000785s ]
INFO: [ view_end ] --START--
INFO: ShowPageTrace Behavior ::run [ RunTime:0.000285s ]
INFO: [ view_end ] --END-- [ RunTime:0.000324s ]

[ 2013-11-04T10:30:02+08:00 ] 192.168.3.139 /wangpan/StatAnal.php
INFO: [ app_begin ] --START--
INFO: ReadHtmlCache Behavior ::run [ RunTime:0.000254s ]
INFO: [ app_begin ] --END-- [ RunTime:0.000308s ]
NOTIC: [8] A session had already been started - ignoring session_start() /home/wwwroot/default/wangpan/ThinkPHP/Common/functions.php 第 566 行.
SQL: SHOW COLUMNS FROM `analyse` [ RunTime:0.000570s ]
SQL: SELECT * FROM `analyse` WHERE ( `id` = 1 ) LIMIT 1   [ RunTime:0.000128s ]
SQL: SHOW COLUMNS FROM `translog` [ RunTime:0.000389s ]
SQL: SELECT * FROM `translog`  [ RunTime:0.000099s ]
SQL: SHOW COLUMNS FROM `frequency` [ RunTime:0.000340s ]
SQL: select * from frequency order by date desc limit 0,14 [ RunTime:0.000129s ]
INFO: [ view_parse ] --START--
INFO: ParseTemplate Behavior ::run [ RunTime:0.013386s ]
INFO: [ view_parse ] --END-- [ RunTime:0.013439s ]
INFO: [ view_filter ] --START--
INFO: ContentReplace Behavior ::run [ RunTime:0.000178s ]
INFO: TokenBuild Behavior ::run [ RunTime:0.000165s ]
INFO: WriteHtmlCache Behavior ::run [ RunTime:0.000099s ]
INFO: ShowRuntime Behavior ::run [ RunTime:0.000214s ]
INFO: [ view_filter ] --END-- [ RunTime:0.000775s ]
INFO: [ view_end ] --START--
INFO: ShowPageTrace Behavior ::run [ RunTime:0.000277s ]
INFO: [ view_end ] --END-- [ RunTime:0.000317s ]

[ 2013-11-04T10:30:04+08:00 ] 192.168.3.139 /wangpan/StatAnal.php
INFO: [ app_begin ] --START--
INFO: ReadHtmlCache Behavior ::run [ RunTime:0.000258s ]
INFO: [ app_begin ] --END-- [ RunTime:0.000313s ]
NOTIC: [8] A session had already been started - ignoring session_start() /home/wwwroot/default/wangpan/ThinkPHP/Common/functions.php 第 566 行.
SQL: SHOW COLUMNS FROM `analyse` [ RunTime:0.000572s ]
SQL: SELECT * FROM `analyse` WHERE ( `id` = 1 ) LIMIT 1   [ RunTime:0.000130s ]
SQL: SHOW COLUMNS FROM `translog` [ RunTime:0.000386s ]
SQL: SELECT * FROM `translog`  [ RunTime:0.000099s ]
SQL: SHOW COLUMNS FROM `frequency` [ RunTime:0.000339s ]
SQL: select * from frequency order by date desc limit 0,14 [ RunTime:0.000128s ]
INFO: [ view_parse ] --START--
INFO: ParseTemplate Behavior ::run [ RunTime:0.013428s ]
INFO: [ view_parse ] --END-- [ RunTime:0.013478s ]
INFO: [ view_filter ] --START--
INFO: ContentReplace Behavior ::run [ RunTime:0.000180s ]
INFO: TokenBuild Behavior ::run [ RunTime:0.000164s ]
INFO: WriteHtmlCache Behavior ::run [ RunTime:0.000099s ]
INFO: ShowRuntime Behavior ::run [ RunTime:0.000217s ]
INFO: [ view_filter ] --END-- [ RunTime:0.000775s ]
INFO: [ view_end ] --START--
INFO: ShowPageTrace Behavior ::run [ RunTime:0.000279s ]
INFO: [ view_end ] --END-- [ RunTime:0.000319s ]

[ 2013-11-04T10:31:14+08:00 ] 192.168.3.139 /wangpan/StatAnal.php
INFO: [ app_begin ] --START--
INFO: ReadHtmlCache Behavior ::run [ RunTime:0.000259s ]
INFO: [ app_begin ] --END-- [ RunTime:0.000318s ]
NOTIC: [8] A session had already been started - ignoring session_start() /home/wwwroot/default/wangpan/ThinkPHP/Common/functions.php 第 566 行.
SQL: SHOW COLUMNS FROM `analyse` [ RunTime:0.000541s ]
SQL: SELECT * FROM `analyse` WHERE ( `id` = 1 ) LIMIT 1   [ RunTime:0.000130s ]
SQL: SHOW COLUMNS FROM `translog` [ RunTime:0.000421s ]
SQL: SELECT * FROM `translog`  [ RunTime:0.000100s ]
SQL: SHOW COLUMNS FROM `frequency` [ RunTime:0.000340s ]
SQL: select * from frequency order by date desc limit 0,14 [ RunTime:0.000130s ]
INFO: [ view_parse ] --START--
INFO: ParseTemplate Behavior ::run [ RunTime:0.013581s ]
INFO: [ view_parse ] --END-- [ RunTime:0.013634s ]
INFO: [ view_filter ] --START--
INFO: ContentReplace Behavior ::run [ RunTime:0.000182s ]
INFO: TokenBuild Behavior ::run [ RunTime:0.000170s ]
INFO: WriteHtmlCache Behavior ::run [ RunTime:0.000101s ]
INFO: ShowRuntime Behavior ::run [ RunTime:0.000219s ]
INFO: [ view_filter ] --END-- [ RunTime:0.000786s ]
INFO: [ view_end ] --START--
INFO: ShowPageTrace Behavior ::run [ RunTime:0.000296s ]
INFO: [ view_end ] --END-- [ RunTime:0.000336s ]

[ 2013-11-04T10:31:33+08:00 ] 192.168.3.228 /wangpan/StatAnal.php
INFO: [ app_begin ] --START--
INFO: ReadHtmlCache Behavior ::run [ RunTime:0.000254s ]
INFO: [ app_begin ] --END-- [ RunTime:0.000312s ]
NOTIC: [8] A session had already been started - ignoring session_start() /home/wwwroot/default/wangpan/ThinkPHP/Common/functions.php 第 566 行.
SQL: SHOW COLUMNS FROM `analyse` [ RunTime:0.000563s ]
SQL: SELECT * FROM `analyse` WHERE ( `id` = 1 ) LIMIT 1   [ RunTime:0.000129s ]
SQL: SHOW COLUMNS FROM `translog` [ RunTime:0.000404s ]
SQL: SELECT * FROM `translog`  [ RunTime:0.000098s ]
SQL: SHOW COLUMNS FROM `frequency` [ RunTime:0.000339s ]
SQL: select * from frequency order by date desc limit 0,14 [ RunTime:0.000129s ]
INFO: [ view_parse ] --START--
INFO: ParseTemplate Behavior ::run [ RunTime:0.013426s ]
INFO: [ view_parse ] --END-- [ RunTime:0.013480s ]
INFO: [ view_filter ] --START--
INFO: ContentReplace Behavior ::run [ RunTime:0.000180s ]
INFO: TokenBuild Behavior ::run [ RunTime:0.000167s ]
INFO: WriteHtmlCache Behavior ::run [ RunTime:0.000099s ]
INFO: ShowRuntime Behavior ::run [ RunTime:0.000215s ]
INFO: [ view_filter ] --END-- [ RunTime:0.000774s ]
INFO: [ view_end ] --START--
INFO: ShowPageTrace Behavior ::run [ RunTime:0.000277s ]
INFO: [ view_end ] --END-- [ RunTime:0.000317s ]

[ 2013-11-04T10:44:14+08:00 ] 192.168.3.228 /wangpan/StatAnal.php
INFO: [ app_begin ] --START--
INFO: ReadHtmlCache Behavior ::run [ RunTime:0.000261s ]
INFO: [ app_begin ] --END-- [ RunTime:0.000323s ]
NOTIC: [8] A session had already been started - ignoring session_start() /home/wwwroot/default/wangpan/ThinkPHP/Common/functions.php 第 566 行.
SQL: SHOW COLUMNS FROM `analyse` [ RunTime:0.000577s ]
SQL: SELECT * FROM `analyse` WHERE ( `id` = 1 ) LIMIT 1   [ RunTime:0.000130s ]
SQL: SHOW COLUMNS FROM `translog` [ RunTime:0.000392s ]
SQL: SELECT * FROM `translog`  [ RunTime:0.000098s ]
SQL: SHOW COLUMNS FROM `frequency` [ RunTime:0.000341s ]
SQL: select * from frequency order by date desc limit 0,14 [ RunTime:0.000130s ]
INFO: [ view_parse ] --START--
INFO: ParseTemplate Behavior ::run [ RunTime:0.013448s ]
INFO: [ view_parse ] --END-- [ RunTime:0.013499s ]
INFO: [ view_filter ] --START--
INFO: ContentReplace Behavior ::run [ RunTime:0.000182s ]
INFO: TokenBuild Behavior ::run [ RunTime:0.000168s ]
INFO: WriteHtmlCache Behavior ::run [ RunTime:0.000101s ]
INFO: ShowRuntime Behavior ::run [ RunTime:0.000220s ]
INFO: [ view_filter ] --END-- [ RunTime:0.000783s ]
INFO: [ view_end ] --START--
INFO: ShowPageTrace Behavior ::run [ RunTime:0.000280s ]
INFO: [ view_end ] --END-- [ RunTime:0.000319s ]

[ 2013-11-04T10:44:17+08:00 ] 192.168.3.228 /wangpan/StatAnal.php
INFO: [ app_begin ] --START--
INFO: ReadHtmlCache Behavior ::run [ RunTime:0.000257s ]
INFO: [ app_begin ] --END-- [ RunTime:0.000311s ]
NOTIC: [8] A session had already been started - ignoring session_start() /home/wwwroot/default/wangpan/ThinkPHP/Common/functions.php 第 566 行.
SQL: SHOW COLUMNS FROM `analyse` [ RunTime:0.000557s ]
SQL: SELECT * FROM `analyse` WHERE ( `id` = 1 ) LIMIT 1   [ RunTime:0.000128s ]
SQL: SHOW COLUMNS FROM `translog` [ RunTime:0.000388s ]
SQL: SELECT * FROM `translog`  [ RunTime:0.000098s ]
SQL: SHOW COLUMNS FROM `frequency` [ RunTime:0.000340s ]
SQL: select * from frequency order by date desc limit 0,14 [ RunTime:0.000128s ]
INFO: [ view_parse ] --START--
INFO: ParseTemplate Behavior ::run [ RunTime:0.013363s ]
INFO: [ view_parse ] --END-- [ RunTime:0.013415s ]
INFO: [ view_filter ] --START--
INFO: ContentReplace Behavior ::run [ RunTime:0.000180s ]
INFO: TokenBuild Behavior ::run [ RunTime:0.000167s ]
INFO: WriteHtmlCache Behavior ::run [ RunTime:0.000103s ]
INFO: ShowRuntime Behavior ::run [ RunTime:0.000217s ]
INFO: [ view_filter ] --END-- [ RunTime:0.000780s ]
INFO: [ view_end ] --START--
INFO: ShowPageTrace Behavior ::run [ RunTime:0.000285s ]
INFO: [ view_end ] --END-- [ RunTime:0.000324s ]

[ 2013-11-04T10:44:19+08:00 ] 192.168.3.228 /wangpan/StatAnal.php
INFO: [ app_begin ] --START--
INFO: ReadHtmlCache Behavior ::run [ RunTime:0.000260s ]
INFO: [ app_begin ] --END-- [ RunTime:0.000317s ]
NOTIC: [8] A session had already been started - ignoring session_start() /home/wwwroot/default/wangpan/ThinkPHP/Common/functions.php 第 566 行.
SQL: SHOW COLUMNS FROM `analyse` [ RunTime:0.000569s ]
SQL: SELECT * FROM `analyse` WHERE ( `id` = 1 ) LIMIT 1   [ RunTime:0.000128s ]
SQL: SHOW COLUMNS FROM `translog` [ RunTime:0.000389s ]
SQL: SELECT * FROM `translog`  [ RunTime:0.000098s ]
SQL: SHOW COLUMNS FROM `frequency` [ RunTime:0.000338s ]
SQL: select * from frequency order by date desc limit 0,14 [ RunTime:0.000128s ]
INFO: [ view_parse ] --START--
INFO: ParseTemplate Behavior ::run [ RunTime:0.013447s ]
INFO: [ view_parse ] --END-- [ RunTime:0.013499s ]
INFO: [ view_filter ] --START--
INFO: ContentReplace Behavior ::run [ RunTime:0.000184s ]
INFO: TokenBuild Behavior ::run [ RunTime:0.000166s ]
INFO: WriteHtmlCache Behavior ::run [ RunTime:0.000101s ]
INFO: ShowRuntime Behavior ::run [ RunTime:0.000220s ]
INFO: [ view_filter ] --END-- [ RunTime:0.000783s ]
INFO: [ view_end ] --START--
INFO: ShowPageTrace Behavior ::run [ RunTime:0.000284s ]
INFO: [ view_end ] --END-- [ RunTime:0.000324s ]

[ 2013-11-04T10:53:34+08:00 ] 192.168.3.228 /wangpan/StatAnal.php
INFO: [ app_begin ] --START--
INFO: ReadHtmlCache Behavior ::run [ RunTime:0.000263s ]
INFO: [ app_begin ] --END-- [ RunTime:0.000324s ]
NOTIC: [8] A session had already been started - ignoring session_start() /home/wwwroot/default/wangpan/ThinkPHP/Common/functions.php 第 566 行.
SQL: SHOW COLUMNS FROM `analyse` [ RunTime:0.000575s ]
SQL: SELECT * FROM `analyse` WHERE ( `id` = 1 ) LIMIT 1   [ RunTime:0.000129s ]
SQL: SHOW COLUMNS FROM `translog` [ RunTime:0.000388s ]
SQL: SELECT * FROM `translog`  [ RunTime:0.000098s ]
SQL: SHOW COLUMNS FROM `frequency` [ RunTime:0.000339s ]
SQL: select * from frequency order by date desc limit 0,14 [ RunTime:0.000129s ]
INFO: [ view_parse ] --START--
INFO: ParseTemplate Behavior ::run [ RunTime:0.013477s ]
INFO: [ view_parse ] --END-- [ RunTime:0.013529s ]
INFO: [ view_filter ] --START--
INFO: ContentReplace Behavior ::run [ RunTime:0.000182s ]
INFO: TokenBuild Behavior ::run [ RunTime:0.000168s ]
INFO: WriteHtmlCache Behavior ::run [ RunTime:0.000101s ]
INFO: ShowRuntime Behavior ::run [ RunTime:0.000216s ]
INFO: [ view_filter ] --END-- [ RunTime:0.000780s ]
INFO: [ view_end ] --START--
INFO: ShowPageTrace Behavior ::run [ RunTime:0.000282s ]
INFO: [ view_end ] --END-- [ RunTime:0.000322s ]

[ 2013-11-04T11:56:42+08:00 ] 192.168.3.228 /wangpan/StatAnal.php
INFO: [ app_begin ] --START--
INFO: ReadHtmlCache Behavior ::run [ RunTime:0.000262s ]
INFO: [ app_begin ] --END-- [ RunTime:0.000323s ]
NOTIC: [8] A session had already been started - ignoring session_start() /home/wwwroot/default/wangpan/ThinkPHP/Common/functions.php 第 566 行.
SQL: SHOW COLUMNS FROM `analyse` [ RunTime:0.000543s ]
SQL: SELECT * FROM `analyse` WHERE ( `id` = 1 ) LIMIT 1   [ RunTime:0.000128s ]
SQL: SHOW COLUMNS FROM `translog` [ RunTime:0.000385s ]
SQL: SELECT * FROM `translog`  [ RunTime:0.000098s ]
SQL: SHOW COLUMNS FROM `frequency` [ RunTime:0.000340s ]
SQL: select * from frequency order by date desc limit 0,14 [ RunTime:0.000130s ]
INFO: [ view_parse ] --START--
INFO: ParseTemplate Behavior ::run [ RunTime:0.014209s ]
INFO: [ view_parse ] --END-- [ RunTime:0.014266s ]
INFO: [ view_filter ] --START--
INFO: ContentReplace Behavior ::run [ RunTime:0.000184s ]
INFO: TokenBuild Behavior ::run [ RunTime:0.000169s ]
INFO: WriteHtmlCache Behavior ::run [ RunTime:0.000101s ]
INFO: ShowRuntime Behavior ::run [ RunTime:0.000219s ]
INFO: [ view_filter ] --END-- [ RunTime:0.000785s ]
INFO: [ view_end ] --START--
INFO: ShowPageTrace Behavior ::run [ RunTime:0.000281s ]
INFO: [ view_end ] --END-- [ RunTime:0.000321s ]

[ 2013-11-04T14:29:57+08:00 ] 192.168.3.228 /wangpan/StatAnal.php
INFO: [ app_begin ] --START--
INFO: ReadHtmlCache Behavior ::run [ RunTime:0.000263s ]
INFO: [ app_begin ] --END-- [ RunTime:0.000323s ]
NOTIC: [8] A session had already been started - ignoring session_start() /home/wwwroot/default/wangpan/ThinkPHP/Common/functions.php 第 566 行.
SQL: SHOW COLUMNS FROM `analyse` [ RunTime:0.000576s ]
SQL: SELECT * FROM `analyse` WHERE ( `id` = 1 ) LIMIT 1   [ RunTime:0.000130s ]
SQL: SHOW COLUMNS FROM `translog` [ RunTime:0.000386s ]
SQL: SELECT * FROM `translog`  [ RunTime:0.000098s ]
SQL: SHOW COLUMNS FROM `frequency` [ RunTime:0.000338s ]
SQL: select * from frequency order by date desc limit 0,14 [ RunTime:0.000129s ]
INFO: [ view_parse ] --START--
INFO: ParseTemplate Behavior ::run [ RunTime:0.013519s ]
INFO: [ view_parse ] --END-- [ RunTime:0.013574s ]
INFO: [ view_filter ] --START--
INFO: ContentReplace Behavior ::run [ RunTime:0.000180s ]
INFO: TokenBuild Behavior ::run [ RunTime:0.000166s ]
INFO: WriteHtmlCache Behavior ::run [ RunTime:0.000100s ]
INFO: ShowRuntime Behavior ::run [ RunTime:0.000215s ]
INFO: [ view_filter ] --END-- [ RunTime:0.000776s ]
INFO: [ view_end ] --START--
INFO: ShowPageTrace Behavior ::run [ RunTime:0.000287s ]
INFO: [ view_end ] --END-- [ RunTime:0.000326s ]

[ 2013-11-04T14:31:19+08:00 ] 192.168.3.228 /wangpan/StatAnal.php
INFO: [ app_begin ] --START--
INFO: ReadHtmlCache Behavior ::run [ RunTime:0.000253s ]
INFO: [ app_begin ] --END-- [ RunTime:0.000314s ]
NOTIC: [8] A session had already been started - ignoring session_start() /home/wwwroot/default/wangpan/ThinkPHP/Common/functions.php 第 566 行.
SQL: SHOW COLUMNS FROM `analyse` [ RunTime:0.000571s ]
SQL: SELECT * FROM `analyse` WHERE ( `id` = 1 ) LIMIT 1   [ RunTime:0.000129s ]
SQL: SHOW COLUMNS FROM `translog` [ RunTime:0.000387s ]
SQL: SELECT * FROM `translog`  [ RunTime:0.000098s ]
SQL: SHOW COLUMNS FROM `frequency` [ RunTime:0.000353s ]
SQL: select * from frequency order by date desc limit 0,14 [ RunTime:0.000128s ]
INFO: [ view_parse ] --START--
INFO: ParseTemplate Behavior ::run [ RunTime:0.013445s ]
INFO: [ view_parse ] --END-- [ RunTime:0.013499s ]
INFO: [ view_filter ] --START--
INFO: ContentReplace Behavior ::run [ RunTime:0.000179s ]
INFO: TokenBuild Behavior ::run [ RunTime:0.000168s ]
INFO: WriteHtmlCache Behavior ::run [ RunTime:0.000100s ]
INFO: ShowRuntime Behavior ::run [ RunTime:0.000217s ]
INFO: [ view_filter ] --END-- [ RunTime:0.000775s ]
INFO: [ view_end ] --START--
INFO: ShowPageTrace Behavior ::run [ RunTime:0.000286s ]
INFO: [ view_end ] --END-- [ RunTime:0.000326s ]

[ 2013-11-04T14:54:28+08:00 ] 192.168.3.139 /wangpan/StatAnal.php
INFO: [ app_begin ] --START--
INFO: ReadHtmlCache Behavior ::run [ RunTime:0.000271s ]
INFO: [ app_begin ] --END-- [ RunTime:0.000337s ]
NOTIC: [8] A session had already been started - ignoring session_start() /home/wwwroot/default/wangpan/ThinkPHP/Common/functions.php 第 566 行.
SQL: SHOW COLUMNS FROM `analyse` [ RunTime:0.000612s ]
SQL: SELECT * FROM `analyse` WHERE ( `id` = 1 ) LIMIT 1   [ RunTime:0.000133s ]
SQL: SHOW COLUMNS FROM `translog` [ RunTime:0.000393s ]
SQL: SELECT * FROM `translog`  [ RunTime:0.000102s ]
SQL: SHOW COLUMNS FROM `frequency` [ RunTime:0.000343s ]
SQL: select * from frequency order by date desc limit 0,14 [ RunTime:0.000130s ]
INFO: [ view_parse ] --START--
INFO: ParseTemplate Behavior ::run [ RunTime:0.014507s ]
INFO: [ view_parse ] --END-- [ RunTime:0.014572s ]
INFO: [ view_filter ] --START--
INFO: ContentReplace Behavior ::run [ RunTime:0.000187s ]
INFO: TokenBuild Behavior ::run [ RunTime:0.000170s ]
INFO: WriteHtmlCache Behavior ::run [ RunTime:0.000102s ]
INFO: ShowRuntime Behavior ::run [ RunTime:0.000217s ]
INFO: [ view_filter ] --END-- [ RunTime:0.000789s ]
INFO: [ view_end ] --START--
INFO: ShowPageTrace Behavior ::run [ RunTime:0.000307s ]
INFO: [ view_end ] --END-- [ RunTime:0.000348s ]

[ 2013-11-04T14:54:58+08:00 ] 192.168.3.139 /wangpan/StatAnal.php
INFO: [ app_begin ] --START--
INFO: ReadHtmlCache Behavior ::run [ RunTime:0.000266s ]
INFO: [ app_begin ] --END-- [ RunTime:0.000331s ]
NOTIC: [8] A session had already been started - ignoring session_start() /home/wwwroot/default/wangpan/ThinkPHP/Common/functions.php 第 566 行.
SQL: SHOW COLUMNS FROM `analyse` [ RunTime:0.000611s ]
SQL: SELECT * FROM `analyse` WHERE ( `id` = 1 ) LIMIT 1   [ RunTime:0.000132s ]
SQL: SHOW COLUMNS FROM `translog` [ RunTime:0.000393s ]
SQL: SELECT * FROM `translog`  [ RunTime:0.000100s ]
SQL: SHOW COLUMNS FROM `frequency` [ RunTime:0.000340s ]
SQL: select * from frequency order by date desc limit 0,14 [ RunTime:0.000129s ]
INFO: [ view_parse ] --START--
INFO: ParseTemplate Behavior ::run [ RunTime:0.014435s ]
INFO: [ view_parse ] --END-- [ RunTime:0.014499s ]
INFO: [ view_filter ] --START--
INFO: ContentReplace Behavior ::run [ RunTime:0.000191s ]
INFO: TokenBuild Behavior ::run [ RunTime:0.000166s ]
INFO: WriteHtmlCache Behavior ::run [ RunTime:0.000099s ]
INFO: ShowRuntime Behavior ::run [ RunTime:0.000216s ]
INFO: [ view_filter ] --END-- [ RunTime:0.000786s ]
INFO: [ view_end ] --START--
INFO: ShowPageTrace Behavior ::run [ RunTime:0.000300s ]
INFO: [ view_end ] --END-- [ RunTime:0.000340s ]

[ 2013-11-04T14:55:06+08:00 ] 192.168.3.139 /wangpan/StatAnal.php
INFO: [ app_begin ] --START--
INFO: ReadHtmlCache Behavior ::run [ RunTime:0.000269s ]
INFO: [ app_begin ] --END-- [ RunTime:0.000334s ]
NOTIC: [8] A session had already been started - ignoring session_start() /home/wwwroot/default/wangpan/ThinkPHP/Common/functions.php 第 566 行.
SQL: SHOW COLUMNS FROM `analyse` [ RunTime:0.000612s ]
SQL: SELECT * FROM `analyse` WHERE ( `id` = 1 ) LIMIT 1   [ RunTime:0.000131s ]
SQL: SHOW COLUMNS FROM `translog` [ RunTime:0.000392s ]
SQL: SELECT * FROM `translog`  [ RunTime:0.000101s ]
SQL: SHOW COLUMNS FROM `frequency` [ RunTime:0.000338s ]
SQL: select * from frequency order by date desc limit 0,14 [ RunTime:0.000129s ]
INFO: [ view_parse ] --START--
INFO: ParseTemplate Behavior ::run [ RunTime:0.014433s ]
INFO: [ view_parse ] --END-- [ RunTime:0.014497s ]
INFO: [ view_filter ] --START--
INFO: ContentReplace Behavior ::run [ RunTime:0.000184s ]
INFO: TokenBuild Behavior ::run [ RunTime:0.000166s ]
INFO: WriteHtmlCache Behavior ::run [ RunTime:0.000098s ]
INFO: ShowRuntime Behavior ::run [ RunTime:0.000214s ]
INFO: [ view_filter ] --END-- [ RunTime:0.000778s ]
INFO: [ view_end ] --START--
INFO: ShowPageTrace Behavior ::run [ RunTime:0.000303s ]
INFO: [ view_end ] --END-- [ RunTime:0.000343s ]

[ 2013-11-04T14:56:44+08:00 ] 192.168.3.139 /wangpan/StatAnal.php
INFO: [ app_begin ] --START--
INFO: ReadHtmlCache Behavior ::run [ RunTime:0.000261s ]
INFO: [ app_begin ] --END-- [ RunTime:0.000324s ]
NOTIC: [8] A session had already been started - ignoring session_start() /home/wwwroot/default/wangpan/ThinkPHP/Common/functions.php 第 566 行.
SQL: SHOW COLUMNS FROM `analyse` [ RunTime:0.000606s ]
SQL: SELECT * FROM `analyse` WHERE ( `id` = 1 ) LIMIT 1   [ RunTime:0.000132s ]
SQL: SHOW COLUMNS FROM `translog` [ RunTime:0.000390s ]
SQL: SELECT * FROM `translog`  [ RunTime:0.000098s ]
SQL: SHOW COLUMNS FROM `frequency` [ RunTime:0.000338s ]
SQL: select * from frequency order by date desc limit 0,14 [ RunTime:0.000129s ]
INFO: [ view_parse ] --START--
INFO: ParseTemplate Behavior ::run [ RunTime:0.014050s ]
INFO: [ view_parse ] --END-- [ RunTime:0.014104s ]
INFO: [ view_filter ] --START--
INFO: ContentReplace Behavior ::run [ RunTime:0.000185s ]
INFO: TokenBuild Behavior ::run [ RunTime:0.000169s ]
INFO: WriteHtmlCache Behavior ::run [ RunTime:0.000102s ]
INFO: ShowRuntime Behavior ::run [ RunTime:0.000217s ]
INFO: [ view_filter ] --END-- [ RunTime:0.000788s ]
INFO: [ view_end ] --START--
INFO: ShowPageTrace Behavior ::run [ RunTime:0.000289s ]
INFO: [ view_end ] --END-- [ RunTime:0.000334s ]

[ 2013-11-04T14:56:46+08:00 ] 192.168.3.139 /wangpan/StatAnal.php
INFO: [ app_begin ] --START--
INFO: ReadHtmlCache Behavior ::run [ RunTime:0.000273s ]
INFO: [ app_begin ] --END-- [ RunTime:0.000338s ]
NOTIC: [8] A session had already been started - ignoring session_start() /home/wwwroot/default/wangpan/ThinkPHP/Common/functions.php 第 566 行.
SQL: SHOW COLUMNS FROM `analyse` [ RunTime:0.000611s ]
SQL: SELECT * FROM `analyse` WHERE ( `id` = 1 ) LIMIT 1   [ RunTime:0.000130s ]
SQL: SHOW COLUMNS FROM `translog` [ RunTime:0.000391s ]
SQL: SELECT * FROM `translog`  [ RunTime:0.000101s ]
SQL: SHOW COLUMNS FROM `frequency` [ RunTime:0.000353s ]
SQL: select * from frequency order by date desc limit 0,14 [ RunTime:0.000129s ]
INFO: [ view_parse ] --START--
INFO: ParseTemplate Behavior ::run [ RunTime:0.014437s ]
INFO: [ view_parse ] --END-- [ RunTime:0.014505s ]
INFO: [ view_filter ] --START--
INFO: ContentReplace Behavior ::run [ RunTime:0.000186s ]
INFO: TokenBuild Behavior ::run [ RunTime:0.000169s ]
INFO: WriteHtmlCache Behavior ::run [ RunTime:0.000100s ]
INFO: ShowRuntime Behavior ::run [ RunTime:0.000217s ]
INFO: [ view_filter ] --END-- [ RunTime:0.000786s ]
INFO: [ view_end ] --START--
INFO: ShowPageTrace Behavior ::run [ RunTime:0.000311s ]
INFO: [ view_end ] --END-- [ RunTime:0.000355s ]

[ 2013-11-04T15:18:23+08:00 ] 192.168.3.228 /wangpan/StatAnal.php
INFO: [ app_begin ] --START--
INFO: ReadHtmlCache Behavior ::run [ RunTime:0.000259s ]
INFO: [ app_begin ] --END-- [ RunTime:0.000320s ]
NOTIC: [8] A session had already been started - ignoring session_start() /home/wwwroot/default/wangpan/ThinkPHP/Common/functions.php 第 566 行.
SQL: SHOW COLUMNS FROM `analyse` [ RunTime:0.000575s ]
SQL: SELECT * FROM `analyse` WHERE ( `id` = 1 ) LIMIT 1   [ RunTime:0.000129s ]
SQL: SHOW COLUMNS FROM `translog` [ RunTime:0.000391s ]
SQL: SELECT * FROM `translog`  [ RunTime:0.000098s ]
SQL: SHOW COLUMNS FROM `frequency` [ RunTime:0.000353s ]
SQL: select * from frequency order by date desc limit 0,14 [ RunTime:0.000129s ]
INFO: [ view_parse ] --START--
INFO: ParseTemplate Behavior ::run [ RunTime:0.013439s ]
INFO: [ view_parse ] --END-- [ RunTime:0.013492s ]
INFO: [ view_filter ] --START--
INFO: ContentReplace Behavior ::run [ RunTime:0.000182s ]
INFO: TokenBuild Behavior ::run [ RunTime:0.000168s ]
INFO: WriteHtmlCache Behavior ::run [ RunTime:0.000102s ]
INFO: ShowRuntime Behavior ::run [ RunTime:0.000218s ]
INFO: [ view_filter ] --END-- [ RunTime:0.000785s ]
INFO: [ view_end ] --START--
INFO: ShowPageTrace Behavior ::run [ RunTime:0.000289s ]
INFO: [ view_end ] --END-- [ RunTime:0.000328s ]

[ 2013-11-04T15:18:24+08:00 ] 192.168.3.228 /wangpan/StatAnal.php
INFO: [ app_begin ] --START--
INFO: ReadHtmlCache Behavior ::run [ RunTime:0.000253s ]
INFO: [ app_begin ] --END-- [ RunTime:0.000314s ]
NOTIC: [8] A session had already been started - ignoring session_start() /home/wwwroot/default/wangpan/ThinkPHP/Common/functions.php 第 566 行.
SQL: SHOW COLUMNS FROM `analyse` [ RunTime:0.000577s ]
SQL: SELECT * FROM `analyse` WHERE ( `id` = 1 ) LIMIT 1   [ RunTime:0.000130s ]
SQL: SHOW COLUMNS FROM `translog` [ RunTime:0.000390s ]
SQL: SELECT * FROM `translog`  [ RunTime:0.000099s ]
SQL: SHOW COLUMNS FROM `frequency` [ RunTime:0.000342s ]
SQL: select * from frequency order by date desc limit 0,14 [ RunTime:0.000130s ]
INFO: [ view_parse ] --START--
INFO: ParseTemplate Behavior ::run [ RunTime:0.013504s ]
INFO: [ view_parse ] --END-- [ RunTime:0.013557s ]
INFO: [ view_filter ] --START--
INFO: ContentReplace Behavior ::run [ RunTime:0.000179s ]
INFO: TokenBuild Behavior ::run [ RunTime:0.000166s ]
INFO: WriteHtmlCache Behavior ::run [ RunTime:0.000099s ]
INFO: ShowRuntime Behavior ::run [ RunTime:0.000216s ]
INFO: [ view_filter ] --END-- [ RunTime:0.000772s ]
INFO: [ view_end ] --START--
INFO: ShowPageTrace Behavior ::run [ RunTime:0.000285s ]
INFO: [ view_end ] --END-- [ RunTime:0.000325s ]

[ 2013-11-04T15:35:10+08:00 ] 192.168.3.228 /wangpan/StatAnal.php
INFO: [ app_begin ] --START--
INFO: ReadHtmlCache Behavior ::run [ RunTime:0.000256s ]
INFO: [ app_begin ] --END-- [ RunTime:0.000312s ]
NOTIC: [8] A session had already been started - ignoring session_start() /home/wwwroot/default/wangpan/ThinkPHP/Common/functions.php 第 566 行.
SQL: SHOW COLUMNS FROM `analyse` [ RunTime:0.000567s ]
SQL: SELECT * FROM `analyse` WHERE ( `id` = 1 ) LIMIT 1   [ RunTime:0.000129s ]
SQL: SHOW COLUMNS FROM `translog` [ RunTime:0.000393s ]
SQL: SELECT * FROM `translog`  [ RunTime:0.000098s ]
SQL: SHOW COLUMNS FROM `frequency` [ RunTime:0.000342s ]
SQL: select * from frequency order by date desc limit 0,14 [ RunTime:0.000129s ]
INFO: [ view_parse ] --START--
INFO: ParseTemplate Behavior ::run [ RunTime:0.013440s ]
INFO: [ view_parse ] --END-- [ RunTime:0.013492s ]
INFO: [ view_filter ] --START--
INFO: ContentReplace Behavior ::run [ RunTime:0.000178s ]
INFO: TokenBuild Behavior ::run [ RunTime:0.000167s ]
INFO: WriteHtmlCache Behavior ::run [ RunTime:0.000099s ]
INFO: ShowRuntime Behavior ::run [ RunTime:0.000217s ]
INFO: [ view_filter ] --END-- [ RunTime:0.000774s ]
INFO: [ view_end ] --START--
INFO: ShowPageTrace Behavior ::run [ RunTime:0.000277s ]
INFO: [ view_end ] --END-- [ RunTime:0.000317s ]

[ 2013-11-04T15:56:15+08:00 ] 192.168.3.228 /wangpan/StatAnal.php
INFO: [ app_begin ] --START--
INFO: ReadHtmlCache Behavior ::run [ RunTime:0.000258s ]
INFO: [ app_begin ] --END-- [ RunTime:0.000322s ]
NOTIC: [8] A session had already been started - ignoring session_start() /home/wwwroot/default/wangpan/ThinkPHP/Common/functions.php 第 566 行.
SQL: SHOW COLUMNS FROM `analyse` [ RunTime:0.000578s ]
SQL: SELECT * FROM `analyse` WHERE ( `id` = 1 ) LIMIT 1   [ RunTime:0.000132s ]
SQL: SHOW COLUMNS FROM `translog` [ RunTime:0.000387s ]
SQL: SELECT * FROM `translog`  [ RunTime:0.000218s ]
SQL: SHOW COLUMNS FROM `frequency` [ RunTime:0.000339s ]
SQL: select * from frequency order by date desc limit 0,14 [ RunTime:0.000128s ]
INFO: [ view_parse ] --START--
INFO: ParseTemplate Behavior ::run [ RunTime:0.013614s ]
INFO: [ view_parse ] --END-- [ RunTime:0.013667s ]
INFO: [ view_filter ] --START--
INFO: ContentReplace Behavior ::run [ RunTime:0.000187s ]
INFO: TokenBuild Behavior ::run [ RunTime:0.000168s ]
INFO: WriteHtmlCache Behavior ::run [ RunTime:0.000102s ]
INFO: ShowRuntime Behavior ::run [ RunTime:0.000220s ]
INFO: [ view_filter ] --END-- [ RunTime:0.000790s ]
INFO: [ view_end ] --START--
INFO: ShowPageTrace Behavior ::run [ RunTime:0.000283s ]
INFO: [ view_end ] --END-- [ RunTime:0.000323s ]

[ 2013-11-04T16:03:35+08:00 ] 192.168.3.228 /wangpan/StatAnal.php
INFO: [ app_begin ] --START--
INFO: ReadHtmlCache Behavior ::run [ RunTime:0.000257s ]
INFO: [ app_begin ] --END-- [ RunTime:0.000319s ]
NOTIC: [8] A session had already been started - ignoring session_start() /home/wwwroot/default/wangpan/ThinkPHP/Common/functions.php 第 566 行.
SQL: SHOW COLUMNS FROM `analyse` [ RunTime:0.000599s ]
SQL: SELECT * FROM `analyse` WHERE ( `id` = 1 ) LIMIT 1   [ RunTime:0.000132s ]
SQL: SHOW COLUMNS FROM `translog` [ RunTime:0.000402s ]
SQL: SELECT * FROM `translog`  [ RunTime:0.000099s ]
SQL: SHOW COLUMNS FROM `frequency` [ RunTime:0.000339s ]
SQL: select * from frequency order by date desc limit 0,14 [ RunTime:0.000129s ]
INFO: [ view_parse ] --START--
INFO: ParseTemplate Behavior ::run [ RunTime:0.013517s ]
INFO: [ view_parse ] --END-- [ RunTime:0.013568s ]
INFO: [ view_filter ] --START--
INFO: ContentReplace Behavior ::run [ RunTime:0.000187s ]
INFO: TokenBuild Behavior ::run [ RunTime:0.000167s ]
INFO: WriteHtmlCache Behavior ::run [ RunTime:0.000099s ]
INFO: ShowRuntime Behavior ::run [ RunTime:0.000215s ]
INFO: [ view_filter ] --END-- [ RunTime:0.000781s ]
INFO: [ view_end ] --START--
INFO: ShowPageTrace Behavior ::run [ RunTime:0.000281s ]
INFO: [ view_end ] --END-- [ RunTime:0.000332s ]

[ 2013-11-04T16:13:11+08:00 ] 192.168.3.228 /wangpan/StatAnal.php
INFO: [ app_begin ] --START--
INFO: ReadHtmlCache Behavior ::run [ RunTime:0.000254s ]
INFO: [ app_begin ] --END-- [ RunTime:0.000312s ]
NOTIC: [8] A session had already been started - ignoring session_start() /home/wwwroot/default/wangpan/ThinkPHP/Common/functions.php 第 566 行.
SQL: SHOW COLUMNS FROM `analyse` [ RunTime:0.000559s ]
SQL: SELECT * FROM `analyse` WHERE ( `id` = 1 ) LIMIT 1   [ RunTime:0.000128s ]
SQL: SHOW COLUMNS FROM `translog` [ RunTime:0.000385s ]
SQL: SELECT * FROM `translog`  [ RunTime:0.000098s ]
SQL: SHOW COLUMNS FROM `frequency` [ RunTime:0.000337s ]
SQL: select * from frequency order by date desc limit 0,14 [ RunTime:0.000128s ]
INFO: [ view_parse ] --START--
INFO: ParseTemplate Behavior ::run [ RunTime:0.013441s ]
INFO: [ view_parse ] --END-- [ RunTime:0.013493s ]
INFO: [ view_filter ] --START--
INFO: ContentReplace Behavior ::run [ RunTime:0.000179s ]
INFO: TokenBuild Behavior ::run [ RunTime:0.000165s ]
INFO: WriteHtmlCache Behavior ::run [ RunTime:0.000099s ]
INFO: ShowRuntime Behavior ::run [ RunTime:0.000217s ]
INFO: [ view_filter ] --END-- [ RunTime:0.000773s ]
INFO: [ view_end ] --START--
INFO: ShowPageTrace Behavior ::run [ RunTime:0.000277s ]
INFO: [ view_end ] --END-- [ RunTime:0.000317s ]

[ 2013-11-04T16:13:11+08:00 ] 192.168.3.228 /wangpan/StatAnal.php
INFO: [ app_begin ] --START--
INFO: ReadHtmlCache Behavior ::run [ RunTime:0.000254s ]
INFO: [ app_begin ] --END-- [ RunTime:0.000307s ]
NOTIC: [8] A session had already been started - ignoring session_start() /home/wwwroot/default/wangpan/ThinkPHP/Common/functions.php 第 566 行.
SQL: SHOW COLUMNS FROM `analyse` [ RunTime:0.000531s ]
SQL: SELECT * FROM `analyse` WHERE ( `id` = 1 ) LIMIT 1   [ RunTime:0.000126s ]
SQL: SHOW COLUMNS FROM `translog` [ RunTime:0.000385s ]
SQL: SELECT * FROM `translog`  [ RunTime:0.000099s ]
SQL: SHOW COLUMNS FROM `frequency` [ RunTime:0.000338s ]
SQL: select * from frequency order by date desc limit 0,14 [ RunTime:0.000128s ]
INFO: [ view_parse ] --START--
INFO: ParseTemplate Behavior ::run [ RunTime:0.013523s ]
INFO: [ view_parse ] --END-- [ RunTime:0.013596s ]
INFO: [ view_filter ] --START--
INFO: ContentReplace Behavior ::run [ RunTime:0.000181s ]
INFO: TokenBuild Behavior ::run [ RunTime:0.000171s ]
INFO: WriteHtmlCache Behavior ::run [ RunTime:0.000105s ]
INFO: ShowRuntime Behavior ::run [ RunTime:0.000222s ]
INFO: [ view_filter ] --END-- [ RunTime:0.000792s ]
INFO: [ view_end ] --START--
INFO: ShowPageTrace Behavior ::run [ RunTime:0.000283s ]
INFO: [ view_end ] --END-- [ RunTime:0.000322s ]

[ 2013-11-04T16:13:31+08:00 ] 192.168.3.228 /wangpan/StatAnal.php
INFO: [ app_begin ] --START--
INFO: ReadHtmlCache Behavior ::run [ RunTime:0.000261s ]
INFO: [ app_begin ] --END-- [ RunTime:0.000324s ]
NOTIC: [8] A session had already been started - ignoring session_start() /home/wwwroot/default/wangpan/ThinkPHP/Common/functions.php 第 566 行.
SQL: SHOW COLUMNS FROM `analyse` [ RunTime:0.000595s ]
SQL: SELECT * FROM `analyse` WHERE ( `id` = 1 ) LIMIT 1   [ RunTime:0.000131s ]
SQL: SHOW COLUMNS FROM `translog` [ RunTime:0.000390s ]
SQL: SELECT * FROM `translog`  [ RunTime:0.000099s ]
SQL: SHOW COLUMNS FROM `frequency` [ RunTime:0.000359s ]
SQL: select * from frequency order by date desc limit 0,14 [ RunTime:0.000129s ]
INFO: [ view_parse ] --START--
INFO: ParseTemplate Behavior ::run [ RunTime:0.013492s ]
INFO: [ view_parse ] --END-- [ RunTime:0.013546s ]
INFO: [ view_filter ] --START--
INFO: ContentReplace Behavior ::run [ RunTime:0.000189s ]
INFO: TokenBuild Behavior ::run [ RunTime:0.000169s ]
INFO: WriteHtmlCache Behavior ::run [ RunTime:0.000101s ]
INFO: ShowRuntime Behavior ::run [ RunTime:0.000216s ]
INFO: [ view_filter ] --END-- [ RunTime:0.000787s ]
INFO: [ view_end ] --START--
INFO: ShowPageTrace Behavior ::run [ RunTime:0.000284s ]
INFO: [ view_end ] --END-- [ RunTime:0.000323s ]

[ 2013-11-04T16:20:05+08:00 ] 192.168.3.228 /wangpan/StatAnal.php
INFO: [ app_begin ] --START--
INFO: ReadHtmlCache Behavior ::run [ RunTime:0.000255s ]
INFO: [ app_begin ] --END-- [ RunTime:0.000317s ]
NOTIC: [8] A session had already been started - ignoring session_start() /home/wwwroot/default/wangpan/ThinkPHP/Common/functions.php 第 566 行.
SQL: SHOW COLUMNS FROM `analyse` [ RunTime:0.000601s ]
SQL: SELECT * FROM `analyse` WHERE ( `id` = 1 ) LIMIT 1   [ RunTime:0.000132s ]
SQL: SHOW COLUMNS FROM `translog` [ RunTime:0.000420s ]
SQL: SELECT * FROM `translog`  [ RunTime:0.000098s ]
SQL: SHOW COLUMNS FROM `frequency` [ RunTime:0.000336s ]
SQL: select * from frequency order by date desc limit 0,14 [ RunTime:0.000128s ]
INFO: [ view_parse ] --START--
INFO: ParseTemplate Behavior ::run [ RunTime:0.014113s ]
INFO: [ view_parse ] --END-- [ RunTime:0.014169s ]
INFO: [ view_filter ] --START--
INFO: ContentReplace Behavior ::run [ RunTime:0.000188s ]
INFO: TokenBuild Behavior ::run [ RunTime:0.000166s ]
INFO: WriteHtmlCache Behavior ::run [ RunTime:0.000099s ]
INFO: ShowRuntime Behavior ::run [ RunTime:0.000228s ]
INFO: [ view_filter ] --END-- [ RunTime:0.000795s ]
INFO: [ view_end ] --START--
INFO: ShowPageTrace Behavior ::run [ RunTime:0.000282s ]
INFO: [ view_end ] --END-- [ RunTime:0.000322s ]

[ 2013-11-04T16:48:37+08:00 ] 192.168.3.228 /wangpan/StatAnal.php
INFO: [ app_begin ] --START--
INFO: ReadHtmlCache Behavior ::run [ RunTime:0.000260s ]
INFO: [ app_begin ] --END-- [ RunTime:0.000322s ]
NOTIC: [8] A session had already been started - ignoring session_start() /home/wwwroot/default/wangpan/ThinkPHP/Common/functions.php 第 566 行.
SQL: SHOW COLUMNS FROM `analyse` [ RunTime:0.000591s ]
SQL: SELECT * FROM `analyse` WHERE ( `id` = 1 ) LIMIT 1   [ RunTime:0.000137s ]
SQL: SHOW COLUMNS FROM `translog` [ RunTime:0.000226s ]
ERR: 1146:Table 'gateway.translog' doesn't exist
 [ SQL语句 ] : SHOW COLUMNS FROM `translog`
SQL: SELECT * FROM `translog`  [ RunTime:0.000057s ]
ERR: 1146:Table 'gateway.translog' doesn't exist
 [ SQL语句 ] : SELECT * FROM `translog` 
SQL: SHOW COLUMNS FROM `frequency` [ RunTime:0.000340s ]
SQL: select * from frequency order by date desc limit 0,14 [ RunTime:0.000130s ]
INFO: [ view_parse ] --START--
INFO: ParseTemplate Behavior ::run [ RunTime:0.013518s ]
INFO: [ view_parse ] --END-- [ RunTime:0.013573s ]
INFO: [ view_filter ] --START--
INFO: ContentReplace Behavior ::run [ RunTime:0.000189s ]
INFO: TokenBuild Behavior ::run [ RunTime:0.000170s ]
INFO: WriteHtmlCache Behavior ::run [ RunTime:0.000103s ]
INFO: ShowRuntime Behavior ::run [ RunTime:0.000226s ]
INFO: [ view_filter ] --END-- [ RunTime:0.000804s ]
INFO: [ view_end ] --START--
INFO: ShowPageTrace Behavior ::run [ RunTime:0.000285s ]
INFO: [ view_end ] --END-- [ RunTime:0.000325s ]

[ 2013-11-04T17:10:36+08:00 ] 192.168.3.228 /wangpan/StatAnal.php
INFO: [ app_begin ] --START--
INFO: ReadHtmlCache Behavior ::run [ RunTime:0.000263s ]
INFO: [ app_begin ] --END-- [ RunTime:0.000326s ]
NOTIC: [8] A session had already been started - ignoring session_start() /home/wwwroot/default/wangpan/ThinkPHP/Common/functions.php 第 566 行.
SQL: SHOW COLUMNS FROM `analyse` [ RunTime:0.000625s ]
SQL: SELECT * FROM `analyse` WHERE ( `id` = 1 ) LIMIT 1   [ RunTime:0.000152s ]
SQL: SHOW COLUMNS FROM `translog` [ RunTime:0.000247s ]
ERR: 1146:Table 'gateway.translog' doesn't exist
 [ SQL语句 ] : SHOW COLUMNS FROM `translog`
SQL: SELECT * FROM `translog`  [ RunTime:0.000079s ]
ERR: 1146:Table 'gateway.translog' doesn't exist
 [ SQL语句 ] : SELECT * FROM `translog` 
SQL: SHOW COLUMNS FROM `frequency` [ RunTime:0.000364s ]
SQL: select * from frequency order by date desc limit 0,14 [ RunTime:0.000153s ]
INFO: [ view_parse ] --START--
INFO: ParseTemplate Behavior ::run [ RunTime:0.013545s ]
INFO: [ view_parse ] --END-- [ RunTime:0.013598s ]
INFO: [ view_filter ] --START--
INFO: ContentReplace Behavior ::run [ RunTime:0.000187s ]
INFO: TokenBuild Behavior ::run [ RunTime:0.000166s ]
INFO: WriteHtmlCache Behavior ::run [ RunTime:0.000101s ]
INFO: ShowRuntime Behavior ::run [ RunTime:0.000220s ]
INFO: [ view_filter ] --END-- [ RunTime:0.000790s ]
INFO: [ view_end ] --START--
INFO: ShowPageTrace Behavior ::run [ RunTime:0.000285s ]
INFO: [ view_end ] --END-- [ RunTime:0.000324s ]

[ 2013-11-04T17:17:37+08:00 ] 192.168.3.228 /wangpan/StatAnal.php
INFO: [ app_begin ] --START--
INFO: ReadHtmlCache Behavior ::run [ RunTime:0.000257s ]
INFO: [ app_begin ] --END-- [ RunTime:0.000320s ]
NOTIC: [8] A session had already been started - ignoring session_start() /home/wwwroot/default/wangpan/ThinkPHP/Common/functions.php 第 566 行.
SQL: SHOW COLUMNS FROM `analyse` [ RunTime:0.000597s ]
SQL: SELECT * FROM `analyse` WHERE ( `id` = 1 ) LIMIT 1   [ RunTime:0.000130s ]
SQL: SHOW COLUMNS FROM `translog` [ RunTime:0.000227s ]
ERR: 1146:Table 'gateway.translog' doesn't exist
 [ SQL语句 ] : SHOW COLUMNS FROM `translog`
SQL: SELECT * FROM `translog`  [ RunTime:0.000058s ]
ERR: 1146:Table 'gateway.translog' doesn't exist
 [ SQL语句 ] : SELECT * FROM `translog` 
SQL: SHOW COLUMNS FROM `frequency` [ RunTime:0.000341s ]
SQL: select * from frequency order by date desc limit 0,14 [ RunTime:0.000129s ]
INFO: [ view_parse ] --START--
INFO: ParseTemplate Behavior ::run [ RunTime:0.013529s ]
INFO: [ view_parse ] --END-- [ RunTime:0.013583s ]
INFO: [ view_filter ] --START--
INFO: ContentReplace Behavior ::run [ RunTime:0.000188s ]
INFO: TokenBuild Behavior ::run [ RunTime:0.000170s ]
INFO: WriteHtmlCache Behavior ::run [ RunTime:0.000104s ]
INFO: ShowRuntime Behavior ::run [ RunTime:0.000216s ]
INFO: [ view_filter ] --END-- [ RunTime:0.000792s ]
INFO: [ view_end ] --START--
INFO: ShowPageTrace Behavior ::run [ RunTime:0.000285s ]
INFO: [ view_end ] --END-- [ RunTime:0.000325s ]

[ 2013-11-04T17:17:52+08:00 ] 192.168.3.228 /wangpan/StatAnal.php
INFO: [ app_begin ] --START--
INFO: ReadHtmlCache Behavior ::run [ RunTime:0.000266s ]
INFO: [ app_begin ] --END-- [ RunTime:0.000328s ]
NOTIC: [8] A session had already been started - ignoring session_start() /home/wwwroot/default/wangpan/ThinkPHP/Common/functions.php 第 566 行.
SQL: SHOW COLUMNS FROM `analyse` [ RunTime:0.000557s ]
SQL: SELECT * FROM `analyse` WHERE ( `id` = 1 ) LIMIT 1   [ RunTime:0.000130s ]
SQL: SHOW COLUMNS FROM `translog` [ RunTime:0.000225s ]
ERR: 1146:Table 'gateway.translog' doesn't exist
 [ SQL语句 ] : SHOW COLUMNS FROM `translog`
SQL: SELECT * FROM `translog`  [ RunTime:0.000058s ]
ERR: 1146:Table 'gateway.translog' doesn't exist
 [ SQL语句 ] : SELECT * FROM `translog` 
SQL: SHOW COLUMNS FROM `frequency` [ RunTime:0.000339s ]
SQL: select * from frequency order by date desc limit 0,14 [ RunTime:0.000129s ]
INFO: [ view_parse ] --START--
INFO: ParseTemplate Behavior ::run [ RunTime:0.013655s ]
INFO: [ view_parse ] --END-- [ RunTime:0.013709s ]
INFO: [ view_filter ] --START--
INFO: ContentReplace Behavior ::run [ RunTime:0.000181s ]
INFO: TokenBuild Behavior ::run [ RunTime:0.000168s ]
INFO: WriteHtmlCache Behavior ::run [ RunTime:0.000101s ]
INFO: ShowRuntime Behavior ::run [ RunTime:0.000215s ]
INFO: [ view_filter ] --END-- [ RunTime:0.000778s ]
INFO: [ view_end ] --START--
INFO: ShowPageTrace Behavior ::run [ RunTime:0.000283s ]
INFO: [ view_end ] --END-- [ RunTime:0.000323s ]

[ 2013-11-04T17:17:57+08:00 ] 192.168.3.228 /wangpan/StatAnal.php
INFO: [ app_begin ] --START--
INFO: ReadHtmlCache Behavior ::run [ RunTime:0.000256s ]
INFO: [ app_begin ] --END-- [ RunTime:0.000318s ]
NOTIC: [8] A session had already been started - ignoring session_start() /home/wwwroot/default/wangpan/ThinkPHP/Common/functions.php 第 566 行.
SQL: SHOW COLUMNS FROM `analyse` [ RunTime:0.000600s ]
SQL: SELECT * FROM `analyse` WHERE ( `id` = 1 ) LIMIT 1   [ RunTime:0.000131s ]
SQL: SHOW COLUMNS FROM `translog` [ RunTime:0.000226s ]
ERR: 1146:Table 'gateway.translog' doesn't exist
 [ SQL语句 ] : SHOW COLUMNS FROM `translog`
SQL: SELECT * FROM `translog`  [ RunTime:0.000057s ]
ERR: 1146:Table 'gateway.translog' doesn't exist
 [ SQL语句 ] : SELECT * FROM `translog` 
SQL: SHOW COLUMNS FROM `frequency` [ RunTime:0.000340s ]
SQL: select * from frequency order by date desc limit 0,14 [ RunTime:0.000129s ]
INFO: [ view_parse ] --START--
INFO: ParseTemplate Behavior ::run [ RunTime:0.013481s ]
INFO: [ view_parse ] --END-- [ RunTime:0.013536s ]
INFO: [ view_filter ] --START--
INFO: ContentReplace Behavior ::run [ RunTime:0.000184s ]
INFO: TokenBuild Behavior ::run [ RunTime:0.000166s ]
INFO: WriteHtmlCache Behavior ::run [ RunTime:0.000100s ]
INFO: ShowRuntime Behavior ::run [ RunTime:0.000213s ]
INFO: [ view_filter ] --END-- [ RunTime:0.000779s ]
INFO: [ view_end ] --START--
INFO: ShowPageTrace Behavior ::run [ RunTime:0.000282s ]
INFO: [ view_end ] --END-- [ RunTime:0.000322s ]

[ 2013-11-04T17:21:55+08:00 ] 192.168.3.228 /wangpan/StatAnal.php
INFO: [ app_begin ] --START--
INFO: ReadHtmlCache Behavior ::run [ RunTime:0.000258s ]
INFO: [ app_begin ] --END-- [ RunTime:0.000322s ]
NOTIC: [8] A session had already been started - ignoring session_start() /home/wwwroot/default/wangpan/ThinkPHP/Common/functions.php 第 566 行.
SQL: SHOW COLUMNS FROM `analyse` [ RunTime:0.000607s ]
SQL: SELECT * FROM `analyse` WHERE ( `id` = 1 ) LIMIT 1   [ RunTime:0.000131s ]
SQL: SHOW COLUMNS FROM `translog` [ RunTime:0.000226s ]
ERR: 1146:Table 'gateway.translog' doesn't exist
 [ SQL语句 ] : SHOW COLUMNS FROM `translog`
SQL: SELECT * FROM `translog`  [ RunTime:0.000058s ]
ERR: 1146:Table 'gateway.translog' doesn't exist
 [ SQL语句 ] : SELECT * FROM `translog` 
SQL: SHOW COLUMNS FROM `frequency` [ RunTime:0.000340s ]
SQL: select * from frequency order by date desc limit 0,14 [ RunTime:0.000135s ]
INFO: [ view_parse ] --START--
INFO: ParseTemplate Behavior ::run [ RunTime:0.014453s ]
INFO: [ view_parse ] --END-- [ RunTime:0.014522s ]
INFO: [ view_filter ] --START--
INFO: ContentReplace Behavior ::run [ RunTime:0.000189s ]
INFO: TokenBuild Behavior ::run [ RunTime:0.000167s ]
INFO: WriteHtmlCache Behavior ::run [ RunTime:0.000100s ]
INFO: ShowRuntime Behavior ::run [ RunTime:0.000213s ]
INFO: [ view_filter ] --END-- [ RunTime:0.000783s ]
INFO: [ view_end ] --START--
INFO: ShowPageTrace Behavior ::run [ RunTime:0.000293s ]
INFO: [ view_end ] --END-- [ RunTime:0.000336s ]

[ 2013-11-04T17:22:01+08:00 ] 192.168.3.228 /wangpan/StatAnal.php
INFO: [ app_begin ] --START--
INFO: ReadHtmlCache Behavior ::run [ RunTime:0.000264s ]
INFO: [ app_begin ] --END-- [ RunTime:0.000329s ]
NOTIC: [8] A session had already been started - ignoring session_start() /home/wwwroot/default/wangpan/ThinkPHP/Common/functions.php 第 566 行.
SQL: SHOW COLUMNS FROM `analyse` [ RunTime:0.000611s ]
SQL: SELECT * FROM `analyse` WHERE ( `id` = 1 ) LIMIT 1   [ RunTime:0.000131s ]
SQL: SHOW COLUMNS FROM `translog` [ RunTime:0.000227s ]
ERR: 1146:Table 'gateway.translog' doesn't exist
 [ SQL语句 ] : SHOW COLUMNS FROM `translog`
SQL: SELECT * FROM `translog`  [ RunTime:0.000057s ]
ERR: 1146:Table 'gateway.translog' doesn't exist
 [ SQL语句 ] : SELECT * FROM `translog` 
SQL: SHOW COLUMNS FROM `frequency` [ RunTime:0.000341s ]
SQL: select * from frequency order by date desc limit 0,14 [ RunTime:0.000128s ]
INFO: [ view_parse ] --START--
INFO: ParseTemplate Behavior ::run [ RunTime:0.014444s ]
INFO: [ view_parse ] --END-- [ RunTime:0.014515s ]
INFO: [ view_filter ] --START--
INFO: ContentReplace Behavior ::run [ RunTime:0.000188s ]
INFO: TokenBuild Behavior ::run [ RunTime:0.000166s ]
INFO: WriteHtmlCache Behavior ::run [ RunTime:0.000100s ]
INFO: ShowRuntime Behavior ::run [ RunTime:0.000212s ]
INFO: [ view_filter ] --END-- [ RunTime:0.000779s ]
INFO: [ view_end ] --START--
INFO: ShowPageTrace Behavior ::run [ RunTime:0.000295s ]
INFO: [ view_end ] --END-- [ RunTime:0.000338s ]

[ 2013-11-04T17:29:50+08:00 ] 192.168.3.228 /wangpan/StatAnal.php
INFO: [ app_begin ] --START--
INFO: ReadHtmlCache Behavior ::run [ RunTime:0.000263s ]
INFO: [ app_begin ] --END-- [ RunTime:0.000328s ]
NOTIC: [8] A session had already been started - ignoring session_start() /home/wwwroot/default/wangpan/ThinkPHP/Common/functions.php 第 566 行.
SQL: SHOW COLUMNS FROM `analyse` [ RunTime:0.000623s ]
SQL: SELECT * FROM `analyse` WHERE ( `id` = 1 ) LIMIT 1   [ RunTime:0.000139s ]
SQL: SHOW COLUMNS FROM `translog` [ RunTime:0.000226s ]
ERR: 1146:Table 'gateway.translog' doesn't exist
 [ SQL语句 ] : SHOW COLUMNS FROM `translog`
SQL: SELECT * FROM `translog`  [ RunTime:0.000057s ]
ERR: 1146:Table 'gateway.translog' doesn't exist
 [ SQL语句 ] : SELECT * FROM `translog` 
SQL: SHOW COLUMNS FROM `frequency` [ RunTime:0.000341s ]
SQL: select * from frequency order by date desc limit 0,14 [ RunTime:0.000131s ]
INFO: [ view_parse ] --START--
INFO: ParseTemplate Behavior ::run [ RunTime:0.013429s ]
INFO: [ view_parse ] --END-- [ RunTime:0.013485s ]
INFO: [ view_filter ] --START--
INFO: ContentReplace Behavior ::run [ RunTime:0.000186s ]
INFO: TokenBuild Behavior ::run [ RunTime:0.000175s ]
INFO: WriteHtmlCache Behavior ::run [ RunTime:0.000104s ]
INFO: ShowRuntime Behavior ::run [ RunTime:0.000217s ]
INFO: [ view_filter ] --END-- [ RunTime:0.000797s ]
INFO: [ view_end ] --START--
INFO: ShowPageTrace Behavior ::run [ RunTime:0.000290s ]
INFO: [ view_end ] --END-- [ RunTime:0.000329s ]

[ 2013-11-04T17:30:17+08:00 ] 192.168.3.228 /wangpan/StatAnal.php
INFO: [ app_begin ] --START--
INFO: ReadHtmlCache Behavior ::run [ RunTime:0.000261s ]
INFO: [ app_begin ] --END-- [ RunTime:0.000326s ]
NOTIC: [8] A session had already been started - ignoring session_start() /home/wwwroot/default/wangpan/ThinkPHP/Common/functions.php 第 566 行.
SQL: SHOW COLUMNS FROM `analyse` [ RunTime:0.000618s ]
SQL: SELECT * FROM `analyse` WHERE ( `id` = 1 ) LIMIT 1   [ RunTime:0.000133s ]
SQL: SHOW COLUMNS FROM `translog` [ RunTime:0.000227s ]
ERR: 1146:Table 'gateway.translog' doesn't exist
 [ SQL语句 ] : SHOW COLUMNS FROM `translog`
SQL: SELECT * FROM `translog`  [ RunTime:0.000063s ]
ERR: 1146:Table 'gateway.translog' doesn't exist
 [ SQL语句 ] : SELECT * FROM `translog` 
SQL: SHOW COLUMNS FROM `frequency` [ RunTime:0.000343s ]
SQL: select * from frequency order by date desc limit 0,14 [ RunTime:0.000130s ]
INFO: [ view_parse ] --START--
INFO: ParseTemplate Behavior ::run [ RunTime:0.014475s ]
INFO: [ view_parse ] --END-- [ RunTime:0.014546s ]
INFO: [ view_filter ] --START--
INFO: ContentReplace Behavior ::run [ RunTime:0.000187s ]
INFO: TokenBuild Behavior ::run [ RunTime:0.000171s ]
INFO: WriteHtmlCache Behavior ::run [ RunTime:0.000103s ]
INFO: ShowRuntime Behavior ::run [ RunTime:0.000228s ]
INFO: [ view_filter ] --END-- [ RunTime:0.000804s ]
INFO: [ view_end ] --START--
INFO: ShowPageTrace Behavior ::run [ RunTime:0.000297s ]
INFO: [ view_end ] --END-- [ RunTime:0.000336s ]

[ 2013-11-04T17:30:24+08:00 ] 192.168.3.228 /wangpan/StatAnal.php
INFO: [ app_begin ] --START--
INFO: ReadHtmlCache Behavior ::run [ RunTime:0.000261s ]
INFO: [ app_begin ] --END-- [ RunTime:0.000325s ]
NOTIC: [8] A session had already been started - ignoring session_start() /home/wwwroot/default/wangpan/ThinkPHP/Common/functions.php 第 566 行.
SQL: SHOW COLUMNS FROM `analyse` [ RunTime:0.000610s ]
SQL: SELECT * FROM `analyse` WHERE ( `id` = 1 ) LIMIT 1   [ RunTime:0.000132s ]
SQL: SHOW COLUMNS FROM `translog` [ RunTime:0.000226s ]
ERR: 1146:Table 'gateway.translog' doesn't exist
 [ SQL语句 ] : SHOW COLUMNS FROM `translog`
SQL: SELECT * FROM `translog`  [ RunTime:0.000057s ]
ERR: 1146:Table 'gateway.translog' doesn't exist
 [ SQL语句 ] : SELECT * FROM `translog` 
SQL: SHOW COLUMNS FROM `frequency` [ RunTime:0.000368s ]
SQL: select * from frequency order by date desc limit 0,14 [ RunTime:0.000128s ]
INFO: [ view_parse ] --START--
INFO: ParseTemplate Behavior ::run [ RunTime:0.013485s ]
INFO: [ view_parse ] --END-- [ RunTime:0.013538s ]
INFO: [ view_filter ] --START--
INFO: ContentReplace Behavior ::run [ RunTime:0.000183s ]
INFO: TokenBuild Behavior ::run [ RunTime:0.000168s ]
INFO: WriteHtmlCache Behavior ::run [ RunTime:0.000103s ]
INFO: ShowRuntime Behavior ::run [ RunTime:0.000215s ]
INFO: [ view_filter ] --END-- [ RunTime:0.000783s ]
INFO: [ view_end ] --START--
INFO: ShowPageTrace Behavior ::run [ RunTime:0.000290s ]
INFO: [ view_end ] --END-- [ RunTime:0.000330s ]

[ 2013-11-04T18:08:27+08:00 ] 192.168.3.228 /wangpan/StatAnal.php
INFO: [ app_begin ] --START--
INFO: ReadHtmlCache Behavior ::run [ RunTime:0.000273s ]
INFO: [ app_begin ] --END-- [ RunTime:0.000337s ]
NOTIC: [8] A session had already been started - ignoring session_start() /home/wwwroot/default/wangpan/ThinkPHP/Common/functions.php 第 566 行.
SQL: SHOW COLUMNS FROM `analyse` [ RunTime:0.000601s ]
SQL: SELECT * FROM `analyse` WHERE ( `id` = 1 ) LIMIT 1   [ RunTime:0.000138s ]
SQL: SHOW COLUMNS FROM `translog` [ RunTime:0.000229s ]
ERR: 1146:Table 'gateway.translog' doesn't exist
 [ SQL语句 ] : SHOW COLUMNS FROM `translog`
SQL: SELECT * FROM `translog`  [ RunTime:0.000058s ]
ERR: 1146:Table 'gateway.translog' doesn't exist
 [ SQL语句 ] : SELECT * FROM `translog` 
SQL: SHOW COLUMNS FROM `frequency` [ RunTime:0.000343s ]
SQL: select * from frequency order by date desc limit 0,14 [ RunTime:0.000133s ]
INFO: [ view_parse ] --START--
INFO: ParseTemplate Behavior ::run [ RunTime:0.013594s ]
INFO: [ view_parse ] --END-- [ RunTime:0.013652s ]
INFO: [ view_filter ] --START--
INFO: ContentReplace Behavior ::run [ RunTime:0.000183s ]
INFO: TokenBuild Behavior ::run [ RunTime:0.000171s ]
INFO: WriteHtmlCache Behavior ::run [ RunTime:0.000104s ]
INFO: ShowRuntime Behavior ::run [ RunTime:0.000217s ]
INFO: [ view_filter ] --END-- [ RunTime:0.000787s ]
INFO: [ view_end ] --START--
INFO: ShowPageTrace Behavior ::run [ RunTime:0.000289s ]
INFO: [ view_end ] --END-- [ RunTime:0.000328s ]

