[ 2013-11-25T17:27:27+08:00 ] 192.168.3.248 /wangpan/StatAnal.php
INFO: [ app_begin ] --START--
INFO: ReadHtmlCache Behavior ::run [ RunTime:0.000263s ]
INFO: [ app_begin ] --END-- [ RunTime:0.000327s ]
NOTIC: [8] A session had already been started - ignoring session_start() /home/wwwroot/default/wangpan/ThinkPHP/Common/functions.php 第 566 行.
SQL: SHOW COLUMNS FROM `analyse` [ RunTime:0.000596s ]
SQL: SELECT * FROM `analyse` WHERE ( `id` = 1 ) LIMIT 1   [ RunTime:0.000131s ]
SQL: SHOW COLUMNS FROM `translog` [ RunTime:0.000391s ]
SQL: SELECT * FROM `translog`  [ RunTime:0.000082s ]
SQL: SHOW COLUMNS FROM `frequency` [ RunTime:0.000427s ]
SQL: select * from frequency order by date desc limit 0,8 [ RunTime:0.000084s ]
INFO: [ view_parse ] --START--
NOTIC: [8] Undefined offset: 7 /home/wwwroot/default/wangpan/StatAnal/Runtime/Cache/a8ca3d900eb6ed5b465c7377d357880f.php 第 207 行.
NOTIC: [8] Undefined offset: 7 /home/wwwroot/default/wangpan/StatAnal/Runtime/Cache/a8ca3d900eb6ed5b465c7377d357880f.php 第 207 行.
NOTIC: [8] Undefined offset: 7 /home/wwwroot/default/wangpan/StatAnal/Runtime/Cache/a8ca3d900eb6ed5b465c7377d357880f.php 第 207 行.
NOTIC: [8] Undefined offset: 7 /home/wwwroot/default/wangpan/StatAnal/Runtime/Cache/a8ca3d900eb6ed5b465c7377d357880f.php 第 207 行.
NOTIC: [8] Undefined offset: 7 /home/wwwroot/default/wangpan/StatAnal/Runtime/Cache/a8ca3d900eb6ed5b465c7377d357880f.php 第 207 行.
NOTIC: [8] Undefined offset: 6 /home/wwwroot/default/wangpan/StatAnal/Runtime/Cache/a8ca3d900eb6ed5b465c7377d357880f.php 第 208 行.
NOTIC: [8] Undefined offset: 6 /home/wwwroot/default/wangpan/StatAnal/Runtime/Cache/a8ca3d900eb6ed5b465c7377d357880f.php 第 208 行.
NOTIC: [8] Undefined offset: 6 /home/wwwroot/default/wangpan/StatAnal/Runtime/Cache/a8ca3d900eb6ed5b465c7377d357880f.php 第 208 行.
NOTIC: [8] Undefined offset: 6 /home/wwwroot/default/wangpan/StatAnal/Runtime/Cache/a8ca3d900eb6ed5b465c7377d357880f.php 第 208 行.
NOTIC: [8] Undefined offset: 6 /home/wwwroot/default/wangpan/StatAnal/Runtime/Cache/a8ca3d900eb6ed5b465c7377d357880f.php 第 208 行.
NOTIC: [8] Undefined offset: 5 /home/wwwroot/default/wangpan/StatAnal/Runtime/Cache/a8ca3d900eb6ed5b465c7377d357880f.php 第 209 行.
NOTIC: [8] Undefined offset: 5 /home/wwwroot/default/wangpan/StatAnal/Runtime/Cache/a8ca3d900eb6ed5b465c7377d357880f.php 第 209 行.
NOTIC: [8] Undefined offset: 5 /home/wwwroot/default/wangpan/StatAnal/Runtime/Cache/a8ca3d900eb6ed5b465c7377d357880f.php 第 209 行.
NOTIC: [8] Undefined offset: 5 /home/wwwroot/default/wangpan/StatAnal/Runtime/Cache/a8ca3d900eb6ed5b465c7377d357880f.php 第 209 行.
NOTIC: [8] Undefined offset: 5 /home/wwwroot/default/wangpan/StatAnal/Runtime/Cache/a8ca3d900eb6ed5b465c7377d357880f.php 第 209 行.
NOTIC: [8] Undefined offset: 4 /home/wwwroot/default/wangpan/StatAnal/Runtime/Cache/a8ca3d900eb6ed5b465c7377d357880f.php 第 210 行.
NOTIC: [8] Undefined offset: 4 /home/wwwroot/default/wangpan/StatAnal/Runtime/Cache/a8ca3d900eb6ed5b465c7377d357880f.php 第 210 行.
NOTIC: [8] Undefined offset: 4 /home/wwwroot/default/wangpan/StatAnal/Runtime/Cache/a8ca3d900eb6ed5b465c7377d357880f.php 第 210 行.
NOTIC: [8] Undefined offset: 4 /home/wwwroot/default/wangpan/StatAnal/Runtime/Cache/a8ca3d900eb6ed5b465c7377d357880f.php 第 210 行.
NOTIC: [8] Undefined offset: 4 /home/wwwroot/default/wangpan/StatAnal/Runtime/Cache/a8ca3d900eb6ed5b465c7377d357880f.php 第 210 行.
NOTIC: [8] Undefined offset: 3 /home/wwwroot/default/wangpan/StatAnal/Runtime/Cache/a8ca3d900eb6ed5b465c7377d357880f.php 第 211 行.
NOTIC: [8] Undefined offset: 3 /home/wwwroot/default/wangpan/StatAnal/Runtime/Cache/a8ca3d900eb6ed5b465c7377d357880f.php 第 211 行.
NOTIC: [8] Undefined offset: 3 /home/wwwroot/default/wangpan/StatAnal/Runtime/Cache/a8ca3d900eb6ed5b465c7377d357880f.php 第 211 行.
NOTIC: [8] Undefined offset: 3 /home/wwwroot/default/wangpan/StatAnal/Runtime/Cache/a8ca3d900eb6ed5b465c7377d357880f.php 第 211 行.
NOTIC: [8] Undefined offset: 3 /home/wwwroot/default/wangpan/StatAnal/Runtime/Cache/a8ca3d900eb6ed5b465c7377d357880f.php 第 211 行.
NOTIC: [8] Undefined offset: 2 /home/wwwroot/default/wangpan/StatAnal/Runtime/Cache/a8ca3d900eb6ed5b465c7377d357880f.php 第 212 行.
NOTIC: [8] Undefined offset: 2 /home/wwwroot/default/wangpan/StatAnal/Runtime/Cache/a8ca3d900eb6ed5b465c7377d357880f.php 第 212 行.
NOTIC: [8] Undefined offset: 2 /home/wwwroot/default/wangpan/StatAnal/Runtime/Cache/a8ca3d900eb6ed5b465c7377d357880f.php 第 212 行.
NOTIC: [8] Undefined offset: 2 /home/wwwroot/default/wangpan/StatAnal/Runtime/Cache/a8ca3d900eb6ed5b465c7377d357880f.php 第 212 行.
NOTIC: [8] Undefined offset: 2 /home/wwwroot/default/wangpan/StatAnal/Runtime/Cache/a8ca3d900eb6ed5b465c7377d357880f.php 第 212 行.
NOTIC: [8] Undefined offset: 1 /home/wwwroot/default/wangpan/StatAnal/Runtime/Cache/a8ca3d900eb6ed5b465c7377d357880f.php 第 213 行.
NOTIC: [8] Undefined offset: 1 /home/wwwroot/default/wangpan/StatAnal/Runtime/Cache/a8ca3d900eb6ed5b465c7377d357880f.php 第 213 行.
NOTIC: [8] Undefined offset: 1 /home/wwwroot/default/wangpan/StatAnal/Runtime/Cache/a8ca3d900eb6ed5b465c7377d357880f.php 第 213 行.
NOTIC: [8] Undefined offset: 1 /home/wwwroot/default/wangpan/StatAnal/Runtime/Cache/a8ca3d900eb6ed5b465c7377d357880f.php 第 213 行.
NOTIC: [8] Undefined offset: 1 /home/wwwroot/default/wangpan/StatAnal/Runtime/Cache/a8ca3d900eb6ed5b465c7377d357880f.php 第 213 行.
NOTIC: [8] Undefined offset: 0 /home/wwwroot/default/wangpan/StatAnal/Runtime/Cache/a8ca3d900eb6ed5b465c7377d357880f.php 第 214 行.
NOTIC: [8] Undefined offset: 0 /home/wwwroot/default/wangpan/StatAnal/Runtime/Cache/a8ca3d900eb6ed5b465c7377d357880f.php 第 214 行.
NOTIC: [8] Undefined offset: 0 /home/wwwroot/default/wangpan/StatAnal/Runtime/Cache/a8ca3d900eb6ed5b465c7377d357880f.php 第 214 行.
NOTIC: [8] Undefined offset: 0 /home/wwwroot/default/wangpan/StatAnal/Runtime/Cache/a8ca3d900eb6ed5b465c7377d357880f.php 第 214 行.
NOTIC: [8] Undefined offset: 0 /home/wwwroot/default/wangpan/StatAnal/Runtime/Cache/a8ca3d900eb6ed5b465c7377d357880f.php 第 214 行.
NOTIC: [8] Undefined offset: 7 /home/wwwroot/default/wangpan/StatAnal/Runtime/Cache/a8ca3d900eb6ed5b465c7377d357880f.php 第 255 行.
NOTIC: [8] Undefined offset: 7 /home/wwwroot/default/wangpan/StatAnal/Runtime/Cache/a8ca3d900eb6ed5b465c7377d357880f.php 第 255 行.
NOTIC: [8] Undefined offset: 7 /home/wwwroot/default/wangpan/StatAnal/Runtime/Cache/a8ca3d900eb6ed5b465c7377d357880f.php 第 255 行.
NOTIC: [8] Undefined offset: 7 /home/wwwroot/default/wangpan/StatAnal/Runtime/Cache/a8ca3d900eb6ed5b465c7377d357880f.php 第 255 行.
NOTIC: [8] Undefined offset: 7 /home/wwwroot/default/wangpan/StatAnal/Runtime/Cache/a8ca3d900eb6ed5b465c7377d357880f.php 第 255 行.
NOTIC: [8] Undefined offset: 6 /home/wwwroot/default/wangpan/StatAnal/Runtime/Cache/a8ca3d900eb6ed5b465c7377d357880f.php 第 256 行.
NOTIC: [8] Undefined offset: 6 /home/wwwroot/default/wangpan/StatAnal/Runtime/Cache/a8ca3d900eb6ed5b465c7377d357880f.php 第 256 行.
NOTIC: [8] Undefined offset: 6 /home/wwwroot/default/wangpan/StatAnal/Runtime/Cache/a8ca3d900eb6ed5b465c7377d357880f.php 第 256 行.
NOTIC: [8] Undefined offset: 6 /home/wwwroot/default/wangpan/StatAnal/Runtime/Cache/a8ca3d900eb6ed5b465c7377d357880f.php 第 256 行.
NOTIC: [8] Undefined offset: 6 /home/wwwroot/default/wangpan/StatAnal/Runtime/Cache/a8ca3d900eb6ed5b465c7377d357880f.php 第 256 行.
NOTIC: [8] Undefined offset: 5 /home/wwwroot/default/wangpan/StatAnal/Runtime/Cache/a8ca3d900eb6ed5b465c7377d357880f.php 第 257 行.
NOTIC: [8] Undefined offset: 5 /home/wwwroot/default/wangpan/StatAnal/Runtime/Cache/a8ca3d900eb6ed5b465c7377d357880f.php 第 257 行.
NOTIC: [8] Undefined offset: 5 /home/wwwroot/default/wangpan/StatAnal/Runtime/Cache/a8ca3d900eb6ed5b465c7377d357880f.php 第 257 行.
NOTIC: [8] Undefined offset: 5 /home/wwwroot/default/wangpan/StatAnal/Runtime/Cache/a8ca3d900eb6ed5b465c7377d357880f.php 第 257 行.
NOTIC: [8] Undefined offset: 5 /home/wwwroot/default/wangpan/StatAnal/Runtime/Cache/a8ca3d900eb6ed5b465c7377d357880f.php 第 257 行.
NOTIC: [8] Undefined offset: 4 /home/wwwroot/default/wangpan/StatAnal/Runtime/Cache/a8ca3d900eb6ed5b465c7377d357880f.php 第 258 行.
NOTIC: [8] Undefined offset: 4 /home/wwwroot/default/wangpan/StatAnal/Runtime/Cache/a8ca3d900eb6ed5b465c7377d357880f.php 第 258 行.
NOTIC: [8] Undefined offset: 4 /home/wwwroot/default/wangpan/StatAnal/Runtime/Cache/a8ca3d900eb6ed5b465c7377d357880f.php 第 258 行.
NOTIC: [8] Undefined offset: 4 /home/wwwroot/default/wangpan/StatAnal/Runtime/Cache/a8ca3d900eb6ed5b465c7377d357880f.php 第 258 行.
NOTIC: [8] Undefined offset: 4 /home/wwwroot/default/wangpan/StatAnal/Runtime/Cache/a8ca3d900eb6ed5b465c7377d357880f.php 第 258 行.
NOTIC: [8] Undefined offset: 3 /home/wwwroot/default/wangpan/StatAnal/Runtime/Cache/a8ca3d900eb6ed5b465c7377d357880f.php 第 259 行.
NOTIC: [8] Undefined offset: 3 /home/wwwroot/default/wangpan/StatAnal/Runtime/Cache/a8ca3d900eb6ed5b465c7377d357880f.php 第 259 行.
NOTIC: [8] Undefined offset: 3 /home/wwwroot/default/wangpan/StatAnal/Runtime/Cache/a8ca3d900eb6ed5b465c7377d357880f.php 第 259 行.
NOTIC: [8] Undefined offset: 3 /home/wwwroot/default/wangpan/StatAnal/Runtime/Cache/a8ca3d900eb6ed5b465c7377d357880f.php 第 259 行.
NOTIC: [8] Undefined offset: 3 /home/wwwroot/default/wangpan/StatAnal/Runtime/Cache/a8ca3d900eb6ed5b465c7377d357880f.php 第 259 行.
NOTIC: [8] Undefined offset: 2 /home/wwwroot/default/wangpan/StatAnal/Runtime/Cache/a8ca3d900eb6ed5b465c7377d357880f.php 第 260 行.
NOTIC: [8] Undefined offset: 2 /home/wwwroot/default/wangpan/StatAnal/Runtime/Cache/a8ca3d900eb6ed5b465c7377d357880f.php 第 260 行.
NOTIC: [8] Undefined offset: 2 /home/wwwroot/default/wangpan/StatAnal/Runtime/Cache/a8ca3d900eb6ed5b465c7377d357880f.php 第 260 行.
NOTIC: [8] Undefined offset: 2 /home/wwwroot/default/wangpan/StatAnal/Runtime/Cache/a8ca3d900eb6ed5b465c7377d357880f.php 第 260 行.
NOTIC: [8] Undefined offset: 2 /home/wwwroot/default/wangpan/StatAnal/Runtime/Cache/a8ca3d900eb6ed5b465c7377d357880f.php 第 260 行.
NOTIC: [8] Undefined offset: 1 /home/wwwroot/default/wangpan/StatAnal/Runtime/Cache/a8ca3d900eb6ed5b465c7377d357880f.php 第 261 行.
NOTIC: [8] Undefined offset: 1 /home/wwwroot/default/wangpan/StatAnal/Runtime/Cache/a8ca3d900eb6ed5b465c7377d357880f.php 第 261 行.
NOTIC: [8] Undefined offset: 1 /home/wwwroot/default/wangpan/StatAnal/Runtime/Cache/a8ca3d900eb6ed5b465c7377d357880f.php 第 261 行.
NOTIC: [8] Undefined offset: 1 /home/wwwroot/default/wangpan/StatAnal/Runtime/Cache/a8ca3d900eb6ed5b465c7377d357880f.php 第 261 行.
NOTIC: [8] Undefined offset: 1 /home/wwwroot/default/wangpan/StatAnal/Runtime/Cache/a8ca3d900eb6ed5b465c7377d357880f.php 第 261 行.
NOTIC: [8] Undefined offset: 0 /home/wwwroot/default/wangpan/StatAnal/Runtime/Cache/a8ca3d900eb6ed5b465c7377d357880f.php 第 262 行.
NOTIC: [8] Undefined offset: 0 /home/wwwroot/default/wangpan/StatAnal/Runtime/Cache/a8ca3d900eb6ed5b465c7377d357880f.php 第 262 行.
NOTIC: [8] Undefined offset: 0 /home/wwwroot/default/wangpan/StatAnal/Runtime/Cache/a8ca3d900eb6ed5b465c7377d357880f.php 第 262 行.
NOTIC: [8] Undefined offset: 0 /home/wwwroot/default/wangpan/StatAnal/Runtime/Cache/a8ca3d900eb6ed5b465c7377d357880f.php 第 262 行.
NOTIC: [8] Undefined offset: 0 /home/wwwroot/default/wangpan/StatAnal/Runtime/Cache/a8ca3d900eb6ed5b465c7377d357880f.php 第 262 行.
INFO: ParseTemplate Behavior ::run [ RunTime:0.012348s ]
INFO: [ view_parse ] --END-- [ RunTime:0.012392s ]
INFO: [ view_filter ] --START--
INFO: ContentReplace Behavior ::run [ RunTime:0.000177s ]
INFO: TokenBuild Behavior ::run [ RunTime:0.000170s ]
INFO: WriteHtmlCache Behavior ::run [ RunTime:0.000102s ]
INFO: ShowRuntime Behavior ::run [ RunTime:0.000218s ]
INFO: [ view_filter ] --END-- [ RunTime:0.000780s ]
INFO: [ view_end ] --START--
INFO: ShowPageTrace Behavior ::run [ RunTime:0.000290s ]
INFO: [ view_end ] --END-- [ RunTime:0.000330s ]

[ 2013-11-25T17:33:03+08:00 ] 192.168.3.248 /wangpan/StatAnal.php
INFO: [ app_begin ] --START--
INFO: ReadHtmlCache Behavior ::run [ RunTime:0.000266s ]
INFO: [ app_begin ] --END-- [ RunTime:0.000328s ]
NOTIC: [8] A session had already been started - ignoring session_start() /home/wwwroot/default/wangpan/ThinkPHP/Common/functions.php 第 566 行.
SQL: SHOW COLUMNS FROM `analyse` [ RunTime:0.000589s ]
SQL: SELECT * FROM `analyse` WHERE ( `id` = 1 ) LIMIT 1   [ RunTime:0.000130s ]
SQL: SHOW COLUMNS FROM `translog` [ RunTime:0.000388s ]
SQL: SELECT * FROM `translog`  [ RunTime:0.000082s ]
SQL: SHOW COLUMNS FROM `frequency` [ RunTime:0.000459s ]
SQL: select * from frequency order by date desc limit 0,8 [ RunTime:0.000085s ]
INFO: [ view_parse ] --START--
NOTIC: [8] Undefined offset: 7 /home/wwwroot/default/wangpan/StatAnal/Runtime/Cache/a8ca3d900eb6ed5b465c7377d357880f.php 第 207 行.
NOTIC: [8] Undefined offset: 7 /home/wwwroot/default/wangpan/StatAnal/Runtime/Cache/a8ca3d900eb6ed5b465c7377d357880f.php 第 207 行.
NOTIC: [8] Undefined offset: 7 /home/wwwroot/default/wangpan/StatAnal/Runtime/Cache/a8ca3d900eb6ed5b465c7377d357880f.php 第 207 行.
NOTIC: [8] Undefined offset: 7 /home/wwwroot/default/wangpan/StatAnal/Runtime/Cache/a8ca3d900eb6ed5b465c7377d357880f.php 第 207 行.
NOTIC: [8] Undefined offset: 7 /home/wwwroot/default/wangpan/StatAnal/Runtime/Cache/a8ca3d900eb6ed5b465c7377d357880f.php 第 207 行.
NOTIC: [8] Undefined offset: 6 /home/wwwroot/default/wangpan/StatAnal/Runtime/Cache/a8ca3d900eb6ed5b465c7377d357880f.php 第 208 行.
NOTIC: [8] Undefined offset: 6 /home/wwwroot/default/wangpan/StatAnal/Runtime/Cache/a8ca3d900eb6ed5b465c7377d357880f.php 第 208 行.
NOTIC: [8] Undefined offset: 6 /home/wwwroot/default/wangpan/StatAnal/Runtime/Cache/a8ca3d900eb6ed5b465c7377d357880f.php 第 208 行.
NOTIC: [8] Undefined offset: 6 /home/wwwroot/default/wangpan/StatAnal/Runtime/Cache/a8ca3d900eb6ed5b465c7377d357880f.php 第 208 行.
NOTIC: [8] Undefined offset: 6 /home/wwwroot/default/wangpan/StatAnal/Runtime/Cache/a8ca3d900eb6ed5b465c7377d357880f.php 第 208 行.
NOTIC: [8] Undefined offset: 5 /home/wwwroot/default/wangpan/StatAnal/Runtime/Cache/a8ca3d900eb6ed5b465c7377d357880f.php 第 209 行.
NOTIC: [8] Undefined offset: 5 /home/wwwroot/default/wangpan/StatAnal/Runtime/Cache/a8ca3d900eb6ed5b465c7377d357880f.php 第 209 行.
NOTIC: [8] Undefined offset: 5 /home/wwwroot/default/wangpan/StatAnal/Runtime/Cache/a8ca3d900eb6ed5b465c7377d357880f.php 第 209 行.
NOTIC: [8] Undefined offset: 5 /home/wwwroot/default/wangpan/StatAnal/Runtime/Cache/a8ca3d900eb6ed5b465c7377d357880f.php 第 209 行.
NOTIC: [8] Undefined offset: 5 /home/wwwroot/default/wangpan/StatAnal/Runtime/Cache/a8ca3d900eb6ed5b465c7377d357880f.php 第 209 行.
NOTIC: [8] Undefined offset: 4 /home/wwwroot/default/wangpan/StatAnal/Runtime/Cache/a8ca3d900eb6ed5b465c7377d357880f.php 第 210 行.
NOTIC: [8] Undefined offset: 4 /home/wwwroot/default/wangpan/StatAnal/Runtime/Cache/a8ca3d900eb6ed5b465c7377d357880f.php 第 210 行.
NOTIC: [8] Undefined offset: 4 /home/wwwroot/default/wangpan/StatAnal/Runtime/Cache/a8ca3d900eb6ed5b465c7377d357880f.php 第 210 行.
NOTIC: [8] Undefined offset: 4 /home/wwwroot/default/wangpan/StatAnal/Runtime/Cache/a8ca3d900eb6ed5b465c7377d357880f.php 第 210 行.
NOTIC: [8] Undefined offset: 4 /home/wwwroot/default/wangpan/StatAnal/Runtime/Cache/a8ca3d900eb6ed5b465c7377d357880f.php 第 210 行.
NOTIC: [8] Undefined offset: 3 /home/wwwroot/default/wangpan/StatAnal/Runtime/Cache/a8ca3d900eb6ed5b465c7377d357880f.php 第 211 行.
NOTIC: [8] Undefined offset: 3 /home/wwwroot/default/wangpan/StatAnal/Runtime/Cache/a8ca3d900eb6ed5b465c7377d357880f.php 第 211 行.
NOTIC: [8] Undefined offset: 3 /home/wwwroot/default/wangpan/StatAnal/Runtime/Cache/a8ca3d900eb6ed5b465c7377d357880f.php 第 211 行.
NOTIC: [8] Undefined offset: 3 /home/wwwroot/default/wangpan/StatAnal/Runtime/Cache/a8ca3d900eb6ed5b465c7377d357880f.php 第 211 行.
NOTIC: [8] Undefined offset: 3 /home/wwwroot/default/wangpan/StatAnal/Runtime/Cache/a8ca3d900eb6ed5b465c7377d357880f.php 第 211 行.
NOTIC: [8] Undefined offset: 2 /home/wwwroot/default/wangpan/StatAnal/Runtime/Cache/a8ca3d900eb6ed5b465c7377d357880f.php 第 212 行.
NOTIC: [8] Undefined offset: 2 /home/wwwroot/default/wangpan/StatAnal/Runtime/Cache/a8ca3d900eb6ed5b465c7377d357880f.php 第 212 行.
NOTIC: [8] Undefined offset: 2 /home/wwwroot/default/wangpan/StatAnal/Runtime/Cache/a8ca3d900eb6ed5b465c7377d357880f.php 第 212 行.
NOTIC: [8] Undefined offset: 2 /home/wwwroot/default/wangpan/StatAnal/Runtime/Cache/a8ca3d900eb6ed5b465c7377d357880f.php 第 212 行.
NOTIC: [8] Undefined offset: 2 /home/wwwroot/default/wangpan/StatAnal/Runtime/Cache/a8ca3d900eb6ed5b465c7377d357880f.php 第 212 行.
NOTIC: [8] Undefined offset: 1 /home/wwwroot/default/wangpan/StatAnal/Runtime/Cache/a8ca3d900eb6ed5b465c7377d357880f.php 第 213 行.
NOTIC: [8] Undefined offset: 1 /home/wwwroot/default/wangpan/StatAnal/Runtime/Cache/a8ca3d900eb6ed5b465c7377d357880f.php 第 213 行.
NOTIC: [8] Undefined offset: 1 /home/wwwroot/default/wangpan/StatAnal/Runtime/Cache/a8ca3d900eb6ed5b465c7377d357880f.php 第 213 行.
NOTIC: [8] Undefined offset: 1 /home/wwwroot/default/wangpan/StatAnal/Runtime/Cache/a8ca3d900eb6ed5b465c7377d357880f.php 第 213 行.
NOTIC: [8] Undefined offset: 1 /home/wwwroot/default/wangpan/StatAnal/Runtime/Cache/a8ca3d900eb6ed5b465c7377d357880f.php 第 213 行.
NOTIC: [8] Undefined offset: 0 /home/wwwroot/default/wangpan/StatAnal/Runtime/Cache/a8ca3d900eb6ed5b465c7377d357880f.php 第 214 行.
NOTIC: [8] Undefined offset: 0 /home/wwwroot/default/wangpan/StatAnal/Runtime/Cache/a8ca3d900eb6ed5b465c7377d357880f.php 第 214 行.
NOTIC: [8] Undefined offset: 0 /home/wwwroot/default/wangpan/StatAnal/Runtime/Cache/a8ca3d900eb6ed5b465c7377d357880f.php 第 214 行.
NOTIC: [8] Undefined offset: 0 /home/wwwroot/default/wangpan/StatAnal/Runtime/Cache/a8ca3d900eb6ed5b465c7377d357880f.php 第 214 行.
NOTIC: [8] Undefined offset: 0 /home/wwwroot/default/wangpan/StatAnal/Runtime/Cache/a8ca3d900eb6ed5b465c7377d357880f.php 第 214 行.
NOTIC: [8] Undefined offset: 7 /home/wwwroot/default/wangpan/StatAnal/Runtime/Cache/a8ca3d900eb6ed5b465c7377d357880f.php 第 255 行.
NOTIC: [8] Undefined offset: 7 /home/wwwroot/default/wangpan/StatAnal/Runtime/Cache/a8ca3d900eb6ed5b465c7377d357880f.php 第 255 行.
NOTIC: [8] Undefined offset: 7 /home/wwwroot/default/wangpan/StatAnal/Runtime/Cache/a8ca3d900eb6ed5b465c7377d357880f.php 第 255 行.
NOTIC: [8] Undefined offset: 7 /home/wwwroot/default/wangpan/StatAnal/Runtime/Cache/a8ca3d900eb6ed5b465c7377d357880f.php 第 255 行.
NOTIC: [8] Undefined offset: 7 /home/wwwroot/default/wangpan/StatAnal/Runtime/Cache/a8ca3d900eb6ed5b465c7377d357880f.php 第 255 行.
NOTIC: [8] Undefined offset: 6 /home/wwwroot/default/wangpan/StatAnal/Runtime/Cache/a8ca3d900eb6ed5b465c7377d357880f.php 第 256 行.
NOTIC: [8] Undefined offset: 6 /home/wwwroot/default/wangpan/StatAnal/Runtime/Cache/a8ca3d900eb6ed5b465c7377d357880f.php 第 256 行.
NOTIC: [8] Undefined offset: 6 /home/wwwroot/default/wangpan/StatAnal/Runtime/Cache/a8ca3d900eb6ed5b465c7377d357880f.php 第 256 行.
NOTIC: [8] Undefined offset: 6 /home/wwwroot/default/wangpan/StatAnal/Runtime/Cache/a8ca3d900eb6ed5b465c7377d357880f.php 第 256 行.
NOTIC: [8] Undefined offset: 6 /home/wwwroot/default/wangpan/StatAnal/Runtime/Cache/a8ca3d900eb6ed5b465c7377d357880f.php 第 256 行.
NOTIC: [8] Undefined offset: 5 /home/wwwroot/default/wangpan/StatAnal/Runtime/Cache/a8ca3d900eb6ed5b465c7377d357880f.php 第 257 行.
NOTIC: [8] Undefined offset: 5 /home/wwwroot/default/wangpan/StatAnal/Runtime/Cache/a8ca3d900eb6ed5b465c7377d357880f.php 第 257 行.
NOTIC: [8] Undefined offset: 5 /home/wwwroot/default/wangpan/StatAnal/Runtime/Cache/a8ca3d900eb6ed5b465c7377d357880f.php 第 257 行.
NOTIC: [8] Undefined offset: 5 /home/wwwroot/default/wangpan/StatAnal/Runtime/Cache/a8ca3d900eb6ed5b465c7377d357880f.php 第 257 行.
NOTIC: [8] Undefined offset: 5 /home/wwwroot/default/wangpan/StatAnal/Runtime/Cache/a8ca3d900eb6ed5b465c7377d357880f.php 第 257 行.
NOTIC: [8] Undefined offset: 4 /home/wwwroot/default/wangpan/StatAnal/Runtime/Cache/a8ca3d900eb6ed5b465c7377d357880f.php 第 258 行.
NOTIC: [8] Undefined offset: 4 /home/wwwroot/default/wangpan/StatAnal/Runtime/Cache/a8ca3d900eb6ed5b465c7377d357880f.php 第 258 行.
NOTIC: [8] Undefined offset: 4 /home/wwwroot/default/wangpan/StatAnal/Runtime/Cache/a8ca3d900eb6ed5b465c7377d357880f.php 第 258 行.
NOTIC: [8] Undefined offset: 4 /home/wwwroot/default/wangpan/StatAnal/Runtime/Cache/a8ca3d900eb6ed5b465c7377d357880f.php 第 258 行.
NOTIC: [8] Undefined offset: 4 /home/wwwroot/default/wangpan/StatAnal/Runtime/Cache/a8ca3d900eb6ed5b465c7377d357880f.php 第 258 行.
NOTIC: [8] Undefined offset: 3 /home/wwwroot/default/wangpan/StatAnal/Runtime/Cache/a8ca3d900eb6ed5b465c7377d357880f.php 第 259 行.
NOTIC: [8] Undefined offset: 3 /home/wwwroot/default/wangpan/StatAnal/Runtime/Cache/a8ca3d900eb6ed5b465c7377d357880f.php 第 259 行.
NOTIC: [8] Undefined offset: 3 /home/wwwroot/default/wangpan/StatAnal/Runtime/Cache/a8ca3d900eb6ed5b465c7377d357880f.php 第 259 行.
NOTIC: [8] Undefined offset: 3 /home/wwwroot/default/wangpan/StatAnal/Runtime/Cache/a8ca3d900eb6ed5b465c7377d357880f.php 第 259 行.
NOTIC: [8] Undefined offset: 3 /home/wwwroot/default/wangpan/StatAnal/Runtime/Cache/a8ca3d900eb6ed5b465c7377d357880f.php 第 259 行.
NOTIC: [8] Undefined offset: 2 /home/wwwroot/default/wangpan/StatAnal/Runtime/Cache/a8ca3d900eb6ed5b465c7377d357880f.php 第 260 行.
NOTIC: [8] Undefined offset: 2 /home/wwwroot/default/wangpan/StatAnal/Runtime/Cache/a8ca3d900eb6ed5b465c7377d357880f.php 第 260 行.
NOTIC: [8] Undefined offset: 2 /home/wwwroot/default/wangpan/StatAnal/Runtime/Cache/a8ca3d900eb6ed5b465c7377d357880f.php 第 260 行.
NOTIC: [8] Undefined offset: 2 /home/wwwroot/default/wangpan/StatAnal/Runtime/Cache/a8ca3d900eb6ed5b465c7377d357880f.php 第 260 行.
NOTIC: [8] Undefined offset: 2 /home/wwwroot/default/wangpan/StatAnal/Runtime/Cache/a8ca3d900eb6ed5b465c7377d357880f.php 第 260 行.
NOTIC: [8] Undefined offset: 1 /home/wwwroot/default/wangpan/StatAnal/Runtime/Cache/a8ca3d900eb6ed5b465c7377d357880f.php 第 261 行.
NOTIC: [8] Undefined offset: 1 /home/wwwroot/default/wangpan/StatAnal/Runtime/Cache/a8ca3d900eb6ed5b465c7377d357880f.php 第 261 行.
NOTIC: [8] Undefined offset: 1 /home/wwwroot/default/wangpan/StatAnal/Runtime/Cache/a8ca3d900eb6ed5b465c7377d357880f.php 第 261 行.
NOTIC: [8] Undefined offset: 1 /home/wwwroot/default/wangpan/StatAnal/Runtime/Cache/a8ca3d900eb6ed5b465c7377d357880f.php 第 261 行.
NOTIC: [8] Undefined offset: 1 /home/wwwroot/default/wangpan/StatAnal/Runtime/Cache/a8ca3d900eb6ed5b465c7377d357880f.php 第 261 行.
NOTIC: [8] Undefined offset: 0 /home/wwwroot/default/wangpan/StatAnal/Runtime/Cache/a8ca3d900eb6ed5b465c7377d357880f.php 第 262 行.
NOTIC: [8] Undefined offset: 0 /home/wwwroot/default/wangpan/StatAnal/Runtime/Cache/a8ca3d900eb6ed5b465c7377d357880f.php 第 262 行.
NOTIC: [8] Undefined offset: 0 /home/wwwroot/default/wangpan/StatAnal/Runtime/Cache/a8ca3d900eb6ed5b465c7377d357880f.php 第 262 行.
NOTIC: [8] Undefined offset: 0 /home/wwwroot/default/wangpan/StatAnal/Runtime/Cache/a8ca3d900eb6ed5b465c7377d357880f.php 第 262 行.
NOTIC: [8] Undefined offset: 0 /home/wwwroot/default/wangpan/StatAnal/Runtime/Cache/a8ca3d900eb6ed5b465c7377d357880f.php 第 262 行.
INFO: ParseTemplate Behavior ::run [ RunTime:0.012435s ]
INFO: [ view_parse ] --END-- [ RunTime:0.012481s ]
INFO: [ view_filter ] --START--
INFO: ContentReplace Behavior ::run [ RunTime:0.000176s ]
INFO: TokenBuild Behavior ::run [ RunTime:0.000167s ]
INFO: WriteHtmlCache Behavior ::run [ RunTime:0.000101s ]
INFO: ShowRuntime Behavior ::run [ RunTime:0.000222s ]
INFO: [ view_filter ] --END-- [ RunTime:0.000778s ]
INFO: [ view_end ] --START--
INFO: ShowPageTrace Behavior ::run [ RunTime:0.000283s ]
INFO: [ view_end ] --END-- [ RunTime:0.000323s ]

[ 2013-11-25T17:33:15+08:00 ] 192.168.3.248 /wangpan/StatAnal.php
INFO: [ app_begin ] --START--
INFO: ReadHtmlCache Behavior ::run [ RunTime:0.000264s ]
INFO: [ app_begin ] --END-- [ RunTime:0.000325s ]
NOTIC: [8] A session had already been started - ignoring session_start() /home/wwwroot/default/wangpan/ThinkPHP/Common/functions.php 第 566 行.
SQL: SHOW COLUMNS FROM `analyse` [ RunTime:0.000650s ]
SQL: SELECT * FROM `analyse` WHERE ( `id` = 1 ) LIMIT 1   [ RunTime:0.000130s ]
SQL: SHOW COLUMNS FROM `translog` [ RunTime:0.000388s ]
SQL: SELECT * FROM `translog`  [ RunTime:0.000082s ]
SQL: SHOW COLUMNS FROM `frequency` [ RunTime:0.000339s ]
SQL: select * from frequency order by date desc limit 0,8 [ RunTime:0.000085s ]
INFO: [ view_parse ] --START--
NOTIC: [8] Undefined offset: 7 /home/wwwroot/default/wangpan/StatAnal/Runtime/Cache/a8ca3d900eb6ed5b465c7377d357880f.php 第 207 行.
NOTIC: [8] Undefined offset: 7 /home/wwwroot/default/wangpan/StatAnal/Runtime/Cache/a8ca3d900eb6ed5b465c7377d357880f.php 第 207 行.
NOTIC: [8] Undefined offset: 7 /home/wwwroot/default/wangpan/StatAnal/Runtime/Cache/a8ca3d900eb6ed5b465c7377d357880f.php 第 207 行.
NOTIC: [8] Undefined offset: 7 /home/wwwroot/default/wangpan/StatAnal/Runtime/Cache/a8ca3d900eb6ed5b465c7377d357880f.php 第 207 行.
NOTIC: [8] Undefined offset: 7 /home/wwwroot/default/wangpan/StatAnal/Runtime/Cache/a8ca3d900eb6ed5b465c7377d357880f.php 第 207 行.
NOTIC: [8] Undefined offset: 6 /home/wwwroot/default/wangpan/StatAnal/Runtime/Cache/a8ca3d900eb6ed5b465c7377d357880f.php 第 208 行.
NOTIC: [8] Undefined offset: 6 /home/wwwroot/default/wangpan/StatAnal/Runtime/Cache/a8ca3d900eb6ed5b465c7377d357880f.php 第 208 行.
NOTIC: [8] Undefined offset: 6 /home/wwwroot/default/wangpan/StatAnal/Runtime/Cache/a8ca3d900eb6ed5b465c7377d357880f.php 第 208 行.
NOTIC: [8] Undefined offset: 6 /home/wwwroot/default/wangpan/StatAnal/Runtime/Cache/a8ca3d900eb6ed5b465c7377d357880f.php 第 208 行.
NOTIC: [8] Undefined offset: 6 /home/wwwroot/default/wangpan/StatAnal/Runtime/Cache/a8ca3d900eb6ed5b465c7377d357880f.php 第 208 行.
NOTIC: [8] Undefined offset: 5 /home/wwwroot/default/wangpan/StatAnal/Runtime/Cache/a8ca3d900eb6ed5b465c7377d357880f.php 第 209 行.
NOTIC: [8] Undefined offset: 5 /home/wwwroot/default/wangpan/StatAnal/Runtime/Cache/a8ca3d900eb6ed5b465c7377d357880f.php 第 209 行.
NOTIC: [8] Undefined offset: 5 /home/wwwroot/default/wangpan/StatAnal/Runtime/Cache/a8ca3d900eb6ed5b465c7377d357880f.php 第 209 行.
NOTIC: [8] Undefined offset: 5 /home/wwwroot/default/wangpan/StatAnal/Runtime/Cache/a8ca3d900eb6ed5b465c7377d357880f.php 第 209 行.
NOTIC: [8] Undefined offset: 5 /home/wwwroot/default/wangpan/StatAnal/Runtime/Cache/a8ca3d900eb6ed5b465c7377d357880f.php 第 209 行.
NOTIC: [8] Undefined offset: 4 /home/wwwroot/default/wangpan/StatAnal/Runtime/Cache/a8ca3d900eb6ed5b465c7377d357880f.php 第 210 行.
NOTIC: [8] Undefined offset: 4 /home/wwwroot/default/wangpan/StatAnal/Runtime/Cache/a8ca3d900eb6ed5b465c7377d357880f.php 第 210 行.
NOTIC: [8] Undefined offset: 4 /home/wwwroot/default/wangpan/StatAnal/Runtime/Cache/a8ca3d900eb6ed5b465c7377d357880f.php 第 210 行.
NOTIC: [8] Undefined offset: 4 /home/wwwroot/default/wangpan/StatAnal/Runtime/Cache/a8ca3d900eb6ed5b465c7377d357880f.php 第 210 行.
NOTIC: [8] Undefined offset: 4 /home/wwwroot/default/wangpan/StatAnal/Runtime/Cache/a8ca3d900eb6ed5b465c7377d357880f.php 第 210 行.
NOTIC: [8] Undefined offset: 3 /home/wwwroot/default/wangpan/StatAnal/Runtime/Cache/a8ca3d900eb6ed5b465c7377d357880f.php 第 211 行.
NOTIC: [8] Undefined offset: 3 /home/wwwroot/default/wangpan/StatAnal/Runtime/Cache/a8ca3d900eb6ed5b465c7377d357880f.php 第 211 行.
NOTIC: [8] Undefined offset: 3 /home/wwwroot/default/wangpan/StatAnal/Runtime/Cache/a8ca3d900eb6ed5b465c7377d357880f.php 第 211 行.
NOTIC: [8] Undefined offset: 3 /home/wwwroot/default/wangpan/StatAnal/Runtime/Cache/a8ca3d900eb6ed5b465c7377d357880f.php 第 211 行.
NOTIC: [8] Undefined offset: 3 /home/wwwroot/default/wangpan/StatAnal/Runtime/Cache/a8ca3d900eb6ed5b465c7377d357880f.php 第 211 行.
NOTIC: [8] Undefined offset: 2 /home/wwwroot/default/wangpan/StatAnal/Runtime/Cache/a8ca3d900eb6ed5b465c7377d357880f.php 第 212 行.
NOTIC: [8] Undefined offset: 2 /home/wwwroot/default/wangpan/StatAnal/Runtime/Cache/a8ca3d900eb6ed5b465c7377d357880f.php 第 212 行.
NOTIC: [8] Undefined offset: 2 /home/wwwroot/default/wangpan/StatAnal/Runtime/Cache/a8ca3d900eb6ed5b465c7377d357880f.php 第 212 行.
NOTIC: [8] Undefined offset: 2 /home/wwwroot/default/wangpan/StatAnal/Runtime/Cache/a8ca3d900eb6ed5b465c7377d357880f.php 第 212 行.
NOTIC: [8] Undefined offset: 2 /home/wwwroot/default/wangpan/StatAnal/Runtime/Cache/a8ca3d900eb6ed5b465c7377d357880f.php 第 212 行.
NOTIC: [8] Undefined offset: 1 /home/wwwroot/default/wangpan/StatAnal/Runtime/Cache/a8ca3d900eb6ed5b465c7377d357880f.php 第 213 行.
NOTIC: [8] Undefined offset: 1 /home/wwwroot/default/wangpan/StatAnal/Runtime/Cache/a8ca3d900eb6ed5b465c7377d357880f.php 第 213 行.
NOTIC: [8] Undefined offset: 1 /home/wwwroot/default/wangpan/StatAnal/Runtime/Cache/a8ca3d900eb6ed5b465c7377d357880f.php 第 213 行.
NOTIC: [8] Undefined offset: 1 /home/wwwroot/default/wangpan/StatAnal/Runtime/Cache/a8ca3d900eb6ed5b465c7377d357880f.php 第 213 行.
NOTIC: [8] Undefined offset: 1 /home/wwwroot/default/wangpan/StatAnal/Runtime/Cache/a8ca3d900eb6ed5b465c7377d357880f.php 第 213 行.
NOTIC: [8] Undefined offset: 0 /home/wwwroot/default/wangpan/StatAnal/Runtime/Cache/a8ca3d900eb6ed5b465c7377d357880f.php 第 214 行.
NOTIC: [8] Undefined offset: 0 /home/wwwroot/default/wangpan/StatAnal/Runtime/Cache/a8ca3d900eb6ed5b465c7377d357880f.php 第 214 行.
NOTIC: [8] Undefined offset: 0 /home/wwwroot/default/wangpan/StatAnal/Runtime/Cache/a8ca3d900eb6ed5b465c7377d357880f.php 第 214 行.
NOTIC: [8] Undefined offset: 0 /home/wwwroot/default/wangpan/StatAnal/Runtime/Cache/a8ca3d900eb6ed5b465c7377d357880f.php 第 214 行.
NOTIC: [8] Undefined offset: 0 /home/wwwroot/default/wangpan/StatAnal/Runtime/Cache/a8ca3d900eb6ed5b465c7377d357880f.php 第 214 行.
NOTIC: [8] Undefined offset: 7 /home/wwwroot/default/wangpan/StatAnal/Runtime/Cache/a8ca3d900eb6ed5b465c7377d357880f.php 第 255 行.
NOTIC: [8] Undefined offset: 7 /home/wwwroot/default/wangpan/StatAnal/Runtime/Cache/a8ca3d900eb6ed5b465c7377d357880f.php 第 255 行.
NOTIC: [8] Undefined offset: 7 /home/wwwroot/default/wangpan/StatAnal/Runtime/Cache/a8ca3d900eb6ed5b465c7377d357880f.php 第 255 行.
NOTIC: [8] Undefined offset: 7 /home/wwwroot/default/wangpan/StatAnal/Runtime/Cache/a8ca3d900eb6ed5b465c7377d357880f.php 第 255 行.
NOTIC: [8] Undefined offset: 7 /home/wwwroot/default/wangpan/StatAnal/Runtime/Cache/a8ca3d900eb6ed5b465c7377d357880f.php 第 255 行.
NOTIC: [8] Undefined offset: 6 /home/wwwroot/default/wangpan/StatAnal/Runtime/Cache/a8ca3d900eb6ed5b465c7377d357880f.php 第 256 行.
NOTIC: [8] Undefined offset: 6 /home/wwwroot/default/wangpan/StatAnal/Runtime/Cache/a8ca3d900eb6ed5b465c7377d357880f.php 第 256 行.
NOTIC: [8] Undefined offset: 6 /home/wwwroot/default/wangpan/StatAnal/Runtime/Cache/a8ca3d900eb6ed5b465c7377d357880f.php 第 256 行.
NOTIC: [8] Undefined offset: 6 /home/wwwroot/default/wangpan/StatAnal/Runtime/Cache/a8ca3d900eb6ed5b465c7377d357880f.php 第 256 行.
NOTIC: [8] Undefined offset: 6 /home/wwwroot/default/wangpan/StatAnal/Runtime/Cache/a8ca3d900eb6ed5b465c7377d357880f.php 第 256 行.
NOTIC: [8] Undefined offset: 5 /home/wwwroot/default/wangpan/StatAnal/Runtime/Cache/a8ca3d900eb6ed5b465c7377d357880f.php 第 257 行.
NOTIC: [8] Undefined offset: 5 /home/wwwroot/default/wangpan/StatAnal/Runtime/Cache/a8ca3d900eb6ed5b465c7377d357880f.php 第 257 行.
NOTIC: [8] Undefined offset: 5 /home/wwwroot/default/wangpan/StatAnal/Runtime/Cache/a8ca3d900eb6ed5b465c7377d357880f.php 第 257 行.
NOTIC: [8] Undefined offset: 5 /home/wwwroot/default/wangpan/StatAnal/Runtime/Cache/a8ca3d900eb6ed5b465c7377d357880f.php 第 257 行.
NOTIC: [8] Undefined offset: 5 /home/wwwroot/default/wangpan/StatAnal/Runtime/Cache/a8ca3d900eb6ed5b465c7377d357880f.php 第 257 行.
NOTIC: [8] Undefined offset: 4 /home/wwwroot/default/wangpan/StatAnal/Runtime/Cache/a8ca3d900eb6ed5b465c7377d357880f.php 第 258 行.
NOTIC: [8] Undefined offset: 4 /home/wwwroot/default/wangpan/StatAnal/Runtime/Cache/a8ca3d900eb6ed5b465c7377d357880f.php 第 258 行.
NOTIC: [8] Undefined offset: 4 /home/wwwroot/default/wangpan/StatAnal/Runtime/Cache/a8ca3d900eb6ed5b465c7377d357880f.php 第 258 行.
NOTIC: [8] Undefined offset: 4 /home/wwwroot/default/wangpan/StatAnal/Runtime/Cache/a8ca3d900eb6ed5b465c7377d357880f.php 第 258 行.
NOTIC: [8] Undefined offset: 4 /home/wwwroot/default/wangpan/StatAnal/Runtime/Cache/a8ca3d900eb6ed5b465c7377d357880f.php 第 258 行.
NOTIC: [8] Undefined offset: 3 /home/wwwroot/default/wangpan/StatAnal/Runtime/Cache/a8ca3d900eb6ed5b465c7377d357880f.php 第 259 行.
NOTIC: [8] Undefined offset: 3 /home/wwwroot/default/wangpan/StatAnal/Runtime/Cache/a8ca3d900eb6ed5b465c7377d357880f.php 第 259 行.
NOTIC: [8] Undefined offset: 3 /home/wwwroot/default/wangpan/StatAnal/Runtime/Cache/a8ca3d900eb6ed5b465c7377d357880f.php 第 259 行.
NOTIC: [8] Undefined offset: 3 /home/wwwroot/default/wangpan/StatAnal/Runtime/Cache/a8ca3d900eb6ed5b465c7377d357880f.php 第 259 行.
NOTIC: [8] Undefined offset: 3 /home/wwwroot/default/wangpan/StatAnal/Runtime/Cache/a8ca3d900eb6ed5b465c7377d357880f.php 第 259 行.
NOTIC: [8] Undefined offset: 2 /home/wwwroot/default/wangpan/StatAnal/Runtime/Cache/a8ca3d900eb6ed5b465c7377d357880f.php 第 260 行.
NOTIC: [8] Undefined offset: 2 /home/wwwroot/default/wangpan/StatAnal/Runtime/Cache/a8ca3d900eb6ed5b465c7377d357880f.php 第 260 行.
NOTIC: [8] Undefined offset: 2 /home/wwwroot/default/wangpan/StatAnal/Runtime/Cache/a8ca3d900eb6ed5b465c7377d357880f.php 第 260 行.
NOTIC: [8] Undefined offset: 2 /home/wwwroot/default/wangpan/StatAnal/Runtime/Cache/a8ca3d900eb6ed5b465c7377d357880f.php 第 260 行.
NOTIC: [8] Undefined offset: 2 /home/wwwroot/default/wangpan/StatAnal/Runtime/Cache/a8ca3d900eb6ed5b465c7377d357880f.php 第 260 行.
NOTIC: [8] Undefined offset: 1 /home/wwwroot/default/wangpan/StatAnal/Runtime/Cache/a8ca3d900eb6ed5b465c7377d357880f.php 第 261 行.
NOTIC: [8] Undefined offset: 1 /home/wwwroot/default/wangpan/StatAnal/Runtime/Cache/a8ca3d900eb6ed5b465c7377d357880f.php 第 261 行.
NOTIC: [8] Undefined offset: 1 /home/wwwroot/default/wangpan/StatAnal/Runtime/Cache/a8ca3d900eb6ed5b465c7377d357880f.php 第 261 行.
NOTIC: [8] Undefined offset: 1 /home/wwwroot/default/wangpan/StatAnal/Runtime/Cache/a8ca3d900eb6ed5b465c7377d357880f.php 第 261 行.
NOTIC: [8] Undefined offset: 1 /home/wwwroot/default/wangpan/StatAnal/Runtime/Cache/a8ca3d900eb6ed5b465c7377d357880f.php 第 261 行.
NOTIC: [8] Undefined offset: 0 /home/wwwroot/default/wangpan/StatAnal/Runtime/Cache/a8ca3d900eb6ed5b465c7377d357880f.php 第 262 行.
NOTIC: [8] Undefined offset: 0 /home/wwwroot/default/wangpan/StatAnal/Runtime/Cache/a8ca3d900eb6ed5b465c7377d357880f.php 第 262 行.
NOTIC: [8] Undefined offset: 0 /home/wwwroot/default/wangpan/StatAnal/Runtime/Cache/a8ca3d900eb6ed5b465c7377d357880f.php 第 262 行.
NOTIC: [8] Undefined offset: 0 /home/wwwroot/default/wangpan/StatAnal/Runtime/Cache/a8ca3d900eb6ed5b465c7377d357880f.php 第 262 行.
NOTIC: [8] Undefined offset: 0 /home/wwwroot/default/wangpan/StatAnal/Runtime/Cache/a8ca3d900eb6ed5b465c7377d357880f.php 第 262 行.
INFO: ParseTemplate Behavior ::run [ RunTime:0.012451s ]
INFO: [ view_parse ] --END-- [ RunTime:0.012498s ]
INFO: [ view_filter ] --START--
INFO: ContentReplace Behavior ::run [ RunTime:0.000175s ]
INFO: TokenBuild Behavior ::run [ RunTime:0.000169s ]
INFO: WriteHtmlCache Behavior ::run [ RunTime:0.000103s ]
INFO: ShowRuntime Behavior ::run [ RunTime:0.000221s ]
INFO: [ view_filter ] --END-- [ RunTime:0.000779s ]
INFO: [ view_end ] --START--
INFO: ShowPageTrace Behavior ::run [ RunTime:0.000291s ]
INFO: [ view_end ] --END-- [ RunTime:0.000330s ]

[ 2013-11-25T17:54:21+08:00 ] 192.168.3.248 /wangpan/StatAnal.php
INFO: [ app_begin ] --START--
INFO: ReadHtmlCache Behavior ::run [ RunTime:0.000265s ]
INFO: [ app_begin ] --END-- [ RunTime:0.000328s ]
NOTIC: [8] A session had already been started - ignoring session_start() /home/wwwroot/default/wangpan/ThinkPHP/Common/functions.php 第 566 行.
SQL: SHOW COLUMNS FROM `analyse` [ RunTime:0.000622s ]
SQL: SELECT * FROM `analyse` WHERE ( `id` = 1 ) LIMIT 1   [ RunTime:0.000130s ]
SQL: SHOW COLUMNS FROM `translog` [ RunTime:0.000389s ]
SQL: SELECT * FROM `translog`  [ RunTime:0.000081s ]
SQL: SHOW COLUMNS FROM `frequency` [ RunTime:0.000337s ]
SQL: select * from frequency order by date desc limit 0,8 [ RunTime:0.000084s ]
INFO: [ view_parse ] --START--
NOTIC: [8] Undefined offset: 7 /home/wwwroot/default/wangpan/StatAnal/Runtime/Cache/a8ca3d900eb6ed5b465c7377d357880f.php 第 207 行.
NOTIC: [8] Undefined offset: 7 /home/wwwroot/default/wangpan/StatAnal/Runtime/Cache/a8ca3d900eb6ed5b465c7377d357880f.php 第 207 行.
NOTIC: [8] Undefined offset: 7 /home/wwwroot/default/wangpan/StatAnal/Runtime/Cache/a8ca3d900eb6ed5b465c7377d357880f.php 第 207 行.
NOTIC: [8] Undefined offset: 7 /home/wwwroot/default/wangpan/StatAnal/Runtime/Cache/a8ca3d900eb6ed5b465c7377d357880f.php 第 207 行.
NOTIC: [8] Undefined offset: 7 /home/wwwroot/default/wangpan/StatAnal/Runtime/Cache/a8ca3d900eb6ed5b465c7377d357880f.php 第 207 行.
NOTIC: [8] Undefined offset: 6 /home/wwwroot/default/wangpan/StatAnal/Runtime/Cache/a8ca3d900eb6ed5b465c7377d357880f.php 第 208 行.
NOTIC: [8] Undefined offset: 6 /home/wwwroot/default/wangpan/StatAnal/Runtime/Cache/a8ca3d900eb6ed5b465c7377d357880f.php 第 208 行.
NOTIC: [8] Undefined offset: 6 /home/wwwroot/default/wangpan/StatAnal/Runtime/Cache/a8ca3d900eb6ed5b465c7377d357880f.php 第 208 行.
NOTIC: [8] Undefined offset: 6 /home/wwwroot/default/wangpan/StatAnal/Runtime/Cache/a8ca3d900eb6ed5b465c7377d357880f.php 第 208 行.
NOTIC: [8] Undefined offset: 6 /home/wwwroot/default/wangpan/StatAnal/Runtime/Cache/a8ca3d900eb6ed5b465c7377d357880f.php 第 208 行.
NOTIC: [8] Undefined offset: 5 /home/wwwroot/default/wangpan/StatAnal/Runtime/Cache/a8ca3d900eb6ed5b465c7377d357880f.php 第 209 行.
NOTIC: [8] Undefined offset: 5 /home/wwwroot/default/wangpan/StatAnal/Runtime/Cache/a8ca3d900eb6ed5b465c7377d357880f.php 第 209 行.
NOTIC: [8] Undefined offset: 5 /home/wwwroot/default/wangpan/StatAnal/Runtime/Cache/a8ca3d900eb6ed5b465c7377d357880f.php 第 209 行.
NOTIC: [8] Undefined offset: 5 /home/wwwroot/default/wangpan/StatAnal/Runtime/Cache/a8ca3d900eb6ed5b465c7377d357880f.php 第 209 行.
NOTIC: [8] Undefined offset: 5 /home/wwwroot/default/wangpan/StatAnal/Runtime/Cache/a8ca3d900eb6ed5b465c7377d357880f.php 第 209 行.
NOTIC: [8] Undefined offset: 4 /home/wwwroot/default/wangpan/StatAnal/Runtime/Cache/a8ca3d900eb6ed5b465c7377d357880f.php 第 210 行.
NOTIC: [8] Undefined offset: 4 /home/wwwroot/default/wangpan/StatAnal/Runtime/Cache/a8ca3d900eb6ed5b465c7377d357880f.php 第 210 行.
NOTIC: [8] Undefined offset: 4 /home/wwwroot/default/wangpan/StatAnal/Runtime/Cache/a8ca3d900eb6ed5b465c7377d357880f.php 第 210 行.
NOTIC: [8] Undefined offset: 4 /home/wwwroot/default/wangpan/StatAnal/Runtime/Cache/a8ca3d900eb6ed5b465c7377d357880f.php 第 210 行.
NOTIC: [8] Undefined offset: 4 /home/wwwroot/default/wangpan/StatAnal/Runtime/Cache/a8ca3d900eb6ed5b465c7377d357880f.php 第 210 行.
NOTIC: [8] Undefined offset: 3 /home/wwwroot/default/wangpan/StatAnal/Runtime/Cache/a8ca3d900eb6ed5b465c7377d357880f.php 第 211 行.
NOTIC: [8] Undefined offset: 3 /home/wwwroot/default/wangpan/StatAnal/Runtime/Cache/a8ca3d900eb6ed5b465c7377d357880f.php 第 211 行.
NOTIC: [8] Undefined offset: 3 /home/wwwroot/default/wangpan/StatAnal/Runtime/Cache/a8ca3d900eb6ed5b465c7377d357880f.php 第 211 行.
NOTIC: [8] Undefined offset: 3 /home/wwwroot/default/wangpan/StatAnal/Runtime/Cache/a8ca3d900eb6ed5b465c7377d357880f.php 第 211 行.
NOTIC: [8] Undefined offset: 3 /home/wwwroot/default/wangpan/StatAnal/Runtime/Cache/a8ca3d900eb6ed5b465c7377d357880f.php 第 211 行.
NOTIC: [8] Undefined offset: 2 /home/wwwroot/default/wangpan/StatAnal/Runtime/Cache/a8ca3d900eb6ed5b465c7377d357880f.php 第 212 行.
NOTIC: [8] Undefined offset: 2 /home/wwwroot/default/wangpan/StatAnal/Runtime/Cache/a8ca3d900eb6ed5b465c7377d357880f.php 第 212 行.
NOTIC: [8] Undefined offset: 2 /home/wwwroot/default/wangpan/StatAnal/Runtime/Cache/a8ca3d900eb6ed5b465c7377d357880f.php 第 212 行.
NOTIC: [8] Undefined offset: 2 /home/wwwroot/default/wangpan/StatAnal/Runtime/Cache/a8ca3d900eb6ed5b465c7377d357880f.php 第 212 行.
NOTIC: [8] Undefined offset: 2 /home/wwwroot/default/wangpan/StatAnal/Runtime/Cache/a8ca3d900eb6ed5b465c7377d357880f.php 第 212 行.
NOTIC: [8] Undefined offset: 1 /home/wwwroot/default/wangpan/StatAnal/Runtime/Cache/a8ca3d900eb6ed5b465c7377d357880f.php 第 213 行.
NOTIC: [8] Undefined offset: 1 /home/wwwroot/default/wangpan/StatAnal/Runtime/Cache/a8ca3d900eb6ed5b465c7377d357880f.php 第 213 行.
NOTIC: [8] Undefined offset: 1 /home/wwwroot/default/wangpan/StatAnal/Runtime/Cache/a8ca3d900eb6ed5b465c7377d357880f.php 第 213 行.
NOTIC: [8] Undefined offset: 1 /home/wwwroot/default/wangpan/StatAnal/Runtime/Cache/a8ca3d900eb6ed5b465c7377d357880f.php 第 213 行.
NOTIC: [8] Undefined offset: 1 /home/wwwroot/default/wangpan/StatAnal/Runtime/Cache/a8ca3d900eb6ed5b465c7377d357880f.php 第 213 行.
NOTIC: [8] Undefined offset: 0 /home/wwwroot/default/wangpan/StatAnal/Runtime/Cache/a8ca3d900eb6ed5b465c7377d357880f.php 第 214 行.
NOTIC: [8] Undefined offset: 0 /home/wwwroot/default/wangpan/StatAnal/Runtime/Cache/a8ca3d900eb6ed5b465c7377d357880f.php 第 214 行.
NOTIC: [8] Undefined offset: 0 /home/wwwroot/default/wangpan/StatAnal/Runtime/Cache/a8ca3d900eb6ed5b465c7377d357880f.php 第 214 行.
NOTIC: [8] Undefined offset: 0 /home/wwwroot/default/wangpan/StatAnal/Runtime/Cache/a8ca3d900eb6ed5b465c7377d357880f.php 第 214 行.
NOTIC: [8] Undefined offset: 0 /home/wwwroot/default/wangpan/StatAnal/Runtime/Cache/a8ca3d900eb6ed5b465c7377d357880f.php 第 214 行.
NOTIC: [8] Undefined offset: 7 /home/wwwroot/default/wangpan/StatAnal/Runtime/Cache/a8ca3d900eb6ed5b465c7377d357880f.php 第 255 行.
NOTIC: [8] Undefined offset: 7 /home/wwwroot/default/wangpan/StatAnal/Runtime/Cache/a8ca3d900eb6ed5b465c7377d357880f.php 第 255 行.
NOTIC: [8] Undefined offset: 7 /home/wwwroot/default/wangpan/StatAnal/Runtime/Cache/a8ca3d900eb6ed5b465c7377d357880f.php 第 255 行.
NOTIC: [8] Undefined offset: 7 /home/wwwroot/default/wangpan/StatAnal/Runtime/Cache/a8ca3d900eb6ed5b465c7377d357880f.php 第 255 行.
NOTIC: [8] Undefined offset: 7 /home/wwwroot/default/wangpan/StatAnal/Runtime/Cache/a8ca3d900eb6ed5b465c7377d357880f.php 第 255 行.
NOTIC: [8] Undefined offset: 6 /home/wwwroot/default/wangpan/StatAnal/Runtime/Cache/a8ca3d900eb6ed5b465c7377d357880f.php 第 256 行.
NOTIC: [8] Undefined offset: 6 /home/wwwroot/default/wangpan/StatAnal/Runtime/Cache/a8ca3d900eb6ed5b465c7377d357880f.php 第 256 行.
NOTIC: [8] Undefined offset: 6 /home/wwwroot/default/wangpan/StatAnal/Runtime/Cache/a8ca3d900eb6ed5b465c7377d357880f.php 第 256 行.
NOTIC: [8] Undefined offset: 6 /home/wwwroot/default/wangpan/StatAnal/Runtime/Cache/a8ca3d900eb6ed5b465c7377d357880f.php 第 256 行.
NOTIC: [8] Undefined offset: 6 /home/wwwroot/default/wangpan/StatAnal/Runtime/Cache/a8ca3d900eb6ed5b465c7377d357880f.php 第 256 行.
NOTIC: [8] Undefined offset: 5 /home/wwwroot/default/wangpan/StatAnal/Runtime/Cache/a8ca3d900eb6ed5b465c7377d357880f.php 第 257 行.
NOTIC: [8] Undefined offset: 5 /home/wwwroot/default/wangpan/StatAnal/Runtime/Cache/a8ca3d900eb6ed5b465c7377d357880f.php 第 257 行.
NOTIC: [8] Undefined offset: 5 /home/wwwroot/default/wangpan/StatAnal/Runtime/Cache/a8ca3d900eb6ed5b465c7377d357880f.php 第 257 行.
NOTIC: [8] Undefined offset: 5 /home/wwwroot/default/wangpan/StatAnal/Runtime/Cache/a8ca3d900eb6ed5b465c7377d357880f.php 第 257 行.
NOTIC: [8] Undefined offset: 5 /home/wwwroot/default/wangpan/StatAnal/Runtime/Cache/a8ca3d900eb6ed5b465c7377d357880f.php 第 257 行.
NOTIC: [8] Undefined offset: 4 /home/wwwroot/default/wangpan/StatAnal/Runtime/Cache/a8ca3d900eb6ed5b465c7377d357880f.php 第 258 行.
NOTIC: [8] Undefined offset: 4 /home/wwwroot/default/wangpan/StatAnal/Runtime/Cache/a8ca3d900eb6ed5b465c7377d357880f.php 第 258 行.
NOTIC: [8] Undefined offset: 4 /home/wwwroot/default/wangpan/StatAnal/Runtime/Cache/a8ca3d900eb6ed5b465c7377d357880f.php 第 258 行.
NOTIC: [8] Undefined offset: 4 /home/wwwroot/default/wangpan/StatAnal/Runtime/Cache/a8ca3d900eb6ed5b465c7377d357880f.php 第 258 行.
NOTIC: [8] Undefined offset: 4 /home/wwwroot/default/wangpan/StatAnal/Runtime/Cache/a8ca3d900eb6ed5b465c7377d357880f.php 第 258 行.
NOTIC: [8] Undefined offset: 3 /home/wwwroot/default/wangpan/StatAnal/Runtime/Cache/a8ca3d900eb6ed5b465c7377d357880f.php 第 259 行.
NOTIC: [8] Undefined offset: 3 /home/wwwroot/default/wangpan/StatAnal/Runtime/Cache/a8ca3d900eb6ed5b465c7377d357880f.php 第 259 行.
NOTIC: [8] Undefined offset: 3 /home/wwwroot/default/wangpan/StatAnal/Runtime/Cache/a8ca3d900eb6ed5b465c7377d357880f.php 第 259 行.
NOTIC: [8] Undefined offset: 3 /home/wwwroot/default/wangpan/StatAnal/Runtime/Cache/a8ca3d900eb6ed5b465c7377d357880f.php 第 259 行.
NOTIC: [8] Undefined offset: 3 /home/wwwroot/default/wangpan/StatAnal/Runtime/Cache/a8ca3d900eb6ed5b465c7377d357880f.php 第 259 行.
NOTIC: [8] Undefined offset: 2 /home/wwwroot/default/wangpan/StatAnal/Runtime/Cache/a8ca3d900eb6ed5b465c7377d357880f.php 第 260 行.
NOTIC: [8] Undefined offset: 2 /home/wwwroot/default/wangpan/StatAnal/Runtime/Cache/a8ca3d900eb6ed5b465c7377d357880f.php 第 260 行.
NOTIC: [8] Undefined offset: 2 /home/wwwroot/default/wangpan/StatAnal/Runtime/Cache/a8ca3d900eb6ed5b465c7377d357880f.php 第 260 行.
NOTIC: [8] Undefined offset: 2 /home/wwwroot/default/wangpan/StatAnal/Runtime/Cache/a8ca3d900eb6ed5b465c7377d357880f.php 第 260 行.
NOTIC: [8] Undefined offset: 2 /home/wwwroot/default/wangpan/StatAnal/Runtime/Cache/a8ca3d900eb6ed5b465c7377d357880f.php 第 260 行.
NOTIC: [8] Undefined offset: 1 /home/wwwroot/default/wangpan/StatAnal/Runtime/Cache/a8ca3d900eb6ed5b465c7377d357880f.php 第 261 行.
NOTIC: [8] Undefined offset: 1 /home/wwwroot/default/wangpan/StatAnal/Runtime/Cache/a8ca3d900eb6ed5b465c7377d357880f.php 第 261 行.
NOTIC: [8] Undefined offset: 1 /home/wwwroot/default/wangpan/StatAnal/Runtime/Cache/a8ca3d900eb6ed5b465c7377d357880f.php 第 261 行.
NOTIC: [8] Undefined offset: 1 /home/wwwroot/default/wangpan/StatAnal/Runtime/Cache/a8ca3d900eb6ed5b465c7377d357880f.php 第 261 行.
NOTIC: [8] Undefined offset: 1 /home/wwwroot/default/wangpan/StatAnal/Runtime/Cache/a8ca3d900eb6ed5b465c7377d357880f.php 第 261 行.
NOTIC: [8] Undefined offset: 0 /home/wwwroot/default/wangpan/StatAnal/Runtime/Cache/a8ca3d900eb6ed5b465c7377d357880f.php 第 262 行.
NOTIC: [8] Undefined offset: 0 /home/wwwroot/default/wangpan/StatAnal/Runtime/Cache/a8ca3d900eb6ed5b465c7377d357880f.php 第 262 行.
NOTIC: [8] Undefined offset: 0 /home/wwwroot/default/wangpan/StatAnal/Runtime/Cache/a8ca3d900eb6ed5b465c7377d357880f.php 第 262 行.
NOTIC: [8] Undefined offset: 0 /home/wwwroot/default/wangpan/StatAnal/Runtime/Cache/a8ca3d900eb6ed5b465c7377d357880f.php 第 262 行.
NOTIC: [8] Undefined offset: 0 /home/wwwroot/default/wangpan/StatAnal/Runtime/Cache/a8ca3d900eb6ed5b465c7377d357880f.php 第 262 行.
INFO: ParseTemplate Behavior ::run [ RunTime:0.012315s ]
INFO: [ view_parse ] --END-- [ RunTime:0.012361s ]
INFO: [ view_filter ] --START--
INFO: ContentReplace Behavior ::run [ RunTime:0.000177s ]
INFO: TokenBuild Behavior ::run [ RunTime:0.000168s ]
INFO: WriteHtmlCache Behavior ::run [ RunTime:0.000101s ]
INFO: ShowRuntime Behavior ::run [ RunTime:0.000219s ]
INFO: [ view_filter ] --END-- [ RunTime:0.000775s ]
INFO: [ view_end ] --START--
INFO: ShowPageTrace Behavior ::run [ RunTime:0.000287s ]
INFO: [ view_end ] --END-- [ RunTime:0.000328s ]

[ 2013-11-25T17:54:25+08:00 ] 192.168.3.248 /wangpan/StatAnal.php
INFO: [ app_begin ] --START--
INFO: ReadHtmlCache Behavior ::run [ RunTime:0.000264s ]
INFO: [ app_begin ] --END-- [ RunTime:0.000326s ]
NOTIC: [8] A session had already been started - ignoring session_start() /home/wwwroot/default/wangpan/ThinkPHP/Common/functions.php 第 566 行.
SQL: SHOW COLUMNS FROM `analyse` [ RunTime:0.000599s ]
SQL: SELECT * FROM `analyse` WHERE ( `id` = 1 ) LIMIT 1   [ RunTime:0.000130s ]
SQL: SHOW COLUMNS FROM `translog` [ RunTime:0.000392s ]
SQL: SELECT * FROM `translog`  [ RunTime:0.000081s ]
SQL: SHOW COLUMNS FROM `frequency` [ RunTime:0.000338s ]
SQL: select * from frequency order by date desc limit 0,8 [ RunTime:0.000084s ]
INFO: [ view_parse ] --START--
NOTIC: [8] Undefined offset: 7 /home/wwwroot/default/wangpan/StatAnal/Runtime/Cache/a8ca3d900eb6ed5b465c7377d357880f.php 第 207 行.
NOTIC: [8] Undefined offset: 7 /home/wwwroot/default/wangpan/StatAnal/Runtime/Cache/a8ca3d900eb6ed5b465c7377d357880f.php 第 207 行.
NOTIC: [8] Undefined offset: 7 /home/wwwroot/default/wangpan/StatAnal/Runtime/Cache/a8ca3d900eb6ed5b465c7377d357880f.php 第 207 行.
NOTIC: [8] Undefined offset: 7 /home/wwwroot/default/wangpan/StatAnal/Runtime/Cache/a8ca3d900eb6ed5b465c7377d357880f.php 第 207 行.
NOTIC: [8] Undefined offset: 7 /home/wwwroot/default/wangpan/StatAnal/Runtime/Cache/a8ca3d900eb6ed5b465c7377d357880f.php 第 207 行.
NOTIC: [8] Undefined offset: 6 /home/wwwroot/default/wangpan/StatAnal/Runtime/Cache/a8ca3d900eb6ed5b465c7377d357880f.php 第 208 行.
NOTIC: [8] Undefined offset: 6 /home/wwwroot/default/wangpan/StatAnal/Runtime/Cache/a8ca3d900eb6ed5b465c7377d357880f.php 第 208 行.
NOTIC: [8] Undefined offset: 6 /home/wwwroot/default/wangpan/StatAnal/Runtime/Cache/a8ca3d900eb6ed5b465c7377d357880f.php 第 208 行.
NOTIC: [8] Undefined offset: 6 /home/wwwroot/default/wangpan/StatAnal/Runtime/Cache/a8ca3d900eb6ed5b465c7377d357880f.php 第 208 行.
NOTIC: [8] Undefined offset: 6 /home/wwwroot/default/wangpan/StatAnal/Runtime/Cache/a8ca3d900eb6ed5b465c7377d357880f.php 第 208 行.
NOTIC: [8] Undefined offset: 5 /home/wwwroot/default/wangpan/StatAnal/Runtime/Cache/a8ca3d900eb6ed5b465c7377d357880f.php 第 209 行.
NOTIC: [8] Undefined offset: 5 /home/wwwroot/default/wangpan/StatAnal/Runtime/Cache/a8ca3d900eb6ed5b465c7377d357880f.php 第 209 行.
NOTIC: [8] Undefined offset: 5 /home/wwwroot/default/wangpan/StatAnal/Runtime/Cache/a8ca3d900eb6ed5b465c7377d357880f.php 第 209 行.
NOTIC: [8] Undefined offset: 5 /home/wwwroot/default/wangpan/StatAnal/Runtime/Cache/a8ca3d900eb6ed5b465c7377d357880f.php 第 209 行.
NOTIC: [8] Undefined offset: 5 /home/wwwroot/default/wangpan/StatAnal/Runtime/Cache/a8ca3d900eb6ed5b465c7377d357880f.php 第 209 行.
NOTIC: [8] Undefined offset: 4 /home/wwwroot/default/wangpan/StatAnal/Runtime/Cache/a8ca3d900eb6ed5b465c7377d357880f.php 第 210 行.
NOTIC: [8] Undefined offset: 4 /home/wwwroot/default/wangpan/StatAnal/Runtime/Cache/a8ca3d900eb6ed5b465c7377d357880f.php 第 210 行.
NOTIC: [8] Undefined offset: 4 /home/wwwroot/default/wangpan/StatAnal/Runtime/Cache/a8ca3d900eb6ed5b465c7377d357880f.php 第 210 行.
NOTIC: [8] Undefined offset: 4 /home/wwwroot/default/wangpan/StatAnal/Runtime/Cache/a8ca3d900eb6ed5b465c7377d357880f.php 第 210 行.
NOTIC: [8] Undefined offset: 4 /home/wwwroot/default/wangpan/StatAnal/Runtime/Cache/a8ca3d900eb6ed5b465c7377d357880f.php 第 210 行.
NOTIC: [8] Undefined offset: 3 /home/wwwroot/default/wangpan/StatAnal/Runtime/Cache/a8ca3d900eb6ed5b465c7377d357880f.php 第 211 行.
NOTIC: [8] Undefined offset: 3 /home/wwwroot/default/wangpan/StatAnal/Runtime/Cache/a8ca3d900eb6ed5b465c7377d357880f.php 第 211 行.
NOTIC: [8] Undefined offset: 3 /home/wwwroot/default/wangpan/StatAnal/Runtime/Cache/a8ca3d900eb6ed5b465c7377d357880f.php 第 211 行.
NOTIC: [8] Undefined offset: 3 /home/wwwroot/default/wangpan/StatAnal/Runtime/Cache/a8ca3d900eb6ed5b465c7377d357880f.php 第 211 行.
NOTIC: [8] Undefined offset: 3 /home/wwwroot/default/wangpan/StatAnal/Runtime/Cache/a8ca3d900eb6ed5b465c7377d357880f.php 第 211 行.
NOTIC: [8] Undefined offset: 2 /home/wwwroot/default/wangpan/StatAnal/Runtime/Cache/a8ca3d900eb6ed5b465c7377d357880f.php 第 212 行.
NOTIC: [8] Undefined offset: 2 /home/wwwroot/default/wangpan/StatAnal/Runtime/Cache/a8ca3d900eb6ed5b465c7377d357880f.php 第 212 行.
NOTIC: [8] Undefined offset: 2 /home/wwwroot/default/wangpan/StatAnal/Runtime/Cache/a8ca3d900eb6ed5b465c7377d357880f.php 第 212 行.
NOTIC: [8] Undefined offset: 2 /home/wwwroot/default/wangpan/StatAnal/Runtime/Cache/a8ca3d900eb6ed5b465c7377d357880f.php 第 212 行.
NOTIC: [8] Undefined offset: 2 /home/wwwroot/default/wangpan/StatAnal/Runtime/Cache/a8ca3d900eb6ed5b465c7377d357880f.php 第 212 行.
NOTIC: [8] Undefined offset: 1 /home/wwwroot/default/wangpan/StatAnal/Runtime/Cache/a8ca3d900eb6ed5b465c7377d357880f.php 第 213 行.
NOTIC: [8] Undefined offset: 1 /home/wwwroot/default/wangpan/StatAnal/Runtime/Cache/a8ca3d900eb6ed5b465c7377d357880f.php 第 213 行.
NOTIC: [8] Undefined offset: 1 /home/wwwroot/default/wangpan/StatAnal/Runtime/Cache/a8ca3d900eb6ed5b465c7377d357880f.php 第 213 行.
NOTIC: [8] Undefined offset: 1 /home/wwwroot/default/wangpan/StatAnal/Runtime/Cache/a8ca3d900eb6ed5b465c7377d357880f.php 第 213 行.
NOTIC: [8] Undefined offset: 1 /home/wwwroot/default/wangpan/StatAnal/Runtime/Cache/a8ca3d900eb6ed5b465c7377d357880f.php 第 213 行.
NOTIC: [8] Undefined offset: 0 /home/wwwroot/default/wangpan/StatAnal/Runtime/Cache/a8ca3d900eb6ed5b465c7377d357880f.php 第 214 行.
NOTIC: [8] Undefined offset: 0 /home/wwwroot/default/wangpan/StatAnal/Runtime/Cache/a8ca3d900eb6ed5b465c7377d357880f.php 第 214 行.
NOTIC: [8] Undefined offset: 0 /home/wwwroot/default/wangpan/StatAnal/Runtime/Cache/a8ca3d900eb6ed5b465c7377d357880f.php 第 214 行.
NOTIC: [8] Undefined offset: 0 /home/wwwroot/default/wangpan/StatAnal/Runtime/Cache/a8ca3d900eb6ed5b465c7377d357880f.php 第 214 行.
NOTIC: [8] Undefined offset: 0 /home/wwwroot/default/wangpan/StatAnal/Runtime/Cache/a8ca3d900eb6ed5b465c7377d357880f.php 第 214 行.
NOTIC: [8] Undefined offset: 7 /home/wwwroot/default/wangpan/StatAnal/Runtime/Cache/a8ca3d900eb6ed5b465c7377d357880f.php 第 255 行.
NOTIC: [8] Undefined offset: 7 /home/wwwroot/default/wangpan/StatAnal/Runtime/Cache/a8ca3d900eb6ed5b465c7377d357880f.php 第 255 行.
NOTIC: [8] Undefined offset: 7 /home/wwwroot/default/wangpan/StatAnal/Runtime/Cache/a8ca3d900eb6ed5b465c7377d357880f.php 第 255 行.
NOTIC: [8] Undefined offset: 7 /home/wwwroot/default/wangpan/StatAnal/Runtime/Cache/a8ca3d900eb6ed5b465c7377d357880f.php 第 255 行.
NOTIC: [8] Undefined offset: 7 /home/wwwroot/default/wangpan/StatAnal/Runtime/Cache/a8ca3d900eb6ed5b465c7377d357880f.php 第 255 行.
NOTIC: [8] Undefined offset: 6 /home/wwwroot/default/wangpan/StatAnal/Runtime/Cache/a8ca3d900eb6ed5b465c7377d357880f.php 第 256 行.
NOTIC: [8] Undefined offset: 6 /home/wwwroot/default/wangpan/StatAnal/Runtime/Cache/a8ca3d900eb6ed5b465c7377d357880f.php 第 256 行.
NOTIC: [8] Undefined offset: 6 /home/wwwroot/default/wangpan/StatAnal/Runtime/Cache/a8ca3d900eb6ed5b465c7377d357880f.php 第 256 行.
NOTIC: [8] Undefined offset: 6 /home/wwwroot/default/wangpan/StatAnal/Runtime/Cache/a8ca3d900eb6ed5b465c7377d357880f.php 第 256 行.
NOTIC: [8] Undefined offset: 6 /home/wwwroot/default/wangpan/StatAnal/Runtime/Cache/a8ca3d900eb6ed5b465c7377d357880f.php 第 256 行.
NOTIC: [8] Undefined offset: 5 /home/wwwroot/default/wangpan/StatAnal/Runtime/Cache/a8ca3d900eb6ed5b465c7377d357880f.php 第 257 行.
NOTIC: [8] Undefined offset: 5 /home/wwwroot/default/wangpan/StatAnal/Runtime/Cache/a8ca3d900eb6ed5b465c7377d357880f.php 第 257 行.
NOTIC: [8] Undefined offset: 5 /home/wwwroot/default/wangpan/StatAnal/Runtime/Cache/a8ca3d900eb6ed5b465c7377d357880f.php 第 257 行.
NOTIC: [8] Undefined offset: 5 /home/wwwroot/default/wangpan/StatAnal/Runtime/Cache/a8ca3d900eb6ed5b465c7377d357880f.php 第 257 行.
NOTIC: [8] Undefined offset: 5 /home/wwwroot/default/wangpan/StatAnal/Runtime/Cache/a8ca3d900eb6ed5b465c7377d357880f.php 第 257 行.
NOTIC: [8] Undefined offset: 4 /home/wwwroot/default/wangpan/StatAnal/Runtime/Cache/a8ca3d900eb6ed5b465c7377d357880f.php 第 258 行.
NOTIC: [8] Undefined offset: 4 /home/wwwroot/default/wangpan/StatAnal/Runtime/Cache/a8ca3d900eb6ed5b465c7377d357880f.php 第 258 行.
NOTIC: [8] Undefined offset: 4 /home/wwwroot/default/wangpan/StatAnal/Runtime/Cache/a8ca3d900eb6ed5b465c7377d357880f.php 第 258 行.
NOTIC: [8] Undefined offset: 4 /home/wwwroot/default/wangpan/StatAnal/Runtime/Cache/a8ca3d900eb6ed5b465c7377d357880f.php 第 258 行.
NOTIC: [8] Undefined offset: 4 /home/wwwroot/default/wangpan/StatAnal/Runtime/Cache/a8ca3d900eb6ed5b465c7377d357880f.php 第 258 行.
NOTIC: [8] Undefined offset: 3 /home/wwwroot/default/wangpan/StatAnal/Runtime/Cache/a8ca3d900eb6ed5b465c7377d357880f.php 第 259 行.
NOTIC: [8] Undefined offset: 3 /home/wwwroot/default/wangpan/StatAnal/Runtime/Cache/a8ca3d900eb6ed5b465c7377d357880f.php 第 259 行.
NOTIC: [8] Undefined offset: 3 /home/wwwroot/default/wangpan/StatAnal/Runtime/Cache/a8ca3d900eb6ed5b465c7377d357880f.php 第 259 行.
NOTIC: [8] Undefined offset: 3 /home/wwwroot/default/wangpan/StatAnal/Runtime/Cache/a8ca3d900eb6ed5b465c7377d357880f.php 第 259 行.
NOTIC: [8] Undefined offset: 3 /home/wwwroot/default/wangpan/StatAnal/Runtime/Cache/a8ca3d900eb6ed5b465c7377d357880f.php 第 259 行.
NOTIC: [8] Undefined offset: 2 /home/wwwroot/default/wangpan/StatAnal/Runtime/Cache/a8ca3d900eb6ed5b465c7377d357880f.php 第 260 行.
NOTIC: [8] Undefined offset: 2 /home/wwwroot/default/wangpan/StatAnal/Runtime/Cache/a8ca3d900eb6ed5b465c7377d357880f.php 第 260 行.
NOTIC: [8] Undefined offset: 2 /home/wwwroot/default/wangpan/StatAnal/Runtime/Cache/a8ca3d900eb6ed5b465c7377d357880f.php 第 260 行.
NOTIC: [8] Undefined offset: 2 /home/wwwroot/default/wangpan/StatAnal/Runtime/Cache/a8ca3d900eb6ed5b465c7377d357880f.php 第 260 行.
NOTIC: [8] Undefined offset: 2 /home/wwwroot/default/wangpan/StatAnal/Runtime/Cache/a8ca3d900eb6ed5b465c7377d357880f.php 第 260 行.
NOTIC: [8] Undefined offset: 1 /home/wwwroot/default/wangpan/StatAnal/Runtime/Cache/a8ca3d900eb6ed5b465c7377d357880f.php 第 261 行.
NOTIC: [8] Undefined offset: 1 /home/wwwroot/default/wangpan/StatAnal/Runtime/Cache/a8ca3d900eb6ed5b465c7377d357880f.php 第 261 行.
NOTIC: [8] Undefined offset: 1 /home/wwwroot/default/wangpan/StatAnal/Runtime/Cache/a8ca3d900eb6ed5b465c7377d357880f.php 第 261 行.
NOTIC: [8] Undefined offset: 1 /home/wwwroot/default/wangpan/StatAnal/Runtime/Cache/a8ca3d900eb6ed5b465c7377d357880f.php 第 261 行.
NOTIC: [8] Undefined offset: 1 /home/wwwroot/default/wangpan/StatAnal/Runtime/Cache/a8ca3d900eb6ed5b465c7377d357880f.php 第 261 行.
NOTIC: [8] Undefined offset: 0 /home/wwwroot/default/wangpan/StatAnal/Runtime/Cache/a8ca3d900eb6ed5b465c7377d357880f.php 第 262 行.
NOTIC: [8] Undefined offset: 0 /home/wwwroot/default/wangpan/StatAnal/Runtime/Cache/a8ca3d900eb6ed5b465c7377d357880f.php 第 262 行.
NOTIC: [8] Undefined offset: 0 /home/wwwroot/default/wangpan/StatAnal/Runtime/Cache/a8ca3d900eb6ed5b465c7377d357880f.php 第 262 行.
NOTIC: [8] Undefined offset: 0 /home/wwwroot/default/wangpan/StatAnal/Runtime/Cache/a8ca3d900eb6ed5b465c7377d357880f.php 第 262 行.
NOTIC: [8] Undefined offset: 0 /home/wwwroot/default/wangpan/StatAnal/Runtime/Cache/a8ca3d900eb6ed5b465c7377d357880f.php 第 262 行.
INFO: ParseTemplate Behavior ::run [ RunTime:0.012277s ]
INFO: [ view_parse ] --END-- [ RunTime:0.012321s ]
INFO: [ view_filter ] --START--
INFO: ContentReplace Behavior ::run [ RunTime:0.000179s ]
INFO: TokenBuild Behavior ::run [ RunTime:0.000168s ]
INFO: WriteHtmlCache Behavior ::run [ RunTime:0.000102s ]
INFO: ShowRuntime Behavior ::run [ RunTime:0.000220s ]
INFO: [ view_filter ] --END-- [ RunTime:0.000782s ]
INFO: [ view_end ] --START--
INFO: ShowPageTrace Behavior ::run [ RunTime:0.000287s ]
INFO: [ view_end ] --END-- [ RunTime:0.000336s ]

[ 2013-11-25T17:54:39+08:00 ] 192.168.3.248 /wangpan/StatAnal.php
INFO: [ app_begin ] --START--
INFO: ReadHtmlCache Behavior ::run [ RunTime:0.000260s ]
INFO: [ app_begin ] --END-- [ RunTime:0.000323s ]
NOTIC: [8] A session had already been started - ignoring session_start() /home/wwwroot/default/wangpan/ThinkPHP/Common/functions.php 第 566 行.
SQL: SHOW COLUMNS FROM `analyse` [ RunTime:0.000601s ]
SQL: SELECT * FROM `analyse` WHERE ( `id` = 1 ) LIMIT 1   [ RunTime:0.000132s ]
SQL: SHOW COLUMNS FROM `translog` [ RunTime:0.000392s ]
SQL: SELECT * FROM `translog`  [ RunTime:0.000083s ]
SQL: SHOW COLUMNS FROM `frequency` [ RunTime:0.000339s ]
SQL: select * from frequency order by date desc limit 0,8 [ RunTime:0.000085s ]
INFO: [ view_parse ] --START--
NOTIC: [8] Undefined offset: 7 /home/wwwroot/default/wangpan/StatAnal/Runtime/Cache/a8ca3d900eb6ed5b465c7377d357880f.php 第 207 行.
NOTIC: [8] Undefined offset: 7 /home/wwwroot/default/wangpan/StatAnal/Runtime/Cache/a8ca3d900eb6ed5b465c7377d357880f.php 第 207 行.
NOTIC: [8] Undefined offset: 7 /home/wwwroot/default/wangpan/StatAnal/Runtime/Cache/a8ca3d900eb6ed5b465c7377d357880f.php 第 207 行.
NOTIC: [8] Undefined offset: 7 /home/wwwroot/default/wangpan/StatAnal/Runtime/Cache/a8ca3d900eb6ed5b465c7377d357880f.php 第 207 行.
NOTIC: [8] Undefined offset: 7 /home/wwwroot/default/wangpan/StatAnal/Runtime/Cache/a8ca3d900eb6ed5b465c7377d357880f.php 第 207 行.
NOTIC: [8] Undefined offset: 6 /home/wwwroot/default/wangpan/StatAnal/Runtime/Cache/a8ca3d900eb6ed5b465c7377d357880f.php 第 208 行.
NOTIC: [8] Undefined offset: 6 /home/wwwroot/default/wangpan/StatAnal/Runtime/Cache/a8ca3d900eb6ed5b465c7377d357880f.php 第 208 行.
NOTIC: [8] Undefined offset: 6 /home/wwwroot/default/wangpan/StatAnal/Runtime/Cache/a8ca3d900eb6ed5b465c7377d357880f.php 第 208 行.
NOTIC: [8] Undefined offset: 6 /home/wwwroot/default/wangpan/StatAnal/Runtime/Cache/a8ca3d900eb6ed5b465c7377d357880f.php 第 208 行.
NOTIC: [8] Undefined offset: 6 /home/wwwroot/default/wangpan/StatAnal/Runtime/Cache/a8ca3d900eb6ed5b465c7377d357880f.php 第 208 行.
NOTIC: [8] Undefined offset: 5 /home/wwwroot/default/wangpan/StatAnal/Runtime/Cache/a8ca3d900eb6ed5b465c7377d357880f.php 第 209 行.
NOTIC: [8] Undefined offset: 5 /home/wwwroot/default/wangpan/StatAnal/Runtime/Cache/a8ca3d900eb6ed5b465c7377d357880f.php 第 209 行.
NOTIC: [8] Undefined offset: 5 /home/wwwroot/default/wangpan/StatAnal/Runtime/Cache/a8ca3d900eb6ed5b465c7377d357880f.php 第 209 行.
NOTIC: [8] Undefined offset: 5 /home/wwwroot/default/wangpan/StatAnal/Runtime/Cache/a8ca3d900eb6ed5b465c7377d357880f.php 第 209 行.
NOTIC: [8] Undefined offset: 5 /home/wwwroot/default/wangpan/StatAnal/Runtime/Cache/a8ca3d900eb6ed5b465c7377d357880f.php 第 209 行.
NOTIC: [8] Undefined offset: 4 /home/wwwroot/default/wangpan/StatAnal/Runtime/Cache/a8ca3d900eb6ed5b465c7377d357880f.php 第 210 行.
NOTIC: [8] Undefined offset: 4 /home/wwwroot/default/wangpan/StatAnal/Runtime/Cache/a8ca3d900eb6ed5b465c7377d357880f.php 第 210 行.
NOTIC: [8] Undefined offset: 4 /home/wwwroot/default/wangpan/StatAnal/Runtime/Cache/a8ca3d900eb6ed5b465c7377d357880f.php 第 210 行.
NOTIC: [8] Undefined offset: 4 /home/wwwroot/default/wangpan/StatAnal/Runtime/Cache/a8ca3d900eb6ed5b465c7377d357880f.php 第 210 行.
NOTIC: [8] Undefined offset: 4 /home/wwwroot/default/wangpan/StatAnal/Runtime/Cache/a8ca3d900eb6ed5b465c7377d357880f.php 第 210 行.
NOTIC: [8] Undefined offset: 3 /home/wwwroot/default/wangpan/StatAnal/Runtime/Cache/a8ca3d900eb6ed5b465c7377d357880f.php 第 211 行.
NOTIC: [8] Undefined offset: 3 /home/wwwroot/default/wangpan/StatAnal/Runtime/Cache/a8ca3d900eb6ed5b465c7377d357880f.php 第 211 行.
NOTIC: [8] Undefined offset: 3 /home/wwwroot/default/wangpan/StatAnal/Runtime/Cache/a8ca3d900eb6ed5b465c7377d357880f.php 第 211 行.
NOTIC: [8] Undefined offset: 3 /home/wwwroot/default/wangpan/StatAnal/Runtime/Cache/a8ca3d900eb6ed5b465c7377d357880f.php 第 211 行.
NOTIC: [8] Undefined offset: 3 /home/wwwroot/default/wangpan/StatAnal/Runtime/Cache/a8ca3d900eb6ed5b465c7377d357880f.php 第 211 行.
NOTIC: [8] Undefined offset: 2 /home/wwwroot/default/wangpan/StatAnal/Runtime/Cache/a8ca3d900eb6ed5b465c7377d357880f.php 第 212 行.
NOTIC: [8] Undefined offset: 2 /home/wwwroot/default/wangpan/StatAnal/Runtime/Cache/a8ca3d900eb6ed5b465c7377d357880f.php 第 212 行.
NOTIC: [8] Undefined offset: 2 /home/wwwroot/default/wangpan/StatAnal/Runtime/Cache/a8ca3d900eb6ed5b465c7377d357880f.php 第 212 行.
NOTIC: [8] Undefined offset: 2 /home/wwwroot/default/wangpan/StatAnal/Runtime/Cache/a8ca3d900eb6ed5b465c7377d357880f.php 第 212 行.
NOTIC: [8] Undefined offset: 2 /home/wwwroot/default/wangpan/StatAnal/Runtime/Cache/a8ca3d900eb6ed5b465c7377d357880f.php 第 212 行.
NOTIC: [8] Undefined offset: 1 /home/wwwroot/default/wangpan/StatAnal/Runtime/Cache/a8ca3d900eb6ed5b465c7377d357880f.php 第 213 行.
NOTIC: [8] Undefined offset: 1 /home/wwwroot/default/wangpan/StatAnal/Runtime/Cache/a8ca3d900eb6ed5b465c7377d357880f.php 第 213 行.
NOTIC: [8] Undefined offset: 1 /home/wwwroot/default/wangpan/StatAnal/Runtime/Cache/a8ca3d900eb6ed5b465c7377d357880f.php 第 213 行.
NOTIC: [8] Undefined offset: 1 /home/wwwroot/default/wangpan/StatAnal/Runtime/Cache/a8ca3d900eb6ed5b465c7377d357880f.php 第 213 行.
NOTIC: [8] Undefined offset: 1 /home/wwwroot/default/wangpan/StatAnal/Runtime/Cache/a8ca3d900eb6ed5b465c7377d357880f.php 第 213 行.
NOTIC: [8] Undefined offset: 0 /home/wwwroot/default/wangpan/StatAnal/Runtime/Cache/a8ca3d900eb6ed5b465c7377d357880f.php 第 214 行.
NOTIC: [8] Undefined offset: 0 /home/wwwroot/default/wangpan/StatAnal/Runtime/Cache/a8ca3d900eb6ed5b465c7377d357880f.php 第 214 行.
NOTIC: [8] Undefined offset: 0 /home/wwwroot/default/wangpan/StatAnal/Runtime/Cache/a8ca3d900eb6ed5b465c7377d357880f.php 第 214 行.
NOTIC: [8] Undefined offset: 0 /home/wwwroot/default/wangpan/StatAnal/Runtime/Cache/a8ca3d900eb6ed5b465c7377d357880f.php 第 214 行.
NOTIC: [8] Undefined offset: 0 /home/wwwroot/default/wangpan/StatAnal/Runtime/Cache/a8ca3d900eb6ed5b465c7377d357880f.php 第 214 行.
NOTIC: [8] Undefined offset: 7 /home/wwwroot/default/wangpan/StatAnal/Runtime/Cache/a8ca3d900eb6ed5b465c7377d357880f.php 第 255 行.
NOTIC: [8] Undefined offset: 7 /home/wwwroot/default/wangpan/StatAnal/Runtime/Cache/a8ca3d900eb6ed5b465c7377d357880f.php 第 255 行.
NOTIC: [8] Undefined offset: 7 /home/wwwroot/default/wangpan/StatAnal/Runtime/Cache/a8ca3d900eb6ed5b465c7377d357880f.php 第 255 行.
NOTIC: [8] Undefined offset: 7 /home/wwwroot/default/wangpan/StatAnal/Runtime/Cache/a8ca3d900eb6ed5b465c7377d357880f.php 第 255 行.
NOTIC: [8] Undefined offset: 7 /home/wwwroot/default/wangpan/StatAnal/Runtime/Cache/a8ca3d900eb6ed5b465c7377d357880f.php 第 255 行.
NOTIC: [8] Undefined offset: 6 /home/wwwroot/default/wangpan/StatAnal/Runtime/Cache/a8ca3d900eb6ed5b465c7377d357880f.php 第 256 行.
NOTIC: [8] Undefined offset: 6 /home/wwwroot/default/wangpan/StatAnal/Runtime/Cache/a8ca3d900eb6ed5b465c7377d357880f.php 第 256 行.
NOTIC: [8] Undefined offset: 6 /home/wwwroot/default/wangpan/StatAnal/Runtime/Cache/a8ca3d900eb6ed5b465c7377d357880f.php 第 256 行.
NOTIC: [8] Undefined offset: 6 /home/wwwroot/default/wangpan/StatAnal/Runtime/Cache/a8ca3d900eb6ed5b465c7377d357880f.php 第 256 行.
NOTIC: [8] Undefined offset: 6 /home/wwwroot/default/wangpan/StatAnal/Runtime/Cache/a8ca3d900eb6ed5b465c7377d357880f.php 第 256 行.
NOTIC: [8] Undefined offset: 5 /home/wwwroot/default/wangpan/StatAnal/Runtime/Cache/a8ca3d900eb6ed5b465c7377d357880f.php 第 257 行.
NOTIC: [8] Undefined offset: 5 /home/wwwroot/default/wangpan/StatAnal/Runtime/Cache/a8ca3d900eb6ed5b465c7377d357880f.php 第 257 行.
NOTIC: [8] Undefined offset: 5 /home/wwwroot/default/wangpan/StatAnal/Runtime/Cache/a8ca3d900eb6ed5b465c7377d357880f.php 第 257 行.
NOTIC: [8] Undefined offset: 5 /home/wwwroot/default/wangpan/StatAnal/Runtime/Cache/a8ca3d900eb6ed5b465c7377d357880f.php 第 257 行.
NOTIC: [8] Undefined offset: 5 /home/wwwroot/default/wangpan/StatAnal/Runtime/Cache/a8ca3d900eb6ed5b465c7377d357880f.php 第 257 行.
NOTIC: [8] Undefined offset: 4 /home/wwwroot/default/wangpan/StatAnal/Runtime/Cache/a8ca3d900eb6ed5b465c7377d357880f.php 第 258 行.
NOTIC: [8] Undefined offset: 4 /home/wwwroot/default/wangpan/StatAnal/Runtime/Cache/a8ca3d900eb6ed5b465c7377d357880f.php 第 258 行.
NOTIC: [8] Undefined offset: 4 /home/wwwroot/default/wangpan/StatAnal/Runtime/Cache/a8ca3d900eb6ed5b465c7377d357880f.php 第 258 行.
NOTIC: [8] Undefined offset: 4 /home/wwwroot/default/wangpan/StatAnal/Runtime/Cache/a8ca3d900eb6ed5b465c7377d357880f.php 第 258 行.
NOTIC: [8] Undefined offset: 4 /home/wwwroot/default/wangpan/StatAnal/Runtime/Cache/a8ca3d900eb6ed5b465c7377d357880f.php 第 258 行.
NOTIC: [8] Undefined offset: 3 /home/wwwroot/default/wangpan/StatAnal/Runtime/Cache/a8ca3d900eb6ed5b465c7377d357880f.php 第 259 行.
NOTIC: [8] Undefined offset: 3 /home/wwwroot/default/wangpan/StatAnal/Runtime/Cache/a8ca3d900eb6ed5b465c7377d357880f.php 第 259 行.
NOTIC: [8] Undefined offset: 3 /home/wwwroot/default/wangpan/StatAnal/Runtime/Cache/a8ca3d900eb6ed5b465c7377d357880f.php 第 259 行.
NOTIC: [8] Undefined offset: 3 /home/wwwroot/default/wangpan/StatAnal/Runtime/Cache/a8ca3d900eb6ed5b465c7377d357880f.php 第 259 行.
NOTIC: [8] Undefined offset: 3 /home/wwwroot/default/wangpan/StatAnal/Runtime/Cache/a8ca3d900eb6ed5b465c7377d357880f.php 第 259 行.
NOTIC: [8] Undefined offset: 2 /home/wwwroot/default/wangpan/StatAnal/Runtime/Cache/a8ca3d900eb6ed5b465c7377d357880f.php 第 260 行.
NOTIC: [8] Undefined offset: 2 /home/wwwroot/default/wangpan/StatAnal/Runtime/Cache/a8ca3d900eb6ed5b465c7377d357880f.php 第 260 行.
NOTIC: [8] Undefined offset: 2 /home/wwwroot/default/wangpan/StatAnal/Runtime/Cache/a8ca3d900eb6ed5b465c7377d357880f.php 第 260 行.
NOTIC: [8] Undefined offset: 2 /home/wwwroot/default/wangpan/StatAnal/Runtime/Cache/a8ca3d900eb6ed5b465c7377d357880f.php 第 260 行.
NOTIC: [8] Undefined offset: 2 /home/wwwroot/default/wangpan/StatAnal/Runtime/Cache/a8ca3d900eb6ed5b465c7377d357880f.php 第 260 行.
NOTIC: [8] Undefined offset: 1 /home/wwwroot/default/wangpan/StatAnal/Runtime/Cache/a8ca3d900eb6ed5b465c7377d357880f.php 第 261 行.
NOTIC: [8] Undefined offset: 1 /home/wwwroot/default/wangpan/StatAnal/Runtime/Cache/a8ca3d900eb6ed5b465c7377d357880f.php 第 261 行.
NOTIC: [8] Undefined offset: 1 /home/wwwroot/default/wangpan/StatAnal/Runtime/Cache/a8ca3d900eb6ed5b465c7377d357880f.php 第 261 行.
NOTIC: [8] Undefined offset: 1 /home/wwwroot/default/wangpan/StatAnal/Runtime/Cache/a8ca3d900eb6ed5b465c7377d357880f.php 第 261 行.
NOTIC: [8] Undefined offset: 1 /home/wwwroot/default/wangpan/StatAnal/Runtime/Cache/a8ca3d900eb6ed5b465c7377d357880f.php 第 261 行.
NOTIC: [8] Undefined offset: 0 /home/wwwroot/default/wangpan/StatAnal/Runtime/Cache/a8ca3d900eb6ed5b465c7377d357880f.php 第 262 行.
NOTIC: [8] Undefined offset: 0 /home/wwwroot/default/wangpan/StatAnal/Runtime/Cache/a8ca3d900eb6ed5b465c7377d357880f.php 第 262 行.
NOTIC: [8] Undefined offset: 0 /home/wwwroot/default/wangpan/StatAnal/Runtime/Cache/a8ca3d900eb6ed5b465c7377d357880f.php 第 262 行.
NOTIC: [8] Undefined offset: 0 /home/wwwroot/default/wangpan/StatAnal/Runtime/Cache/a8ca3d900eb6ed5b465c7377d357880f.php 第 262 行.
NOTIC: [8] Undefined offset: 0 /home/wwwroot/default/wangpan/StatAnal/Runtime/Cache/a8ca3d900eb6ed5b465c7377d357880f.php 第 262 行.
INFO: ParseTemplate Behavior ::run [ RunTime:0.012302s ]
INFO: [ view_parse ] --END-- [ RunTime:0.012347s ]
INFO: [ view_filter ] --START--
INFO: ContentReplace Behavior ::run [ RunTime:0.000176s ]
INFO: TokenBuild Behavior ::run [ RunTime:0.000164s ]
INFO: WriteHtmlCache Behavior ::run [ RunTime:0.000098s ]
INFO: ShowRuntime Behavior ::run [ RunTime:0.000218s ]
INFO: [ view_filter ] --END-- [ RunTime:0.000770s ]
INFO: [ view_end ] --START--
INFO: ShowPageTrace Behavior ::run [ RunTime:0.000285s ]
INFO: [ view_end ] --END-- [ RunTime:0.000325s ]

[ 2013-11-25T17:54:43+08:00 ] 192.168.3.248 /wangpan/StatAnal.php
INFO: [ app_begin ] --START--
INFO: ReadHtmlCache Behavior ::run [ RunTime:0.000259s ]
INFO: [ app_begin ] --END-- [ RunTime:0.000322s ]
NOTIC: [8] A session had already been started - ignoring session_start() /home/wwwroot/default/wangpan/ThinkPHP/Common/functions.php 第 566 行.
SQL: SHOW COLUMNS FROM `analyse` [ RunTime:0.000596s ]
SQL: SELECT * FROM `analyse` WHERE ( `id` = 1 ) LIMIT 1   [ RunTime:0.000137s ]
SQL: SHOW COLUMNS FROM `translog` [ RunTime:0.000391s ]
SQL: SELECT * FROM `translog`  [ RunTime:0.000081s ]
SQL: SHOW COLUMNS FROM `frequency` [ RunTime:0.000339s ]
SQL: select * from frequency order by date desc limit 0,8 [ RunTime:0.000084s ]
INFO: [ view_parse ] --START--
NOTIC: [8] Undefined offset: 7 /home/wwwroot/default/wangpan/StatAnal/Runtime/Cache/a8ca3d900eb6ed5b465c7377d357880f.php 第 207 行.
NOTIC: [8] Undefined offset: 7 /home/wwwroot/default/wangpan/StatAnal/Runtime/Cache/a8ca3d900eb6ed5b465c7377d357880f.php 第 207 行.
NOTIC: [8] Undefined offset: 7 /home/wwwroot/default/wangpan/StatAnal/Runtime/Cache/a8ca3d900eb6ed5b465c7377d357880f.php 第 207 行.
NOTIC: [8] Undefined offset: 7 /home/wwwroot/default/wangpan/StatAnal/Runtime/Cache/a8ca3d900eb6ed5b465c7377d357880f.php 第 207 行.
NOTIC: [8] Undefined offset: 7 /home/wwwroot/default/wangpan/StatAnal/Runtime/Cache/a8ca3d900eb6ed5b465c7377d357880f.php 第 207 行.
NOTIC: [8] Undefined offset: 6 /home/wwwroot/default/wangpan/StatAnal/Runtime/Cache/a8ca3d900eb6ed5b465c7377d357880f.php 第 208 行.
NOTIC: [8] Undefined offset: 6 /home/wwwroot/default/wangpan/StatAnal/Runtime/Cache/a8ca3d900eb6ed5b465c7377d357880f.php 第 208 行.
NOTIC: [8] Undefined offset: 6 /home/wwwroot/default/wangpan/StatAnal/Runtime/Cache/a8ca3d900eb6ed5b465c7377d357880f.php 第 208 行.
NOTIC: [8] Undefined offset: 6 /home/wwwroot/default/wangpan/StatAnal/Runtime/Cache/a8ca3d900eb6ed5b465c7377d357880f.php 第 208 行.
NOTIC: [8] Undefined offset: 6 /home/wwwroot/default/wangpan/StatAnal/Runtime/Cache/a8ca3d900eb6ed5b465c7377d357880f.php 第 208 行.
NOTIC: [8] Undefined offset: 5 /home/wwwroot/default/wangpan/StatAnal/Runtime/Cache/a8ca3d900eb6ed5b465c7377d357880f.php 第 209 行.
NOTIC: [8] Undefined offset: 5 /home/wwwroot/default/wangpan/StatAnal/Runtime/Cache/a8ca3d900eb6ed5b465c7377d357880f.php 第 209 行.
NOTIC: [8] Undefined offset: 5 /home/wwwroot/default/wangpan/StatAnal/Runtime/Cache/a8ca3d900eb6ed5b465c7377d357880f.php 第 209 行.
NOTIC: [8] Undefined offset: 5 /home/wwwroot/default/wangpan/StatAnal/Runtime/Cache/a8ca3d900eb6ed5b465c7377d357880f.php 第 209 行.
NOTIC: [8] Undefined offset: 5 /home/wwwroot/default/wangpan/StatAnal/Runtime/Cache/a8ca3d900eb6ed5b465c7377d357880f.php 第 209 行.
NOTIC: [8] Undefined offset: 4 /home/wwwroot/default/wangpan/StatAnal/Runtime/Cache/a8ca3d900eb6ed5b465c7377d357880f.php 第 210 行.
NOTIC: [8] Undefined offset: 4 /home/wwwroot/default/wangpan/StatAnal/Runtime/Cache/a8ca3d900eb6ed5b465c7377d357880f.php 第 210 行.
NOTIC: [8] Undefined offset: 4 /home/wwwroot/default/wangpan/StatAnal/Runtime/Cache/a8ca3d900eb6ed5b465c7377d357880f.php 第 210 行.
NOTIC: [8] Undefined offset: 4 /home/wwwroot/default/wangpan/StatAnal/Runtime/Cache/a8ca3d900eb6ed5b465c7377d357880f.php 第 210 行.
NOTIC: [8] Undefined offset: 4 /home/wwwroot/default/wangpan/StatAnal/Runtime/Cache/a8ca3d900eb6ed5b465c7377d357880f.php 第 210 行.
NOTIC: [8] Undefined offset: 3 /home/wwwroot/default/wangpan/StatAnal/Runtime/Cache/a8ca3d900eb6ed5b465c7377d357880f.php 第 211 行.
NOTIC: [8] Undefined offset: 3 /home/wwwroot/default/wangpan/StatAnal/Runtime/Cache/a8ca3d900eb6ed5b465c7377d357880f.php 第 211 行.
NOTIC: [8] Undefined offset: 3 /home/wwwroot/default/wangpan/StatAnal/Runtime/Cache/a8ca3d900eb6ed5b465c7377d357880f.php 第 211 行.
NOTIC: [8] Undefined offset: 3 /home/wwwroot/default/wangpan/StatAnal/Runtime/Cache/a8ca3d900eb6ed5b465c7377d357880f.php 第 211 行.
NOTIC: [8] Undefined offset: 3 /home/wwwroot/default/wangpan/StatAnal/Runtime/Cache/a8ca3d900eb6ed5b465c7377d357880f.php 第 211 行.
NOTIC: [8] Undefined offset: 2 /home/wwwroot/default/wangpan/StatAnal/Runtime/Cache/a8ca3d900eb6ed5b465c7377d357880f.php 第 212 行.
NOTIC: [8] Undefined offset: 2 /home/wwwroot/default/wangpan/StatAnal/Runtime/Cache/a8ca3d900eb6ed5b465c7377d357880f.php 第 212 行.
NOTIC: [8] Undefined offset: 2 /home/wwwroot/default/wangpan/StatAnal/Runtime/Cache/a8ca3d900eb6ed5b465c7377d357880f.php 第 212 行.
NOTIC: [8] Undefined offset: 2 /home/wwwroot/default/wangpan/StatAnal/Runtime/Cache/a8ca3d900eb6ed5b465c7377d357880f.php 第 212 行.
NOTIC: [8] Undefined offset: 2 /home/wwwroot/default/wangpan/StatAnal/Runtime/Cache/a8ca3d900eb6ed5b465c7377d357880f.php 第 212 行.
NOTIC: [8] Undefined offset: 1 /home/wwwroot/default/wangpan/StatAnal/Runtime/Cache/a8ca3d900eb6ed5b465c7377d357880f.php 第 213 行.
NOTIC: [8] Undefined offset: 1 /home/wwwroot/default/wangpan/StatAnal/Runtime/Cache/a8ca3d900eb6ed5b465c7377d357880f.php 第 213 行.
NOTIC: [8] Undefined offset: 1 /home/wwwroot/default/wangpan/StatAnal/Runtime/Cache/a8ca3d900eb6ed5b465c7377d357880f.php 第 213 行.
NOTIC: [8] Undefined offset: 1 /home/wwwroot/default/wangpan/StatAnal/Runtime/Cache/a8ca3d900eb6ed5b465c7377d357880f.php 第 213 行.
NOTIC: [8] Undefined offset: 1 /home/wwwroot/default/wangpan/StatAnal/Runtime/Cache/a8ca3d900eb6ed5b465c7377d357880f.php 第 213 行.
NOTIC: [8] Undefined offset: 0 /home/wwwroot/default/wangpan/StatAnal/Runtime/Cache/a8ca3d900eb6ed5b465c7377d357880f.php 第 214 行.
NOTIC: [8] Undefined offset: 0 /home/wwwroot/default/wangpan/StatAnal/Runtime/Cache/a8ca3d900eb6ed5b465c7377d357880f.php 第 214 行.
NOTIC: [8] Undefined offset: 0 /home/wwwroot/default/wangpan/StatAnal/Runtime/Cache/a8ca3d900eb6ed5b465c7377d357880f.php 第 214 行.
NOTIC: [8] Undefined offset: 0 /home/wwwroot/default/wangpan/StatAnal/Runtime/Cache/a8ca3d900eb6ed5b465c7377d357880f.php 第 214 行.
NOTIC: [8] Undefined offset: 0 /home/wwwroot/default/wangpan/StatAnal/Runtime/Cache/a8ca3d900eb6ed5b465c7377d357880f.php 第 214 行.
NOTIC: [8] Undefined offset: 7 /home/wwwroot/default/wangpan/StatAnal/Runtime/Cache/a8ca3d900eb6ed5b465c7377d357880f.php 第 255 行.
NOTIC: [8] Undefined offset: 7 /home/wwwroot/default/wangpan/StatAnal/Runtime/Cache/a8ca3d900eb6ed5b465c7377d357880f.php 第 255 行.
NOTIC: [8] Undefined offset: 7 /home/wwwroot/default/wangpan/StatAnal/Runtime/Cache/a8ca3d900eb6ed5b465c7377d357880f.php 第 255 行.
NOTIC: [8] Undefined offset: 7 /home/wwwroot/default/wangpan/StatAnal/Runtime/Cache/a8ca3d900eb6ed5b465c7377d357880f.php 第 255 行.
NOTIC: [8] Undefined offset: 7 /home/wwwroot/default/wangpan/StatAnal/Runtime/Cache/a8ca3d900eb6ed5b465c7377d357880f.php 第 255 行.
NOTIC: [8] Undefined offset: 6 /home/wwwroot/default/wangpan/StatAnal/Runtime/Cache/a8ca3d900eb6ed5b465c7377d357880f.php 第 256 行.
NOTIC: [8] Undefined offset: 6 /home/wwwroot/default/wangpan/StatAnal/Runtime/Cache/a8ca3d900eb6ed5b465c7377d357880f.php 第 256 行.
NOTIC: [8] Undefined offset: 6 /home/wwwroot/default/wangpan/StatAnal/Runtime/Cache/a8ca3d900eb6ed5b465c7377d357880f.php 第 256 行.
NOTIC: [8] Undefined offset: 6 /home/wwwroot/default/wangpan/StatAnal/Runtime/Cache/a8ca3d900eb6ed5b465c7377d357880f.php 第 256 行.
NOTIC: [8] Undefined offset: 6 /home/wwwroot/default/wangpan/StatAnal/Runtime/Cache/a8ca3d900eb6ed5b465c7377d357880f.php 第 256 行.
NOTIC: [8] Undefined offset: 5 /home/wwwroot/default/wangpan/StatAnal/Runtime/Cache/a8ca3d900eb6ed5b465c7377d357880f.php 第 257 行.
NOTIC: [8] Undefined offset: 5 /home/wwwroot/default/wangpan/StatAnal/Runtime/Cache/a8ca3d900eb6ed5b465c7377d357880f.php 第 257 行.
NOTIC: [8] Undefined offset: 5 /home/wwwroot/default/wangpan/StatAnal/Runtime/Cache/a8ca3d900eb6ed5b465c7377d357880f.php 第 257 行.
NOTIC: [8] Undefined offset: 5 /home/wwwroot/default/wangpan/StatAnal/Runtime/Cache/a8ca3d900eb6ed5b465c7377d357880f.php 第 257 行.
NOTIC: [8] Undefined offset: 5 /home/wwwroot/default/wangpan/StatAnal/Runtime/Cache/a8ca3d900eb6ed5b465c7377d357880f.php 第 257 行.
NOTIC: [8] Undefined offset: 4 /home/wwwroot/default/wangpan/StatAnal/Runtime/Cache/a8ca3d900eb6ed5b465c7377d357880f.php 第 258 行.
NOTIC: [8] Undefined offset: 4 /home/wwwroot/default/wangpan/StatAnal/Runtime/Cache/a8ca3d900eb6ed5b465c7377d357880f.php 第 258 行.
NOTIC: [8] Undefined offset: 4 /home/wwwroot/default/wangpan/StatAnal/Runtime/Cache/a8ca3d900eb6ed5b465c7377d357880f.php 第 258 行.
NOTIC: [8] Undefined offset: 4 /home/wwwroot/default/wangpan/StatAnal/Runtime/Cache/a8ca3d900eb6ed5b465c7377d357880f.php 第 258 行.
NOTIC: [8] Undefined offset: 4 /home/wwwroot/default/wangpan/StatAnal/Runtime/Cache/a8ca3d900eb6ed5b465c7377d357880f.php 第 258 行.
NOTIC: [8] Undefined offset: 3 /home/wwwroot/default/wangpan/StatAnal/Runtime/Cache/a8ca3d900eb6ed5b465c7377d357880f.php 第 259 行.
NOTIC: [8] Undefined offset: 3 /home/wwwroot/default/wangpan/StatAnal/Runtime/Cache/a8ca3d900eb6ed5b465c7377d357880f.php 第 259 行.
NOTIC: [8] Undefined offset: 3 /home/wwwroot/default/wangpan/StatAnal/Runtime/Cache/a8ca3d900eb6ed5b465c7377d357880f.php 第 259 行.
NOTIC: [8] Undefined offset: 3 /home/wwwroot/default/wangpan/StatAnal/Runtime/Cache/a8ca3d900eb6ed5b465c7377d357880f.php 第 259 行.
NOTIC: [8] Undefined offset: 3 /home/wwwroot/default/wangpan/StatAnal/Runtime/Cache/a8ca3d900eb6ed5b465c7377d357880f.php 第 259 行.
NOTIC: [8] Undefined offset: 2 /home/wwwroot/default/wangpan/StatAnal/Runtime/Cache/a8ca3d900eb6ed5b465c7377d357880f.php 第 260 行.
NOTIC: [8] Undefined offset: 2 /home/wwwroot/default/wangpan/StatAnal/Runtime/Cache/a8ca3d900eb6ed5b465c7377d357880f.php 第 260 行.
NOTIC: [8] Undefined offset: 2 /home/wwwroot/default/wangpan/StatAnal/Runtime/Cache/a8ca3d900eb6ed5b465c7377d357880f.php 第 260 行.
NOTIC: [8] Undefined offset: 2 /home/wwwroot/default/wangpan/StatAnal/Runtime/Cache/a8ca3d900eb6ed5b465c7377d357880f.php 第 260 行.
NOTIC: [8] Undefined offset: 2 /home/wwwroot/default/wangpan/StatAnal/Runtime/Cache/a8ca3d900eb6ed5b465c7377d357880f.php 第 260 行.
NOTIC: [8] Undefined offset: 1 /home/wwwroot/default/wangpan/StatAnal/Runtime/Cache/a8ca3d900eb6ed5b465c7377d357880f.php 第 261 行.
NOTIC: [8] Undefined offset: 1 /home/wwwroot/default/wangpan/StatAnal/Runtime/Cache/a8ca3d900eb6ed5b465c7377d357880f.php 第 261 行.
NOTIC: [8] Undefined offset: 1 /home/wwwroot/default/wangpan/StatAnal/Runtime/Cache/a8ca3d900eb6ed5b465c7377d357880f.php 第 261 行.
NOTIC: [8] Undefined offset: 1 /home/wwwroot/default/wangpan/StatAnal/Runtime/Cache/a8ca3d900eb6ed5b465c7377d357880f.php 第 261 行.
NOTIC: [8] Undefined offset: 1 /home/wwwroot/default/wangpan/StatAnal/Runtime/Cache/a8ca3d900eb6ed5b465c7377d357880f.php 第 261 行.
NOTIC: [8] Undefined offset: 0 /home/wwwroot/default/wangpan/StatAnal/Runtime/Cache/a8ca3d900eb6ed5b465c7377d357880f.php 第 262 行.
NOTIC: [8] Undefined offset: 0 /home/wwwroot/default/wangpan/StatAnal/Runtime/Cache/a8ca3d900eb6ed5b465c7377d357880f.php 第 262 行.
NOTIC: [8] Undefined offset: 0 /home/wwwroot/default/wangpan/StatAnal/Runtime/Cache/a8ca3d900eb6ed5b465c7377d357880f.php 第 262 行.
NOTIC: [8] Undefined offset: 0 /home/wwwroot/default/wangpan/StatAnal/Runtime/Cache/a8ca3d900eb6ed5b465c7377d357880f.php 第 262 行.
NOTIC: [8] Undefined offset: 0 /home/wwwroot/default/wangpan/StatAnal/Runtime/Cache/a8ca3d900eb6ed5b465c7377d357880f.php 第 262 行.
INFO: ParseTemplate Behavior ::run [ RunTime:0.012261s ]
INFO: [ view_parse ] --END-- [ RunTime:0.012307s ]
INFO: [ view_filter ] --START--
INFO: ContentReplace Behavior ::run [ RunTime:0.000174s ]
INFO: TokenBuild Behavior ::run [ RunTime:0.000165s ]
INFO: WriteHtmlCache Behavior ::run [ RunTime:0.000099s ]
INFO: ShowRuntime Behavior ::run [ RunTime:0.000219s ]
INFO: [ view_filter ] --END-- [ RunTime:0.000768s ]
INFO: [ view_end ] --START--
INFO: ShowPageTrace Behavior ::run [ RunTime:0.000283s ]
INFO: [ view_end ] --END-- [ RunTime:0.000323s ]

