[ 2013-10-29T09:26:17+08:00 ] 192.168.3.228 /wangpan/StatAnal.php
INFO: [ app_begin ] --START--
INFO: ReadHtmlCache Behavior ::run [ RunTime:0.000258s ]
INFO: [ app_begin ] --END-- [ RunTime:0.000323s ]
NOTIC: [8] A session had already been started - ignoring session_start() /home/wwwroot/default/wangpan/ThinkPHP/Common/functions.php 第 566 行.
SQL: SHOW COLUMNS FROM `analyse` [ RunTime:0.000621s ]
SQL: SELECT * FROM `analyse` WHERE ( `id` = 1 ) LIMIT 1   [ RunTime:0.000134s ]
SQL: SHOW COLUMNS FROM `frequency` [ RunTime:0.000349s ]
SQL: select * from frequency order by date desc limit 0,14 [ RunTime:0.000135s ]
INFO: [ view_parse ] --START--
INFO: ParseTemplate Behavior ::run [ RunTime:0.013342s ]
INFO: [ view_parse ] --END-- [ RunTime:0.013401s ]
INFO: [ view_filter ] --START--
INFO: ContentReplace Behavior ::run [ RunTime:0.000181s ]
INFO: TokenBuild Behavior ::run [ RunTime:0.000169s ]
INFO: WriteHtmlCache Behavior ::run [ RunTime:0.000098s ]
INFO: ShowRuntime Behavior ::run [ RunTime:0.000212s ]
INFO: [ view_filter ] --END-- [ RunTime:0.000774s ]
INFO: [ view_end ] --START--
INFO: ShowPageTrace Behavior ::run [ RunTime:0.000282s ]
INFO: [ view_end ] --END-- [ RunTime:0.000323s ]

[ 2013-10-29T09:28:34+08:00 ] 192.168.3.228 /wangpan/StatAnal.php
INFO: [ app_begin ] --START--
INFO: ReadHtmlCache Behavior ::run [ RunTime:0.000264s ]
INFO: [ app_begin ] --END-- [ RunTime:0.000326s ]
NOTIC: [8] A session had already been started - ignoring session_start() /home/wwwroot/default/wangpan/ThinkPHP/Common/functions.php 第 566 行.
SQL: SHOW COLUMNS FROM `analyse` [ RunTime:0.000624s ]
SQL: SELECT * FROM `analyse` WHERE ( `id` = 1 ) LIMIT 1   [ RunTime:0.000133s ]
SQL: SHOW COLUMNS FROM `frequency` [ RunTime:0.000349s ]
SQL: select * from frequency order by date desc limit 0,14 [ RunTime:0.000131s ]
INFO: [ view_parse ] --START--
INFO: ParseTemplate Behavior ::run [ RunTime:0.013326s ]
INFO: [ view_parse ] --END-- [ RunTime:0.013384s ]
INFO: [ view_filter ] --START--
INFO: ContentReplace Behavior ::run [ RunTime:0.000183s ]
INFO: TokenBuild Behavior ::run [ RunTime:0.000172s ]
INFO: WriteHtmlCache Behavior ::run [ RunTime:0.000102s ]
INFO: ShowRuntime Behavior ::run [ RunTime:0.000214s ]
INFO: [ view_filter ] --END-- [ RunTime:0.000784s ]
INFO: [ view_end ] --START--
INFO: ShowPageTrace Behavior ::run [ RunTime:0.000283s ]
INFO: [ view_end ] --END-- [ RunTime:0.000323s ]

[ 2013-10-29T09:36:53+08:00 ] 192.168.3.228 /wangpan/StatAnal.php
INFO: [ app_begin ] --START--
INFO: ReadHtmlCache Behavior ::run [ RunTime:0.000261s ]
INFO: [ app_begin ] --END-- [ RunTime:0.000324s ]
NOTIC: [8] A session had already been started - ignoring session_start() /home/wwwroot/default/wangpan/ThinkPHP/Common/functions.php 第 566 行.
SQL: SHOW COLUMNS FROM `analyse` [ RunTime:0.000625s ]
SQL: SELECT * FROM `analyse` WHERE ( `id` = 1 ) LIMIT 1   [ RunTime:0.000134s ]
SQL: SHOW COLUMNS FROM `frequency` [ RunTime:0.000359s ]
SQL: select * from frequency order by date desc limit 0,14 [ RunTime:0.000133s ]
INFO: [ view_parse ] --START--
INFO: ParseTemplate Behavior ::run [ RunTime:0.013299s ]
INFO: [ view_parse ] --END-- [ RunTime:0.013361s ]
INFO: [ view_filter ] --START--
INFO: ContentReplace Behavior ::run [ RunTime:0.000182s ]
INFO: TokenBuild Behavior ::run [ RunTime:0.000169s ]
INFO: WriteHtmlCache Behavior ::run [ RunTime:0.000102s ]
INFO: ShowRuntime Behavior ::run [ RunTime:0.000213s ]
INFO: [ view_filter ] --END-- [ RunTime:0.000778s ]
INFO: [ view_end ] --START--
INFO: ShowPageTrace Behavior ::run [ RunTime:0.000283s ]
INFO: [ view_end ] --END-- [ RunTime:0.000324s ]

[ 2013-10-29T09:41:19+08:00 ] 192.168.3.228 /wangpan/StatAnal.php
INFO: [ app_begin ] --START--
INFO: ReadHtmlCache Behavior ::run [ RunTime:0.000260s ]
INFO: [ app_begin ] --END-- [ RunTime:0.000322s ]
NOTIC: [8] A session had already been started - ignoring session_start() /home/wwwroot/default/wangpan/ThinkPHP/Common/functions.php 第 566 行.
SQL: SHOW COLUMNS FROM `analyse` [ RunTime:0.000628s ]
SQL: SELECT * FROM `analyse` WHERE ( `id` = 1 ) LIMIT 1   [ RunTime:0.000131s ]
SQL: SHOW COLUMNS FROM `frequency` [ RunTime:0.000341s ]
SQL: select * from frequency order by date desc limit 0,14 [ RunTime:0.000129s ]
INFO: [ view_parse ] --START--
INFO: ParseTemplate Behavior ::run [ RunTime:0.013322s ]
INFO: [ view_parse ] --END-- [ RunTime:0.013380s ]
INFO: [ view_filter ] --START--
INFO: ContentReplace Behavior ::run [ RunTime:0.000183s ]
INFO: TokenBuild Behavior ::run [ RunTime:0.000171s ]
INFO: WriteHtmlCache Behavior ::run [ RunTime:0.000101s ]
INFO: ShowRuntime Behavior ::run [ RunTime:0.000212s ]
INFO: [ view_filter ] --END-- [ RunTime:0.000780s ]
INFO: [ view_end ] --START--
INFO: ShowPageTrace Behavior ::run [ RunTime:0.000287s ]
INFO: [ view_end ] --END-- [ RunTime:0.000327s ]

[ 2013-10-29T09:41:21+08:00 ] 192.168.3.228 /wangpan/StatAnal.php
INFO: [ app_begin ] --START--
INFO: ReadHtmlCache Behavior ::run [ RunTime:0.000257s ]
INFO: [ app_begin ] --END-- [ RunTime:0.000319s ]
NOTIC: [8] A session had already been started - ignoring session_start() /home/wwwroot/default/wangpan/ThinkPHP/Common/functions.php 第 566 行.
SQL: SHOW COLUMNS FROM `analyse` [ RunTime:0.000627s ]
SQL: SELECT * FROM `analyse` WHERE ( `id` = 1 ) LIMIT 1   [ RunTime:0.000133s ]
SQL: SHOW COLUMNS FROM `frequency` [ RunTime:0.000344s ]
SQL: select * from frequency order by date desc limit 0,14 [ RunTime:0.000130s ]
INFO: [ view_parse ] --START--
INFO: ParseTemplate Behavior ::run [ RunTime:0.013282s ]
INFO: [ view_parse ] --END-- [ RunTime:0.013340s ]
INFO: [ view_filter ] --START--
INFO: ContentReplace Behavior ::run [ RunTime:0.000181s ]
INFO: TokenBuild Behavior ::run [ RunTime:0.000167s ]
INFO: WriteHtmlCache Behavior ::run [ RunTime:0.000099s ]
INFO: ShowRuntime Behavior ::run [ RunTime:0.000210s ]
INFO: [ view_filter ] --END-- [ RunTime:0.000770s ]
INFO: [ view_end ] --START--
INFO: ShowPageTrace Behavior ::run [ RunTime:0.000295s ]
INFO: [ view_end ] --END-- [ RunTime:0.000335s ]

[ 2013-10-29T09:41:41+08:00 ] 192.168.3.228 /wangpan/StatAnal.php
INFO: [ app_begin ] --START--
INFO: ReadHtmlCache Behavior ::run [ RunTime:0.000262s ]
INFO: [ app_begin ] --END-- [ RunTime:0.000324s ]
NOTIC: [8] A session had already been started - ignoring session_start() /home/wwwroot/default/wangpan/ThinkPHP/Common/functions.php 第 566 行.
SQL: SHOW COLUMNS FROM `analyse` [ RunTime:0.000615s ]
SQL: SELECT * FROM `analyse` WHERE ( `id` = 1 ) LIMIT 1   [ RunTime:0.000132s ]
SQL: SHOW COLUMNS FROM `frequency` [ RunTime:0.000341s ]
SQL: select * from frequency order by date desc limit 0,14 [ RunTime:0.000130s ]
INFO: [ view_parse ] --START--
INFO: ParseTemplate Behavior ::run [ RunTime:0.013315s ]
INFO: [ view_parse ] --END-- [ RunTime:0.013374s ]
INFO: [ view_filter ] --START--
INFO: ContentReplace Behavior ::run [ RunTime:0.000179s ]
INFO: TokenBuild Behavior ::run [ RunTime:0.000171s ]
INFO: WriteHtmlCache Behavior ::run [ RunTime:0.000101s ]
INFO: ShowRuntime Behavior ::run [ RunTime:0.000212s ]
INFO: [ view_filter ] --END-- [ RunTime:0.000775s ]
INFO: [ view_end ] --START--
INFO: ShowPageTrace Behavior ::run [ RunTime:0.000284s ]
INFO: [ view_end ] --END-- [ RunTime:0.000325s ]

[ 2013-10-29T09:41:48+08:00 ] 192.168.3.228 /wangpan/StatAnal.php
INFO: [ app_begin ] --START--
INFO: ReadHtmlCache Behavior ::run [ RunTime:0.000263s ]
INFO: [ app_begin ] --END-- [ RunTime:0.000325s ]
NOTIC: [8] A session had already been started - ignoring session_start() /home/wwwroot/default/wangpan/ThinkPHP/Common/functions.php 第 566 行.
SQL: SHOW COLUMNS FROM `analyse` [ RunTime:0.000623s ]
SQL: SELECT * FROM `analyse` WHERE ( `id` = 1 ) LIMIT 1   [ RunTime:0.000133s ]
SQL: SHOW COLUMNS FROM `frequency` [ RunTime:0.000346s ]
SQL: select * from frequency order by date desc limit 0,14 [ RunTime:0.000130s ]
INFO: [ view_parse ] --START--
INFO: ParseTemplate Behavior ::run [ RunTime:0.013295s ]
INFO: [ view_parse ] --END-- [ RunTime:0.013354s ]
INFO: [ view_filter ] --START--
INFO: ContentReplace Behavior ::run [ RunTime:0.000182s ]
INFO: TokenBuild Behavior ::run [ RunTime:0.000186s ]
INFO: WriteHtmlCache Behavior ::run [ RunTime:0.000102s ]
INFO: ShowRuntime Behavior ::run [ RunTime:0.000212s ]
INFO: [ view_filter ] --END-- [ RunTime:0.000794s ]
INFO: [ view_end ] --START--
INFO: ShowPageTrace Behavior ::run [ RunTime:0.000284s ]
INFO: [ view_end ] --END-- [ RunTime:0.000325s ]

[ 2013-10-29T17:53:01+08:00 ] 192.168.3.139 /wangpan/StatAnal.php
INFO: [ app_begin ] --START--
INFO: ReadHtmlCache Behavior ::run [ RunTime:0.000254s ]
INFO: [ app_begin ] --END-- [ RunTime:0.000306s ]
NOTIC: [8] A session had already been started - ignoring session_start() /home/wwwroot/default/wangpan/ThinkPHP/Common/functions.php 第 566 行.
SQL: SHOW COLUMNS FROM `analyse` [ RunTime:0.000521s ]
SQL: SELECT * FROM `analyse` WHERE ( `id` = 1 ) LIMIT 1   [ RunTime:0.000133s ]
SQL: SHOW COLUMNS FROM `frequency` [ RunTime:0.000348s ]
SQL: select * from frequency order by date desc limit 0,14 [ RunTime:0.000134s ]
INFO: [ view_parse ] --START--
INFO: ParseTemplate Behavior ::run [ RunTime:0.012529s ]
INFO: [ view_parse ] --END-- [ RunTime:0.012584s ]
INFO: [ view_filter ] --START--
INFO: ContentReplace Behavior ::run [ RunTime:0.000176s ]
INFO: TokenBuild Behavior ::run [ RunTime:0.000170s ]
INFO: WriteHtmlCache Behavior ::run [ RunTime:0.000101s ]
INFO: ShowRuntime Behavior ::run [ RunTime:0.000218s ]
INFO: [ view_filter ] --END-- [ RunTime:0.000778s ]
INFO: [ view_end ] --START--
INFO: ShowPageTrace Behavior ::run [ RunTime:0.000283s ]
INFO: [ view_end ] --END-- [ RunTime:0.000323s ]

[ 2013-10-29T17:53:35+08:00 ] 192.168.3.139 /wangpan/StatAnal.php
INFO: [ app_begin ] --START--
INFO: ReadHtmlCache Behavior ::run [ RunTime:0.000254s ]
INFO: [ app_begin ] --END-- [ RunTime:0.000312s ]
NOTIC: [8] A session had already been started - ignoring session_start() /home/wwwroot/default/wangpan/ThinkPHP/Common/functions.php 第 566 行.
SQL: SHOW COLUMNS FROM `analyse` [ RunTime:0.000584s ]
SQL: SELECT * FROM `analyse` WHERE ( `id` = 1 ) LIMIT 1   [ RunTime:0.000129s ]
SQL: SHOW COLUMNS FROM `frequency` [ RunTime:0.000350s ]
SQL: select * from frequency order by date desc limit 0,14 [ RunTime:0.000130s ]
INFO: [ view_parse ] --START--
INFO: ParseTemplate Behavior ::run [ RunTime:0.012377s ]
INFO: [ view_parse ] --END-- [ RunTime:0.012430s ]
INFO: [ view_filter ] --START--
INFO: ContentReplace Behavior ::run [ RunTime:0.000176s ]
INFO: TokenBuild Behavior ::run [ RunTime:0.000167s ]
INFO: WriteHtmlCache Behavior ::run [ RunTime:0.000101s ]
INFO: ShowRuntime Behavior ::run [ RunTime:0.000216s ]
INFO: [ view_filter ] --END-- [ RunTime:0.000772s ]
INFO: [ view_end ] --START--
INFO: ShowPageTrace Behavior ::run [ RunTime:0.000282s ]
INFO: [ view_end ] --END-- [ RunTime:0.000322s ]

[ 2013-10-29T17:58:37+08:00 ] 192.168.3.228 /wangpan/StatAnal.php
INFO: [ app_begin ] --START--
INFO: ReadHtmlCache Behavior ::run [ RunTime:0.000264s ]
INFO: [ app_begin ] --END-- [ RunTime:0.000326s ]
NOTIC: [8] A session had already been started - ignoring session_start() /home/wwwroot/default/wangpan/ThinkPHP/Common/functions.php 第 566 行.
SQL: SHOW COLUMNS FROM `analyse` [ RunTime:0.000625s ]
SQL: SELECT * FROM `analyse` WHERE ( `id` = 1 ) LIMIT 1   [ RunTime:0.000131s ]
SQL: SHOW COLUMNS FROM `frequency` [ RunTime:0.000349s ]
SQL: select * from frequency order by date desc limit 0,14 [ RunTime:0.000130s ]
INFO: [ view_parse ] --START--
INFO: ParseTemplate Behavior ::run [ RunTime:0.013338s ]
INFO: [ view_parse ] --END-- [ RunTime:0.013397s ]
INFO: [ view_filter ] --START--
INFO: ContentReplace Behavior ::run [ RunTime:0.000187s ]
INFO: TokenBuild Behavior ::run [ RunTime:0.000171s ]
INFO: WriteHtmlCache Behavior ::run [ RunTime:0.000104s ]
INFO: ShowRuntime Behavior ::run [ RunTime:0.000216s ]
INFO: [ view_filter ] --END-- [ RunTime:0.000791s ]
INFO: [ view_end ] --START--
INFO: ShowPageTrace Behavior ::run [ RunTime:0.000285s ]
INFO: [ view_end ] --END-- [ RunTime:0.000332s ]

[ 2013-10-29T17:58:45+08:00 ] 192.168.3.228 /wangpan/StatAnal.php
INFO: [ app_begin ] --START--
INFO: ReadHtmlCache Behavior ::run [ RunTime:0.000260s ]
INFO: [ app_begin ] --END-- [ RunTime:0.000323s ]
NOTIC: [8] A session had already been started - ignoring session_start() /home/wwwroot/default/wangpan/ThinkPHP/Common/functions.php 第 566 行.
SQL: SHOW COLUMNS FROM `analyse` [ RunTime:0.000606s ]
SQL: SELECT * FROM `analyse` WHERE ( `id` = 1 ) LIMIT 1   [ RunTime:0.000133s ]
SQL: SHOW COLUMNS FROM `frequency` [ RunTime:0.000350s ]
SQL: select * from frequency order by date desc limit 0,14 [ RunTime:0.000132s ]
INFO: [ view_parse ] --START--
INFO: ParseTemplate Behavior ::run [ RunTime:0.013326s ]
INFO: [ view_parse ] --END-- [ RunTime:0.013385s ]
INFO: [ view_filter ] --START--
INFO: ContentReplace Behavior ::run [ RunTime:0.000180s ]
INFO: TokenBuild Behavior ::run [ RunTime:0.000169s ]
INFO: WriteHtmlCache Behavior ::run [ RunTime:0.000101s ]
INFO: ShowRuntime Behavior ::run [ RunTime:0.000214s ]
INFO: [ view_filter ] --END-- [ RunTime:0.000776s ]
INFO: [ view_end ] --START--
INFO: ShowPageTrace Behavior ::run [ RunTime:0.000286s ]
INFO: [ view_end ] --END-- [ RunTime:0.000326s ]

[ 2013-10-29T17:58:49+08:00 ] 192.168.3.228 /wangpan/StatAnal.php
INFO: [ app_begin ] --START--
INFO: ReadHtmlCache Behavior ::run [ RunTime:0.000264s ]
INFO: [ app_begin ] --END-- [ RunTime:0.000327s ]
NOTIC: [8] A session had already been started - ignoring session_start() /home/wwwroot/default/wangpan/ThinkPHP/Common/functions.php 第 566 行.
SQL: SHOW COLUMNS FROM `analyse` [ RunTime:0.000729s ]
SQL: SELECT * FROM `analyse` WHERE ( `id` = 1 ) LIMIT 1   [ RunTime:0.000132s ]
SQL: SHOW COLUMNS FROM `frequency` [ RunTime:0.000351s ]
SQL: select * from frequency order by date desc limit 0,14 [ RunTime:0.000131s ]
INFO: [ view_parse ] --START--
INFO: ParseTemplate Behavior ::run [ RunTime:0.013274s ]
INFO: [ view_parse ] --END-- [ RunTime:0.013332s ]
INFO: [ view_filter ] --START--
INFO: ContentReplace Behavior ::run [ RunTime:0.000183s ]
INFO: TokenBuild Behavior ::run [ RunTime:0.000171s ]
INFO: WriteHtmlCache Behavior ::run [ RunTime:0.000101s ]
INFO: ShowRuntime Behavior ::run [ RunTime:0.000215s ]
INFO: [ view_filter ] --END-- [ RunTime:0.000782s ]
INFO: [ view_end ] --START--
INFO: ShowPageTrace Behavior ::run [ RunTime:0.000283s ]
INFO: [ view_end ] --END-- [ RunTime:0.000324s ]

