[ 2013-11-14T10:11:37+08:00 ] 192.168.3.25 /wangpan/StatAnal.php
INFO: [ app_begin ] --START--
INFO: ReadHtmlCache Behavior ::run [ RunTime:0.000276s ]
INFO: [ app_begin ] --END-- [ RunTime:0.000335s ]
NOTIC: [8] A session had already been started - ignoring session_start() /home/wwwroot/default/wangpan/ThinkPHP/Common/functions.php 第 566 行.
SQL: SHOW COLUMNS FROM `analyse` [ RunTime:0.000581s ]
SQL: SELECT * FROM `analyse` WHERE ( `id` = 1 ) LIMIT 1   [ RunTime:0.000131s ]
SQL: SHOW COLUMNS FROM `translog` [ RunTime:0.000388s ]
SQL: SELECT * FROM `translog`  [ RunTime:0.000289s ]
SQL: SHOW COLUMNS FROM `frequency` [ RunTime:0.000340s ]
SQL: select * from frequency order by date desc limit 0,8 [ RunTime:0.000126s ]
INFO: [ view_parse ] --START--
INFO: ParseTemplate Behavior ::run [ RunTime:0.011274s ]
INFO: [ view_parse ] --END-- [ RunTime:0.011325s ]
INFO: [ view_filter ] --START--
INFO: ContentReplace Behavior ::run [ RunTime:0.000249s ]
INFO: TokenBuild Behavior ::run [ RunTime:0.000181s ]
INFO: WriteHtmlCache Behavior ::run [ RunTime:0.000101s ]
INFO: ShowRuntime Behavior ::run [ RunTime:0.000237s ]
INFO: [ view_filter ] --END-- [ RunTime:0.000880s ]
INFO: [ view_end ] --START--
INFO: ShowPageTrace Behavior ::run [ RunTime:0.000297s ]
INFO: [ view_end ] --END-- [ RunTime:0.000337s ]

[ 2013-11-14T10:26:20+08:00 ] 192.168.3.228 /wangpan/StatAnal.php
INFO: [ app_begin ] --START--
INFO: ReadHtmlCache Behavior ::run [ RunTime:0.000263s ]
INFO: [ app_begin ] --END-- [ RunTime:0.000327s ]
NOTIC: [8] A session had already been started - ignoring session_start() /home/wwwroot/default/wangpan/ThinkPHP/Common/functions.php 第 566 行.
SQL: SHOW COLUMNS FROM `analyse` [ RunTime:0.000606s ]
SQL: SELECT * FROM `analyse` WHERE ( `id` = 1 ) LIMIT 1   [ RunTime:0.000132s ]
SQL: SHOW COLUMNS FROM `translog` [ RunTime:0.000391s ]
SQL: SELECT * FROM `translog`  [ RunTime:0.000295s ]
SQL: SHOW COLUMNS FROM `frequency` [ RunTime:0.000337s ]
SQL: select * from frequency order by date desc limit 0,8 [ RunTime:0.000120s ]
INFO: [ view_parse ] --START--
INFO: ParseTemplate Behavior ::run [ RunTime:0.011606s ]
INFO: [ view_parse ] --END-- [ RunTime:0.011657s ]
INFO: [ view_filter ] --START--
INFO: ContentReplace Behavior ::run [ RunTime:0.000283s ]
INFO: TokenBuild Behavior ::run [ RunTime:0.000184s ]
INFO: WriteHtmlCache Behavior ::run [ RunTime:0.000102s ]
INFO: ShowRuntime Behavior ::run [ RunTime:0.000239s ]
INFO: [ view_filter ] --END-- [ RunTime:0.000924s ]
INFO: [ view_end ] --START--
INFO: ShowPageTrace Behavior ::run [ RunTime:0.000291s ]
INFO: [ view_end ] --END-- [ RunTime:0.000335s ]

[ 2013-11-14T10:28:41+08:00 ] 192.168.3.228 /wangpan/StatAnal.php
INFO: [ app_begin ] --START--
INFO: ReadHtmlCache Behavior ::run [ RunTime:0.000261s ]
INFO: [ app_begin ] --END-- [ RunTime:0.000325s ]
NOTIC: [8] A session had already been started - ignoring session_start() /home/wwwroot/default/wangpan/ThinkPHP/Common/functions.php 第 566 行.
SQL: SHOW COLUMNS FROM `analyse` [ RunTime:0.000554s ]
SQL: SELECT * FROM `analyse` WHERE ( `id` = 1 ) LIMIT 1   [ RunTime:0.000130s ]
SQL: SHOW COLUMNS FROM `translog` [ RunTime:0.000387s ]
SQL: SELECT * FROM `translog`  [ RunTime:0.000290s ]
SQL: SHOW COLUMNS FROM `frequency` [ RunTime:0.000339s ]
SQL: select * from frequency order by date desc limit 0,8 [ RunTime:0.000120s ]
INFO: [ view_parse ] --START--
INFO: ParseTemplate Behavior ::run [ RunTime:0.011384s ]
INFO: [ view_parse ] --END-- [ RunTime:0.011434s ]
INFO: [ view_filter ] --START--
INFO: ContentReplace Behavior ::run [ RunTime:0.000263s ]
INFO: TokenBuild Behavior ::run [ RunTime:0.000182s ]
INFO: WriteHtmlCache Behavior ::run [ RunTime:0.000101s ]
INFO: ShowRuntime Behavior ::run [ RunTime:0.000242s ]
INFO: [ view_filter ] --END-- [ RunTime:0.000901s ]
INFO: [ view_end ] --START--
INFO: ShowPageTrace Behavior ::run [ RunTime:0.000290s ]
INFO: [ view_end ] --END-- [ RunTime:0.000330s ]

[ 2013-11-14T10:30:31+08:00 ] 192.168.3.228 /wangpan/StatAnal.php
INFO: [ app_begin ] --START--
INFO: ReadHtmlCache Behavior ::run [ RunTime:0.000264s ]
INFO: [ app_begin ] --END-- [ RunTime:0.000327s ]
NOTIC: [8] A session had already been started - ignoring session_start() /home/wwwroot/default/wangpan/ThinkPHP/Common/functions.php 第 566 行.
SQL: SHOW COLUMNS FROM `analyse` [ RunTime:0.000562s ]
SQL: SELECT * FROM `analyse` WHERE ( `id` = 1 ) LIMIT 1   [ RunTime:0.000131s ]
SQL: SHOW COLUMNS FROM `translog` [ RunTime:0.000386s ]
SQL: SELECT * FROM `translog`  [ RunTime:0.000291s ]
SQL: SHOW COLUMNS FROM `frequency` [ RunTime:0.000337s ]
SQL: select * from frequency order by date desc limit 0,8 [ RunTime:0.000120s ]
INFO: [ view_parse ] --START--
INFO: ParseTemplate Behavior ::run [ RunTime:0.011485s ]
INFO: [ view_parse ] --END-- [ RunTime:0.011536s ]
INFO: [ view_filter ] --START--
INFO: ContentReplace Behavior ::run [ RunTime:0.000263s ]
INFO: TokenBuild Behavior ::run [ RunTime:0.000182s ]
INFO: WriteHtmlCache Behavior ::run [ RunTime:0.000102s ]
INFO: ShowRuntime Behavior ::run [ RunTime:0.000239s ]
INFO: [ view_filter ] --END-- [ RunTime:0.000902s ]
INFO: [ view_end ] --START--
INFO: ShowPageTrace Behavior ::run [ RunTime:0.000287s ]
INFO: [ view_end ] --END-- [ RunTime:0.000327s ]

[ 2013-11-14T10:30:33+08:00 ] 192.168.3.228 /wangpan/StatAnal.php
INFO: [ app_begin ] --START--
INFO: ReadHtmlCache Behavior ::run [ RunTime:0.000262s ]
INFO: [ app_begin ] --END-- [ RunTime:0.000326s ]
NOTIC: [8] A session had already been started - ignoring session_start() /home/wwwroot/default/wangpan/ThinkPHP/Common/functions.php 第 566 行.
SQL: SHOW COLUMNS FROM `analyse` [ RunTime:0.000621s ]
SQL: SELECT * FROM `analyse` WHERE ( `id` = 1 ) LIMIT 1   [ RunTime:0.000132s ]
SQL: SHOW COLUMNS FROM `translog` [ RunTime:0.000390s ]
SQL: SELECT * FROM `translog`  [ RunTime:0.000302s ]
SQL: SHOW COLUMNS FROM `frequency` [ RunTime:0.000337s ]
SQL: select * from frequency order by date desc limit 0,8 [ RunTime:0.000120s ]
INFO: [ view_parse ] --START--
INFO: ParseTemplate Behavior ::run [ RunTime:0.011520s ]
INFO: [ view_parse ] --END-- [ RunTime:0.011572s ]
INFO: [ view_filter ] --START--
INFO: ContentReplace Behavior ::run [ RunTime:0.000269s ]
INFO: TokenBuild Behavior ::run [ RunTime:0.000183s ]
INFO: WriteHtmlCache Behavior ::run [ RunTime:0.000102s ]
INFO: ShowRuntime Behavior ::run [ RunTime:0.000241s ]
INFO: [ view_filter ] --END-- [ RunTime:0.000910s ]
INFO: [ view_end ] --START--
INFO: ShowPageTrace Behavior ::run [ RunTime:0.000287s ]
INFO: [ view_end ] --END-- [ RunTime:0.000329s ]

[ 2013-11-14T10:32:55+08:00 ] 192.168.3.228 /wangpan/StatAnal.php
INFO: [ app_begin ] --START--
INFO: ReadHtmlCache Behavior ::run [ RunTime:0.000261s ]
INFO: [ app_begin ] --END-- [ RunTime:0.000325s ]
NOTIC: [8] A session had already been started - ignoring session_start() /home/wwwroot/default/wangpan/ThinkPHP/Common/functions.php 第 566 行.
SQL: SHOW COLUMNS FROM `analyse` [ RunTime:0.000619s ]
SQL: SELECT * FROM `analyse` WHERE ( `id` = 1 ) LIMIT 1   [ RunTime:0.000132s ]
SQL: SHOW COLUMNS FROM `translog` [ RunTime:0.000391s ]
SQL: SELECT * FROM `translog`  [ RunTime:0.000293s ]
SQL: SHOW COLUMNS FROM `frequency` [ RunTime:0.000339s ]
SQL: select * from frequency order by date desc limit 0,8 [ RunTime:0.000121s ]
INFO: [ view_parse ] --START--
INFO: ParseTemplate Behavior ::run [ RunTime:0.011301s ]
INFO: [ view_parse ] --END-- [ RunTime:0.011351s ]
INFO: [ view_filter ] --START--
INFO: ContentReplace Behavior ::run [ RunTime:0.000271s ]
INFO: TokenBuild Behavior ::run [ RunTime:0.000182s ]
INFO: WriteHtmlCache Behavior ::run [ RunTime:0.000101s ]
INFO: ShowRuntime Behavior ::run [ RunTime:0.000239s ]
INFO: [ view_filter ] --END-- [ RunTime:0.000908s ]
INFO: [ view_end ] --START--
INFO: ShowPageTrace Behavior ::run [ RunTime:0.000286s ]
INFO: [ view_end ] --END-- [ RunTime:0.000326s ]

[ 2013-11-14T10:36:42+08:00 ] 192.168.3.228 /wangpan/StatAnal.php
INFO: [ app_begin ] --START--
INFO: ReadHtmlCache Behavior ::run [ RunTime:0.000263s ]
INFO: [ app_begin ] --END-- [ RunTime:0.000326s ]
NOTIC: [8] A session had already been started - ignoring session_start() /home/wwwroot/default/wangpan/ThinkPHP/Common/functions.php 第 566 行.
SQL: SHOW COLUMNS FROM `analyse` [ RunTime:0.000512s ]
SQL: SELECT * FROM `analyse` WHERE ( `id` = 1 ) LIMIT 1   [ RunTime:0.000125s ]
SQL: SHOW COLUMNS FROM `translog` [ RunTime:0.000389s ]
SQL: SELECT * FROM `translog`  [ RunTime:0.000291s ]
SQL: SHOW COLUMNS FROM `frequency` [ RunTime:0.000368s ]
SQL: select * from frequency order by date desc limit 0,8 [ RunTime:0.000122s ]
INFO: [ view_parse ] --START--
INFO: ParseTemplate Behavior ::run [ RunTime:0.011426s ]
INFO: [ view_parse ] --END-- [ RunTime:0.011477s ]
INFO: [ view_filter ] --START--
INFO: ContentReplace Behavior ::run [ RunTime:0.000277s ]
INFO: TokenBuild Behavior ::run [ RunTime:0.000181s ]
INFO: WriteHtmlCache Behavior ::run [ RunTime:0.000102s ]
INFO: ShowRuntime Behavior ::run [ RunTime:0.000241s ]
INFO: [ view_filter ] --END-- [ RunTime:0.000916s ]
INFO: [ view_end ] --START--
INFO: ShowPageTrace Behavior ::run [ RunTime:0.000289s ]
INFO: [ view_end ] --END-- [ RunTime:0.000328s ]

[ 2013-11-14T10:36:54+08:00 ] 192.168.3.228 /wangpan/StatAnal.php
INFO: [ app_begin ] --START--
INFO: ReadHtmlCache Behavior ::run [ RunTime:0.000264s ]
INFO: [ app_begin ] --END-- [ RunTime:0.000327s ]
NOTIC: [8] A session had already been started - ignoring session_start() /home/wwwroot/default/wangpan/ThinkPHP/Common/functions.php 第 566 行.
SQL: SHOW COLUMNS FROM `analyse` [ RunTime:0.000604s ]
SQL: SELECT * FROM `analyse` WHERE ( `id` = 1 ) LIMIT 1   [ RunTime:0.000132s ]
SQL: SHOW COLUMNS FROM `translog` [ RunTime:0.000391s ]
SQL: SELECT * FROM `translog`  [ RunTime:0.000298s ]
SQL: SHOW COLUMNS FROM `frequency` [ RunTime:0.000339s ]
SQL: select * from frequency order by date desc limit 0,8 [ RunTime:0.000120s ]
INFO: [ view_parse ] --START--
INFO: ParseTemplate Behavior ::run [ RunTime:0.011288s ]
INFO: [ view_parse ] --END-- [ RunTime:0.011337s ]
INFO: [ view_filter ] --START--
INFO: ContentReplace Behavior ::run [ RunTime:0.000266s ]
INFO: TokenBuild Behavior ::run [ RunTime:0.000181s ]
INFO: WriteHtmlCache Behavior ::run [ RunTime:0.000102s ]
INFO: ShowRuntime Behavior ::run [ RunTime:0.000239s ]
INFO: [ view_filter ] --END-- [ RunTime:0.000902s ]
INFO: [ view_end ] --START--
INFO: ShowPageTrace Behavior ::run [ RunTime:0.000286s ]
INFO: [ view_end ] --END-- [ RunTime:0.000326s ]

[ 2013-11-14T10:36:55+08:00 ] 192.168.3.228 /wangpan/StatAnal.php
INFO: [ app_begin ] --START--
INFO: ReadHtmlCache Behavior ::run [ RunTime:0.000258s ]
INFO: [ app_begin ] --END-- [ RunTime:0.000323s ]
NOTIC: [8] A session had already been started - ignoring session_start() /home/wwwroot/default/wangpan/ThinkPHP/Common/functions.php 第 566 行.
SQL: SHOW COLUMNS FROM `analyse` [ RunTime:0.000607s ]
SQL: SELECT * FROM `analyse` WHERE ( `id` = 1 ) LIMIT 1   [ RunTime:0.000133s ]
SQL: SHOW COLUMNS FROM `translog` [ RunTime:0.000394s ]
SQL: SELECT * FROM `translog`  [ RunTime:0.000293s ]
SQL: SHOW COLUMNS FROM `frequency` [ RunTime:0.000338s ]
SQL: select * from frequency order by date desc limit 0,8 [ RunTime:0.000120s ]
INFO: [ view_parse ] --START--
INFO: ParseTemplate Behavior ::run [ RunTime:0.011298s ]
INFO: [ view_parse ] --END-- [ RunTime:0.011349s ]
INFO: [ view_filter ] --START--
INFO: ContentReplace Behavior ::run [ RunTime:0.000270s ]
INFO: TokenBuild Behavior ::run [ RunTime:0.000181s ]
INFO: WriteHtmlCache Behavior ::run [ RunTime:0.000099s ]
INFO: ShowRuntime Behavior ::run [ RunTime:0.000238s ]
INFO: [ view_filter ] --END-- [ RunTime:0.000904s ]
INFO: [ view_end ] --START--
INFO: ShowPageTrace Behavior ::run [ RunTime:0.000285s ]
INFO: [ view_end ] --END-- [ RunTime:0.000327s ]

[ 2013-11-14T10:41:47+08:00 ] 192.168.3.228 /wangpan/StatAnal.php
INFO: [ app_begin ] --START--
INFO: ReadHtmlCache Behavior ::run [ RunTime:0.000262s ]
INFO: [ app_begin ] --END-- [ RunTime:0.000325s ]
NOTIC: [8] A session had already been started - ignoring session_start() /home/wwwroot/default/wangpan/ThinkPHP/Common/functions.php 第 566 行.
SQL: SHOW COLUMNS FROM `analyse` [ RunTime:0.000564s ]
SQL: SELECT * FROM `analyse` WHERE ( `id` = 1 ) LIMIT 1   [ RunTime:0.000131s ]
SQL: SHOW COLUMNS FROM `translog` [ RunTime:0.000389s ]
SQL: SELECT * FROM `translog`  [ RunTime:0.000289s ]
SQL: SHOW COLUMNS FROM `frequency` [ RunTime:0.000340s ]
SQL: select * from frequency order by date desc limit 0,8 [ RunTime:0.000121s ]
INFO: [ view_parse ] --START--
INFO: ParseTemplate Behavior ::run [ RunTime:0.011453s ]
INFO: [ view_parse ] --END-- [ RunTime:0.011504s ]
INFO: [ view_filter ] --START--
INFO: ContentReplace Behavior ::run [ RunTime:0.000265s ]
INFO: TokenBuild Behavior ::run [ RunTime:0.000183s ]
INFO: WriteHtmlCache Behavior ::run [ RunTime:0.000102s ]
INFO: ShowRuntime Behavior ::run [ RunTime:0.000241s ]
INFO: [ view_filter ] --END-- [ RunTime:0.000904s ]
INFO: [ view_end ] --START--
INFO: ShowPageTrace Behavior ::run [ RunTime:0.000292s ]
INFO: [ view_end ] --END-- [ RunTime:0.000332s ]

[ 2013-11-14T10:42:43+08:00 ] 192.168.3.228 /wangpan/StatAnal.php
INFO: [ app_begin ] --START--
INFO: ReadHtmlCache Behavior ::run [ RunTime:0.000262s ]
INFO: [ app_begin ] --END-- [ RunTime:0.000325s ]
NOTIC: [8] A session had already been started - ignoring session_start() /home/wwwroot/default/wangpan/ThinkPHP/Common/functions.php 第 566 行.
SQL: SHOW COLUMNS FROM `analyse` [ RunTime:0.000625s ]
SQL: SELECT * FROM `analyse` WHERE ( `id` = 1 ) LIMIT 1   [ RunTime:0.000133s ]
SQL: SHOW COLUMNS FROM `translog` [ RunTime:0.000393s ]
SQL: SELECT * FROM `translog`  [ RunTime:0.000293s ]
SQL: SHOW COLUMNS FROM `frequency` [ RunTime:0.000339s ]
SQL: select * from frequency order by date desc limit 0,8 [ RunTime:0.000120s ]
INFO: [ view_parse ] --START--
INFO: ParseTemplate Behavior ::run [ RunTime:0.011271s ]
INFO: [ view_parse ] --END-- [ RunTime:0.011322s ]
INFO: [ view_filter ] --START--
INFO: ContentReplace Behavior ::run [ RunTime:0.000264s ]
INFO: TokenBuild Behavior ::run [ RunTime:0.000181s ]
INFO: WriteHtmlCache Behavior ::run [ RunTime:0.000103s ]
INFO: ShowRuntime Behavior ::run [ RunTime:0.000241s ]
INFO: [ view_filter ] --END-- [ RunTime:0.000902s ]
INFO: [ view_end ] --START--
INFO: ShowPageTrace Behavior ::run [ RunTime:0.000291s ]
INFO: [ view_end ] --END-- [ RunTime:0.000331s ]

[ 2013-11-14T10:43:10+08:00 ] 192.168.3.228 /wangpan/StatAnal.php
INFO: [ app_begin ] --START--
INFO: ReadHtmlCache Behavior ::run [ RunTime:0.000260s ]
INFO: [ app_begin ] --END-- [ RunTime:0.000324s ]
NOTIC: [8] A session had already been started - ignoring session_start() /home/wwwroot/default/wangpan/ThinkPHP/Common/functions.php 第 566 行.
SQL: SHOW COLUMNS FROM `analyse` [ RunTime:0.000612s ]
SQL: SELECT * FROM `analyse` WHERE ( `id` = 1 ) LIMIT 1   [ RunTime:0.000139s ]
SQL: SHOW COLUMNS FROM `translog` [ RunTime:0.000394s ]
SQL: SELECT * FROM `translog`  [ RunTime:0.000293s ]
SQL: SHOW COLUMNS FROM `frequency` [ RunTime:0.000338s ]
SQL: select * from frequency order by date desc limit 0,8 [ RunTime:0.000120s ]
INFO: [ view_parse ] --START--
INFO: ParseTemplate Behavior ::run [ RunTime:0.011282s ]
INFO: [ view_parse ] --END-- [ RunTime:0.011331s ]
INFO: [ view_filter ] --START--
INFO: ContentReplace Behavior ::run [ RunTime:0.000267s ]
INFO: TokenBuild Behavior ::run [ RunTime:0.000181s ]
INFO: WriteHtmlCache Behavior ::run [ RunTime:0.000101s ]
INFO: ShowRuntime Behavior ::run [ RunTime:0.000241s ]
INFO: [ view_filter ] --END-- [ RunTime:0.000905s ]
INFO: [ view_end ] --START--
INFO: ShowPageTrace Behavior ::run [ RunTime:0.000286s ]
INFO: [ view_end ] --END-- [ RunTime:0.000326s ]

[ 2013-11-14T10:43:21+08:00 ] 192.168.3.228 /wangpan/StatAnal.php
INFO: [ app_begin ] --START--
INFO: ReadHtmlCache Behavior ::run [ RunTime:0.000258s ]
INFO: [ app_begin ] --END-- [ RunTime:0.000322s ]
NOTIC: [8] A session had already been started - ignoring session_start() /home/wwwroot/default/wangpan/ThinkPHP/Common/functions.php 第 566 行.
SQL: SHOW COLUMNS FROM `analyse` [ RunTime:0.000616s ]
SQL: SELECT * FROM `analyse` WHERE ( `id` = 1 ) LIMIT 1   [ RunTime:0.000132s ]
SQL: SHOW COLUMNS FROM `translog` [ RunTime:0.000393s ]
SQL: SELECT * FROM `translog`  [ RunTime:0.000292s ]
SQL: SHOW COLUMNS FROM `frequency` [ RunTime:0.000341s ]
SQL: select * from frequency order by date desc limit 0,8 [ RunTime:0.000120s ]
INFO: [ view_parse ] --START--
INFO: ParseTemplate Behavior ::run [ RunTime:0.011297s ]
INFO: [ view_parse ] --END-- [ RunTime:0.011348s ]
INFO: [ view_filter ] --START--
INFO: ContentReplace Behavior ::run [ RunTime:0.000268s ]
INFO: TokenBuild Behavior ::run [ RunTime:0.000181s ]
INFO: WriteHtmlCache Behavior ::run [ RunTime:0.000100s ]
INFO: ShowRuntime Behavior ::run [ RunTime:0.000238s ]
INFO: [ view_filter ] --END-- [ RunTime:0.000900s ]
INFO: [ view_end ] --START--
INFO: ShowPageTrace Behavior ::run [ RunTime:0.000286s ]
INFO: [ view_end ] --END-- [ RunTime:0.000326s ]

[ 2013-11-14T10:43:34+08:00 ] 192.168.3.228 /wangpan/StatAnal.php
INFO: [ app_begin ] --START--
INFO: ReadHtmlCache Behavior ::run [ RunTime:0.000260s ]
INFO: [ app_begin ] --END-- [ RunTime:0.000324s ]
NOTIC: [8] A session had already been started - ignoring session_start() /home/wwwroot/default/wangpan/ThinkPHP/Common/functions.php 第 566 行.
SQL: SHOW COLUMNS FROM `analyse` [ RunTime:0.000630s ]
SQL: SELECT * FROM `analyse` WHERE ( `id` = 1 ) LIMIT 1   [ RunTime:0.000135s ]
SQL: SHOW COLUMNS FROM `translog` [ RunTime:0.000395s ]
SQL: SELECT * FROM `translog`  [ RunTime:0.000300s ]
SQL: SHOW COLUMNS FROM `frequency` [ RunTime:0.000340s ]
SQL: select * from frequency order by date desc limit 0,8 [ RunTime:0.000122s ]
INFO: [ view_parse ] --START--
INFO: ParseTemplate Behavior ::run [ RunTime:0.011311s ]
INFO: [ view_parse ] --END-- [ RunTime:0.011360s ]
INFO: [ view_filter ] --START--
INFO: ContentReplace Behavior ::run [ RunTime:0.000263s ]
INFO: TokenBuild Behavior ::run [ RunTime:0.000180s ]
INFO: WriteHtmlCache Behavior ::run [ RunTime:0.000100s ]
INFO: ShowRuntime Behavior ::run [ RunTime:0.000236s ]
INFO: [ view_filter ] --END-- [ RunTime:0.000894s ]
INFO: [ view_end ] --START--
INFO: ShowPageTrace Behavior ::run [ RunTime:0.000286s ]
INFO: [ view_end ] --END-- [ RunTime:0.000327s ]

[ 2013-11-14T10:43:55+08:00 ] 192.168.3.228 /wangpan/StatAnal.php
INFO: [ app_begin ] --START--
INFO: ReadHtmlCache Behavior ::run [ RunTime:0.000258s ]
INFO: [ app_begin ] --END-- [ RunTime:0.000323s ]
NOTIC: [8] A session had already been started - ignoring session_start() /home/wwwroot/default/wangpan/ThinkPHP/Common/functions.php 第 566 行.
SQL: SHOW COLUMNS FROM `analyse` [ RunTime:0.000616s ]
SQL: SELECT * FROM `analyse` WHERE ( `id` = 1 ) LIMIT 1   [ RunTime:0.000133s ]
SQL: SHOW COLUMNS FROM `translog` [ RunTime:0.000394s ]
SQL: SELECT * FROM `translog`  [ RunTime:0.000291s ]
SQL: SHOW COLUMNS FROM `frequency` [ RunTime:0.000340s ]
SQL: select * from frequency order by date desc limit 0,8 [ RunTime:0.000121s ]
INFO: [ view_parse ] --START--
INFO: ParseTemplate Behavior ::run [ RunTime:0.011275s ]
INFO: [ view_parse ] --END-- [ RunTime:0.011325s ]
INFO: [ view_filter ] --START--
INFO: ContentReplace Behavior ::run [ RunTime:0.000264s ]
INFO: TokenBuild Behavior ::run [ RunTime:0.000191s ]
INFO: WriteHtmlCache Behavior ::run [ RunTime:0.000099s ]
INFO: ShowRuntime Behavior ::run [ RunTime:0.000236s ]
INFO: [ view_filter ] --END-- [ RunTime:0.000905s ]
INFO: [ view_end ] --START--
INFO: ShowPageTrace Behavior ::run [ RunTime:0.000285s ]
INFO: [ view_end ] --END-- [ RunTime:0.000325s ]

[ 2013-11-14T10:47:38+08:00 ] 192.168.3.228 /wangpan/StatAnal.php
INFO: [ app_begin ] --START--
INFO: ReadHtmlCache Behavior ::run [ RunTime:0.000263s ]
INFO: [ app_begin ] --END-- [ RunTime:0.000328s ]
NOTIC: [8] A session had already been started - ignoring session_start() /home/wwwroot/default/wangpan/ThinkPHP/Common/functions.php 第 566 行.
SQL: SHOW COLUMNS FROM `analyse` [ RunTime:0.000618s ]
SQL: SELECT * FROM `analyse` WHERE ( `id` = 1 ) LIMIT 1   [ RunTime:0.000133s ]
SQL: SHOW COLUMNS FROM `translog` [ RunTime:0.000393s ]
SQL: SELECT * FROM `translog`  [ RunTime:0.000298s ]
SQL: SHOW COLUMNS FROM `frequency` [ RunTime:0.000340s ]
SQL: select * from frequency order by date desc limit 0,8 [ RunTime:0.000120s ]
INFO: [ view_parse ] --START--
INFO: ParseTemplate Behavior ::run [ RunTime:0.011312s ]
INFO: [ view_parse ] --END-- [ RunTime:0.011360s ]
INFO: [ view_filter ] --START--
INFO: ContentReplace Behavior ::run [ RunTime:0.000266s ]
INFO: TokenBuild Behavior ::run [ RunTime:0.000184s ]
INFO: WriteHtmlCache Behavior ::run [ RunTime:0.000102s ]
INFO: ShowRuntime Behavior ::run [ RunTime:0.000245s ]
INFO: [ view_filter ] --END-- [ RunTime:0.000912s ]
INFO: [ view_end ] --START--
INFO: ShowPageTrace Behavior ::run [ RunTime:0.000289s ]
INFO: [ view_end ] --END-- [ RunTime:0.000330s ]

[ 2013-11-14T10:49:03+08:00 ] 192.168.3.228 /wangpan/StatAnal.php
INFO: [ app_begin ] --START--
INFO: ReadHtmlCache Behavior ::run [ RunTime:0.000268s ]
INFO: [ app_begin ] --END-- [ RunTime:0.000338s ]
NOTIC: [8] A session had already been started - ignoring session_start() /home/wwwroot/default/wangpan/ThinkPHP/Common/functions.php 第 566 行.
SQL: SHOW COLUMNS FROM `analyse` [ RunTime:0.000608s ]
SQL: SELECT * FROM `analyse` WHERE ( `id` = 1 ) LIMIT 1   [ RunTime:0.000133s ]
SQL: SHOW COLUMNS FROM `translog` [ RunTime:0.000396s ]
SQL: SELECT * FROM `translog`  [ RunTime:0.000295s ]
SQL: SHOW COLUMNS FROM `frequency` [ RunTime:0.000341s ]
SQL: select * from frequency order by date desc limit 0,8 [ RunTime:0.000121s ]
INFO: [ view_parse ] --START--
INFO: ParseTemplate Behavior ::run [ RunTime:0.011350s ]
INFO: [ view_parse ] --END-- [ RunTime:0.011402s ]
INFO: [ view_filter ] --START--
INFO: ContentReplace Behavior ::run [ RunTime:0.000273s ]
INFO: TokenBuild Behavior ::run [ RunTime:0.000186s ]
INFO: WriteHtmlCache Behavior ::run [ RunTime:0.000105s ]
INFO: ShowRuntime Behavior ::run [ RunTime:0.000243s ]
INFO: [ view_filter ] --END-- [ RunTime:0.000923s ]
INFO: [ view_end ] --START--
INFO: ShowPageTrace Behavior ::run [ RunTime:0.000291s ]
INFO: [ view_end ] --END-- [ RunTime:0.000331s ]

[ 2013-11-14T10:49:12+08:00 ] 192.168.3.228 /wangpan/StatAnal.php
INFO: [ app_begin ] --START--
INFO: ReadHtmlCache Behavior ::run [ RunTime:0.000260s ]
INFO: [ app_begin ] --END-- [ RunTime:0.000323s ]
NOTIC: [8] A session had already been started - ignoring session_start() /home/wwwroot/default/wangpan/ThinkPHP/Common/functions.php 第 566 行.
SQL: SHOW COLUMNS FROM `analyse` [ RunTime:0.000613s ]
SQL: SELECT * FROM `analyse` WHERE ( `id` = 1 ) LIMIT 1   [ RunTime:0.000132s ]
SQL: SHOW COLUMNS FROM `translog` [ RunTime:0.000393s ]
SQL: SELECT * FROM `translog`  [ RunTime:0.000292s ]
SQL: SHOW COLUMNS FROM `frequency` [ RunTime:0.000353s ]
SQL: select * from frequency order by date desc limit 0,8 [ RunTime:0.000120s ]
INFO: [ view_parse ] --START--
INFO: ParseTemplate Behavior ::run [ RunTime:0.011270s ]
INFO: [ view_parse ] --END-- [ RunTime:0.011320s ]
INFO: [ view_filter ] --START--
INFO: ContentReplace Behavior ::run [ RunTime:0.000273s ]
INFO: TokenBuild Behavior ::run [ RunTime:0.000182s ]
INFO: WriteHtmlCache Behavior ::run [ RunTime:0.000102s ]
INFO: ShowRuntime Behavior ::run [ RunTime:0.000237s ]
INFO: [ view_filter ] --END-- [ RunTime:0.000911s ]
INFO: [ view_end ] --START--
INFO: ShowPageTrace Behavior ::run [ RunTime:0.000284s ]
INFO: [ view_end ] --END-- [ RunTime:0.000324s ]

[ 2013-11-14T10:49:17+08:00 ] 192.168.3.228 /wangpan/StatAnal.php
INFO: [ app_begin ] --START--
INFO: ReadHtmlCache Behavior ::run [ RunTime:0.000258s ]
INFO: [ app_begin ] --END-- [ RunTime:0.000320s ]
NOTIC: [8] A session had already been started - ignoring session_start() /home/wwwroot/default/wangpan/ThinkPHP/Common/functions.php 第 566 行.
SQL: SHOW COLUMNS FROM `analyse` [ RunTime:0.000604s ]
SQL: SELECT * FROM `analyse` WHERE ( `id` = 1 ) LIMIT 1   [ RunTime:0.000132s ]
SQL: SHOW COLUMNS FROM `translog` [ RunTime:0.000390s ]
SQL: SELECT * FROM `translog`  [ RunTime:0.000289s ]
SQL: SHOW COLUMNS FROM `frequency` [ RunTime:0.000338s ]
SQL: select * from frequency order by date desc limit 0,8 [ RunTime:0.000120s ]
INFO: [ view_parse ] --START--
INFO: ParseTemplate Behavior ::run [ RunTime:0.011247s ]
INFO: [ view_parse ] --END-- [ RunTime:0.011297s ]
INFO: [ view_filter ] --START--
INFO: ContentReplace Behavior ::run [ RunTime:0.000272s ]
INFO: TokenBuild Behavior ::run [ RunTime:0.000182s ]
INFO: WriteHtmlCache Behavior ::run [ RunTime:0.000102s ]
INFO: ShowRuntime Behavior ::run [ RunTime:0.000241s ]
INFO: [ view_filter ] --END-- [ RunTime:0.000909s ]
INFO: [ view_end ] --START--
INFO: ShowPageTrace Behavior ::run [ RunTime:0.000287s ]
INFO: [ view_end ] --END-- [ RunTime:0.000327s ]

[ 2013-11-14T10:49:25+08:00 ] 192.168.3.228 /wangpan/StatAnal.php
INFO: [ app_begin ] --START--
INFO: ReadHtmlCache Behavior ::run [ RunTime:0.000268s ]
INFO: [ app_begin ] --END-- [ RunTime:0.000331s ]
NOTIC: [8] A session had already been started - ignoring session_start() /home/wwwroot/default/wangpan/ThinkPHP/Common/functions.php 第 566 行.
SQL: SHOW COLUMNS FROM `analyse` [ RunTime:0.000608s ]
SQL: SELECT * FROM `analyse` WHERE ( `id` = 1 ) LIMIT 1   [ RunTime:0.000135s ]
SQL: SHOW COLUMNS FROM `translog` [ RunTime:0.000390s ]
SQL: SELECT * FROM `translog`  [ RunTime:0.000294s ]
SQL: SHOW COLUMNS FROM `frequency` [ RunTime:0.000338s ]
SQL: select * from frequency order by date desc limit 0,8 [ RunTime:0.000120s ]
INFO: [ view_parse ] --START--
INFO: ParseTemplate Behavior ::run [ RunTime:0.011309s ]
INFO: [ view_parse ] --END-- [ RunTime:0.011361s ]
INFO: [ view_filter ] --START--
INFO: ContentReplace Behavior ::run [ RunTime:0.000269s ]
INFO: TokenBuild Behavior ::run [ RunTime:0.000182s ]
INFO: WriteHtmlCache Behavior ::run [ RunTime:0.000100s ]
INFO: ShowRuntime Behavior ::run [ RunTime:0.000241s ]
INFO: [ view_filter ] --END-- [ RunTime:0.000921s ]
INFO: [ view_end ] --START--
INFO: ShowPageTrace Behavior ::run [ RunTime:0.000286s ]
INFO: [ view_end ] --END-- [ RunTime:0.000327s ]

[ 2013-11-14T10:51:52+08:00 ] 192.168.3.228 /wangpan/StatAnal.php
INFO: [ app_begin ] --START--
INFO: ReadHtmlCache Behavior ::run [ RunTime:0.000262s ]
INFO: [ app_begin ] --END-- [ RunTime:0.000326s ]
NOTIC: [8] A session had already been started - ignoring session_start() /home/wwwroot/default/wangpan/ThinkPHP/Common/functions.php 第 566 行.
SQL: SHOW COLUMNS FROM `analyse` [ RunTime:0.000617s ]
SQL: SELECT * FROM `analyse` WHERE ( `id` = 1 ) LIMIT 1   [ RunTime:0.000133s ]
SQL: SHOW COLUMNS FROM `translog` [ RunTime:0.000402s ]
SQL: SELECT * FROM `translog`  [ RunTime:0.000291s ]
SQL: SHOW COLUMNS FROM `frequency` [ RunTime:0.000338s ]
SQL: select * from frequency order by date desc limit 0,8 [ RunTime:0.000121s ]
INFO: [ view_parse ] --START--
INFO: ParseTemplate Behavior ::run [ RunTime:0.011284s ]
INFO: [ view_parse ] --END-- [ RunTime:0.011333s ]
INFO: [ view_filter ] --START--
INFO: ContentReplace Behavior ::run [ RunTime:0.000270s ]
INFO: TokenBuild Behavior ::run [ RunTime:0.000181s ]
INFO: WriteHtmlCache Behavior ::run [ RunTime:0.000101s ]
INFO: ShowRuntime Behavior ::run [ RunTime:0.000240s ]
INFO: [ view_filter ] --END-- [ RunTime:0.000906s ]
INFO: [ view_end ] --START--
INFO: ShowPageTrace Behavior ::run [ RunTime:0.000286s ]
INFO: [ view_end ] --END-- [ RunTime:0.000326s ]

[ 2013-11-14T10:52:35+08:00 ] 192.168.3.228 /wangpan/StatAnal.php
INFO: [ app_begin ] --START--
INFO: ReadHtmlCache Behavior ::run [ RunTime:0.000263s ]
INFO: [ app_begin ] --END-- [ RunTime:0.000326s ]
NOTIC: [8] A session had already been started - ignoring session_start() /home/wwwroot/default/wangpan/ThinkPHP/Common/functions.php 第 566 行.
SQL: SHOW COLUMNS FROM `analyse` [ RunTime:0.000612s ]
SQL: SELECT * FROM `analyse` WHERE ( `id` = 1 ) LIMIT 1   [ RunTime:0.000133s ]
SQL: SHOW COLUMNS FROM `translog` [ RunTime:0.000391s ]
SQL: SELECT * FROM `translog`  [ RunTime:0.000301s ]
SQL: SHOW COLUMNS FROM `frequency` [ RunTime:0.000338s ]
SQL: select * from frequency order by date desc limit 0,8 [ RunTime:0.000120s ]
INFO: [ view_parse ] --START--
INFO: ParseTemplate Behavior ::run [ RunTime:0.011280s ]
INFO: [ view_parse ] --END-- [ RunTime:0.011330s ]
INFO: [ view_filter ] --START--
INFO: ContentReplace Behavior ::run [ RunTime:0.000272s ]
INFO: TokenBuild Behavior ::run [ RunTime:0.000182s ]
INFO: WriteHtmlCache Behavior ::run [ RunTime:0.000103s ]
INFO: ShowRuntime Behavior ::run [ RunTime:0.000242s ]
INFO: [ view_filter ] --END-- [ RunTime:0.000910s ]
INFO: [ view_end ] --START--
INFO: ShowPageTrace Behavior ::run [ RunTime:0.000285s ]
INFO: [ view_end ] --END-- [ RunTime:0.000326s ]

[ 2013-11-14T10:53:30+08:00 ] 192.168.3.228 /wangpan/StatAnal.php
INFO: [ app_begin ] --START--
INFO: ReadHtmlCache Behavior ::run [ RunTime:0.000258s ]
INFO: [ app_begin ] --END-- [ RunTime:0.000322s ]
NOTIC: [8] A session had already been started - ignoring session_start() /home/wwwroot/default/wangpan/ThinkPHP/Common/functions.php 第 566 行.
SQL: SHOW COLUMNS FROM `analyse` [ RunTime:0.000579s ]
SQL: SELECT * FROM `analyse` WHERE ( `id` = 1 ) LIMIT 1   [ RunTime:0.000132s ]
SQL: SHOW COLUMNS FROM `translog` [ RunTime:0.000388s ]
SQL: SELECT * FROM `translog`  [ RunTime:0.000290s ]
SQL: SHOW COLUMNS FROM `frequency` [ RunTime:0.000338s ]
SQL: select * from frequency order by date desc limit 0,8 [ RunTime:0.000121s ]
INFO: [ view_parse ] --START--
INFO: ParseTemplate Behavior ::run [ RunTime:0.011399s ]
INFO: [ view_parse ] --END-- [ RunTime:0.011451s ]
INFO: [ view_filter ] --START--
INFO: ContentReplace Behavior ::run [ RunTime:0.000263s ]
INFO: TokenBuild Behavior ::run [ RunTime:0.000180s ]
INFO: WriteHtmlCache Behavior ::run [ RunTime:0.000100s ]
INFO: ShowRuntime Behavior ::run [ RunTime:0.000239s ]
INFO: [ view_filter ] --END-- [ RunTime:0.000897s ]
INFO: [ view_end ] --START--
INFO: ShowPageTrace Behavior ::run [ RunTime:0.000282s ]
INFO: [ view_end ] --END-- [ RunTime:0.000323s ]

[ 2013-11-14T10:53:57+08:00 ] 192.168.3.228 /wangpan/StatAnal.php
INFO: [ app_begin ] --START--
INFO: ReadHtmlCache Behavior ::run [ RunTime:0.000260s ]
INFO: [ app_begin ] --END-- [ RunTime:0.000324s ]
NOTIC: [8] A session had already been started - ignoring session_start() /home/wwwroot/default/wangpan/ThinkPHP/Common/functions.php 第 566 行.
SQL: SHOW COLUMNS FROM `analyse` [ RunTime:0.000627s ]
SQL: SELECT * FROM `analyse` WHERE ( `id` = 1 ) LIMIT 1   [ RunTime:0.000131s ]
SQL: SHOW COLUMNS FROM `translog` [ RunTime:0.000392s ]
SQL: SELECT * FROM `translog`  [ RunTime:0.000298s ]
SQL: SHOW COLUMNS FROM `frequency` [ RunTime:0.000336s ]
SQL: select * from frequency order by date desc limit 0,8 [ RunTime:0.000120s ]
INFO: [ view_parse ] --START--
INFO: ParseTemplate Behavior ::run [ RunTime:0.011325s ]
INFO: [ view_parse ] --END-- [ RunTime:0.011377s ]
INFO: [ view_filter ] --START--
INFO: ContentReplace Behavior ::run [ RunTime:0.000271s ]
INFO: TokenBuild Behavior ::run [ RunTime:0.000185s ]
INFO: WriteHtmlCache Behavior ::run [ RunTime:0.000103s ]
INFO: ShowRuntime Behavior ::run [ RunTime:0.000242s ]
INFO: [ view_filter ] --END-- [ RunTime:0.000915s ]
INFO: [ view_end ] --START--
INFO: ShowPageTrace Behavior ::run [ RunTime:0.000287s ]
INFO: [ view_end ] --END-- [ RunTime:0.000328s ]

[ 2013-11-14T10:54:19+08:00 ] 192.168.3.228 /wangpan/StatAnal.php
INFO: [ app_begin ] --START--
INFO: ReadHtmlCache Behavior ::run [ RunTime:0.000264s ]
INFO: [ app_begin ] --END-- [ RunTime:0.000327s ]
NOTIC: [8] A session had already been started - ignoring session_start() /home/wwwroot/default/wangpan/ThinkPHP/Common/functions.php 第 566 行.
SQL: SHOW COLUMNS FROM `analyse` [ RunTime:0.000612s ]
SQL: SELECT * FROM `analyse` WHERE ( `id` = 1 ) LIMIT 1   [ RunTime:0.000132s ]
SQL: SHOW COLUMNS FROM `translog` [ RunTime:0.000387s ]
SQL: SELECT * FROM `translog`  [ RunTime:0.000291s ]
SQL: SHOW COLUMNS FROM `frequency` [ RunTime:0.000336s ]
SQL: select * from frequency order by date desc limit 0,8 [ RunTime:0.000120s ]
INFO: [ view_parse ] --START--
INFO: ParseTemplate Behavior ::run [ RunTime:0.011281s ]
INFO: [ view_parse ] --END-- [ RunTime:0.011332s ]
INFO: [ view_filter ] --START--
INFO: ContentReplace Behavior ::run [ RunTime:0.000269s ]
INFO: TokenBuild Behavior ::run [ RunTime:0.000181s ]
INFO: WriteHtmlCache Behavior ::run [ RunTime:0.000102s ]
INFO: ShowRuntime Behavior ::run [ RunTime:0.000240s ]
INFO: [ view_filter ] --END-- [ RunTime:0.000909s ]
INFO: [ view_end ] --START--
INFO: ShowPageTrace Behavior ::run [ RunTime:0.000287s ]
INFO: [ view_end ] --END-- [ RunTime:0.000327s ]

[ 2013-11-14T10:54:47+08:00 ] 192.168.3.228 /wangpan/StatAnal.php
INFO: [ app_begin ] --START--
INFO: ReadHtmlCache Behavior ::run [ RunTime:0.000261s ]
INFO: [ app_begin ] --END-- [ RunTime:0.000325s ]
NOTIC: [8] A session had already been started - ignoring session_start() /home/wwwroot/default/wangpan/ThinkPHP/Common/functions.php 第 566 行.
SQL: SHOW COLUMNS FROM `analyse` [ RunTime:0.000618s ]
SQL: SELECT * FROM `analyse` WHERE ( `id` = 1 ) LIMIT 1   [ RunTime:0.000132s ]
SQL: SHOW COLUMNS FROM `translog` [ RunTime:0.000390s ]
SQL: SELECT * FROM `translog`  [ RunTime:0.000295s ]
SQL: SHOW COLUMNS FROM `frequency` [ RunTime:0.000337s ]
SQL: select * from frequency order by date desc limit 0,8 [ RunTime:0.000121s ]
INFO: [ view_parse ] --START--
INFO: ParseTemplate Behavior ::run [ RunTime:0.011263s ]
INFO: [ view_parse ] --END-- [ RunTime:0.011313s ]
INFO: [ view_filter ] --START--
INFO: ContentReplace Behavior ::run [ RunTime:0.000268s ]
INFO: TokenBuild Behavior ::run [ RunTime:0.000181s ]
INFO: WriteHtmlCache Behavior ::run [ RunTime:0.000102s ]
INFO: ShowRuntime Behavior ::run [ RunTime:0.000236s ]
INFO: [ view_filter ] --END-- [ RunTime:0.000902s ]
INFO: [ view_end ] --START--
INFO: ShowPageTrace Behavior ::run [ RunTime:0.000283s ]
INFO: [ view_end ] --END-- [ RunTime:0.000323s ]

[ 2013-11-14T10:54:52+08:00 ] 192.168.3.228 /wangpan/StatAnal.php
INFO: [ app_begin ] --START--
INFO: ReadHtmlCache Behavior ::run [ RunTime:0.000260s ]
INFO: [ app_begin ] --END-- [ RunTime:0.000323s ]
NOTIC: [8] A session had already been started - ignoring session_start() /home/wwwroot/default/wangpan/ThinkPHP/Common/functions.php 第 566 行.
SQL: SHOW COLUMNS FROM `analyse` [ RunTime:0.000624s ]
SQL: SELECT * FROM `analyse` WHERE ( `id` = 1 ) LIMIT 1   [ RunTime:0.000132s ]
SQL: SHOW COLUMNS FROM `translog` [ RunTime:0.000391s ]
SQL: SELECT * FROM `translog`  [ RunTime:0.000293s ]
SQL: SHOW COLUMNS FROM `frequency` [ RunTime:0.000338s ]
SQL: select * from frequency order by date desc limit 0,8 [ RunTime:0.000121s ]
INFO: [ view_parse ] --START--
INFO: ParseTemplate Behavior ::run [ RunTime:0.011267s ]
INFO: [ view_parse ] --END-- [ RunTime:0.011317s ]
INFO: [ view_filter ] --START--
INFO: ContentReplace Behavior ::run [ RunTime:0.000268s ]
INFO: TokenBuild Behavior ::run [ RunTime:0.000180s ]
INFO: WriteHtmlCache Behavior ::run [ RunTime:0.000100s ]
INFO: ShowRuntime Behavior ::run [ RunTime:0.000238s ]
INFO: [ view_filter ] --END-- [ RunTime:0.000899s ]
INFO: [ view_end ] --START--
INFO: ShowPageTrace Behavior ::run [ RunTime:0.000286s ]
INFO: [ view_end ] --END-- [ RunTime:0.000325s ]

